[0.094s] DEBUG:colcon:Command line arguments: ['/usr/bin/colcon', 'build']
[0.094s] DEBUG:colcon:Parsed command line arguments: Namespace(log_base=None, log_level=None, verb_name='build', build_base='build', install_base='install', merge_install=False, symlink_install=False, test_result_base=None, continue_on_error=False, executor='parallel', parallel_workers=12, event_handlers=None, ignore_user_meta=False, metas=['./colcon.meta'], base_paths=['.'], packages_ignore=None, packages_ignore_regex=None, paths=None, packages_up_to=None, packages_up_to_regex=None, packages_above=None, packages_above_and_dependencies=None, packages_above_depth=None, packages_select_by_dep=None, packages_skip_by_dep=None, packages_skip_up_to=None, packages_select_build_failed=False, packages_skip_build_finished=False, packages_select_test_failures=False, packages_skip_test_passed=False, packages_select=None, packages_skip=None, packages_select_regex=None, packages_skip_regex=None, packages_start=None, packages_end=None, allow_overriding=[], cmake_args=None, cmake_target=None, cmake_target_skip_unavailable=False, cmake_clean_cache=False, cmake_clean_first=False, cmake_force_configure=False, ament_cmake_args=None, catkin_cmake_args=None, catkin_skip_building_tests=False, verb_parser=<colcon_defaults.argument_parser.defaults.DefaultArgumentsDecorator object at 0x7c98a6220670>, verb_extension=<colcon_core.verb.build.BuildVerb object at 0x7c98a63eff70>, main=<bound method BuildVerb.main of <colcon_core.verb.build.BuildVerb object at 0x7c98a63eff70>>)
[0.270s] Level 1:colcon.colcon_core.package_discovery:discover_packages(colcon_meta) check parameters
[0.270s] Level 1:colcon.colcon_core.package_discovery:discover_packages(recursive) check parameters
[0.270s] Level 1:colcon.colcon_core.package_discovery:discover_packages(ignore) check parameters
[0.270s] Level 1:colcon.colcon_core.package_discovery:discover_packages(path) check parameters
[0.270s] Level 1:colcon.colcon_core.package_discovery:discover_packages(colcon_meta) discover
[0.270s] Level 1:colcon.colcon_core.package_discovery:discover_packages(recursive) discover
[0.270s] INFO:colcon.colcon_core.package_discovery:Crawling recursively for packages in '/home/ros/ros2_ws/src'
[0.270s] Level 1:colcon.colcon_core.package_identification:_identify(.) by extensions ['ignore', 'ignore_ament_install']
[0.270s] Level 1:colcon.colcon_core.package_identification:_identify(.) by extension 'ignore'
[0.270s] Level 1:colcon.colcon_core.package_identification:_identify(.) by extension 'ignore_ament_install'
[0.270s] Level 1:colcon.colcon_core.package_identification:_identify(.) by extensions ['colcon_pkg']
[0.270s] Level 1:colcon.colcon_core.package_identification:_identify(.) by extension 'colcon_pkg'
[0.270s] Level 1:colcon.colcon_core.package_identification:_identify(.) by extensions ['colcon_meta']
[0.270s] Level 1:colcon.colcon_core.package_identification:_identify(.) by extension 'colcon_meta'
[0.270s] Level 1:colcon.colcon_core.package_identification:_identify(.) by extensions ['ros']
[0.270s] Level 1:colcon.colcon_core.package_identification:_identify(.) by extension 'ros'
[0.280s] Level 1:colcon.colcon_core.package_identification:_identify(.) by extensions ['cmake', 'python']
[0.280s] Level 1:colcon.colcon_core.package_identification:_identify(.) by extension 'cmake'
[0.280s] Level 1:colcon.colcon_core.package_identification:_identify(.) by extension 'python'
[0.280s] Level 1:colcon.colcon_core.package_identification:_identify(.) by extensions ['python_setup_py']
[0.280s] Level 1:colcon.colcon_core.package_identification:_identify(.) by extension 'python_setup_py'
[0.280s] Level 1:colcon.colcon_core.package_identification:_identify(__pycache__) by extensions ['ignore', 'ignore_ament_install']
[0.280s] Level 1:colcon.colcon_core.package_identification:_identify(__pycache__) by extension 'ignore'
[0.280s] Level 1:colcon.colcon_core.package_identification:_identify(__pycache__) by extension 'ignore_ament_install'
[0.280s] Level 1:colcon.colcon_core.package_identification:_identify(__pycache__) by extensions ['colcon_pkg']
[0.281s] Level 1:colcon.colcon_core.package_identification:_identify(__pycache__) by extension 'colcon_pkg'
[0.281s] Level 1:colcon.colcon_core.package_identification:_identify(__pycache__) by extensions ['colcon_meta']
[0.281s] Level 1:colcon.colcon_core.package_identification:_identify(__pycache__) by extension 'colcon_meta'
[0.281s] Level 1:colcon.colcon_core.package_identification:_identify(__pycache__) by extensions ['ros']
[0.281s] Level 1:colcon.colcon_core.package_identification:_identify(__pycache__) by extension 'ros'
[0.281s] Level 1:colcon.colcon_core.package_identification:_identify(__pycache__) by extensions ['cmake', 'python']
[0.281s] Level 1:colcon.colcon_core.package_identification:_identify(__pycache__) by extension 'cmake'
[0.281s] Level 1:colcon.colcon_core.package_identification:_identify(__pycache__) by extension 'python'
[0.281s] Level 1:colcon.colcon_core.package_identification:_identify(__pycache__) by extensions ['python_setup_py']
[0.281s] Level 1:colcon.colcon_core.package_identification:_identify(__pycache__) by extension 'python_setup_py'
[0.281s] Level 1:colcon.colcon_core.package_identification:_identify(build) by extensions ['ignore', 'ignore_ament_install']
[0.281s] Level 1:colcon.colcon_core.package_identification:_identify(build) by extension 'ignore'
[0.281s] Level 1:colcon.colcon_core.package_identification:_identify(build) ignored
[0.281s] Level 1:colcon.colcon_core.package_identification:_identify(install) by extensions ['ignore', 'ignore_ament_install']
[0.281s] Level 1:colcon.colcon_core.package_identification:_identify(install) by extension 'ignore'
[0.281s] Level 1:colcon.colcon_core.package_identification:_identify(install) ignored
[0.281s] Level 1:colcon.colcon_core.package_identification:_identify(log) by extensions ['ignore', 'ignore_ament_install']
[0.281s] Level 1:colcon.colcon_core.package_identification:_identify(log) by extension 'ignore'
[0.281s] Level 1:colcon.colcon_core.package_identification:_identify(log) ignored
[0.282s] Level 1:colcon.colcon_core.package_identification:_identify(movement) by extensions ['ignore', 'ignore_ament_install']
[0.282s] Level 1:colcon.colcon_core.package_identification:_identify(movement) by extension 'ignore'
[0.282s] Level 1:colcon.colcon_core.package_identification:_identify(movement) by extension 'ignore_ament_install'
[0.282s] Level 1:colcon.colcon_core.package_identification:_identify(movement) by extensions ['colcon_pkg']
[0.282s] Level 1:colcon.colcon_core.package_identification:_identify(movement) by extension 'colcon_pkg'
[0.282s] Level 1:colcon.colcon_core.package_identification:_identify(movement) by extensions ['colcon_meta']
[0.282s] Level 1:colcon.colcon_core.package_identification:_identify(movement) by extension 'colcon_meta'
[0.282s] Level 1:colcon.colcon_core.package_identification:_identify(movement) by extensions ['ros']
[0.282s] Level 1:colcon.colcon_core.package_identification:_identify(movement) by extension 'ros'
[0.284s] DEBUG:colcon.colcon_core.package_identification:Package 'movement' with type 'ros.ament_python' and name 'movement'
[0.284s] Level 1:colcon.colcon_core.package_identification:_identify(my_robot_controller) by extensions ['ignore', 'ignore_ament_install']
[0.284s] Level 1:colcon.colcon_core.package_identification:_identify(my_robot_controller) by extension 'ignore'
[0.284s] Level 1:colcon.colcon_core.package_identification:_identify(my_robot_controller) by extension 'ignore_ament_install'
[0.284s] Level 1:colcon.colcon_core.package_identification:_identify(my_robot_controller) by extensions ['colcon_pkg']
[0.284s] Level 1:colcon.colcon_core.package_identification:_identify(my_robot_controller) by extension 'colcon_pkg'
[0.284s] Level 1:colcon.colcon_core.package_identification:_identify(my_robot_controller) by extensions ['colcon_meta']
[0.284s] Level 1:colcon.colcon_core.package_identification:_identify(my_robot_controller) by extension 'colcon_meta'
[0.284s] Level 1:colcon.colcon_core.package_identification:_identify(my_robot_controller) by extensions ['ros']
[0.284s] Level 1:colcon.colcon_core.package_identification:_identify(my_robot_controller) by extension 'ros'
[0.285s] DEBUG:colcon.colcon_core.package_identification:Package 'my_robot_controller' with type 'ros.ament_python' and name 'my_robot_controller'
[0.285s] Level 1:colcon.colcon_core.package_identification:_identify(naoqi_bridge_msgs) by extensions ['ignore', 'ignore_ament_install']
[0.285s] Level 1:colcon.colcon_core.package_identification:_identify(naoqi_bridge_msgs) by extension 'ignore'
[0.285s] Level 1:colcon.colcon_core.package_identification:_identify(naoqi_bridge_msgs) by extension 'ignore_ament_install'
[0.285s] Level 1:colcon.colcon_core.package_identification:_identify(naoqi_bridge_msgs) by extensions ['colcon_pkg']
[0.285s] Level 1:colcon.colcon_core.package_identification:_identify(naoqi_bridge_msgs) by extension 'colcon_pkg'
[0.285s] Level 1:colcon.colcon_core.package_identification:_identify(naoqi_bridge_msgs) by extensions ['colcon_meta']
[0.285s] Level 1:colcon.colcon_core.package_identification:_identify(naoqi_bridge_msgs) by extension 'colcon_meta'
[0.285s] Level 1:colcon.colcon_core.package_identification:_identify(naoqi_bridge_msgs) by extensions ['ros']
[0.285s] Level 1:colcon.colcon_core.package_identification:_identify(naoqi_bridge_msgs) by extension 'ros'
[0.286s] DEBUG:colcon.colcon_core.package_identification:Package 'naoqi_bridge_msgs' with type 'ros.ament_cmake' and name 'naoqi_bridge_msgs'
[0.286s] Level 1:colcon.colcon_core.package_identification:_identify(naoqi_driver2) by extensions ['ignore', 'ignore_ament_install']
[0.286s] Level 1:colcon.colcon_core.package_identification:_identify(naoqi_driver2) by extension 'ignore'
[0.286s] Level 1:colcon.colcon_core.package_identification:_identify(naoqi_driver2) by extension 'ignore_ament_install'
[0.286s] Level 1:colcon.colcon_core.package_identification:_identify(naoqi_driver2) by extensions ['colcon_pkg']
[0.286s] Level 1:colcon.colcon_core.package_identification:_identify(naoqi_driver2) by extension 'colcon_pkg'
[0.286s] Level 1:colcon.colcon_core.package_identification:_identify(naoqi_driver2) by extensions ['colcon_meta']
[0.286s] Level 1:colcon.colcon_core.package_identification:_identify(naoqi_driver2) by extension 'colcon_meta'
[0.286s] Level 1:colcon.colcon_core.package_identification:_identify(naoqi_driver2) by extensions ['ros']
[0.286s] Level 1:colcon.colcon_core.package_identification:_identify(naoqi_driver2) by extension 'ros'
[0.288s] DEBUG:colcon.colcon_core.package_identification:Package 'naoqi_driver2' with type 'ros.ament_cmake' and name 'naoqi_driver'
[0.288s] Level 1:colcon.colcon_core.package_identification:_identify(naoqi_interface) by extensions ['ignore', 'ignore_ament_install']
[0.288s] Level 1:colcon.colcon_core.package_identification:_identify(naoqi_interface) by extension 'ignore'
[0.288s] Level 1:colcon.colcon_core.package_identification:_identify(naoqi_interface) by extension 'ignore_ament_install'
[0.288s] Level 1:colcon.colcon_core.package_identification:_identify(naoqi_interface) by extensions ['colcon_pkg']
[0.288s] Level 1:colcon.colcon_core.package_identification:_identify(naoqi_interface) by extension 'colcon_pkg'
[0.288s] Level 1:colcon.colcon_core.package_identification:_identify(naoqi_interface) by extensions ['colcon_meta']
[0.288s] Level 1:colcon.colcon_core.package_identification:_identify(naoqi_interface) by extension 'colcon_meta'
[0.288s] Level 1:colcon.colcon_core.package_identification:_identify(naoqi_interface) by extensions ['ros']
[0.288s] Level 1:colcon.colcon_core.package_identification:_identify(naoqi_interface) by extension 'ros'
[0.289s] DEBUG:colcon.colcon_core.package_identification:Package 'naoqi_interface' with type 'ros.ament_python' and name 'naoqi_interface'
[0.289s] Level 1:colcon.colcon_core.package_identification:_identify(naoqi_libqi) by extensions ['ignore', 'ignore_ament_install']
[0.289s] Level 1:colcon.colcon_core.package_identification:_identify(naoqi_libqi) by extension 'ignore'
[0.289s] Level 1:colcon.colcon_core.package_identification:_identify(naoqi_libqi) by extension 'ignore_ament_install'
[0.289s] Level 1:colcon.colcon_core.package_identification:_identify(naoqi_libqi) by extensions ['colcon_pkg']
[0.289s] Level 1:colcon.colcon_core.package_identification:_identify(naoqi_libqi) by extension 'colcon_pkg'
[0.289s] Level 1:colcon.colcon_core.package_identification:_identify(naoqi_libqi) by extensions ['colcon_meta']
[0.289s] Level 1:colcon.colcon_core.package_identification:_identify(naoqi_libqi) by extension 'colcon_meta'
[0.289s] Level 1:colcon.colcon_core.package_identification:_identify(naoqi_libqi) by extensions ['ros']
[0.289s] Level 1:colcon.colcon_core.package_identification:_identify(naoqi_libqi) by extension 'ros'
[0.290s] DEBUG:colcon.colcon_core.package_identification:Package 'naoqi_libqi' with type 'ros.ament_cmake' and name 'naoqi_libqi'
[0.290s] Level 1:colcon.colcon_core.package_identification:_identify(naoqi_libqicore) by extensions ['ignore', 'ignore_ament_install']
[0.290s] Level 1:colcon.colcon_core.package_identification:_identify(naoqi_libqicore) by extension 'ignore'
[0.290s] Level 1:colcon.colcon_core.package_identification:_identify(naoqi_libqicore) by extension 'ignore_ament_install'
[0.290s] Level 1:colcon.colcon_core.package_identification:_identify(naoqi_libqicore) by extensions ['colcon_pkg']
[0.290s] Level 1:colcon.colcon_core.package_identification:_identify(naoqi_libqicore) by extension 'colcon_pkg'
[0.290s] Level 1:colcon.colcon_core.package_identification:_identify(naoqi_libqicore) by extensions ['colcon_meta']
[0.290s] Level 1:colcon.colcon_core.package_identification:_identify(naoqi_libqicore) by extension 'colcon_meta'
[0.290s] Level 1:colcon.colcon_core.package_identification:_identify(naoqi_libqicore) by extensions ['ros']
[0.290s] Level 1:colcon.colcon_core.package_identification:_identify(naoqi_libqicore) by extension 'ros'
[0.291s] DEBUG:colcon.colcon_core.package_identification:Package 'naoqi_libqicore' with type 'ros.ament_cmake' and name 'naoqi_libqicore'
[0.291s] Level 1:colcon.colcon_core.package_identification:_identify(qi_unipa) by extensions ['ignore', 'ignore_ament_install']
[0.291s] Level 1:colcon.colcon_core.package_identification:_identify(qi_unipa) by extension 'ignore'
[0.291s] Level 1:colcon.colcon_core.package_identification:_identify(qi_unipa) by extension 'ignore_ament_install'
[0.291s] Level 1:colcon.colcon_core.package_identification:_identify(qi_unipa) by extensions ['colcon_pkg']
[0.291s] Level 1:colcon.colcon_core.package_identification:_identify(qi_unipa) by extension 'colcon_pkg'
[0.291s] Level 1:colcon.colcon_core.package_identification:_identify(qi_unipa) by extensions ['colcon_meta']
[0.291s] Level 1:colcon.colcon_core.package_identification:_identify(qi_unipa) by extension 'colcon_meta'
[0.291s] Level 1:colcon.colcon_core.package_identification:_identify(qi_unipa) by extensions ['ros']
[0.291s] Level 1:colcon.colcon_core.package_identification:_identify(qi_unipa) by extension 'ros'
[0.292s] DEBUG:colcon.colcon_core.package_identification:Package 'qi_unipa' with type 'ros.ament_python' and name 'qi_unipa'
[0.292s] Level 1:colcon.colcon_core.package_identification:_identify(speech) by extensions ['ignore', 'ignore_ament_install']
[0.292s] Level 1:colcon.colcon_core.package_identification:_identify(speech) by extension 'ignore'
[0.292s] Level 1:colcon.colcon_core.package_identification:_identify(speech) by extension 'ignore_ament_install'
[0.292s] Level 1:colcon.colcon_core.package_identification:_identify(speech) by extensions ['colcon_pkg']
[0.292s] Level 1:colcon.colcon_core.package_identification:_identify(speech) by extension 'colcon_pkg'
[0.292s] Level 1:colcon.colcon_core.package_identification:_identify(speech) by extensions ['colcon_meta']
[0.292s] Level 1:colcon.colcon_core.package_identification:_identify(speech) by extension 'colcon_meta'
[0.292s] Level 1:colcon.colcon_core.package_identification:_identify(speech) by extensions ['ros']
[0.292s] Level 1:colcon.colcon_core.package_identification:_identify(speech) by extension 'ros'
[0.293s] DEBUG:colcon.colcon_core.package_identification:Package 'speech' with type 'ros.ament_python' and name 'speech'
[0.293s] Level 1:colcon.colcon_core.package_identification:_identify(src) by extensions ['ignore', 'ignore_ament_install']
[0.293s] Level 1:colcon.colcon_core.package_identification:_identify(src) by extension 'ignore'
[0.293s] Level 1:colcon.colcon_core.package_identification:_identify(src) by extension 'ignore_ament_install'
[0.293s] Level 1:colcon.colcon_core.package_identification:_identify(src) by extensions ['colcon_pkg']
[0.293s] Level 1:colcon.colcon_core.package_identification:_identify(src) by extension 'colcon_pkg'
[0.293s] Level 1:colcon.colcon_core.package_identification:_identify(src) by extensions ['colcon_meta']
[0.293s] Level 1:colcon.colcon_core.package_identification:_identify(src) by extension 'colcon_meta'
[0.293s] Level 1:colcon.colcon_core.package_identification:_identify(src) by extensions ['ros']
[0.293s] Level 1:colcon.colcon_core.package_identification:_identify(src) by extension 'ros'
[0.293s] Level 1:colcon.colcon_core.package_identification:_identify(src) by extensions ['cmake', 'python']
[0.293s] Level 1:colcon.colcon_core.package_identification:_identify(src) by extension 'cmake'
[0.293s] Level 1:colcon.colcon_core.package_identification:_identify(src) by extension 'python'
[0.294s] Level 1:colcon.colcon_core.package_identification:_identify(src) by extensions ['python_setup_py']
[0.294s] Level 1:colcon.colcon_core.package_identification:_identify(src) by extension 'python_setup_py'
[0.294s] Level 1:colcon.colcon_core.package_discovery:discover_packages(recursive) using defaults
[0.294s] Level 1:colcon.colcon_core.package_discovery:discover_packages(ignore) discover
[0.294s] Level 1:colcon.colcon_core.package_discovery:discover_packages(ignore) using defaults
[0.294s] Level 1:colcon.colcon_core.package_discovery:discover_packages(path) discover
[0.294s] Level 1:colcon.colcon_core.package_discovery:discover_packages(path) using defaults
[0.319s] DEBUG:colcon.colcon_core.package_augmentation.check_dependency_constraint:naoqi_driver depends on naoqi_bridge_msgs which has version 2.1.0 which satisfies to be greater than or equal to 2.0.0
[0.320s] Level 1:colcon.colcon_core.package_discovery:discover_packages(prefix_path) check parameters
[0.320s] Level 1:colcon.colcon_core.package_discovery:discover_packages(prefix_path) discover
[0.322s] DEBUG:colcon.colcon_installed_package_information.package_discovery:Found 9 installed packages in /home/ros/ros2_ws/install
[0.323s] DEBUG:colcon.colcon_installed_package_information.package_discovery:Found 280 installed packages in /opt/ros/humble
[0.324s] Level 1:colcon.colcon_core.package_discovery:discover_packages(prefix_path) using defaults
[0.358s] Level 5:colcon.colcon_core.verb:set package 'movement' build argument 'cmake_args' from command line to 'None'
[0.358s] Level 5:colcon.colcon_core.verb:set package 'movement' build argument 'cmake_target' from command line to 'None'
[0.358s] Level 5:colcon.colcon_core.verb:set package 'movement' build argument 'cmake_target_skip_unavailable' from command line to 'False'
[0.358s] Level 5:colcon.colcon_core.verb:set package 'movement' build argument 'cmake_clean_cache' from command line to 'False'
[0.358s] Level 5:colcon.colcon_core.verb:set package 'movement' build argument 'cmake_clean_first' from command line to 'False'
[0.358s] Level 5:colcon.colcon_core.verb:set package 'movement' build argument 'cmake_force_configure' from command line to 'False'
[0.358s] Level 5:colcon.colcon_core.verb:set package 'movement' build argument 'ament_cmake_args' from command line to 'None'
[0.358s] Level 5:colcon.colcon_core.verb:set package 'movement' build argument 'catkin_cmake_args' from command line to 'None'
[0.358s] Level 5:colcon.colcon_core.verb:set package 'movement' build argument 'catkin_skip_building_tests' from command line to 'False'
[0.358s] DEBUG:colcon.colcon_core.verb:Building package 'movement' with the following arguments: {'ament_cmake_args': None, 'build_base': '/home/ros/ros2_ws/src/build/movement', 'catkin_cmake_args': None, 'catkin_skip_building_tests': False, 'cmake_args': None, 'cmake_clean_cache': False, 'cmake_clean_first': False, 'cmake_force_configure': False, 'cmake_target': None, 'cmake_target_skip_unavailable': False, 'install_base': '/home/ros/ros2_ws/src/install/movement', 'merge_install': False, 'path': '/home/ros/ros2_ws/src/movement', 'symlink_install': False, 'test_result_base': None}
[0.358s] Level 5:colcon.colcon_core.verb:set package 'my_robot_controller' build argument 'cmake_args' from command line to 'None'
[0.358s] Level 5:colcon.colcon_core.verb:set package 'my_robot_controller' build argument 'cmake_target' from command line to 'None'
[0.358s] Level 5:colcon.colcon_core.verb:set package 'my_robot_controller' build argument 'cmake_target_skip_unavailable' from command line to 'False'
[0.358s] Level 5:colcon.colcon_core.verb:set package 'my_robot_controller' build argument 'cmake_clean_cache' from command line to 'False'
[0.358s] Level 5:colcon.colcon_core.verb:set package 'my_robot_controller' build argument 'cmake_clean_first' from command line to 'False'
[0.358s] Level 5:colcon.colcon_core.verb:set package 'my_robot_controller' build argument 'cmake_force_configure' from command line to 'False'
[0.358s] Level 5:colcon.colcon_core.verb:set package 'my_robot_controller' build argument 'ament_cmake_args' from command line to 'None'
[0.358s] Level 5:colcon.colcon_core.verb:set package 'my_robot_controller' build argument 'catkin_cmake_args' from command line to 'None'
[0.358s] Level 5:colcon.colcon_core.verb:set package 'my_robot_controller' build argument 'catkin_skip_building_tests' from command line to 'False'
[0.358s] DEBUG:colcon.colcon_core.verb:Building package 'my_robot_controller' with the following arguments: {'ament_cmake_args': None, 'build_base': '/home/ros/ros2_ws/src/build/my_robot_controller', 'catkin_cmake_args': None, 'catkin_skip_building_tests': False, 'cmake_args': None, 'cmake_clean_cache': False, 'cmake_clean_first': False, 'cmake_force_configure': False, 'cmake_target': None, 'cmake_target_skip_unavailable': False, 'install_base': '/home/ros/ros2_ws/src/install/my_robot_controller', 'merge_install': False, 'path': '/home/ros/ros2_ws/src/my_robot_controller', 'symlink_install': False, 'test_result_base': None}
[0.359s] Level 5:colcon.colcon_core.verb:set package 'naoqi_bridge_msgs' build argument 'cmake_args' from command line to 'None'
[0.359s] Level 5:colcon.colcon_core.verb:set package 'naoqi_bridge_msgs' build argument 'cmake_target' from command line to 'None'
[0.359s] Level 5:colcon.colcon_core.verb:set package 'naoqi_bridge_msgs' build argument 'cmake_target_skip_unavailable' from command line to 'False'
[0.359s] Level 5:colcon.colcon_core.verb:set package 'naoqi_bridge_msgs' build argument 'cmake_clean_cache' from command line to 'False'
[0.359s] Level 5:colcon.colcon_core.verb:set package 'naoqi_bridge_msgs' build argument 'cmake_clean_first' from command line to 'False'
[0.359s] Level 5:colcon.colcon_core.verb:set package 'naoqi_bridge_msgs' build argument 'cmake_force_configure' from command line to 'False'
[0.359s] Level 5:colcon.colcon_core.verb:set package 'naoqi_bridge_msgs' build argument 'ament_cmake_args' from command line to 'None'
[0.359s] Level 5:colcon.colcon_core.verb:set package 'naoqi_bridge_msgs' build argument 'catkin_cmake_args' from command line to 'None'
[0.359s] Level 5:colcon.colcon_core.verb:set package 'naoqi_bridge_msgs' build argument 'catkin_skip_building_tests' from command line to 'False'
[0.359s] DEBUG:colcon.colcon_core.verb:Building package 'naoqi_bridge_msgs' with the following arguments: {'ament_cmake_args': None, 'build_base': '/home/ros/ros2_ws/src/build/naoqi_bridge_msgs', 'catkin_cmake_args': None, 'catkin_skip_building_tests': False, 'cmake_args': None, 'cmake_clean_cache': False, 'cmake_clean_first': False, 'cmake_force_configure': False, 'cmake_target': None, 'cmake_target_skip_unavailable': False, 'install_base': '/home/ros/ros2_ws/src/install/naoqi_bridge_msgs', 'merge_install': False, 'path': '/home/ros/ros2_ws/src/naoqi_bridge_msgs', 'symlink_install': False, 'test_result_base': None}
[0.359s] Level 5:colcon.colcon_core.verb:set package 'naoqi_interface' build argument 'cmake_args' from command line to 'None'
[0.359s] Level 5:colcon.colcon_core.verb:set package 'naoqi_interface' build argument 'cmake_target' from command line to 'None'
[0.359s] Level 5:colcon.colcon_core.verb:set package 'naoqi_interface' build argument 'cmake_target_skip_unavailable' from command line to 'False'
[0.359s] Level 5:colcon.colcon_core.verb:set package 'naoqi_interface' build argument 'cmake_clean_cache' from command line to 'False'
[0.359s] Level 5:colcon.colcon_core.verb:set package 'naoqi_interface' build argument 'cmake_clean_first' from command line to 'False'
[0.359s] Level 5:colcon.colcon_core.verb:set package 'naoqi_interface' build argument 'cmake_force_configure' from command line to 'False'
[0.359s] Level 5:colcon.colcon_core.verb:set package 'naoqi_interface' build argument 'ament_cmake_args' from command line to 'None'
[0.359s] Level 5:colcon.colcon_core.verb:set package 'naoqi_interface' build argument 'catkin_cmake_args' from command line to 'None'
[0.359s] Level 5:colcon.colcon_core.verb:set package 'naoqi_interface' build argument 'catkin_skip_building_tests' from command line to 'False'
[0.359s] DEBUG:colcon.colcon_core.verb:Building package 'naoqi_interface' with the following arguments: {'ament_cmake_args': None, 'build_base': '/home/ros/ros2_ws/src/build/naoqi_interface', 'catkin_cmake_args': None, 'catkin_skip_building_tests': False, 'cmake_args': None, 'cmake_clean_cache': False, 'cmake_clean_first': False, 'cmake_force_configure': False, 'cmake_target': None, 'cmake_target_skip_unavailable': False, 'install_base': '/home/ros/ros2_ws/src/install/naoqi_interface', 'merge_install': False, 'path': '/home/ros/ros2_ws/src/naoqi_interface', 'symlink_install': False, 'test_result_base': None}
[0.360s] Level 5:colcon.colcon_core.verb:set package 'naoqi_libqi' build argument 'cmake_args' from command line to 'None'
[0.360s] Level 5:colcon.colcon_core.verb:set package 'naoqi_libqi' build argument 'cmake_target' from command line to 'None'
[0.360s] Level 5:colcon.colcon_core.verb:set package 'naoqi_libqi' build argument 'cmake_target_skip_unavailable' from command line to 'False'
[0.360s] Level 5:colcon.colcon_core.verb:set package 'naoqi_libqi' build argument 'cmake_clean_cache' from command line to 'False'
[0.360s] Level 5:colcon.colcon_core.verb:set package 'naoqi_libqi' build argument 'cmake_clean_first' from command line to 'False'
[0.360s] Level 5:colcon.colcon_core.verb:set package 'naoqi_libqi' build argument 'cmake_force_configure' from command line to 'False'
[0.360s] Level 5:colcon.colcon_core.verb:set package 'naoqi_libqi' build argument 'ament_cmake_args' from command line to 'None'
[0.360s] Level 5:colcon.colcon_core.verb:set package 'naoqi_libqi' build argument 'catkin_cmake_args' from command line to 'None'
[0.360s] Level 5:colcon.colcon_core.verb:set package 'naoqi_libqi' build argument 'catkin_skip_building_tests' from command line to 'False'
[0.360s] DEBUG:colcon.colcon_core.verb:Building package 'naoqi_libqi' with the following arguments: {'ament_cmake_args': None, 'build_base': '/home/ros/ros2_ws/src/build/naoqi_libqi', 'catkin_cmake_args': None, 'catkin_skip_building_tests': False, 'cmake_args': None, 'cmake_clean_cache': False, 'cmake_clean_first': False, 'cmake_force_configure': False, 'cmake_target': None, 'cmake_target_skip_unavailable': False, 'install_base': '/home/ros/ros2_ws/src/install/naoqi_libqi', 'merge_install': False, 'path': '/home/ros/ros2_ws/src/naoqi_libqi', 'symlink_install': False, 'test_result_base': None}
[0.360s] Level 5:colcon.colcon_core.verb:set package 'qi_unipa' build argument 'cmake_args' from command line to 'None'
[0.360s] Level 5:colcon.colcon_core.verb:set package 'qi_unipa' build argument 'cmake_target' from command line to 'None'
[0.360s] Level 5:colcon.colcon_core.verb:set package 'qi_unipa' build argument 'cmake_target_skip_unavailable' from command line to 'False'
[0.360s] Level 5:colcon.colcon_core.verb:set package 'qi_unipa' build argument 'cmake_clean_cache' from command line to 'False'
[0.360s] Level 5:colcon.colcon_core.verb:set package 'qi_unipa' build argument 'cmake_clean_first' from command line to 'False'
[0.360s] Level 5:colcon.colcon_core.verb:set package 'qi_unipa' build argument 'cmake_force_configure' from command line to 'False'
[0.360s] Level 5:colcon.colcon_core.verb:set package 'qi_unipa' build argument 'ament_cmake_args' from command line to 'None'
[0.360s] Level 5:colcon.colcon_core.verb:set package 'qi_unipa' build argument 'catkin_cmake_args' from command line to 'None'
[0.360s] Level 5:colcon.colcon_core.verb:set package 'qi_unipa' build argument 'catkin_skip_building_tests' from command line to 'False'
[0.360s] DEBUG:colcon.colcon_core.verb:Building package 'qi_unipa' with the following arguments: {'ament_cmake_args': None, 'build_base': '/home/ros/ros2_ws/src/build/qi_unipa', 'catkin_cmake_args': None, 'catkin_skip_building_tests': False, 'cmake_args': None, 'cmake_clean_cache': False, 'cmake_clean_first': False, 'cmake_force_configure': False, 'cmake_target': None, 'cmake_target_skip_unavailable': False, 'install_base': '/home/ros/ros2_ws/src/install/qi_unipa', 'merge_install': False, 'path': '/home/ros/ros2_ws/src/qi_unipa', 'symlink_install': False, 'test_result_base': None}
[0.361s] Level 5:colcon.colcon_core.verb:set package 'speech' build argument 'cmake_args' from command line to 'None'
[0.361s] Level 5:colcon.colcon_core.verb:set package 'speech' build argument 'cmake_target' from command line to 'None'
[0.361s] Level 5:colcon.colcon_core.verb:set package 'speech' build argument 'cmake_target_skip_unavailable' from command line to 'False'
[0.361s] Level 5:colcon.colcon_core.verb:set package 'speech' build argument 'cmake_clean_cache' from command line to 'False'
[0.361s] Level 5:colcon.colcon_core.verb:set package 'speech' build argument 'cmake_clean_first' from command line to 'False'
[0.361s] Level 5:colcon.colcon_core.verb:set package 'speech' build argument 'cmake_force_configure' from command line to 'False'
[0.361s] Level 5:colcon.colcon_core.verb:set package 'speech' build argument 'ament_cmake_args' from command line to 'None'
[0.361s] Level 5:colcon.colcon_core.verb:set package 'speech' build argument 'catkin_cmake_args' from command line to 'None'
[0.361s] Level 5:colcon.colcon_core.verb:set package 'speech' build argument 'catkin_skip_building_tests' from command line to 'False'
[0.361s] DEBUG:colcon.colcon_core.verb:Building package 'speech' with the following arguments: {'ament_cmake_args': None, 'build_base': '/home/ros/ros2_ws/src/build/speech', 'catkin_cmake_args': None, 'catkin_skip_building_tests': False, 'cmake_args': None, 'cmake_clean_cache': False, 'cmake_clean_first': False, 'cmake_force_configure': False, 'cmake_target': None, 'cmake_target_skip_unavailable': False, 'install_base': '/home/ros/ros2_ws/src/install/speech', 'merge_install': False, 'path': '/home/ros/ros2_ws/src/speech', 'symlink_install': False, 'test_result_base': None}
[0.361s] Level 5:colcon.colcon_core.verb:set package 'naoqi_libqicore' build argument 'cmake_args' from command line to 'None'
[0.361s] Level 5:colcon.colcon_core.verb:set package 'naoqi_libqicore' build argument 'cmake_target' from command line to 'None'
[0.361s] Level 5:colcon.colcon_core.verb:set package 'naoqi_libqicore' build argument 'cmake_target_skip_unavailable' from command line to 'False'
[0.361s] Level 5:colcon.colcon_core.verb:set package 'naoqi_libqicore' build argument 'cmake_clean_cache' from command line to 'False'
[0.361s] Level 5:colcon.colcon_core.verb:set package 'naoqi_libqicore' build argument 'cmake_clean_first' from command line to 'False'
[0.361s] Level 5:colcon.colcon_core.verb:set package 'naoqi_libqicore' build argument 'cmake_force_configure' from command line to 'False'
[0.361s] Level 5:colcon.colcon_core.verb:set package 'naoqi_libqicore' build argument 'ament_cmake_args' from command line to 'None'
[0.361s] Level 5:colcon.colcon_core.verb:set package 'naoqi_libqicore' build argument 'catkin_cmake_args' from command line to 'None'
[0.361s] Level 5:colcon.colcon_core.verb:set package 'naoqi_libqicore' build argument 'catkin_skip_building_tests' from command line to 'False'
[0.361s] DEBUG:colcon.colcon_core.verb:Building package 'naoqi_libqicore' with the following arguments: {'ament_cmake_args': None, 'build_base': '/home/ros/ros2_ws/src/build/naoqi_libqicore', 'catkin_cmake_args': None, 'catkin_skip_building_tests': False, 'cmake_args': None, 'cmake_clean_cache': False, 'cmake_clean_first': False, 'cmake_force_configure': False, 'cmake_target': None, 'cmake_target_skip_unavailable': False, 'install_base': '/home/ros/ros2_ws/src/install/naoqi_libqicore', 'merge_install': False, 'path': '/home/ros/ros2_ws/src/naoqi_libqicore', 'symlink_install': False, 'test_result_base': None}
[0.362s] Level 5:colcon.colcon_core.verb:set package 'naoqi_driver' build argument 'cmake_args' from command line to 'None'
[0.362s] Level 5:colcon.colcon_core.verb:set package 'naoqi_driver' build argument 'cmake_target' from command line to 'None'
[0.362s] Level 5:colcon.colcon_core.verb:set package 'naoqi_driver' build argument 'cmake_target_skip_unavailable' from command line to 'False'
[0.362s] Level 5:colcon.colcon_core.verb:set package 'naoqi_driver' build argument 'cmake_clean_cache' from command line to 'False'
[0.362s] Level 5:colcon.colcon_core.verb:set package 'naoqi_driver' build argument 'cmake_clean_first' from command line to 'False'
[0.362s] Level 5:colcon.colcon_core.verb:set package 'naoqi_driver' build argument 'cmake_force_configure' from command line to 'False'
[0.362s] Level 5:colcon.colcon_core.verb:set package 'naoqi_driver' build argument 'ament_cmake_args' from command line to 'None'
[0.362s] Level 5:colcon.colcon_core.verb:set package 'naoqi_driver' build argument 'catkin_cmake_args' from command line to 'None'
[0.362s] Level 5:colcon.colcon_core.verb:set package 'naoqi_driver' build argument 'catkin_skip_building_tests' from command line to 'False'
[0.362s] DEBUG:colcon.colcon_core.verb:Building package 'naoqi_driver' with the following arguments: {'ament_cmake_args': None, 'build_base': '/home/ros/ros2_ws/src/build/naoqi_driver', 'catkin_cmake_args': None, 'catkin_skip_building_tests': False, 'cmake_args': None, 'cmake_clean_cache': False, 'cmake_clean_first': False, 'cmake_force_configure': False, 'cmake_target': None, 'cmake_target_skip_unavailable': False, 'install_base': '/home/ros/ros2_ws/src/install/naoqi_driver', 'merge_install': False, 'path': '/home/ros/ros2_ws/src/naoqi_driver2', 'symlink_install': False, 'test_result_base': None}
[0.362s] INFO:colcon.colcon_core.executor:Executing jobs using 'parallel' executor
[0.363s] DEBUG:colcon.colcon_parallel_executor.executor.parallel:run_until_complete
[0.363s] INFO:colcon.colcon_ros.task.ament_cmake.build:Building ROS package in '/home/ros/ros2_ws/src/naoqi_libqi' with build type 'ament_cmake'
[0.363s] INFO:colcon.colcon_cmake.task.cmake.build:Building CMake package in '/home/ros/ros2_ws/src/naoqi_libqi'
[0.365s] INFO:colcon.colcon_core.plugin_system:Skipping extension 'colcon_core.shell.bat': Not used on non-Windows systems
[0.365s] INFO:colcon.colcon_core.shell:Skip shell extension 'powershell' for command environment: Not usable outside of PowerShell
[0.365s] DEBUG:colcon.colcon_core.shell:Skip shell extension 'dsv' for command environment
[0.369s] INFO:colcon.colcon_ros.task.ament_cmake.build:Building ROS package in '/home/ros/ros2_ws/src/naoqi_bridge_msgs' with build type 'ament_cmake'
[0.369s] INFO:colcon.colcon_cmake.task.cmake.build:Building CMake package in '/home/ros/ros2_ws/src/naoqi_bridge_msgs'
[0.369s] INFO:colcon.colcon_core.shell:Skip shell extension 'powershell' for command environment: Not usable outside of PowerShell
[0.369s] DEBUG:colcon.colcon_core.shell:Skip shell extension 'dsv' for command environment
[0.372s] INFO:colcon.colcon_ros.task.ament_python.build:Building ROS package in '/home/ros/ros2_ws/src/movement' with build type 'ament_python'
[0.373s] Level 1:colcon.colcon_core.shell:create_environment_hook('movement', 'ament_prefix_path')
[0.373s] INFO:colcon.colcon_core.shell:Creating environment hook '/home/ros/ros2_ws/src/install/movement/share/movement/hook/ament_prefix_path.ps1'
[0.374s] INFO:colcon.colcon_core.shell:Creating environment descriptor '/home/ros/ros2_ws/src/install/movement/share/movement/hook/ament_prefix_path.dsv'
[0.375s] INFO:colcon.colcon_core.shell:Creating environment hook '/home/ros/ros2_ws/src/install/movement/share/movement/hook/ament_prefix_path.sh'
[0.376s] INFO:colcon.colcon_core.shell:Skip shell extension 'powershell' for command environment: Not usable outside of PowerShell
[0.376s] DEBUG:colcon.colcon_core.shell:Skip shell extension 'dsv' for command environment
[0.379s] INFO:colcon.colcon_ros.task.ament_python.build:Building ROS package in '/home/ros/ros2_ws/src/my_robot_controller' with build type 'ament_python'
[0.379s] Level 1:colcon.colcon_core.shell:create_environment_hook('my_robot_controller', 'ament_prefix_path')
[0.379s] INFO:colcon.colcon_core.shell:Creating environment hook '/home/ros/ros2_ws/src/install/my_robot_controller/share/my_robot_controller/hook/ament_prefix_path.ps1'
[0.381s] INFO:colcon.colcon_core.shell:Creating environment descriptor '/home/ros/ros2_ws/src/install/my_robot_controller/share/my_robot_controller/hook/ament_prefix_path.dsv'
[0.381s] INFO:colcon.colcon_core.shell:Creating environment hook '/home/ros/ros2_ws/src/install/my_robot_controller/share/my_robot_controller/hook/ament_prefix_path.sh'
[0.382s] INFO:colcon.colcon_core.shell:Skip shell extension 'powershell' for command environment: Not usable outside of PowerShell
[0.382s] DEBUG:colcon.colcon_core.shell:Skip shell extension 'dsv' for command environment
[0.385s] INFO:colcon.colcon_ros.task.ament_python.build:Building ROS package in '/home/ros/ros2_ws/src/naoqi_interface' with build type 'ament_python'
[0.385s] Level 1:colcon.colcon_core.shell:create_environment_hook('naoqi_interface', 'ament_prefix_path')
[0.385s] INFO:colcon.colcon_core.shell:Creating environment hook '/home/ros/ros2_ws/src/install/naoqi_interface/share/naoqi_interface/hook/ament_prefix_path.ps1'
[0.386s] INFO:colcon.colcon_core.shell:Creating environment descriptor '/home/ros/ros2_ws/src/install/naoqi_interface/share/naoqi_interface/hook/ament_prefix_path.dsv'
[0.387s] INFO:colcon.colcon_core.shell:Creating environment hook '/home/ros/ros2_ws/src/install/naoqi_interface/share/naoqi_interface/hook/ament_prefix_path.sh'
[0.387s] INFO:colcon.colcon_core.shell:Skip shell extension 'powershell' for command environment: Not usable outside of PowerShell
[0.387s] DEBUG:colcon.colcon_core.shell:Skip shell extension 'dsv' for command environment
[0.390s] INFO:colcon.colcon_ros.task.ament_python.build:Building ROS package in '/home/ros/ros2_ws/src/qi_unipa' with build type 'ament_python'
[0.390s] Level 1:colcon.colcon_core.shell:create_environment_hook('qi_unipa', 'ament_prefix_path')
[0.391s] INFO:colcon.colcon_core.shell:Creating environment hook '/home/ros/ros2_ws/src/install/qi_unipa/share/qi_unipa/hook/ament_prefix_path.ps1'
[0.391s] INFO:colcon.colcon_core.shell:Creating environment descriptor '/home/ros/ros2_ws/src/install/qi_unipa/share/qi_unipa/hook/ament_prefix_path.dsv'
[0.392s] INFO:colcon.colcon_core.shell:Creating environment hook '/home/ros/ros2_ws/src/install/qi_unipa/share/qi_unipa/hook/ament_prefix_path.sh'
[0.393s] INFO:colcon.colcon_core.shell:Skip shell extension 'powershell' for command environment: Not usable outside of PowerShell
[0.393s] DEBUG:colcon.colcon_core.shell:Skip shell extension 'dsv' for command environment
[0.397s] INFO:colcon.colcon_ros.task.ament_python.build:Building ROS package in '/home/ros/ros2_ws/src/speech' with build type 'ament_python'
[0.397s] Level 1:colcon.colcon_core.shell:create_environment_hook('speech', 'ament_prefix_path')
[0.397s] INFO:colcon.colcon_core.shell:Creating environment hook '/home/ros/ros2_ws/src/install/speech/share/speech/hook/ament_prefix_path.ps1'
[0.399s] INFO:colcon.colcon_core.shell:Creating environment descriptor '/home/ros/ros2_ws/src/install/speech/share/speech/hook/ament_prefix_path.dsv'
[0.399s] INFO:colcon.colcon_core.shell:Creating environment hook '/home/ros/ros2_ws/src/install/speech/share/speech/hook/ament_prefix_path.sh'
[0.400s] INFO:colcon.colcon_core.shell:Skip shell extension 'powershell' for command environment: Not usable outside of PowerShell
[0.400s] DEBUG:colcon.colcon_core.shell:Skip shell extension 'dsv' for command environment
[0.409s] DEBUG:colcon.colcon_core.event_handler.log_command:Invoking command in '/home/ros/ros2_ws/src/build/naoqi_libqi': CMAKE_PREFIX_PATH=${CMAKE_PREFIX_PATH}:/home/ros/ros2_ws/install/speech:/home/ros/ros2_ws/install/naoqi_interface:/home/ros/ros2_ws/install/my_robot_controller:/home/ros/ros2_ws/install/movement:/opt/ros/humble /usr/bin/cmake --build /home/ros/ros2_ws/src/build/naoqi_libqi -- -j12 -l12
[0.415s] DEBUG:colcon.colcon_core.event_handler.log_command:Invoking command in '/home/ros/ros2_ws/src/build/naoqi_bridge_msgs': CMAKE_PREFIX_PATH=${CMAKE_PREFIX_PATH}:/home/ros/ros2_ws/install/speech:/home/ros/ros2_ws/install/naoqi_interface:/home/ros/ros2_ws/install/my_robot_controller:/home/ros/ros2_ws/install/movement:/opt/ros/humble /usr/bin/cmake --build /home/ros/ros2_ws/src/build/naoqi_bridge_msgs -- -j12 -l12
[0.703s] INFO:colcon.colcon_core.task.python.build:Building Python package in '/home/ros/ros2_ws/src/movement'
[0.704s] INFO:colcon.colcon_core.shell:Skip shell extension 'powershell' for command environment: Not usable outside of PowerShell
[0.704s] DEBUG:colcon.colcon_core.shell:Skip shell extension 'dsv' for command environment
[0.961s] INFO:colcon.colcon_core.task.python.build:Building Python package in '/home/ros/ros2_ws/src/my_robot_controller'
[0.961s] INFO:colcon.colcon_core.shell:Skip shell extension 'powershell' for command environment: Not usable outside of PowerShell
[0.961s] DEBUG:colcon.colcon_core.shell:Skip shell extension 'dsv' for command environment
[1.204s] INFO:colcon.colcon_core.task.python.build:Building Python package in '/home/ros/ros2_ws/src/naoqi_interface'
[1.205s] INFO:colcon.colcon_core.shell:Skip shell extension 'powershell' for command environment: Not usable outside of PowerShell
[1.205s] DEBUG:colcon.colcon_core.shell:Skip shell extension 'dsv' for command environment
[1.442s] INFO:colcon.colcon_core.task.python.build:Building Python package in '/home/ros/ros2_ws/src/qi_unipa'
[1.442s] INFO:colcon.colcon_core.shell:Skip shell extension 'powershell' for command environment: Not usable outside of PowerShell
[1.442s] DEBUG:colcon.colcon_core.shell:Skip shell extension 'dsv' for command environment
[1.683s] INFO:colcon.colcon_core.task.python.build:Building Python package in '/home/ros/ros2_ws/src/speech'
[1.683s] INFO:colcon.colcon_core.shell:Skip shell extension 'powershell' for command environment: Not usable outside of PowerShell
[1.683s] DEBUG:colcon.colcon_core.shell:Skip shell extension 'dsv' for command environment
[1.689s] DEBUG:colcon.colcon_core.event_handler.log_command:Invoked command in '/home/ros/ros2_ws/src/build/naoqi_libqi' returned '0': CMAKE_PREFIX_PATH=${CMAKE_PREFIX_PATH}:/home/ros/ros2_ws/install/speech:/home/ros/ros2_ws/install/naoqi_interface:/home/ros/ros2_ws/install/my_robot_controller:/home/ros/ros2_ws/install/movement:/opt/ros/humble /usr/bin/cmake --build /home/ros/ros2_ws/src/build/naoqi_libqi -- -j12 -l12
[1.689s] DEBUG:colcon.colcon_core.event_handler.log_command:Invoked command in '/home/ros/ros2_ws/src/build/naoqi_bridge_msgs' returned '0': CMAKE_PREFIX_PATH=${CMAKE_PREFIX_PATH}:/home/ros/ros2_ws/install/speech:/home/ros/ros2_ws/install/naoqi_interface:/home/ros/ros2_ws/install/my_robot_controller:/home/ros/ros2_ws/install/movement:/opt/ros/humble /usr/bin/cmake --build /home/ros/ros2_ws/src/build/naoqi_bridge_msgs -- -j12 -l12
[1.944s] DEBUG:colcon.colcon_core.event_handler.log_command:Invoking command in '/home/ros/ros2_ws/src/build/naoqi_libqi': CMAKE_PREFIX_PATH=${CMAKE_PREFIX_PATH}:/home/ros/ros2_ws/install/speech:/home/ros/ros2_ws/install/naoqi_interface:/home/ros/ros2_ws/install/my_robot_controller:/home/ros/ros2_ws/install/movement:/opt/ros/humble /usr/bin/cmake --install /home/ros/ros2_ws/src/build/naoqi_libqi
[1.972s] Level 1:colcon.colcon_core.environment:create_environment_scripts_only(naoqi_libqi)
[1.979s] DEBUG:colcon.colcon_core.event_handler.log_command:Invoked command in '/home/ros/ros2_ws/src/build/naoqi_libqi' returned '0': CMAKE_PREFIX_PATH=${CMAKE_PREFIX_PATH}:/home/ros/ros2_ws/install/speech:/home/ros/ros2_ws/install/naoqi_interface:/home/ros/ros2_ws/install/my_robot_controller:/home/ros/ros2_ws/install/movement:/opt/ros/humble /usr/bin/cmake --install /home/ros/ros2_ws/src/build/naoqi_libqi
[1.982s] Level 1:colcon.colcon_core.environment:checking '/home/ros/ros2_ws/src/install/naoqi_libqi' for CMake module files
[1.982s] Level 1:colcon.colcon_core.environment:checking '/home/ros/ros2_ws/src/install/naoqi_libqi' for CMake config files
[1.983s] Level 1:colcon.colcon_core.shell:create_environment_hook('naoqi_libqi', 'cmake_prefix_path')
[1.983s] INFO:colcon.colcon_core.shell:Creating environment hook '/home/ros/ros2_ws/src/install/naoqi_libqi/share/naoqi_libqi/hook/cmake_prefix_path.ps1'
[1.984s] INFO:colcon.colcon_core.shell:Creating environment descriptor '/home/ros/ros2_ws/src/install/naoqi_libqi/share/naoqi_libqi/hook/cmake_prefix_path.dsv'
[1.984s] INFO:colcon.colcon_core.shell:Creating environment hook '/home/ros/ros2_ws/src/install/naoqi_libqi/share/naoqi_libqi/hook/cmake_prefix_path.sh'
[1.985s] Level 1:colcon.colcon_core.environment:checking '/home/ros/ros2_ws/src/install/naoqi_libqi/lib'
[1.986s] Level 1:colcon.colcon_core.shell:create_environment_hook('naoqi_libqi', 'ld_library_path_lib')
[1.986s] INFO:colcon.colcon_core.shell:Creating environment hook '/home/ros/ros2_ws/src/install/naoqi_libqi/share/naoqi_libqi/hook/ld_library_path_lib.ps1'
[1.986s] INFO:colcon.colcon_core.shell:Creating environment descriptor '/home/ros/ros2_ws/src/install/naoqi_libqi/share/naoqi_libqi/hook/ld_library_path_lib.dsv'
[1.987s] INFO:colcon.colcon_core.shell:Creating environment hook '/home/ros/ros2_ws/src/install/naoqi_libqi/share/naoqi_libqi/hook/ld_library_path_lib.sh'
[1.987s] Level 1:colcon.colcon_core.environment:checking '/home/ros/ros2_ws/src/install/naoqi_libqi/bin'
[1.988s] Level 1:colcon.colcon_core.environment:checking '/home/ros/ros2_ws/src/install/naoqi_libqi/lib/pkgconfig/naoqi_libqi.pc'
[1.988s] Level 1:colcon.colcon_core.environment:checking '/home/ros/ros2_ws/src/install/naoqi_libqi/lib/python3.10/site-packages'
[1.988s] Level 1:colcon.colcon_core.environment:checking '/home/ros/ros2_ws/src/install/naoqi_libqi/bin'
[1.989s] INFO:colcon.colcon_core.shell:Creating package script '/home/ros/ros2_ws/src/install/naoqi_libqi/share/naoqi_libqi/package.ps1'
[1.990s] INFO:colcon.colcon_core.shell:Creating package descriptor '/home/ros/ros2_ws/src/install/naoqi_libqi/share/naoqi_libqi/package.dsv'
[1.991s] INFO:colcon.colcon_core.shell:Creating package script '/home/ros/ros2_ws/src/install/naoqi_libqi/share/naoqi_libqi/package.sh'
[1.992s] INFO:colcon.colcon_core.shell:Creating package script '/home/ros/ros2_ws/src/install/naoqi_libqi/share/naoqi_libqi/package.bash'
[1.994s] INFO:colcon.colcon_core.shell:Creating package script '/home/ros/ros2_ws/src/install/naoqi_libqi/share/naoqi_libqi/package.zsh'
[1.995s] Level 1:colcon.colcon_core.environment:create_file_with_runtime_dependencies(/home/ros/ros2_ws/src/install/naoqi_libqi/share/colcon-core/packages/naoqi_libqi)
[2.149s] DEBUG:colcon.colcon_core.event_handler.log_command:Invoking command in '/home/ros/ros2_ws/src/movement': PYTHONPATH=/home/ros/ros2_ws/src/build/movement/prefix_override:/usr/lib/python3/dist-packages/colcon_core/task/python/colcon_distutils_commands:/home/ros/ros2_ws/src/install/movement/lib/python3.10/site-packages:${PYTHONPATH} /usr/bin/python3 -W ignore:setup.py install is deprecated setup.py egg_info --egg-base ../build/movement build --build-base /home/ros/ros2_ws/src/build/movement/build install --record /home/ros/ros2_ws/src/build/movement/install.log --single-version-externally-managed install_data
[2.175s] DEBUG:colcon.colcon_core.event_handler.log_command:Invoking command in '/home/ros/ros2_ws/src/my_robot_controller': PYTHONPATH=/home/ros/ros2_ws/src/build/my_robot_controller/prefix_override:/usr/lib/python3/dist-packages/colcon_core/task/python/colcon_distutils_commands:/home/ros/ros2_ws/src/install/my_robot_controller/lib/python3.10/site-packages:${PYTHONPATH} /usr/bin/python3 -W ignore:setup.py install is deprecated setup.py egg_info --egg-base ../build/my_robot_controller build --build-base /home/ros/ros2_ws/src/build/my_robot_controller/build install --record /home/ros/ros2_ws/src/build/my_robot_controller/install.log --single-version-externally-managed install_data
[2.184s] DEBUG:colcon.colcon_core.event_handler.log_command:Invoking command in '/home/ros/ros2_ws/src/speech': PYTHONPATH=/home/ros/ros2_ws/src/build/speech/prefix_override:/usr/lib/python3/dist-packages/colcon_core/task/python/colcon_distutils_commands:/home/ros/ros2_ws/src/install/speech/lib/python3.10/site-packages:${PYTHONPATH} /usr/bin/python3 -W ignore:setup.py install is deprecated setup.py egg_info --egg-base ../build/speech build --build-base /home/ros/ros2_ws/src/build/speech/build install --record /home/ros/ros2_ws/src/build/speech/install.log --single-version-externally-managed install_data
[2.282s] Level 1:colcon.colcon_core.environment:create_environment_scripts_only(naoqi_libqi)
[2.282s] Level 1:colcon.colcon_core.environment:checking '/home/ros/ros2_ws/src/install/naoqi_libqi' for CMake module files
[2.283s] Level 1:colcon.colcon_core.environment:checking '/home/ros/ros2_ws/src/install/naoqi_libqi' for CMake config files
[2.284s] Level 1:colcon.colcon_core.shell:create_environment_hook('naoqi_libqi', 'cmake_prefix_path')
[2.284s] INFO:colcon.colcon_core.shell:Creating environment hook '/home/ros/ros2_ws/src/install/naoqi_libqi/share/naoqi_libqi/hook/cmake_prefix_path.ps1'
[2.285s] INFO:colcon.colcon_core.shell:Creating environment descriptor '/home/ros/ros2_ws/src/install/naoqi_libqi/share/naoqi_libqi/hook/cmake_prefix_path.dsv'
[2.285s] INFO:colcon.colcon_core.shell:Creating environment hook '/home/ros/ros2_ws/src/install/naoqi_libqi/share/naoqi_libqi/hook/cmake_prefix_path.sh'
[2.286s] Level 1:colcon.colcon_core.environment:checking '/home/ros/ros2_ws/src/install/naoqi_libqi/lib'
[2.286s] Level 1:colcon.colcon_core.shell:create_environment_hook('naoqi_libqi', 'ld_library_path_lib')
[2.287s] INFO:colcon.colcon_core.shell:Creating environment hook '/home/ros/ros2_ws/src/install/naoqi_libqi/share/naoqi_libqi/hook/ld_library_path_lib.ps1'
[2.287s] INFO:colcon.colcon_core.shell:Creating environment descriptor '/home/ros/ros2_ws/src/install/naoqi_libqi/share/naoqi_libqi/hook/ld_library_path_lib.dsv'
[2.288s] INFO:colcon.colcon_core.shell:Creating environment hook '/home/ros/ros2_ws/src/install/naoqi_libqi/share/naoqi_libqi/hook/ld_library_path_lib.sh'
[2.289s] Level 1:colcon.colcon_core.environment:checking '/home/ros/ros2_ws/src/install/naoqi_libqi/bin'
[2.289s] Level 1:colcon.colcon_core.environment:checking '/home/ros/ros2_ws/src/install/naoqi_libqi/lib/pkgconfig/naoqi_libqi.pc'
[2.289s] Level 1:colcon.colcon_core.environment:checking '/home/ros/ros2_ws/src/install/naoqi_libqi/lib/python3.10/site-packages'
[2.289s] Level 1:colcon.colcon_core.environment:checking '/home/ros/ros2_ws/src/install/naoqi_libqi/bin'
[2.290s] INFO:colcon.colcon_core.shell:Creating package script '/home/ros/ros2_ws/src/install/naoqi_libqi/share/naoqi_libqi/package.ps1'
[2.292s] INFO:colcon.colcon_core.shell:Creating package descriptor '/home/ros/ros2_ws/src/install/naoqi_libqi/share/naoqi_libqi/package.dsv'
[2.293s] INFO:colcon.colcon_core.shell:Creating package script '/home/ros/ros2_ws/src/install/naoqi_libqi/share/naoqi_libqi/package.sh'
[2.294s] INFO:colcon.colcon_core.shell:Creating package script '/home/ros/ros2_ws/src/install/naoqi_libqi/share/naoqi_libqi/package.bash'
[2.295s] INFO:colcon.colcon_core.shell:Creating package script '/home/ros/ros2_ws/src/install/naoqi_libqi/share/naoqi_libqi/package.zsh'
[2.296s] Level 1:colcon.colcon_core.environment:create_file_with_runtime_dependencies(/home/ros/ros2_ws/src/install/naoqi_libqi/share/colcon-core/packages/naoqi_libqi)
[2.297s] INFO:colcon.colcon_ros.task.ament_cmake.build:Building ROS package in '/home/ros/ros2_ws/src/naoqi_libqicore' with build type 'ament_cmake'
[2.297s] INFO:colcon.colcon_cmake.task.cmake.build:Building CMake package in '/home/ros/ros2_ws/src/naoqi_libqicore'
[2.298s] INFO:colcon.colcon_core.shell:Skip shell extension 'powershell' for command environment: Not usable outside of PowerShell
[2.298s] DEBUG:colcon.colcon_core.shell:Skip shell extension 'dsv' for command environment
[2.318s] DEBUG:colcon.colcon_core.event_handler.log_command:Invoking command in '/home/ros/ros2_ws/src/build/naoqi_libqicore': AMENT_PREFIX_PATH=/home/ros/ros2_ws/src/install/naoqi_libqi:${AMENT_PREFIX_PATH} CMAKE_PREFIX_PATH=/home/ros/ros2_ws/src/install/naoqi_libqi:/home/ros/ros2_ws/install/naoqi_driver:/home/ros/ros2_ws/install/naoqi_libqicore:/home/ros/ros2_ws/install/naoqi_libqi:/home/ros/ros2_ws/install/naoqi_bridge_msgs:/home/ros/ros2_ws/install/speech:/home/ros/ros2_ws/install/naoqi_interface:/home/ros/ros2_ws/install/my_robot_controller:/home/ros/ros2_ws/install/movement:/opt/ros/humble LD_LIBRARY_PATH=/home/ros/ros2_ws/src/install/naoqi_libqi/lib:${LD_LIBRARY_PATH} /usr/bin/cmake --build /home/ros/ros2_ws/src/build/naoqi_libqicore -- -j12 -l12
[2.376s] DEBUG:colcon.colcon_core.event_handler.log_command:Invoking command in '/home/ros/ros2_ws/src/qi_unipa': PYTHONPATH=/home/ros/ros2_ws/src/build/qi_unipa/prefix_override:/usr/lib/python3/dist-packages/colcon_core/task/python/colcon_distutils_commands:/home/ros/ros2_ws/src/install/qi_unipa/lib/python3.10/site-packages:${PYTHONPATH} /usr/bin/python3 -W ignore:setup.py install is deprecated setup.py egg_info --egg-base ../build/qi_unipa build --build-base /home/ros/ros2_ws/src/build/qi_unipa/build install --record /home/ros/ros2_ws/src/build/qi_unipa/install.log --single-version-externally-managed install_data
[2.380s] DEBUG:colcon.colcon_core.event_handler.log_command:Invoking command in '/home/ros/ros2_ws/src/naoqi_interface': PYTHONPATH=/home/ros/ros2_ws/src/build/naoqi_interface/prefix_override:/usr/lib/python3/dist-packages/colcon_core/task/python/colcon_distutils_commands:/home/ros/ros2_ws/src/install/naoqi_interface/lib/python3.10/site-packages:${PYTHONPATH} /usr/bin/python3 -W ignore:setup.py install is deprecated setup.py egg_info --egg-base ../build/naoqi_interface build --build-base /home/ros/ros2_ws/src/build/naoqi_interface/build install --record /home/ros/ros2_ws/src/build/naoqi_interface/install.log --single-version-externally-managed install_data
[2.472s] DEBUG:colcon.colcon_core.event_handler.log_command:Invoked command in '/home/ros/ros2_ws/src/build/naoqi_libqicore' returned '0': AMENT_PREFIX_PATH=/home/ros/ros2_ws/src/install/naoqi_libqi:${AMENT_PREFIX_PATH} CMAKE_PREFIX_PATH=/home/ros/ros2_ws/src/install/naoqi_libqi:/home/ros/ros2_ws/install/naoqi_driver:/home/ros/ros2_ws/install/naoqi_libqicore:/home/ros/ros2_ws/install/naoqi_libqi:/home/ros/ros2_ws/install/naoqi_bridge_msgs:/home/ros/ros2_ws/install/speech:/home/ros/ros2_ws/install/naoqi_interface:/home/ros/ros2_ws/install/my_robot_controller:/home/ros/ros2_ws/install/movement:/opt/ros/humble LD_LIBRARY_PATH=/home/ros/ros2_ws/src/install/naoqi_libqi/lib:${LD_LIBRARY_PATH} /usr/bin/cmake --build /home/ros/ros2_ws/src/build/naoqi_libqicore -- -j12 -l12
[2.501s] DEBUG:colcon.colcon_core.event_handler.log_command:Invoking command in '/home/ros/ros2_ws/src/build/naoqi_libqicore': AMENT_PREFIX_PATH=/home/ros/ros2_ws/src/install/naoqi_libqi:${AMENT_PREFIX_PATH} CMAKE_PREFIX_PATH=/home/ros/ros2_ws/src/install/naoqi_libqi:/home/ros/ros2_ws/install/naoqi_driver:/home/ros/ros2_ws/install/naoqi_libqicore:/home/ros/ros2_ws/install/naoqi_libqi:/home/ros/ros2_ws/install/naoqi_bridge_msgs:/home/ros/ros2_ws/install/speech:/home/ros/ros2_ws/install/naoqi_interface:/home/ros/ros2_ws/install/my_robot_controller:/home/ros/ros2_ws/install/movement:/opt/ros/humble LD_LIBRARY_PATH=/home/ros/ros2_ws/src/install/naoqi_libqi/lib:${LD_LIBRARY_PATH} /usr/bin/cmake --install /home/ros/ros2_ws/src/build/naoqi_libqicore
[2.522s] Level 1:colcon.colcon_core.environment:create_environment_scripts_only(naoqi_libqicore)
[2.522s] Level 1:colcon.colcon_core.environment:checking '/home/ros/ros2_ws/src/install/naoqi_libqicore' for CMake module files
[2.523s] DEBUG:colcon.colcon_core.event_handler.log_command:Invoked command in '/home/ros/ros2_ws/src/build/naoqi_libqicore' returned '0': AMENT_PREFIX_PATH=/home/ros/ros2_ws/src/install/naoqi_libqi:${AMENT_PREFIX_PATH} CMAKE_PREFIX_PATH=/home/ros/ros2_ws/src/install/naoqi_libqi:/home/ros/ros2_ws/install/naoqi_driver:/home/ros/ros2_ws/install/naoqi_libqicore:/home/ros/ros2_ws/install/naoqi_libqi:/home/ros/ros2_ws/install/naoqi_bridge_msgs:/home/ros/ros2_ws/install/speech:/home/ros/ros2_ws/install/naoqi_interface:/home/ros/ros2_ws/install/my_robot_controller:/home/ros/ros2_ws/install/movement:/opt/ros/humble LD_LIBRARY_PATH=/home/ros/ros2_ws/src/install/naoqi_libqi/lib:${LD_LIBRARY_PATH} /usr/bin/cmake --install /home/ros/ros2_ws/src/build/naoqi_libqicore
[2.524s] Level 1:colcon.colcon_core.environment:checking '/home/ros/ros2_ws/src/install/naoqi_libqicore' for CMake config files
[2.524s] Level 1:colcon.colcon_core.shell:create_environment_hook('naoqi_libqicore', 'cmake_prefix_path')
[2.524s] INFO:colcon.colcon_core.shell:Creating environment hook '/home/ros/ros2_ws/src/install/naoqi_libqicore/share/naoqi_libqicore/hook/cmake_prefix_path.ps1'
[2.526s] INFO:colcon.colcon_core.shell:Creating environment descriptor '/home/ros/ros2_ws/src/install/naoqi_libqicore/share/naoqi_libqicore/hook/cmake_prefix_path.dsv'
[2.526s] INFO:colcon.colcon_core.shell:Creating environment hook '/home/ros/ros2_ws/src/install/naoqi_libqicore/share/naoqi_libqicore/hook/cmake_prefix_path.sh'
[2.527s] Level 1:colcon.colcon_core.environment:checking '/home/ros/ros2_ws/src/install/naoqi_libqicore/lib'
[2.527s] Level 1:colcon.colcon_core.environment:checking '/home/ros/ros2_ws/src/install/naoqi_libqicore/bin'
[2.528s] Level 1:colcon.colcon_core.environment:checking '/home/ros/ros2_ws/src/install/naoqi_libqicore/lib/pkgconfig/naoqi_libqicore.pc'
[2.528s] Level 1:colcon.colcon_core.environment:checking '/home/ros/ros2_ws/src/install/naoqi_libqicore/lib/python3.10/site-packages'
[2.528s] Level 1:colcon.colcon_core.environment:checking '/home/ros/ros2_ws/src/install/naoqi_libqicore/bin'
[2.529s] INFO:colcon.colcon_core.shell:Creating package script '/home/ros/ros2_ws/src/install/naoqi_libqicore/share/naoqi_libqicore/package.ps1'
[2.530s] INFO:colcon.colcon_core.shell:Creating package descriptor '/home/ros/ros2_ws/src/install/naoqi_libqicore/share/naoqi_libqicore/package.dsv'
[2.530s] INFO:colcon.colcon_core.shell:Creating package script '/home/ros/ros2_ws/src/install/naoqi_libqicore/share/naoqi_libqicore/package.sh'
[2.531s] INFO:colcon.colcon_core.shell:Creating package script '/home/ros/ros2_ws/src/install/naoqi_libqicore/share/naoqi_libqicore/package.bash'
[2.532s] INFO:colcon.colcon_core.shell:Creating package script '/home/ros/ros2_ws/src/install/naoqi_libqicore/share/naoqi_libqicore/package.zsh'
[2.533s] Level 1:colcon.colcon_core.environment:create_file_with_runtime_dependencies(/home/ros/ros2_ws/src/install/naoqi_libqicore/share/colcon-core/packages/naoqi_libqicore)
[2.565s] Level 1:colcon.colcon_core.environment:create_environment_scripts_only(naoqi_libqicore)
[2.565s] Level 1:colcon.colcon_core.environment:checking '/home/ros/ros2_ws/src/install/naoqi_libqicore' for CMake module files
[2.566s] Level 1:colcon.colcon_core.environment:checking '/home/ros/ros2_ws/src/install/naoqi_libqicore' for CMake config files
[2.566s] Level 1:colcon.colcon_core.shell:create_environment_hook('naoqi_libqicore', 'cmake_prefix_path')
[2.567s] INFO:colcon.colcon_core.shell:Creating environment hook '/home/ros/ros2_ws/src/install/naoqi_libqicore/share/naoqi_libqicore/hook/cmake_prefix_path.ps1'
[2.568s] INFO:colcon.colcon_core.shell:Creating environment descriptor '/home/ros/ros2_ws/src/install/naoqi_libqicore/share/naoqi_libqicore/hook/cmake_prefix_path.dsv'
[2.568s] INFO:colcon.colcon_core.shell:Creating environment hook '/home/ros/ros2_ws/src/install/naoqi_libqicore/share/naoqi_libqicore/hook/cmake_prefix_path.sh'
[2.569s] Level 1:colcon.colcon_core.environment:checking '/home/ros/ros2_ws/src/install/naoqi_libqicore/lib'
[2.569s] Level 1:colcon.colcon_core.environment:checking '/home/ros/ros2_ws/src/install/naoqi_libqicore/bin'
[2.569s] Level 1:colcon.colcon_core.environment:checking '/home/ros/ros2_ws/src/install/naoqi_libqicore/lib/pkgconfig/naoqi_libqicore.pc'
[2.570s] Level 1:colcon.colcon_core.environment:checking '/home/ros/ros2_ws/src/install/naoqi_libqicore/lib/python3.10/site-packages'
[2.570s] Level 1:colcon.colcon_core.environment:checking '/home/ros/ros2_ws/src/install/naoqi_libqicore/bin'
[2.571s] INFO:colcon.colcon_core.shell:Creating package script '/home/ros/ros2_ws/src/install/naoqi_libqicore/share/naoqi_libqicore/package.ps1'
[2.572s] INFO:colcon.colcon_core.shell:Creating package descriptor '/home/ros/ros2_ws/src/install/naoqi_libqicore/share/naoqi_libqicore/package.dsv'
[2.573s] INFO:colcon.colcon_core.shell:Creating package script '/home/ros/ros2_ws/src/install/naoqi_libqicore/share/naoqi_libqicore/package.sh'
[2.573s] INFO:colcon.colcon_core.shell:Creating package script '/home/ros/ros2_ws/src/install/naoqi_libqicore/share/naoqi_libqicore/package.bash'
[2.574s] INFO:colcon.colcon_core.shell:Creating package script '/home/ros/ros2_ws/src/install/naoqi_libqicore/share/naoqi_libqicore/package.zsh'
[2.575s] Level 1:colcon.colcon_core.environment:create_file_with_runtime_dependencies(/home/ros/ros2_ws/src/install/naoqi_libqicore/share/colcon-core/packages/naoqi_libqicore)
[2.592s] Level 1:colcon.colcon_core.environment:checking '/home/ros/ros2_ws/src/install/movement' for CMake module files
[2.593s] DEBUG:colcon.colcon_core.event_handler.log_command:Invoked command in '/home/ros/ros2_ws/src/movement' returned '0': PYTHONPATH=/home/ros/ros2_ws/src/build/movement/prefix_override:/usr/lib/python3/dist-packages/colcon_core/task/python/colcon_distutils_commands:/home/ros/ros2_ws/src/install/movement/lib/python3.10/site-packages:${PYTHONPATH} /usr/bin/python3 -W ignore:setup.py install is deprecated setup.py egg_info --egg-base ../build/movement build --build-base /home/ros/ros2_ws/src/build/movement/build install --record /home/ros/ros2_ws/src/build/movement/install.log --single-version-externally-managed install_data
[2.593s] Level 1:colcon.colcon_core.environment:checking '/home/ros/ros2_ws/src/install/movement' for CMake config files
[2.595s] Level 1:colcon.colcon_core.environment:checking '/home/ros/ros2_ws/src/install/movement/lib'
[2.595s] Level 1:colcon.colcon_core.environment:checking '/home/ros/ros2_ws/src/install/movement/bin'
[2.595s] Level 1:colcon.colcon_core.environment:checking '/home/ros/ros2_ws/src/install/movement/lib/pkgconfig/movement.pc'
[2.596s] Level 1:colcon.colcon_core.environment:checking '/home/ros/ros2_ws/src/install/movement/lib/python3.10/site-packages'
[2.596s] Level 1:colcon.colcon_core.shell:create_environment_hook('movement', 'pythonpath')
[2.597s] INFO:colcon.colcon_core.shell:Creating environment hook '/home/ros/ros2_ws/src/install/movement/share/movement/hook/pythonpath.ps1'
[2.599s] INFO:colcon.colcon_core.shell:Creating environment descriptor '/home/ros/ros2_ws/src/install/movement/share/movement/hook/pythonpath.dsv'
[2.599s] INFO:colcon.colcon_core.shell:Creating environment hook '/home/ros/ros2_ws/src/install/movement/share/movement/hook/pythonpath.sh'
[2.601s] Level 1:colcon.colcon_core.environment:checking '/home/ros/ros2_ws/src/install/movement/bin'
[2.601s] Level 1:colcon.colcon_core.environment:create_environment_scripts_only(movement)
[2.602s] INFO:colcon.colcon_core.shell:Creating package script '/home/ros/ros2_ws/src/install/movement/share/movement/package.ps1'
[2.603s] INFO:colcon.colcon_core.shell:Creating package descriptor '/home/ros/ros2_ws/src/install/movement/share/movement/package.dsv'
[2.604s] INFO:colcon.colcon_core.shell:Creating package script '/home/ros/ros2_ws/src/install/movement/share/movement/package.sh'
[2.605s] INFO:colcon.colcon_core.shell:Creating package script '/home/ros/ros2_ws/src/install/movement/share/movement/package.bash'
[2.606s] INFO:colcon.colcon_core.shell:Creating package script '/home/ros/ros2_ws/src/install/movement/share/movement/package.zsh'
[2.606s] Level 1:colcon.colcon_core.environment:create_file_with_runtime_dependencies(/home/ros/ros2_ws/src/install/movement/share/colcon-core/packages/movement)
[2.638s] Level 1:colcon.colcon_core.environment:checking '/home/ros/ros2_ws/src/install/my_robot_controller' for CMake module files
[2.639s] DEBUG:colcon.colcon_core.event_handler.log_command:Invoked command in '/home/ros/ros2_ws/src/my_robot_controller' returned '0': PYTHONPATH=/home/ros/ros2_ws/src/build/my_robot_controller/prefix_override:/usr/lib/python3/dist-packages/colcon_core/task/python/colcon_distutils_commands:/home/ros/ros2_ws/src/install/my_robot_controller/lib/python3.10/site-packages:${PYTHONPATH} /usr/bin/python3 -W ignore:setup.py install is deprecated setup.py egg_info --egg-base ../build/my_robot_controller build --build-base /home/ros/ros2_ws/src/build/my_robot_controller/build install --record /home/ros/ros2_ws/src/build/my_robot_controller/install.log --single-version-externally-managed install_data
[2.640s] Level 1:colcon.colcon_core.environment:checking '/home/ros/ros2_ws/src/install/my_robot_controller' for CMake config files
[2.641s] Level 1:colcon.colcon_core.environment:checking '/home/ros/ros2_ws/src/install/my_robot_controller/lib'
[2.641s] Level 1:colcon.colcon_core.environment:checking '/home/ros/ros2_ws/src/install/my_robot_controller/bin'
[2.641s] Level 1:colcon.colcon_core.environment:checking '/home/ros/ros2_ws/src/install/my_robot_controller/lib/pkgconfig/my_robot_controller.pc'
[2.642s] Level 1:colcon.colcon_core.environment:checking '/home/ros/ros2_ws/src/install/my_robot_controller/lib/python3.10/site-packages'
[2.642s] Level 1:colcon.colcon_core.shell:create_environment_hook('my_robot_controller', 'pythonpath')
[2.643s] INFO:colcon.colcon_core.shell:Creating environment hook '/home/ros/ros2_ws/src/install/my_robot_controller/share/my_robot_controller/hook/pythonpath.ps1'
[2.644s] INFO:colcon.colcon_core.shell:Creating environment descriptor '/home/ros/ros2_ws/src/install/my_robot_controller/share/my_robot_controller/hook/pythonpath.dsv'
[2.645s] INFO:colcon.colcon_core.shell:Creating environment hook '/home/ros/ros2_ws/src/install/my_robot_controller/share/my_robot_controller/hook/pythonpath.sh'
[2.647s] Level 1:colcon.colcon_core.environment:checking '/home/ros/ros2_ws/src/install/my_robot_controller/bin'
[2.647s] Level 1:colcon.colcon_core.environment:create_environment_scripts_only(my_robot_controller)
[2.647s] INFO:colcon.colcon_core.shell:Creating package script '/home/ros/ros2_ws/src/install/my_robot_controller/share/my_robot_controller/package.ps1'
[2.648s] INFO:colcon.colcon_core.shell:Creating package descriptor '/home/ros/ros2_ws/src/install/my_robot_controller/share/my_robot_controller/package.dsv'
[2.649s] INFO:colcon.colcon_core.shell:Creating package script '/home/ros/ros2_ws/src/install/my_robot_controller/share/my_robot_controller/package.sh'
[2.650s] INFO:colcon.colcon_core.shell:Creating package script '/home/ros/ros2_ws/src/install/my_robot_controller/share/my_robot_controller/package.bash'
[2.650s] INFO:colcon.colcon_core.shell:Creating package script '/home/ros/ros2_ws/src/install/my_robot_controller/share/my_robot_controller/package.zsh'
[2.651s] Level 1:colcon.colcon_core.environment:create_file_with_runtime_dependencies(/home/ros/ros2_ws/src/install/my_robot_controller/share/colcon-core/packages/my_robot_controller)
[2.665s] Level 1:colcon.colcon_core.environment:checking '/home/ros/ros2_ws/src/install/speech' for CMake module files
[2.666s] DEBUG:colcon.colcon_core.event_handler.log_command:Invoked command in '/home/ros/ros2_ws/src/speech' returned '0': PYTHONPATH=/home/ros/ros2_ws/src/build/speech/prefix_override:/usr/lib/python3/dist-packages/colcon_core/task/python/colcon_distutils_commands:/home/ros/ros2_ws/src/install/speech/lib/python3.10/site-packages:${PYTHONPATH} /usr/bin/python3 -W ignore:setup.py install is deprecated setup.py egg_info --egg-base ../build/speech build --build-base /home/ros/ros2_ws/src/build/speech/build install --record /home/ros/ros2_ws/src/build/speech/install.log --single-version-externally-managed install_data
[2.666s] Level 1:colcon.colcon_core.environment:checking '/home/ros/ros2_ws/src/install/speech' for CMake config files
[2.668s] Level 1:colcon.colcon_core.environment:checking '/home/ros/ros2_ws/src/install/speech/lib'
[2.668s] Level 1:colcon.colcon_core.environment:checking '/home/ros/ros2_ws/src/install/speech/bin'
[2.668s] Level 1:colcon.colcon_core.environment:checking '/home/ros/ros2_ws/src/install/speech/lib/pkgconfig/speech.pc'
[2.668s] Level 1:colcon.colcon_core.environment:checking '/home/ros/ros2_ws/src/install/speech/lib/python3.10/site-packages'
[2.668s] Level 1:colcon.colcon_core.shell:create_environment_hook('speech', 'pythonpath')
[2.669s] INFO:colcon.colcon_core.shell:Creating environment hook '/home/ros/ros2_ws/src/install/speech/share/speech/hook/pythonpath.ps1'
[2.670s] INFO:colcon.colcon_core.shell:Creating environment descriptor '/home/ros/ros2_ws/src/install/speech/share/speech/hook/pythonpath.dsv'
[2.670s] INFO:colcon.colcon_core.shell:Creating environment hook '/home/ros/ros2_ws/src/install/speech/share/speech/hook/pythonpath.sh'
[2.671s] Level 1:colcon.colcon_core.environment:checking '/home/ros/ros2_ws/src/install/speech/bin'
[2.671s] Level 1:colcon.colcon_core.environment:create_environment_scripts_only(speech)
[2.672s] INFO:colcon.colcon_core.shell:Creating package script '/home/ros/ros2_ws/src/install/speech/share/speech/package.ps1'
[2.672s] INFO:colcon.colcon_core.shell:Creating package descriptor '/home/ros/ros2_ws/src/install/speech/share/speech/package.dsv'
[2.673s] INFO:colcon.colcon_core.shell:Creating package script '/home/ros/ros2_ws/src/install/speech/share/speech/package.sh'
[2.674s] INFO:colcon.colcon_core.shell:Creating package script '/home/ros/ros2_ws/src/install/speech/share/speech/package.bash'
[2.674s] INFO:colcon.colcon_core.shell:Creating package script '/home/ros/ros2_ws/src/install/speech/share/speech/package.zsh'
[2.676s] Level 1:colcon.colcon_core.environment:create_file_with_runtime_dependencies(/home/ros/ros2_ws/src/install/speech/share/colcon-core/packages/speech)
[2.793s] Level 1:colcon.colcon_core.environment:checking '/home/ros/ros2_ws/src/install/qi_unipa' for CMake module files
[2.793s] DEBUG:colcon.colcon_core.event_handler.log_command:Invoked command in '/home/ros/ros2_ws/src/qi_unipa' returned '0': PYTHONPATH=/home/ros/ros2_ws/src/build/qi_unipa/prefix_override:/usr/lib/python3/dist-packages/colcon_core/task/python/colcon_distutils_commands:/home/ros/ros2_ws/src/install/qi_unipa/lib/python3.10/site-packages:${PYTHONPATH} /usr/bin/python3 -W ignore:setup.py install is deprecated setup.py egg_info --egg-base ../build/qi_unipa build --build-base /home/ros/ros2_ws/src/build/qi_unipa/build install --record /home/ros/ros2_ws/src/build/qi_unipa/install.log --single-version-externally-managed install_data
[2.793s] Level 1:colcon.colcon_core.environment:checking '/home/ros/ros2_ws/src/install/qi_unipa' for CMake config files
[2.794s] Level 1:colcon.colcon_core.environment:checking '/home/ros/ros2_ws/src/install/qi_unipa/lib'
[2.794s] Level 1:colcon.colcon_core.environment:checking '/home/ros/ros2_ws/src/install/qi_unipa/bin'
[2.794s] Level 1:colcon.colcon_core.environment:checking '/home/ros/ros2_ws/src/install/qi_unipa/lib/pkgconfig/qi_unipa.pc'
[2.794s] Level 1:colcon.colcon_core.environment:checking '/home/ros/ros2_ws/src/install/qi_unipa/lib/python3.10/site-packages'
[2.794s] Level 1:colcon.colcon_core.shell:create_environment_hook('qi_unipa', 'pythonpath')
[2.795s] INFO:colcon.colcon_core.shell:Creating environment hook '/home/ros/ros2_ws/src/install/qi_unipa/share/qi_unipa/hook/pythonpath.ps1'
[2.795s] INFO:colcon.colcon_core.shell:Creating environment descriptor '/home/ros/ros2_ws/src/install/qi_unipa/share/qi_unipa/hook/pythonpath.dsv'
[2.796s] INFO:colcon.colcon_core.shell:Creating environment hook '/home/ros/ros2_ws/src/install/qi_unipa/share/qi_unipa/hook/pythonpath.sh'
[2.797s] Level 1:colcon.colcon_core.environment:checking '/home/ros/ros2_ws/src/install/qi_unipa/bin'
[2.797s] Level 1:colcon.colcon_core.environment:create_environment_scripts_only(qi_unipa)
[2.798s] INFO:colcon.colcon_core.shell:Creating package script '/home/ros/ros2_ws/src/install/qi_unipa/share/qi_unipa/package.ps1'
[2.798s] INFO:colcon.colcon_core.shell:Creating package descriptor '/home/ros/ros2_ws/src/install/qi_unipa/share/qi_unipa/package.dsv'
[2.799s] INFO:colcon.colcon_core.shell:Creating package script '/home/ros/ros2_ws/src/install/qi_unipa/share/qi_unipa/package.sh'
[2.799s] INFO:colcon.colcon_core.shell:Creating package script '/home/ros/ros2_ws/src/install/qi_unipa/share/qi_unipa/package.bash'
[2.799s] INFO:colcon.colcon_core.shell:Creating package script '/home/ros/ros2_ws/src/install/qi_unipa/share/qi_unipa/package.zsh'
[2.800s] Level 1:colcon.colcon_core.environment:create_file_with_runtime_dependencies(/home/ros/ros2_ws/src/install/qi_unipa/share/colcon-core/packages/qi_unipa)
[2.804s] Level 1:colcon.colcon_core.environment:checking '/home/ros/ros2_ws/src/install/naoqi_interface' for CMake module files
[2.805s] DEBUG:colcon.colcon_core.event_handler.log_command:Invoked command in '/home/ros/ros2_ws/src/naoqi_interface' returned '0': PYTHONPATH=/home/ros/ros2_ws/src/build/naoqi_interface/prefix_override:/usr/lib/python3/dist-packages/colcon_core/task/python/colcon_distutils_commands:/home/ros/ros2_ws/src/install/naoqi_interface/lib/python3.10/site-packages:${PYTHONPATH} /usr/bin/python3 -W ignore:setup.py install is deprecated setup.py egg_info --egg-base ../build/naoqi_interface build --build-base /home/ros/ros2_ws/src/build/naoqi_interface/build install --record /home/ros/ros2_ws/src/build/naoqi_interface/install.log --single-version-externally-managed install_data
[2.805s] Level 1:colcon.colcon_core.environment:checking '/home/ros/ros2_ws/src/install/naoqi_interface' for CMake config files
[2.806s] Level 1:colcon.colcon_core.environment:checking '/home/ros/ros2_ws/src/install/naoqi_interface/lib'
[2.806s] Level 1:colcon.colcon_core.environment:checking '/home/ros/ros2_ws/src/install/naoqi_interface/bin'
[2.806s] Level 1:colcon.colcon_core.environment:checking '/home/ros/ros2_ws/src/install/naoqi_interface/lib/pkgconfig/naoqi_interface.pc'
[2.807s] Level 1:colcon.colcon_core.environment:checking '/home/ros/ros2_ws/src/install/naoqi_interface/lib/python3.10/site-packages'
[2.807s] Level 1:colcon.colcon_core.shell:create_environment_hook('naoqi_interface', 'pythonpath')
[2.807s] INFO:colcon.colcon_core.shell:Creating environment hook '/home/ros/ros2_ws/src/install/naoqi_interface/share/naoqi_interface/hook/pythonpath.ps1'
[2.808s] INFO:colcon.colcon_core.shell:Creating environment descriptor '/home/ros/ros2_ws/src/install/naoqi_interface/share/naoqi_interface/hook/pythonpath.dsv'
[2.809s] INFO:colcon.colcon_core.shell:Creating environment hook '/home/ros/ros2_ws/src/install/naoqi_interface/share/naoqi_interface/hook/pythonpath.sh'
[2.809s] Level 1:colcon.colcon_core.environment:checking '/home/ros/ros2_ws/src/install/naoqi_interface/bin'
[2.809s] Level 1:colcon.colcon_core.environment:create_environment_scripts_only(naoqi_interface)
[2.810s] INFO:colcon.colcon_core.shell:Creating package script '/home/ros/ros2_ws/src/install/naoqi_interface/share/naoqi_interface/package.ps1'
[2.810s] INFO:colcon.colcon_core.shell:Creating package descriptor '/home/ros/ros2_ws/src/install/naoqi_interface/share/naoqi_interface/package.dsv'
[2.810s] INFO:colcon.colcon_core.shell:Creating package script '/home/ros/ros2_ws/src/install/naoqi_interface/share/naoqi_interface/package.sh'
[2.811s] INFO:colcon.colcon_core.shell:Creating package script '/home/ros/ros2_ws/src/install/naoqi_interface/share/naoqi_interface/package.bash'
[2.811s] INFO:colcon.colcon_core.shell:Creating package script '/home/ros/ros2_ws/src/install/naoqi_interface/share/naoqi_interface/package.zsh'
[2.812s] Level 1:colcon.colcon_core.environment:create_file_with_runtime_dependencies(/home/ros/ros2_ws/src/install/naoqi_interface/share/colcon-core/packages/naoqi_interface)
[3.005s] DEBUG:colcon.colcon_core.event_handler.log_command:Invoking command in '/home/ros/ros2_ws/src/build/naoqi_bridge_msgs': CMAKE_PREFIX_PATH=${CMAKE_PREFIX_PATH}:/home/ros/ros2_ws/install/speech:/home/ros/ros2_ws/install/naoqi_interface:/home/ros/ros2_ws/install/my_robot_controller:/home/ros/ros2_ws/install/movement:/opt/ros/humble /usr/bin/cmake --install /home/ros/ros2_ws/src/build/naoqi_bridge_msgs
[3.166s] Level 1:colcon.colcon_core.environment:create_environment_scripts_only(naoqi_bridge_msgs)
[3.167s] Level 1:colcon.colcon_core.environment:checking '/home/ros/ros2_ws/src/install/naoqi_bridge_msgs' for CMake module files
[3.167s] DEBUG:colcon.colcon_core.event_handler.log_command:Invoked command in '/home/ros/ros2_ws/src/build/naoqi_bridge_msgs' returned '0': CMAKE_PREFIX_PATH=${CMAKE_PREFIX_PATH}:/home/ros/ros2_ws/install/speech:/home/ros/ros2_ws/install/naoqi_interface:/home/ros/ros2_ws/install/my_robot_controller:/home/ros/ros2_ws/install/movement:/opt/ros/humble /usr/bin/cmake --install /home/ros/ros2_ws/src/build/naoqi_bridge_msgs
[3.168s] Level 1:colcon.colcon_core.environment:checking '/home/ros/ros2_ws/src/install/naoqi_bridge_msgs' for CMake config files
[3.170s] Level 1:colcon.colcon_core.shell:create_environment_hook('naoqi_bridge_msgs', 'cmake_prefix_path')
[3.170s] INFO:colcon.colcon_core.shell:Creating environment hook '/home/ros/ros2_ws/src/install/naoqi_bridge_msgs/share/naoqi_bridge_msgs/hook/cmake_prefix_path.ps1'
[3.171s] INFO:colcon.colcon_core.shell:Creating environment descriptor '/home/ros/ros2_ws/src/install/naoqi_bridge_msgs/share/naoqi_bridge_msgs/hook/cmake_prefix_path.dsv'
[3.171s] INFO:colcon.colcon_core.shell:Creating environment hook '/home/ros/ros2_ws/src/install/naoqi_bridge_msgs/share/naoqi_bridge_msgs/hook/cmake_prefix_path.sh'
[3.172s] Level 1:colcon.colcon_core.environment:checking '/home/ros/ros2_ws/src/install/naoqi_bridge_msgs/lib'
[3.172s] Level 1:colcon.colcon_core.shell:create_environment_hook('naoqi_bridge_msgs', 'ld_library_path_lib')
[3.172s] INFO:colcon.colcon_core.shell:Creating environment hook '/home/ros/ros2_ws/src/install/naoqi_bridge_msgs/share/naoqi_bridge_msgs/hook/ld_library_path_lib.ps1'
[3.173s] INFO:colcon.colcon_core.shell:Creating environment descriptor '/home/ros/ros2_ws/src/install/naoqi_bridge_msgs/share/naoqi_bridge_msgs/hook/ld_library_path_lib.dsv'
[3.173s] INFO:colcon.colcon_core.shell:Creating environment hook '/home/ros/ros2_ws/src/install/naoqi_bridge_msgs/share/naoqi_bridge_msgs/hook/ld_library_path_lib.sh'
[3.173s] Level 1:colcon.colcon_core.environment:checking '/home/ros/ros2_ws/src/install/naoqi_bridge_msgs/bin'
[3.173s] Level 1:colcon.colcon_core.environment:checking '/home/ros/ros2_ws/src/install/naoqi_bridge_msgs/lib/pkgconfig/naoqi_bridge_msgs.pc'
[3.174s] Level 1:colcon.colcon_core.environment:checking '/home/ros/ros2_ws/src/install/naoqi_bridge_msgs/lib/python3.10/site-packages'
[3.174s] Level 1:colcon.colcon_core.environment:checking '/home/ros/ros2_ws/src/install/naoqi_bridge_msgs/bin'
[3.174s] INFO:colcon.colcon_core.shell:Creating package script '/home/ros/ros2_ws/src/install/naoqi_bridge_msgs/share/naoqi_bridge_msgs/package.ps1'
[3.175s] INFO:colcon.colcon_core.shell:Creating package descriptor '/home/ros/ros2_ws/src/install/naoqi_bridge_msgs/share/naoqi_bridge_msgs/package.dsv'
[3.175s] INFO:colcon.colcon_core.shell:Creating package script '/home/ros/ros2_ws/src/install/naoqi_bridge_msgs/share/naoqi_bridge_msgs/package.sh'
[3.176s] INFO:colcon.colcon_core.shell:Creating package script '/home/ros/ros2_ws/src/install/naoqi_bridge_msgs/share/naoqi_bridge_msgs/package.bash'
[3.176s] INFO:colcon.colcon_core.shell:Creating package script '/home/ros/ros2_ws/src/install/naoqi_bridge_msgs/share/naoqi_bridge_msgs/package.zsh'
[3.176s] Level 1:colcon.colcon_core.environment:create_file_with_runtime_dependencies(/home/ros/ros2_ws/src/install/naoqi_bridge_msgs/share/colcon-core/packages/naoqi_bridge_msgs)
[5.405s] Level 1:colcon.colcon_core.environment:create_environment_scripts_only(naoqi_bridge_msgs)
[5.406s] Level 1:colcon.colcon_core.environment:checking '/home/ros/ros2_ws/src/install/naoqi_bridge_msgs' for CMake module files
[5.407s] Level 1:colcon.colcon_core.environment:checking '/home/ros/ros2_ws/src/install/naoqi_bridge_msgs' for CMake config files
[5.410s] Level 1:colcon.colcon_core.shell:create_environment_hook('naoqi_bridge_msgs', 'cmake_prefix_path')
[5.410s] INFO:colcon.colcon_core.shell:Creating environment hook '/home/ros/ros2_ws/src/install/naoqi_bridge_msgs/share/naoqi_bridge_msgs/hook/cmake_prefix_path.ps1'
[5.412s] INFO:colcon.colcon_core.shell:Creating environment descriptor '/home/ros/ros2_ws/src/install/naoqi_bridge_msgs/share/naoqi_bridge_msgs/hook/cmake_prefix_path.dsv'
[5.412s] INFO:colcon.colcon_core.shell:Creating environment hook '/home/ros/ros2_ws/src/install/naoqi_bridge_msgs/share/naoqi_bridge_msgs/hook/cmake_prefix_path.sh'
[5.414s] Level 1:colcon.colcon_core.environment:checking '/home/ros/ros2_ws/src/install/naoqi_bridge_msgs/lib'
[5.414s] Level 1:colcon.colcon_core.shell:create_environment_hook('naoqi_bridge_msgs', 'ld_library_path_lib')
[5.415s] INFO:colcon.colcon_core.shell:Creating environment hook '/home/ros/ros2_ws/src/install/naoqi_bridge_msgs/share/naoqi_bridge_msgs/hook/ld_library_path_lib.ps1'
[5.416s] INFO:colcon.colcon_core.shell:Creating environment descriptor '/home/ros/ros2_ws/src/install/naoqi_bridge_msgs/share/naoqi_bridge_msgs/hook/ld_library_path_lib.dsv'
[5.416s] INFO:colcon.colcon_core.shell:Creating environment hook '/home/ros/ros2_ws/src/install/naoqi_bridge_msgs/share/naoqi_bridge_msgs/hook/ld_library_path_lib.sh'
[5.418s] Level 1:colcon.colcon_core.environment:checking '/home/ros/ros2_ws/src/install/naoqi_bridge_msgs/bin'
[5.418s] Level 1:colcon.colcon_core.environment:checking '/home/ros/ros2_ws/src/install/naoqi_bridge_msgs/lib/pkgconfig/naoqi_bridge_msgs.pc'
[5.418s] Level 1:colcon.colcon_core.environment:checking '/home/ros/ros2_ws/src/install/naoqi_bridge_msgs/lib/python3.10/site-packages'
[5.419s] Level 1:colcon.colcon_core.environment:checking '/home/ros/ros2_ws/src/install/naoqi_bridge_msgs/bin'
[5.420s] INFO:colcon.colcon_core.shell:Creating package script '/home/ros/ros2_ws/src/install/naoqi_bridge_msgs/share/naoqi_bridge_msgs/package.ps1'
[5.421s] INFO:colcon.colcon_core.shell:Creating package descriptor '/home/ros/ros2_ws/src/install/naoqi_bridge_msgs/share/naoqi_bridge_msgs/package.dsv'
[5.422s] INFO:colcon.colcon_core.shell:Creating package script '/home/ros/ros2_ws/src/install/naoqi_bridge_msgs/share/naoqi_bridge_msgs/package.sh'
[5.423s] INFO:colcon.colcon_core.shell:Creating package script '/home/ros/ros2_ws/src/install/naoqi_bridge_msgs/share/naoqi_bridge_msgs/package.bash'
[5.424s] INFO:colcon.colcon_core.shell:Creating package script '/home/ros/ros2_ws/src/install/naoqi_bridge_msgs/share/naoqi_bridge_msgs/package.zsh'
[5.425s] Level 1:colcon.colcon_core.environment:create_file_with_runtime_dependencies(/home/ros/ros2_ws/src/install/naoqi_bridge_msgs/share/colcon-core/packages/naoqi_bridge_msgs)
[5.426s] INFO:colcon.colcon_ros.task.ament_cmake.build:Building ROS package in '/home/ros/ros2_ws/src/naoqi_driver2' with build type 'ament_cmake'
[5.426s] INFO:colcon.colcon_cmake.task.cmake.build:Building CMake package in '/home/ros/ros2_ws/src/naoqi_driver2'
[5.426s] INFO:colcon.colcon_core.shell:Skip shell extension 'powershell' for command environment: Not usable outside of PowerShell
[5.426s] DEBUG:colcon.colcon_core.shell:Skip shell extension 'dsv' for command environment
[5.451s] DEBUG:colcon.colcon_core.event_handler.log_command:Invoking command in '/home/ros/ros2_ws/src/build/naoqi_driver': AMENT_PREFIX_PATH=/home/ros/ros2_ws/src/install/naoqi_libqicore:/home/ros/ros2_ws/src/install/naoqi_libqi:/home/ros/ros2_ws/src/install/naoqi_bridge_msgs:${AMENT_PREFIX_PATH} CMAKE_PREFIX_PATH=/home/ros/ros2_ws/src/install/naoqi_libqicore:/home/ros/ros2_ws/src/install/naoqi_libqi:/home/ros/ros2_ws/src/install/naoqi_bridge_msgs:/home/ros/ros2_ws/install/naoqi_driver:/home/ros/ros2_ws/install/naoqi_libqicore:/home/ros/ros2_ws/install/naoqi_libqi:/home/ros/ros2_ws/install/naoqi_bridge_msgs:/home/ros/ros2_ws/install/speech:/home/ros/ros2_ws/install/naoqi_interface:/home/ros/ros2_ws/install/my_robot_controller:/home/ros/ros2_ws/install/movement:/opt/ros/humble LD_LIBRARY_PATH=/home/ros/ros2_ws/src/install/naoqi_libqicore/lib:/home/ros/ros2_ws/src/install/naoqi_libqi/lib:/home/ros/ros2_ws/src/install/naoqi_bridge_msgs/lib:${LD_LIBRARY_PATH} PYTHONPATH=/home/ros/ros2_ws/src/install/naoqi_bridge_msgs/local/lib/python3.10/dist-packages:${PYTHONPATH} /usr/bin/cmake --build /home/ros/ros2_ws/src/build/naoqi_driver -- -j12 -l12
[5.724s] DEBUG:colcon.colcon_core.event_handler.log_command:Invoked command in '/home/ros/ros2_ws/src/build/naoqi_driver' returned '0': AMENT_PREFIX_PATH=/home/ros/ros2_ws/src/install/naoqi_libqicore:/home/ros/ros2_ws/src/install/naoqi_libqi:/home/ros/ros2_ws/src/install/naoqi_bridge_msgs:${AMENT_PREFIX_PATH} CMAKE_PREFIX_PATH=/home/ros/ros2_ws/src/install/naoqi_libqicore:/home/ros/ros2_ws/src/install/naoqi_libqi:/home/ros/ros2_ws/src/install/naoqi_bridge_msgs:/home/ros/ros2_ws/install/naoqi_driver:/home/ros/ros2_ws/install/naoqi_libqicore:/home/ros/ros2_ws/install/naoqi_libqi:/home/ros/ros2_ws/install/naoqi_bridge_msgs:/home/ros/ros2_ws/install/speech:/home/ros/ros2_ws/install/naoqi_interface:/home/ros/ros2_ws/install/my_robot_controller:/home/ros/ros2_ws/install/movement:/opt/ros/humble LD_LIBRARY_PATH=/home/ros/ros2_ws/src/install/naoqi_libqicore/lib:/home/ros/ros2_ws/src/install/naoqi_libqi/lib:/home/ros/ros2_ws/src/install/naoqi_bridge_msgs/lib:${LD_LIBRARY_PATH} PYTHONPATH=/home/ros/ros2_ws/src/install/naoqi_bridge_msgs/local/lib/python3.10/dist-packages:${PYTHONPATH} /usr/bin/cmake --build /home/ros/ros2_ws/src/build/naoqi_driver -- -j12 -l12
[5.937s] DEBUG:colcon.colcon_core.event_handler.log_command:Invoking command in '/home/ros/ros2_ws/src/build/naoqi_driver': AMENT_PREFIX_PATH=/home/ros/ros2_ws/src/install/naoqi_libqicore:/home/ros/ros2_ws/src/install/naoqi_libqi:/home/ros/ros2_ws/src/install/naoqi_bridge_msgs:${AMENT_PREFIX_PATH} CMAKE_PREFIX_PATH=/home/ros/ros2_ws/src/install/naoqi_libqicore:/home/ros/ros2_ws/src/install/naoqi_libqi:/home/ros/ros2_ws/src/install/naoqi_bridge_msgs:/home/ros/ros2_ws/install/naoqi_driver:/home/ros/ros2_ws/install/naoqi_libqicore:/home/ros/ros2_ws/install/naoqi_libqi:/home/ros/ros2_ws/install/naoqi_bridge_msgs:/home/ros/ros2_ws/install/speech:/home/ros/ros2_ws/install/naoqi_interface:/home/ros/ros2_ws/install/my_robot_controller:/home/ros/ros2_ws/install/movement:/opt/ros/humble LD_LIBRARY_PATH=/home/ros/ros2_ws/src/install/naoqi_libqicore/lib:/home/ros/ros2_ws/src/install/naoqi_libqi/lib:/home/ros/ros2_ws/src/install/naoqi_bridge_msgs/lib:${LD_LIBRARY_PATH} PYTHONPATH=/home/ros/ros2_ws/src/install/naoqi_bridge_msgs/local/lib/python3.10/dist-packages:${PYTHONPATH} /usr/bin/cmake --install /home/ros/ros2_ws/src/build/naoqi_driver
[5.963s] Level 1:colcon.colcon_core.environment:create_environment_scripts_only(naoqi_driver)
[5.964s] DEBUG:colcon.colcon_core.event_handler.log_command:Invoked command in '/home/ros/ros2_ws/src/build/naoqi_driver' returned '0': AMENT_PREFIX_PATH=/home/ros/ros2_ws/src/install/naoqi_libqicore:/home/ros/ros2_ws/src/install/naoqi_libqi:/home/ros/ros2_ws/src/install/naoqi_bridge_msgs:${AMENT_PREFIX_PATH} CMAKE_PREFIX_PATH=/home/ros/ros2_ws/src/install/naoqi_libqicore:/home/ros/ros2_ws/src/install/naoqi_libqi:/home/ros/ros2_ws/src/install/naoqi_bridge_msgs:/home/ros/ros2_ws/install/naoqi_driver:/home/ros/ros2_ws/install/naoqi_libqicore:/home/ros/ros2_ws/install/naoqi_libqi:/home/ros/ros2_ws/install/naoqi_bridge_msgs:/home/ros/ros2_ws/install/speech:/home/ros/ros2_ws/install/naoqi_interface:/home/ros/ros2_ws/install/my_robot_controller:/home/ros/ros2_ws/install/movement:/opt/ros/humble LD_LIBRARY_PATH=/home/ros/ros2_ws/src/install/naoqi_libqicore/lib:/home/ros/ros2_ws/src/install/naoqi_libqi/lib:/home/ros/ros2_ws/src/install/naoqi_bridge_msgs/lib:${LD_LIBRARY_PATH} PYTHONPATH=/home/ros/ros2_ws/src/install/naoqi_bridge_msgs/local/lib/python3.10/dist-packages:${PYTHONPATH} /usr/bin/cmake --install /home/ros/ros2_ws/src/build/naoqi_driver
[5.965s] Level 1:colcon.colcon_core.environment:checking '/home/ros/ros2_ws/src/install/naoqi_driver' for CMake module files
[5.966s] Level 1:colcon.colcon_core.environment:checking '/home/ros/ros2_ws/src/install/naoqi_driver' for CMake config files
[5.967s] Level 1:colcon.colcon_core.shell:create_environment_hook('naoqi_driver', 'cmake_prefix_path')
[5.968s] INFO:colcon.colcon_core.shell:Creating environment hook '/home/ros/ros2_ws/src/install/naoqi_driver/share/naoqi_driver/hook/cmake_prefix_path.ps1'
[5.969s] INFO:colcon.colcon_core.shell:Creating environment descriptor '/home/ros/ros2_ws/src/install/naoqi_driver/share/naoqi_driver/hook/cmake_prefix_path.dsv'
[5.969s] INFO:colcon.colcon_core.shell:Creating environment hook '/home/ros/ros2_ws/src/install/naoqi_driver/share/naoqi_driver/hook/cmake_prefix_path.sh'
[5.970s] Level 1:colcon.colcon_core.environment:checking '/home/ros/ros2_ws/src/install/naoqi_driver/lib'
[5.970s] Level 1:colcon.colcon_core.shell:create_environment_hook('naoqi_driver', 'ld_library_path_lib')
[5.971s] INFO:colcon.colcon_core.shell:Creating environment hook '/home/ros/ros2_ws/src/install/naoqi_driver/share/naoqi_driver/hook/ld_library_path_lib.ps1'
[5.971s] INFO:colcon.colcon_core.shell:Creating environment descriptor '/home/ros/ros2_ws/src/install/naoqi_driver/share/naoqi_driver/hook/ld_library_path_lib.dsv'
[5.972s] INFO:colcon.colcon_core.shell:Creating environment hook '/home/ros/ros2_ws/src/install/naoqi_driver/share/naoqi_driver/hook/ld_library_path_lib.sh'
[5.973s] Level 1:colcon.colcon_core.environment:checking '/home/ros/ros2_ws/src/install/naoqi_driver/bin'
[5.973s] Level 1:colcon.colcon_core.environment:checking '/home/ros/ros2_ws/src/install/naoqi_driver/lib/pkgconfig/naoqi_driver.pc'
[5.973s] Level 1:colcon.colcon_core.environment:checking '/home/ros/ros2_ws/src/install/naoqi_driver/lib/python3.10/site-packages'
[5.974s] Level 1:colcon.colcon_core.environment:checking '/home/ros/ros2_ws/src/install/naoqi_driver/bin'
[5.974s] INFO:colcon.colcon_core.shell:Creating package script '/home/ros/ros2_ws/src/install/naoqi_driver/share/naoqi_driver/package.ps1'
[5.975s] INFO:colcon.colcon_core.shell:Creating package descriptor '/home/ros/ros2_ws/src/install/naoqi_driver/share/naoqi_driver/package.dsv'
[5.976s] INFO:colcon.colcon_core.shell:Creating package script '/home/ros/ros2_ws/src/install/naoqi_driver/share/naoqi_driver/package.sh'
[5.977s] INFO:colcon.colcon_core.shell:Creating package script '/home/ros/ros2_ws/src/install/naoqi_driver/share/naoqi_driver/package.bash'
[5.977s] INFO:colcon.colcon_core.shell:Creating package script '/home/ros/ros2_ws/src/install/naoqi_driver/share/naoqi_driver/package.zsh'
[5.978s] Level 1:colcon.colcon_core.environment:create_file_with_runtime_dependencies(/home/ros/ros2_ws/src/install/naoqi_driver/share/colcon-core/packages/naoqi_driver)
[6.316s] Level 1:colcon.colcon_core.environment:create_environment_scripts_only(naoqi_driver)
[6.317s] Level 1:colcon.colcon_core.environment:checking '/home/ros/ros2_ws/src/install/naoqi_driver' for CMake module files
[6.318s] Level 1:colcon.colcon_core.environment:checking '/home/ros/ros2_ws/src/install/naoqi_driver' for CMake config files
[6.319s] Level 1:colcon.colcon_core.shell:create_environment_hook('naoqi_driver', 'cmake_prefix_path')
[6.319s] INFO:colcon.colcon_core.shell:Creating environment hook '/home/ros/ros2_ws/src/install/naoqi_driver/share/naoqi_driver/hook/cmake_prefix_path.ps1'
[6.321s] INFO:colcon.colcon_core.shell:Creating environment descriptor '/home/ros/ros2_ws/src/install/naoqi_driver/share/naoqi_driver/hook/cmake_prefix_path.dsv'
[6.321s] INFO:colcon.colcon_core.shell:Creating environment hook '/home/ros/ros2_ws/src/install/naoqi_driver/share/naoqi_driver/hook/cmake_prefix_path.sh'
[6.323s] Level 1:colcon.colcon_core.environment:checking '/home/ros/ros2_ws/src/install/naoqi_driver/lib'
[6.323s] Level 1:colcon.colcon_core.shell:create_environment_hook('naoqi_driver', 'ld_library_path_lib')
[6.323s] INFO:colcon.colcon_core.shell:Creating environment hook '/home/ros/ros2_ws/src/install/naoqi_driver/share/naoqi_driver/hook/ld_library_path_lib.ps1'
[6.324s] INFO:colcon.colcon_core.shell:Creating environment descriptor '/home/ros/ros2_ws/src/install/naoqi_driver/share/naoqi_driver/hook/ld_library_path_lib.dsv'
[6.325s] INFO:colcon.colcon_core.shell:Creating environment hook '/home/ros/ros2_ws/src/install/naoqi_driver/share/naoqi_driver/hook/ld_library_path_lib.sh'
[6.326s] Level 1:colcon.colcon_core.environment:checking '/home/ros/ros2_ws/src/install/naoqi_driver/bin'
[6.326s] Level 1:colcon.colcon_core.environment:checking '/home/ros/ros2_ws/src/install/naoqi_driver/lib/pkgconfig/naoqi_driver.pc'
[6.327s] Level 1:colcon.colcon_core.environment:checking '/home/ros/ros2_ws/src/install/naoqi_driver/lib/python3.10/site-packages'
[6.327s] Level 1:colcon.colcon_core.environment:checking '/home/ros/ros2_ws/src/install/naoqi_driver/bin'
[6.328s] INFO:colcon.colcon_core.shell:Creating package script '/home/ros/ros2_ws/src/install/naoqi_driver/share/naoqi_driver/package.ps1'
[6.329s] INFO:colcon.colcon_core.shell:Creating package descriptor '/home/ros/ros2_ws/src/install/naoqi_driver/share/naoqi_driver/package.dsv'
[6.330s] INFO:colcon.colcon_core.shell:Creating package script '/home/ros/ros2_ws/src/install/naoqi_driver/share/naoqi_driver/package.sh'
[6.330s] INFO:colcon.colcon_core.shell:Creating package script '/home/ros/ros2_ws/src/install/naoqi_driver/share/naoqi_driver/package.bash'
[6.331s] INFO:colcon.colcon_core.shell:Creating package script '/home/ros/ros2_ws/src/install/naoqi_driver/share/naoqi_driver/package.zsh'
[6.332s] Level 1:colcon.colcon_core.environment:create_file_with_runtime_dependencies(/home/ros/ros2_ws/src/install/naoqi_driver/share/colcon-core/packages/naoqi_driver)
[6.332s] DEBUG:colcon.colcon_parallel_executor.executor.parallel:closing loop
[6.333s] DEBUG:colcon.colcon_parallel_executor.executor.parallel:loop closed
[6.333s] DEBUG:colcon.colcon_parallel_executor.executor.parallel:run_until_complete finished with '0'
[6.333s] DEBUG:colcon.colcon_core.event_reactor:joining thread
[6.341s] INFO:colcon.colcon_core.plugin_system:Skipping extension 'colcon_notification.desktop_notification.terminal_notifier': Not used on non-Darwin systems
[6.341s] INFO:colcon.colcon_core.plugin_system:Skipping extension 'colcon_notification.desktop_notification.win32': Not used on non-Windows systems
[6.341s] INFO:colcon.colcon_notification.desktop_notification:Sending desktop notification using 'notify2'
[6.355s] DEBUG:colcon.colcon_core.event_reactor:joined thread
[6.355s] INFO:colcon.colcon_core.shell:Creating prefix script '/home/ros/ros2_ws/src/install/local_setup.ps1'
[6.356s] INFO:colcon.colcon_core.shell:Creating prefix util module '/home/ros/ros2_ws/src/install/_local_setup_util_ps1.py'
[6.358s] INFO:colcon.colcon_core.shell:Creating prefix chain script '/home/ros/ros2_ws/src/install/setup.ps1'
[6.359s] INFO:colcon.colcon_core.shell:Creating prefix script '/home/ros/ros2_ws/src/install/local_setup.sh'
[6.359s] INFO:colcon.colcon_core.shell:Creating prefix util module '/home/ros/ros2_ws/src/install/_local_setup_util_sh.py'
[6.360s] INFO:colcon.colcon_core.shell:Creating prefix chain script '/home/ros/ros2_ws/src/install/setup.sh'
[6.362s] INFO:colcon.colcon_core.shell:Creating prefix script '/home/ros/ros2_ws/src/install/local_setup.bash'
[6.363s] INFO:colcon.colcon_core.shell:Creating prefix chain script '/home/ros/ros2_ws/src/install/setup.bash'
[6.365s] INFO:colcon.colcon_core.shell:Creating prefix script '/home/ros/ros2_ws/src/install/local_setup.zsh'
[6.366s] INFO:colcon.colcon_core.shell:Creating prefix chain script '/home/ros/ros2_ws/src/install/setup.zsh'
