[1.591s] Invoking command in '/home/rosario/ros2_ws/src/my_robot_controller': PYTHONPATH=/home/rosario/ros2_ws/src/build/my_robot_controller/prefix_override:/usr/lib/python3/dist-packages/colcon_core/task/python/colcon_distutils_commands:/home/rosario/ros2_ws/src/install/my_robot_controller/lib/python3.10/site-packages:${PYTHONPATH} /usr/bin/python3 -W ignore:setup.py install is deprecated setup.py egg_info --egg-base ../build/my_robot_controller build --build-base /home/rosario/ros2_ws/src/build/my_robot_controller/build install --record /home/rosario/ros2_ws/src/build/my_robot_controller/install.log --single-version-externally-managed install_data
[2.044s] running egg_info
[2.045s] creating ../build/my_robot_controller/my_robot_controller.egg-info
[2.046s] writing ../build/my_robot_controller/my_robot_controller.egg-info/PKG-INFO
[2.046s] writing dependency_links to ../build/my_robot_controller/my_robot_controller.egg-info/dependency_links.txt
[2.046s] writing entry points to ../build/my_robot_controller/my_robot_controller.egg-info/entry_points.txt
[2.047s] writing requirements to ../build/my_robot_controller/my_robot_controller.egg-info/requires.txt
[2.047s] writing top-level names to ../build/my_robot_controller/my_robot_controller.egg-info/top_level.txt
[2.047s] writing manifest file '../build/my_robot_controller/my_robot_controller.egg-info/SOURCES.txt'
[2.051s] reading manifest file '../build/my_robot_controller/my_robot_controller.egg-info/SOURCES.txt'
[2.052s] writing manifest file '../build/my_robot_controller/my_robot_controller.egg-info/SOURCES.txt'
[2.052s] running build
[2.053s] running build_py
[2.053s] creating /home/rosario/ros2_ws/src/build/my_robot_controller/build
[2.053s] creating /home/rosario/ros2_ws/src/build/my_robot_controller/build/lib
[2.054s] creating /home/rosario/ros2_ws/src/build/my_robot_controller/build/lib/my_robot_controller
[2.055s] copying my_robot_controller/patient_data_controller2.py -> /home/rosario/ros2_ws/src/build/my_robot_controller/build/lib/my_robot_controller
[2.055s] copying my_robot_controller/nao_controller.py -> /home/rosario/ros2_ws/src/build/my_robot_controller/build/lib/my_robot_controller
[2.056s] copying my_robot_controller/sensor.py -> /home/rosario/ros2_ws/src/build/my_robot_controller/build/lib/my_robot_controller
[2.056s] copying my_robot_controller/new.py -> /home/rosario/ros2_ws/src/build/my_robot_controller/build/lib/my_robot_controller
[2.056s] copying my_robot_controller/pose.py -> /home/rosario/ros2_ws/src/build/my_robot_controller/build/lib/my_robot_controller
[2.057s] copying my_robot_controller/__init__.py -> /home/rosario/ros2_ws/src/build/my_robot_controller/build/lib/my_robot_controller
[2.057s] copying my_robot_controller/patient_data_controller.py -> /home/rosario/ros2_ws/src/build/my_robot_controller/build/lib/my_robot_controller
[2.057s] running install
[2.058s] running install_lib
[2.062s] creating /home/rosario/ros2_ws/src/install/my_robot_controller/lib/python3.10/site-packages/my_robot_controller
[2.064s] copying /home/rosario/ros2_ws/src/build/my_robot_controller/build/lib/my_robot_controller/patient_data_controller2.py -> /home/rosario/ros2_ws/src/install/my_robot_controller/lib/python3.10/site-packages/my_robot_controller
[2.065s] copying /home/rosario/ros2_ws/src/build/my_robot_controller/build/lib/my_robot_controller/nao_controller.py -> /home/rosario/ros2_ws/src/install/my_robot_controller/lib/python3.10/site-packages/my_robot_controller
[2.066s] copying /home/rosario/ros2_ws/src/build/my_robot_controller/build/lib/my_robot_controller/sensor.py -> /home/rosario/ros2_ws/src/install/my_robot_controller/lib/python3.10/site-packages/my_robot_controller
[2.068s] copying /home/rosario/ros2_ws/src/build/my_robot_controller/build/lib/my_robot_controller/new.py -> /home/rosario/ros2_ws/src/install/my_robot_controller/lib/python3.10/site-packages/my_robot_controller
[2.070s] copying /home/rosario/ros2_ws/src/build/my_robot_controller/build/lib/my_robot_controller/pose.py -> /home/rosario/ros2_ws/src/install/my_robot_controller/lib/python3.10/site-packages/my_robot_controller
[2.072s] copying /home/rosario/ros2_ws/src/build/my_robot_controller/build/lib/my_robot_controller/__init__.py -> /home/rosario/ros2_ws/src/install/my_robot_controller/lib/python3.10/site-packages/my_robot_controller
[2.074s] copying /home/rosario/ros2_ws/src/build/my_robot_controller/build/lib/my_robot_controller/patient_data_controller.py -> /home/rosario/ros2_ws/src/install/my_robot_controller/lib/python3.10/site-packages/my_robot_controller
[2.077s] byte-compiling /home/rosario/ros2_ws/src/install/my_robot_controller/lib/python3.10/site-packages/my_robot_controller/patient_data_controller2.py to patient_data_controller2.cpython-310.pyc
[2.080s] byte-compiling /home/rosario/ros2_ws/src/install/my_robot_controller/lib/python3.10/site-packages/my_robot_controller/nao_controller.py to nao_controller.cpython-310.pyc
[2.082s] byte-compiling /home/rosario/ros2_ws/src/install/my_robot_controller/lib/python3.10/site-packages/my_robot_controller/sensor.py to sensor.cpython-310.pyc
[2.083s] byte-compiling /home/rosario/ros2_ws/src/install/my_robot_controller/lib/python3.10/site-packages/my_robot_controller/new.py to new.cpython-310.pyc
[2.084s] byte-compiling /home/rosario/ros2_ws/src/install/my_robot_controller/lib/python3.10/site-packages/my_robot_controller/pose.py to pose.cpython-310.pyc
[2.085s] byte-compiling /home/rosario/ros2_ws/src/install/my_robot_controller/lib/python3.10/site-packages/my_robot_controller/__init__.py to __init__.cpython-310.pyc
[2.086s] byte-compiling /home/rosario/ros2_ws/src/install/my_robot_controller/lib/python3.10/site-packages/my_robot_controller/patient_data_controller.py to patient_data_controller.cpython-310.pyc
[2.087s] running install_data
[2.088s] creating /home/rosario/ros2_ws/src/install/my_robot_controller/share/ament_index
[2.088s] creating /home/rosario/ros2_ws/src/install/my_robot_controller/share/ament_index/resource_index
[2.089s] creating /home/rosario/ros2_ws/src/install/my_robot_controller/share/ament_index/resource_index/packages
[2.090s] copying resource/my_robot_controller -> /home/rosario/ros2_ws/src/install/my_robot_controller/share/ament_index/resource_index/packages
[2.090s] copying package.xml -> /home/rosario/ros2_ws/src/install/my_robot_controller/share/my_robot_controller
[2.091s] running install_egg_info
[2.095s] Copying ../build/my_robot_controller/my_robot_controller.egg-info to /home/rosario/ros2_ws/src/install/my_robot_controller/lib/python3.10/site-packages/my_robot_controller-0.0.0-py3.10.egg-info
[2.098s] running install_scripts
[2.152s] Installing nao_controller script to /home/rosario/ros2_ws/src/install/my_robot_controller/lib/my_robot_controller
[2.154s] Installing new script to /home/rosario/ros2_ws/src/install/my_robot_controller/lib/my_robot_controller
[2.155s] Installing patient_data_controller script to /home/rosario/ros2_ws/src/install/my_robot_controller/lib/my_robot_controller
[2.155s] Installing patient_data_controller2 script to /home/rosario/ros2_ws/src/install/my_robot_controller/lib/my_robot_controller
[2.156s] Installing sensor script to /home/rosario/ros2_ws/src/install/my_robot_controller/lib/my_robot_controller
[2.157s] writing list of installed files to '/home/rosario/ros2_ws/src/build/my_robot_controller/install.log'
[2.287s] Invoked command in '/home/rosario/ros2_ws/src/my_robot_controller' returned '0': PYTHONPATH=/home/rosario/ros2_ws/src/build/my_robot_controller/prefix_override:/usr/lib/python3/dist-packages/colcon_core/task/python/colcon_distutils_commands:/home/rosario/ros2_ws/src/install/my_robot_controller/lib/python3.10/site-packages:${PYTHONPATH} /usr/bin/python3 -W ignore:setup.py install is deprecated setup.py egg_info --egg-base ../build/my_robot_controller build --build-base /home/rosario/ros2_ws/src/build/my_robot_controller/build install --record /home/rosario/ros2_ws/src/build/my_robot_controller/install.log --single-version-externally-managed install_data
