running egg_info
creating ../build/qi_unipa/qi_unipa.egg-info
writing ../build/qi_unipa/qi_unipa.egg-info/PKG-INFO
writing dependency_links to ../build/qi_unipa/qi_unipa.egg-info/dependency_links.txt
writing entry points to ../build/qi_unipa/qi_unipa.egg-info/entry_points.txt
writing requirements to ../build/qi_unipa/qi_unipa.egg-info/requires.txt
writing top-level names to ../build/qi_unipa/qi_unipa.egg-info/top_level.txt
writing manifest file '../build/qi_unipa/qi_unipa.egg-info/SOURCES.txt'
reading manifest file '../build/qi_unipa/qi_unipa.egg-info/SOURCES.txt'
writing manifest file '../build/qi_unipa/qi_unipa.egg-info/SOURCES.txt'
running build
running build_py
creating /home/ros/ros2_ws/src/build/qi_unipa/build
creating /home/ros/ros2_ws/src/build/qi_unipa/build/lib
creating /home/ros/ros2_ws/src/build/qi_unipa/build/lib/qi_unipa
copying qi_unipa/qi_unipa.py -> /home/ros/ros2_ws/src/build/qi_unipa/build/lib/qi_unipa
copying qi_unipa/__init__.py -> /home/ros/ros2_ws/src/build/qi_unipa/build/lib/qi_unipa
running install
running install_lib
creating /home/ros/ros2_ws/src/install/qi_unipa/lib/python3.10/site-packages/qi_unipa
copying /home/ros/ros2_ws/src/build/qi_unipa/build/lib/qi_unipa/qi_unipa.py -> /home/ros/ros2_ws/src/install/qi_unipa/lib/python3.10/site-packages/qi_unipa
copying /home/ros/ros2_ws/src/build/qi_unipa/build/lib/qi_unipa/__init__.py -> /home/ros/ros2_ws/src/install/qi_unipa/lib/python3.10/site-packages/qi_unipa
byte-compiling /home/ros/ros2_ws/src/install/qi_unipa/lib/python3.10/site-packages/qi_unipa/qi_unipa.py to qi_unipa.cpython-310.pyc
byte-compiling /home/ros/ros2_ws/src/install/qi_unipa/lib/python3.10/site-packages/qi_unipa/__init__.py to __init__.cpython-310.pyc
running install_data
creating /home/ros/ros2_ws/src/install/qi_unipa/share/ament_index
creating /home/ros/ros2_ws/src/install/qi_unipa/share/ament_index/resource_index
creating /home/ros/ros2_ws/src/install/qi_unipa/share/ament_index/resource_index/packages
copying resource/qi_unipa -> /home/ros/ros2_ws/src/install/qi_unipa/share/ament_index/resource_index/packages
copying package.xml -> /home/ros/ros2_ws/src/install/qi_unipa/share/qi_unipa
running install_egg_info
Copying ../build/qi_unipa/qi_unipa.egg-info to /home/ros/ros2_ws/src/install/qi_unipa/lib/python3.10/site-packages/qi_unipa-0.0.0-py3.10.egg-info
running install_scripts
writing list of installed files to '/home/ros/ros2_ws/src/build/qi_unipa/install.log'
