[1.985s] Invoking command in '/home/ros/ros2_ws/src/qi_unipa': PYTHONPATH=/home/ros/ros2_ws/src/build/qi_unipa/prefix_override:/usr/lib/python3/dist-packages/colcon_core/task/python/colcon_distutils_commands:/home/ros/ros2_ws/src/install/qi_unipa/lib/python3.10/site-packages:${PYTHONPATH} /usr/bin/python3 -W ignore:setup.py install is deprecated setup.py egg_info --egg-base ../build/qi_unipa build --build-base /home/ros/ros2_ws/src/build/qi_unipa/build install --record /home/ros/ros2_ws/src/build/qi_unipa/install.log --single-version-externally-managed install_data
[2.338s] running egg_info
[2.339s] creating ../build/qi_unipa/qi_unipa.egg-info
[2.339s] writing ../build/qi_unipa/qi_unipa.egg-info/PKG-INFO
[2.339s] writing dependency_links to ../build/qi_unipa/qi_unipa.egg-info/dependency_links.txt
[2.339s] writing entry points to ../build/qi_unipa/qi_unipa.egg-info/entry_points.txt
[2.339s] writing requirements to ../build/qi_unipa/qi_unipa.egg-info/requires.txt
[2.340s] writing top-level names to ../build/qi_unipa/qi_unipa.egg-info/top_level.txt
[2.340s] writing manifest file '../build/qi_unipa/qi_unipa.egg-info/SOURCES.txt'
[2.342s] reading manifest file '../build/qi_unipa/qi_unipa.egg-info/SOURCES.txt'
[2.342s] writing manifest file '../build/qi_unipa/qi_unipa.egg-info/SOURCES.txt'
[2.342s] running build
[2.342s] running build_py
[2.343s] creating /home/ros/ros2_ws/src/build/qi_unipa/build
[2.343s] creating /home/ros/ros2_ws/src/build/qi_unipa/build/lib
[2.343s] creating /home/ros/ros2_ws/src/build/qi_unipa/build/lib/qi_unipa
[2.343s] copying qi_unipa/qi_unipa.py -> /home/ros/ros2_ws/src/build/qi_unipa/build/lib/qi_unipa
[2.343s] copying qi_unipa/__init__.py -> /home/ros/ros2_ws/src/build/qi_unipa/build/lib/qi_unipa
[2.343s] running install
[2.343s] running install_lib
[2.344s] creating /home/ros/ros2_ws/src/install/qi_unipa/lib/python3.10/site-packages/qi_unipa
[2.344s] copying /home/ros/ros2_ws/src/build/qi_unipa/build/lib/qi_unipa/qi_unipa.py -> /home/ros/ros2_ws/src/install/qi_unipa/lib/python3.10/site-packages/qi_unipa
[2.344s] copying /home/ros/ros2_ws/src/build/qi_unipa/build/lib/qi_unipa/__init__.py -> /home/ros/ros2_ws/src/install/qi_unipa/lib/python3.10/site-packages/qi_unipa
[2.345s] byte-compiling /home/ros/ros2_ws/src/install/qi_unipa/lib/python3.10/site-packages/qi_unipa/qi_unipa.py to qi_unipa.cpython-310.pyc
[2.345s] byte-compiling /home/ros/ros2_ws/src/install/qi_unipa/lib/python3.10/site-packages/qi_unipa/__init__.py to __init__.cpython-310.pyc
[2.345s] running install_data
[2.346s] creating /home/ros/ros2_ws/src/install/qi_unipa/share/ament_index
[2.346s] creating /home/ros/ros2_ws/src/install/qi_unipa/share/ament_index/resource_index
[2.346s] creating /home/ros/ros2_ws/src/install/qi_unipa/share/ament_index/resource_index/packages
[2.346s] copying resource/qi_unipa -> /home/ros/ros2_ws/src/install/qi_unipa/share/ament_index/resource_index/packages
[2.346s] copying package.xml -> /home/ros/ros2_ws/src/install/qi_unipa/share/qi_unipa
[2.346s] running install_egg_info
[2.348s] Copying ../build/qi_unipa/qi_unipa.egg-info to /home/ros/ros2_ws/src/install/qi_unipa/lib/python3.10/site-packages/qi_unipa-0.0.0-py3.10.egg-info
[2.348s] running install_scripts
[2.368s] writing list of installed files to '/home/ros/ros2_ws/src/build/qi_unipa/install.log'
[2.402s] Invoked command in '/home/ros/ros2_ws/src/qi_unipa' returned '0': PYTHONPATH=/home/ros/ros2_ws/src/build/qi_unipa/prefix_override:/usr/lib/python3/dist-packages/colcon_core/task/python/colcon_distutils_commands:/home/ros/ros2_ws/src/install/qi_unipa/lib/python3.10/site-packages:${PYTHONPATH} /usr/bin/python3 -W ignore:setup.py install is deprecated setup.py egg_info --egg-base ../build/qi_unipa build --build-base /home/ros/ros2_ws/src/build/qi_unipa/build install --record /home/ros/ros2_ws/src/build/qi_unipa/install.log --single-version-externally-managed install_data
