[0.093s] DEBUG:colcon:Command line arguments: ['/usr/bin/colcon', 'build']
[0.093s] DEBUG:colcon:Parsed command line arguments: Namespace(log_base=None, log_level=None, verb_name='build', build_base='build', install_base='install', merge_install=False, symlink_install=False, test_result_base=None, continue_on_error=False, executor='parallel', parallel_workers=12, event_handlers=None, ignore_user_meta=False, metas=['./colcon.meta'], base_paths=['.'], packages_ignore=None, packages_ignore_regex=None, paths=None, packages_up_to=None, packages_up_to_regex=None, packages_above=None, packages_above_and_dependencies=None, packages_above_depth=None, packages_select_by_dep=None, packages_skip_by_dep=None, packages_skip_up_to=None, packages_select_build_failed=False, packages_skip_build_finished=False, packages_select_test_failures=False, packages_skip_test_passed=False, packages_select=None, packages_skip=None, packages_select_regex=None, packages_skip_regex=None, packages_start=None, packages_end=None, allow_overriding=[], cmake_args=None, cmake_target=None, cmake_target_skip_unavailable=False, cmake_clean_cache=False, cmake_clean_first=False, cmake_force_configure=False, ament_cmake_args=None, catkin_cmake_args=None, catkin_skip_building_tests=False, verb_parser=<colcon_defaults.argument_parser.defaults.DefaultArgumentsDecorator object at 0x7f73e9d34670>, verb_extension=<colcon_core.verb.build.BuildVerb object at 0x7f73e9efff70>, main=<bound method BuildVerb.main of <colcon_core.verb.build.BuildVerb object at 0x7f73e9efff70>>)
[0.250s] Level 1:colcon.colcon_core.package_discovery:discover_packages(colcon_meta) check parameters
[0.250s] Level 1:colcon.colcon_core.package_discovery:discover_packages(recursive) check parameters
[0.250s] Level 1:colcon.colcon_core.package_discovery:discover_packages(ignore) check parameters
[0.250s] Level 1:colcon.colcon_core.package_discovery:discover_packages(path) check parameters
[0.250s] Level 1:colcon.colcon_core.package_discovery:discover_packages(colcon_meta) discover
[0.250s] Level 1:colcon.colcon_core.package_discovery:discover_packages(recursive) discover
[0.250s] INFO:colcon.colcon_core.package_discovery:Crawling recursively for packages in '/home/ros/ros2_ws/src'
[0.250s] Level 1:colcon.colcon_core.package_identification:_identify(.) by extensions ['ignore', 'ignore_ament_install']
[0.250s] Level 1:colcon.colcon_core.package_identification:_identify(.) by extension 'ignore'
[0.250s] Level 1:colcon.colcon_core.package_identification:_identify(.) by extension 'ignore_ament_install'
[0.250s] Level 1:colcon.colcon_core.package_identification:_identify(.) by extensions ['colcon_pkg']
[0.251s] Level 1:colcon.colcon_core.package_identification:_identify(.) by extension 'colcon_pkg'
[0.251s] Level 1:colcon.colcon_core.package_identification:_identify(.) by extensions ['colcon_meta']
[0.251s] Level 1:colcon.colcon_core.package_identification:_identify(.) by extension 'colcon_meta'
[0.251s] Level 1:colcon.colcon_core.package_identification:_identify(.) by extensions ['ros']
[0.251s] Level 1:colcon.colcon_core.package_identification:_identify(.) by extension 'ros'
[0.260s] Level 1:colcon.colcon_core.package_identification:_identify(.) by extensions ['cmake', 'python']
[0.260s] Level 1:colcon.colcon_core.package_identification:_identify(.) by extension 'cmake'
[0.260s] Level 1:colcon.colcon_core.package_identification:_identify(.) by extension 'python'
[0.260s] Level 1:colcon.colcon_core.package_identification:_identify(.) by extensions ['python_setup_py']
[0.260s] Level 1:colcon.colcon_core.package_identification:_identify(.) by extension 'python_setup_py'
[0.260s] Level 1:colcon.colcon_core.package_identification:_identify(__pycache__) by extensions ['ignore', 'ignore_ament_install']
[0.260s] Level 1:colcon.colcon_core.package_identification:_identify(__pycache__) by extension 'ignore'
[0.261s] Level 1:colcon.colcon_core.package_identification:_identify(__pycache__) by extension 'ignore_ament_install'
[0.261s] Level 1:colcon.colcon_core.package_identification:_identify(__pycache__) by extensions ['colcon_pkg']
[0.261s] Level 1:colcon.colcon_core.package_identification:_identify(__pycache__) by extension 'colcon_pkg'
[0.261s] Level 1:colcon.colcon_core.package_identification:_identify(__pycache__) by extensions ['colcon_meta']
[0.261s] Level 1:colcon.colcon_core.package_identification:_identify(__pycache__) by extension 'colcon_meta'
[0.261s] Level 1:colcon.colcon_core.package_identification:_identify(__pycache__) by extensions ['ros']
[0.261s] Level 1:colcon.colcon_core.package_identification:_identify(__pycache__) by extension 'ros'
[0.261s] Level 1:colcon.colcon_core.package_identification:_identify(__pycache__) by extensions ['cmake', 'python']
[0.261s] Level 1:colcon.colcon_core.package_identification:_identify(__pycache__) by extension 'cmake'
[0.261s] Level 1:colcon.colcon_core.package_identification:_identify(__pycache__) by extension 'python'
[0.261s] Level 1:colcon.colcon_core.package_identification:_identify(__pycache__) by extensions ['python_setup_py']
[0.261s] Level 1:colcon.colcon_core.package_identification:_identify(__pycache__) by extension 'python_setup_py'
[0.261s] Level 1:colcon.colcon_core.package_identification:_identify(build) by extensions ['ignore', 'ignore_ament_install']
[0.261s] Level 1:colcon.colcon_core.package_identification:_identify(build) by extension 'ignore'
[0.261s] Level 1:colcon.colcon_core.package_identification:_identify(build) ignored
[0.261s] Level 1:colcon.colcon_core.package_identification:_identify(install) by extensions ['ignore', 'ignore_ament_install']
[0.262s] Level 1:colcon.colcon_core.package_identification:_identify(install) by extension 'ignore'
[0.262s] Level 1:colcon.colcon_core.package_identification:_identify(install) ignored
[0.262s] Level 1:colcon.colcon_core.package_identification:_identify(log) by extensions ['ignore', 'ignore_ament_install']
[0.262s] Level 1:colcon.colcon_core.package_identification:_identify(log) by extension 'ignore'
[0.262s] Level 1:colcon.colcon_core.package_identification:_identify(log) ignored
[0.262s] Level 1:colcon.colcon_core.package_identification:_identify(movement) by extensions ['ignore', 'ignore_ament_install']
[0.262s] Level 1:colcon.colcon_core.package_identification:_identify(movement) by extension 'ignore'
[0.262s] Level 1:colcon.colcon_core.package_identification:_identify(movement) by extension 'ignore_ament_install'
[0.262s] Level 1:colcon.colcon_core.package_identification:_identify(movement) by extensions ['colcon_pkg']
[0.262s] Level 1:colcon.colcon_core.package_identification:_identify(movement) by extension 'colcon_pkg'
[0.262s] Level 1:colcon.colcon_core.package_identification:_identify(movement) by extensions ['colcon_meta']
[0.262s] Level 1:colcon.colcon_core.package_identification:_identify(movement) by extension 'colcon_meta'
[0.262s] Level 1:colcon.colcon_core.package_identification:_identify(movement) by extensions ['ros']
[0.262s] Level 1:colcon.colcon_core.package_identification:_identify(movement) by extension 'ros'
[0.264s] DEBUG:colcon.colcon_core.package_identification:Package 'movement' with type 'ros.ament_python' and name 'movement'
[0.264s] Level 1:colcon.colcon_core.package_identification:_identify(my_robot_controller) by extensions ['ignore', 'ignore_ament_install']
[0.265s] Level 1:colcon.colcon_core.package_identification:_identify(my_robot_controller) by extension 'ignore'
[0.265s] Level 1:colcon.colcon_core.package_identification:_identify(my_robot_controller) by extension 'ignore_ament_install'
[0.265s] Level 1:colcon.colcon_core.package_identification:_identify(my_robot_controller) by extensions ['colcon_pkg']
[0.265s] Level 1:colcon.colcon_core.package_identification:_identify(my_robot_controller) by extension 'colcon_pkg'
[0.265s] Level 1:colcon.colcon_core.package_identification:_identify(my_robot_controller) by extensions ['colcon_meta']
[0.265s] Level 1:colcon.colcon_core.package_identification:_identify(my_robot_controller) by extension 'colcon_meta'
[0.265s] Level 1:colcon.colcon_core.package_identification:_identify(my_robot_controller) by extensions ['ros']
[0.265s] Level 1:colcon.colcon_core.package_identification:_identify(my_robot_controller) by extension 'ros'
[0.265s] DEBUG:colcon.colcon_core.package_identification:Package 'my_robot_controller' with type 'ros.ament_python' and name 'my_robot_controller'
[0.265s] Level 1:colcon.colcon_core.package_identification:_identify(naoqi_bridge_msgs) by extensions ['ignore', 'ignore_ament_install']
[0.266s] Level 1:colcon.colcon_core.package_identification:_identify(naoqi_bridge_msgs) by extension 'ignore'
[0.266s] Level 1:colcon.colcon_core.package_identification:_identify(naoqi_bridge_msgs) by extension 'ignore_ament_install'
[0.266s] Level 1:colcon.colcon_core.package_identification:_identify(naoqi_bridge_msgs) by extensions ['colcon_pkg']
[0.266s] Level 1:colcon.colcon_core.package_identification:_identify(naoqi_bridge_msgs) by extension 'colcon_pkg'
[0.266s] Level 1:colcon.colcon_core.package_identification:_identify(naoqi_bridge_msgs) by extensions ['colcon_meta']
[0.266s] Level 1:colcon.colcon_core.package_identification:_identify(naoqi_bridge_msgs) by extension 'colcon_meta'
[0.266s] Level 1:colcon.colcon_core.package_identification:_identify(naoqi_bridge_msgs) by extensions ['ros']
[0.266s] Level 1:colcon.colcon_core.package_identification:_identify(naoqi_bridge_msgs) by extension 'ros'
[0.267s] DEBUG:colcon.colcon_core.package_identification:Package 'naoqi_bridge_msgs' with type 'ros.ament_cmake' and name 'naoqi_bridge_msgs'
[0.267s] Level 1:colcon.colcon_core.package_identification:_identify(naoqi_driver2) by extensions ['ignore', 'ignore_ament_install']
[0.267s] Level 1:colcon.colcon_core.package_identification:_identify(naoqi_driver2) by extension 'ignore'
[0.267s] Level 1:colcon.colcon_core.package_identification:_identify(naoqi_driver2) by extension 'ignore_ament_install'
[0.267s] Level 1:colcon.colcon_core.package_identification:_identify(naoqi_driver2) by extensions ['colcon_pkg']
[0.267s] Level 1:colcon.colcon_core.package_identification:_identify(naoqi_driver2) by extension 'colcon_pkg'
[0.267s] Level 1:colcon.colcon_core.package_identification:_identify(naoqi_driver2) by extensions ['colcon_meta']
[0.267s] Level 1:colcon.colcon_core.package_identification:_identify(naoqi_driver2) by extension 'colcon_meta'
[0.267s] Level 1:colcon.colcon_core.package_identification:_identify(naoqi_driver2) by extensions ['ros']
[0.267s] Level 1:colcon.colcon_core.package_identification:_identify(naoqi_driver2) by extension 'ros'
[0.269s] DEBUG:colcon.colcon_core.package_identification:Package 'naoqi_driver2' with type 'ros.ament_cmake' and name 'naoqi_driver'
[0.269s] Level 1:colcon.colcon_core.package_identification:_identify(naoqi_interface) by extensions ['ignore', 'ignore_ament_install']
[0.269s] Level 1:colcon.colcon_core.package_identification:_identify(naoqi_interface) by extension 'ignore'
[0.269s] Level 1:colcon.colcon_core.package_identification:_identify(naoqi_interface) by extension 'ignore_ament_install'
[0.269s] Level 1:colcon.colcon_core.package_identification:_identify(naoqi_interface) by extensions ['colcon_pkg']
[0.269s] Level 1:colcon.colcon_core.package_identification:_identify(naoqi_interface) by extension 'colcon_pkg'
[0.269s] Level 1:colcon.colcon_core.package_identification:_identify(naoqi_interface) by extensions ['colcon_meta']
[0.269s] Level 1:colcon.colcon_core.package_identification:_identify(naoqi_interface) by extension 'colcon_meta'
[0.269s] Level 1:colcon.colcon_core.package_identification:_identify(naoqi_interface) by extensions ['ros']
[0.269s] Level 1:colcon.colcon_core.package_identification:_identify(naoqi_interface) by extension 'ros'
[0.270s] DEBUG:colcon.colcon_core.package_identification:Package 'naoqi_interface' with type 'ros.ament_python' and name 'naoqi_interface'
[0.270s] Level 1:colcon.colcon_core.package_identification:_identify(naoqi_libqi) by extensions ['ignore', 'ignore_ament_install']
[0.270s] Level 1:colcon.colcon_core.package_identification:_identify(naoqi_libqi) by extension 'ignore'
[0.270s] Level 1:colcon.colcon_core.package_identification:_identify(naoqi_libqi) by extension 'ignore_ament_install'
[0.270s] Level 1:colcon.colcon_core.package_identification:_identify(naoqi_libqi) by extensions ['colcon_pkg']
[0.270s] Level 1:colcon.colcon_core.package_identification:_identify(naoqi_libqi) by extension 'colcon_pkg'
[0.270s] Level 1:colcon.colcon_core.package_identification:_identify(naoqi_libqi) by extensions ['colcon_meta']
[0.270s] Level 1:colcon.colcon_core.package_identification:_identify(naoqi_libqi) by extension 'colcon_meta'
[0.270s] Level 1:colcon.colcon_core.package_identification:_identify(naoqi_libqi) by extensions ['ros']
[0.270s] Level 1:colcon.colcon_core.package_identification:_identify(naoqi_libqi) by extension 'ros'
[0.271s] DEBUG:colcon.colcon_core.package_identification:Package 'naoqi_libqi' with type 'ros.ament_cmake' and name 'naoqi_libqi'
[0.271s] Level 1:colcon.colcon_core.package_identification:_identify(naoqi_libqicore) by extensions ['ignore', 'ignore_ament_install']
[0.271s] Level 1:colcon.colcon_core.package_identification:_identify(naoqi_libqicore) by extension 'ignore'
[0.271s] Level 1:colcon.colcon_core.package_identification:_identify(naoqi_libqicore) by extension 'ignore_ament_install'
[0.272s] Level 1:colcon.colcon_core.package_identification:_identify(naoqi_libqicore) by extensions ['colcon_pkg']
[0.272s] Level 1:colcon.colcon_core.package_identification:_identify(naoqi_libqicore) by extension 'colcon_pkg'
[0.272s] Level 1:colcon.colcon_core.package_identification:_identify(naoqi_libqicore) by extensions ['colcon_meta']
[0.272s] Level 1:colcon.colcon_core.package_identification:_identify(naoqi_libqicore) by extension 'colcon_meta'
[0.272s] Level 1:colcon.colcon_core.package_identification:_identify(naoqi_libqicore) by extensions ['ros']
[0.272s] Level 1:colcon.colcon_core.package_identification:_identify(naoqi_libqicore) by extension 'ros'
[0.272s] DEBUG:colcon.colcon_core.package_identification:Package 'naoqi_libqicore' with type 'ros.ament_cmake' and name 'naoqi_libqicore'
[0.272s] Level 1:colcon.colcon_core.package_identification:_identify(qi_unipa) by extensions ['ignore', 'ignore_ament_install']
[0.272s] Level 1:colcon.colcon_core.package_identification:_identify(qi_unipa) by extension 'ignore'
[0.273s] Level 1:colcon.colcon_core.package_identification:_identify(qi_unipa) by extension 'ignore_ament_install'
[0.273s] Level 1:colcon.colcon_core.package_identification:_identify(qi_unipa) by extensions ['colcon_pkg']
[0.273s] Level 1:colcon.colcon_core.package_identification:_identify(qi_unipa) by extension 'colcon_pkg'
[0.273s] Level 1:colcon.colcon_core.package_identification:_identify(qi_unipa) by extensions ['colcon_meta']
[0.273s] Level 1:colcon.colcon_core.package_identification:_identify(qi_unipa) by extension 'colcon_meta'
[0.273s] Level 1:colcon.colcon_core.package_identification:_identify(qi_unipa) by extensions ['ros']
[0.273s] Level 1:colcon.colcon_core.package_identification:_identify(qi_unipa) by extension 'ros'
[0.273s] DEBUG:colcon.colcon_core.package_identification:Package 'qi_unipa' with type 'ros.ament_python' and name 'qi_unipa'
[0.273s] Level 1:colcon.colcon_core.package_identification:_identify(speech) by extensions ['ignore', 'ignore_ament_install']
[0.273s] Level 1:colcon.colcon_core.package_identification:_identify(speech) by extension 'ignore'
[0.274s] Level 1:colcon.colcon_core.package_identification:_identify(speech) by extension 'ignore_ament_install'
[0.274s] Level 1:colcon.colcon_core.package_identification:_identify(speech) by extensions ['colcon_pkg']
[0.274s] Level 1:colcon.colcon_core.package_identification:_identify(speech) by extension 'colcon_pkg'
[0.274s] Level 1:colcon.colcon_core.package_identification:_identify(speech) by extensions ['colcon_meta']
[0.274s] Level 1:colcon.colcon_core.package_identification:_identify(speech) by extension 'colcon_meta'
[0.274s] Level 1:colcon.colcon_core.package_identification:_identify(speech) by extensions ['ros']
[0.274s] Level 1:colcon.colcon_core.package_identification:_identify(speech) by extension 'ros'
[0.274s] DEBUG:colcon.colcon_core.package_identification:Package 'speech' with type 'ros.ament_python' and name 'speech'
[0.274s] Level 1:colcon.colcon_core.package_identification:_identify(src) by extensions ['ignore', 'ignore_ament_install']
[0.274s] Level 1:colcon.colcon_core.package_identification:_identify(src) by extension 'ignore'
[0.275s] Level 1:colcon.colcon_core.package_identification:_identify(src) by extension 'ignore_ament_install'
[0.275s] Level 1:colcon.colcon_core.package_identification:_identify(src) by extensions ['colcon_pkg']
[0.275s] Level 1:colcon.colcon_core.package_identification:_identify(src) by extension 'colcon_pkg'
[0.275s] Level 1:colcon.colcon_core.package_identification:_identify(src) by extensions ['colcon_meta']
[0.275s] Level 1:colcon.colcon_core.package_identification:_identify(src) by extension 'colcon_meta'
[0.275s] Level 1:colcon.colcon_core.package_identification:_identify(src) by extensions ['ros']
[0.275s] Level 1:colcon.colcon_core.package_identification:_identify(src) by extension 'ros'
[0.275s] Level 1:colcon.colcon_core.package_identification:_identify(src) by extensions ['cmake', 'python']
[0.275s] Level 1:colcon.colcon_core.package_identification:_identify(src) by extension 'cmake'
[0.275s] Level 1:colcon.colcon_core.package_identification:_identify(src) by extension 'python'
[0.275s] Level 1:colcon.colcon_core.package_identification:_identify(src) by extensions ['python_setup_py']
[0.275s] Level 1:colcon.colcon_core.package_identification:_identify(src) by extension 'python_setup_py'
[0.275s] Level 1:colcon.colcon_core.package_discovery:discover_packages(recursive) using defaults
[0.275s] Level 1:colcon.colcon_core.package_discovery:discover_packages(ignore) discover
[0.275s] Level 1:colcon.colcon_core.package_discovery:discover_packages(ignore) using defaults
[0.275s] Level 1:colcon.colcon_core.package_discovery:discover_packages(path) discover
[0.275s] Level 1:colcon.colcon_core.package_discovery:discover_packages(path) using defaults
[0.300s] DEBUG:colcon.colcon_core.package_augmentation.check_dependency_constraint:naoqi_driver depends on naoqi_bridge_msgs which has version 2.1.0 which satisfies to be greater than or equal to 2.0.0
[0.301s] Level 1:colcon.colcon_core.package_discovery:discover_packages(prefix_path) check parameters
[0.301s] Level 1:colcon.colcon_core.package_discovery:discover_packages(prefix_path) discover
[0.303s] DEBUG:colcon.colcon_installed_package_information.package_discovery:Found 9 installed packages in /home/ros/ros2_ws/install
[0.304s] DEBUG:colcon.colcon_installed_package_information.package_discovery:Found 280 installed packages in /opt/ros/humble
[0.306s] Level 1:colcon.colcon_core.package_discovery:discover_packages(prefix_path) using defaults
[0.339s] Level 5:colcon.colcon_core.verb:set package 'movement' build argument 'cmake_args' from command line to 'None'
[0.339s] Level 5:colcon.colcon_core.verb:set package 'movement' build argument 'cmake_target' from command line to 'None'
[0.339s] Level 5:colcon.colcon_core.verb:set package 'movement' build argument 'cmake_target_skip_unavailable' from command line to 'False'
[0.339s] Level 5:colcon.colcon_core.verb:set package 'movement' build argument 'cmake_clean_cache' from command line to 'False'
[0.339s] Level 5:colcon.colcon_core.verb:set package 'movement' build argument 'cmake_clean_first' from command line to 'False'
[0.339s] Level 5:colcon.colcon_core.verb:set package 'movement' build argument 'cmake_force_configure' from command line to 'False'
[0.339s] Level 5:colcon.colcon_core.verb:set package 'movement' build argument 'ament_cmake_args' from command line to 'None'
[0.339s] Level 5:colcon.colcon_core.verb:set package 'movement' build argument 'catkin_cmake_args' from command line to 'None'
[0.339s] Level 5:colcon.colcon_core.verb:set package 'movement' build argument 'catkin_skip_building_tests' from command line to 'False'
[0.339s] DEBUG:colcon.colcon_core.verb:Building package 'movement' with the following arguments: {'ament_cmake_args': None, 'build_base': '/home/ros/ros2_ws/src/build/movement', 'catkin_cmake_args': None, 'catkin_skip_building_tests': False, 'cmake_args': None, 'cmake_clean_cache': False, 'cmake_clean_first': False, 'cmake_force_configure': False, 'cmake_target': None, 'cmake_target_skip_unavailable': False, 'install_base': '/home/ros/ros2_ws/src/install/movement', 'merge_install': False, 'path': '/home/ros/ros2_ws/src/movement', 'symlink_install': False, 'test_result_base': None}
[0.339s] Level 5:colcon.colcon_core.verb:set package 'my_robot_controller' build argument 'cmake_args' from command line to 'None'
[0.339s] Level 5:colcon.colcon_core.verb:set package 'my_robot_controller' build argument 'cmake_target' from command line to 'None'
[0.339s] Level 5:colcon.colcon_core.verb:set package 'my_robot_controller' build argument 'cmake_target_skip_unavailable' from command line to 'False'
[0.339s] Level 5:colcon.colcon_core.verb:set package 'my_robot_controller' build argument 'cmake_clean_cache' from command line to 'False'
[0.339s] Level 5:colcon.colcon_core.verb:set package 'my_robot_controller' build argument 'cmake_clean_first' from command line to 'False'
[0.339s] Level 5:colcon.colcon_core.verb:set package 'my_robot_controller' build argument 'cmake_force_configure' from command line to 'False'
[0.339s] Level 5:colcon.colcon_core.verb:set package 'my_robot_controller' build argument 'ament_cmake_args' from command line to 'None'
[0.339s] Level 5:colcon.colcon_core.verb:set package 'my_robot_controller' build argument 'catkin_cmake_args' from command line to 'None'
[0.339s] Level 5:colcon.colcon_core.verb:set package 'my_robot_controller' build argument 'catkin_skip_building_tests' from command line to 'False'
[0.339s] DEBUG:colcon.colcon_core.verb:Building package 'my_robot_controller' with the following arguments: {'ament_cmake_args': None, 'build_base': '/home/ros/ros2_ws/src/build/my_robot_controller', 'catkin_cmake_args': None, 'catkin_skip_building_tests': False, 'cmake_args': None, 'cmake_clean_cache': False, 'cmake_clean_first': False, 'cmake_force_configure': False, 'cmake_target': None, 'cmake_target_skip_unavailable': False, 'install_base': '/home/ros/ros2_ws/src/install/my_robot_controller', 'merge_install': False, 'path': '/home/ros/ros2_ws/src/my_robot_controller', 'symlink_install': False, 'test_result_base': None}
[0.340s] Level 5:colcon.colcon_core.verb:set package 'naoqi_bridge_msgs' build argument 'cmake_args' from command line to 'None'
[0.340s] Level 5:colcon.colcon_core.verb:set package 'naoqi_bridge_msgs' build argument 'cmake_target' from command line to 'None'
[0.340s] Level 5:colcon.colcon_core.verb:set package 'naoqi_bridge_msgs' build argument 'cmake_target_skip_unavailable' from command line to 'False'
[0.340s] Level 5:colcon.colcon_core.verb:set package 'naoqi_bridge_msgs' build argument 'cmake_clean_cache' from command line to 'False'
[0.340s] Level 5:colcon.colcon_core.verb:set package 'naoqi_bridge_msgs' build argument 'cmake_clean_first' from command line to 'False'
[0.340s] Level 5:colcon.colcon_core.verb:set package 'naoqi_bridge_msgs' build argument 'cmake_force_configure' from command line to 'False'
[0.340s] Level 5:colcon.colcon_core.verb:set package 'naoqi_bridge_msgs' build argument 'ament_cmake_args' from command line to 'None'
[0.340s] Level 5:colcon.colcon_core.verb:set package 'naoqi_bridge_msgs' build argument 'catkin_cmake_args' from command line to 'None'
[0.340s] Level 5:colcon.colcon_core.verb:set package 'naoqi_bridge_msgs' build argument 'catkin_skip_building_tests' from command line to 'False'
[0.340s] DEBUG:colcon.colcon_core.verb:Building package 'naoqi_bridge_msgs' with the following arguments: {'ament_cmake_args': None, 'build_base': '/home/ros/ros2_ws/src/build/naoqi_bridge_msgs', 'catkin_cmake_args': None, 'catkin_skip_building_tests': False, 'cmake_args': None, 'cmake_clean_cache': False, 'cmake_clean_first': False, 'cmake_force_configure': False, 'cmake_target': None, 'cmake_target_skip_unavailable': False, 'install_base': '/home/ros/ros2_ws/src/install/naoqi_bridge_msgs', 'merge_install': False, 'path': '/home/ros/ros2_ws/src/naoqi_bridge_msgs', 'symlink_install': False, 'test_result_base': None}
[0.340s] Level 5:colcon.colcon_core.verb:set package 'naoqi_interface' build argument 'cmake_args' from command line to 'None'
[0.340s] Level 5:colcon.colcon_core.verb:set package 'naoqi_interface' build argument 'cmake_target' from command line to 'None'
[0.340s] Level 5:colcon.colcon_core.verb:set package 'naoqi_interface' build argument 'cmake_target_skip_unavailable' from command line to 'False'
[0.340s] Level 5:colcon.colcon_core.verb:set package 'naoqi_interface' build argument 'cmake_clean_cache' from command line to 'False'
[0.340s] Level 5:colcon.colcon_core.verb:set package 'naoqi_interface' build argument 'cmake_clean_first' from command line to 'False'
[0.340s] Level 5:colcon.colcon_core.verb:set package 'naoqi_interface' build argument 'cmake_force_configure' from command line to 'False'
[0.340s] Level 5:colcon.colcon_core.verb:set package 'naoqi_interface' build argument 'ament_cmake_args' from command line to 'None'
[0.340s] Level 5:colcon.colcon_core.verb:set package 'naoqi_interface' build argument 'catkin_cmake_args' from command line to 'None'
[0.341s] Level 5:colcon.colcon_core.verb:set package 'naoqi_interface' build argument 'catkin_skip_building_tests' from command line to 'False'
[0.341s] DEBUG:colcon.colcon_core.verb:Building package 'naoqi_interface' with the following arguments: {'ament_cmake_args': None, 'build_base': '/home/ros/ros2_ws/src/build/naoqi_interface', 'catkin_cmake_args': None, 'catkin_skip_building_tests': False, 'cmake_args': None, 'cmake_clean_cache': False, 'cmake_clean_first': False, 'cmake_force_configure': False, 'cmake_target': None, 'cmake_target_skip_unavailable': False, 'install_base': '/home/ros/ros2_ws/src/install/naoqi_interface', 'merge_install': False, 'path': '/home/ros/ros2_ws/src/naoqi_interface', 'symlink_install': False, 'test_result_base': None}
[0.341s] Level 5:colcon.colcon_core.verb:set package 'naoqi_libqi' build argument 'cmake_args' from command line to 'None'
[0.341s] Level 5:colcon.colcon_core.verb:set package 'naoqi_libqi' build argument 'cmake_target' from command line to 'None'
[0.341s] Level 5:colcon.colcon_core.verb:set package 'naoqi_libqi' build argument 'cmake_target_skip_unavailable' from command line to 'False'
[0.341s] Level 5:colcon.colcon_core.verb:set package 'naoqi_libqi' build argument 'cmake_clean_cache' from command line to 'False'
[0.341s] Level 5:colcon.colcon_core.verb:set package 'naoqi_libqi' build argument 'cmake_clean_first' from command line to 'False'
[0.341s] Level 5:colcon.colcon_core.verb:set package 'naoqi_libqi' build argument 'cmake_force_configure' from command line to 'False'
[0.341s] Level 5:colcon.colcon_core.verb:set package 'naoqi_libqi' build argument 'ament_cmake_args' from command line to 'None'
[0.341s] Level 5:colcon.colcon_core.verb:set package 'naoqi_libqi' build argument 'catkin_cmake_args' from command line to 'None'
[0.341s] Level 5:colcon.colcon_core.verb:set package 'naoqi_libqi' build argument 'catkin_skip_building_tests' from command line to 'False'
[0.341s] DEBUG:colcon.colcon_core.verb:Building package 'naoqi_libqi' with the following arguments: {'ament_cmake_args': None, 'build_base': '/home/ros/ros2_ws/src/build/naoqi_libqi', 'catkin_cmake_args': None, 'catkin_skip_building_tests': False, 'cmake_args': None, 'cmake_clean_cache': False, 'cmake_clean_first': False, 'cmake_force_configure': False, 'cmake_target': None, 'cmake_target_skip_unavailable': False, 'install_base': '/home/ros/ros2_ws/src/install/naoqi_libqi', 'merge_install': False, 'path': '/home/ros/ros2_ws/src/naoqi_libqi', 'symlink_install': False, 'test_result_base': None}
[0.341s] Level 5:colcon.colcon_core.verb:set package 'qi_unipa' build argument 'cmake_args' from command line to 'None'
[0.341s] Level 5:colcon.colcon_core.verb:set package 'qi_unipa' build argument 'cmake_target' from command line to 'None'
[0.341s] Level 5:colcon.colcon_core.verb:set package 'qi_unipa' build argument 'cmake_target_skip_unavailable' from command line to 'False'
[0.341s] Level 5:colcon.colcon_core.verb:set package 'qi_unipa' build argument 'cmake_clean_cache' from command line to 'False'
[0.342s] Level 5:colcon.colcon_core.verb:set package 'qi_unipa' build argument 'cmake_clean_first' from command line to 'False'
[0.342s] Level 5:colcon.colcon_core.verb:set package 'qi_unipa' build argument 'cmake_force_configure' from command line to 'False'
[0.342s] Level 5:colcon.colcon_core.verb:set package 'qi_unipa' build argument 'ament_cmake_args' from command line to 'None'
[0.342s] Level 5:colcon.colcon_core.verb:set package 'qi_unipa' build argument 'catkin_cmake_args' from command line to 'None'
[0.342s] Level 5:colcon.colcon_core.verb:set package 'qi_unipa' build argument 'catkin_skip_building_tests' from command line to 'False'
[0.342s] DEBUG:colcon.colcon_core.verb:Building package 'qi_unipa' with the following arguments: {'ament_cmake_args': None, 'build_base': '/home/ros/ros2_ws/src/build/qi_unipa', 'catkin_cmake_args': None, 'catkin_skip_building_tests': False, 'cmake_args': None, 'cmake_clean_cache': False, 'cmake_clean_first': False, 'cmake_force_configure': False, 'cmake_target': None, 'cmake_target_skip_unavailable': False, 'install_base': '/home/ros/ros2_ws/src/install/qi_unipa', 'merge_install': False, 'path': '/home/ros/ros2_ws/src/qi_unipa', 'symlink_install': False, 'test_result_base': None}
[0.342s] Level 5:colcon.colcon_core.verb:set package 'speech' build argument 'cmake_args' from command line to 'None'
[0.342s] Level 5:colcon.colcon_core.verb:set package 'speech' build argument 'cmake_target' from command line to 'None'
[0.342s] Level 5:colcon.colcon_core.verb:set package 'speech' build argument 'cmake_target_skip_unavailable' from command line to 'False'
[0.342s] Level 5:colcon.colcon_core.verb:set package 'speech' build argument 'cmake_clean_cache' from command line to 'False'
[0.342s] Level 5:colcon.colcon_core.verb:set package 'speech' build argument 'cmake_clean_first' from command line to 'False'
[0.342s] Level 5:colcon.colcon_core.verb:set package 'speech' build argument 'cmake_force_configure' from command line to 'False'
[0.342s] Level 5:colcon.colcon_core.verb:set package 'speech' build argument 'ament_cmake_args' from command line to 'None'
[0.342s] Level 5:colcon.colcon_core.verb:set package 'speech' build argument 'catkin_cmake_args' from command line to 'None'
[0.342s] Level 5:colcon.colcon_core.verb:set package 'speech' build argument 'catkin_skip_building_tests' from command line to 'False'
[0.342s] DEBUG:colcon.colcon_core.verb:Building package 'speech' with the following arguments: {'ament_cmake_args': None, 'build_base': '/home/ros/ros2_ws/src/build/speech', 'catkin_cmake_args': None, 'catkin_skip_building_tests': False, 'cmake_args': None, 'cmake_clean_cache': False, 'cmake_clean_first': False, 'cmake_force_configure': False, 'cmake_target': None, 'cmake_target_skip_unavailable': False, 'install_base': '/home/ros/ros2_ws/src/install/speech', 'merge_install': False, 'path': '/home/ros/ros2_ws/src/speech', 'symlink_install': False, 'test_result_base': None}
[0.342s] Level 5:colcon.colcon_core.verb:set package 'naoqi_libqicore' build argument 'cmake_args' from command line to 'None'
[0.343s] Level 5:colcon.colcon_core.verb:set package 'naoqi_libqicore' build argument 'cmake_target' from command line to 'None'
[0.343s] Level 5:colcon.colcon_core.verb:set package 'naoqi_libqicore' build argument 'cmake_target_skip_unavailable' from command line to 'False'
[0.343s] Level 5:colcon.colcon_core.verb:set package 'naoqi_libqicore' build argument 'cmake_clean_cache' from command line to 'False'
[0.343s] Level 5:colcon.colcon_core.verb:set package 'naoqi_libqicore' build argument 'cmake_clean_first' from command line to 'False'
[0.343s] Level 5:colcon.colcon_core.verb:set package 'naoqi_libqicore' build argument 'cmake_force_configure' from command line to 'False'
[0.343s] Level 5:colcon.colcon_core.verb:set package 'naoqi_libqicore' build argument 'ament_cmake_args' from command line to 'None'
[0.343s] Level 5:colcon.colcon_core.verb:set package 'naoqi_libqicore' build argument 'catkin_cmake_args' from command line to 'None'
[0.343s] Level 5:colcon.colcon_core.verb:set package 'naoqi_libqicore' build argument 'catkin_skip_building_tests' from command line to 'False'
[0.343s] DEBUG:colcon.colcon_core.verb:Building package 'naoqi_libqicore' with the following arguments: {'ament_cmake_args': None, 'build_base': '/home/ros/ros2_ws/src/build/naoqi_libqicore', 'catkin_cmake_args': None, 'catkin_skip_building_tests': False, 'cmake_args': None, 'cmake_clean_cache': False, 'cmake_clean_first': False, 'cmake_force_configure': False, 'cmake_target': None, 'cmake_target_skip_unavailable': False, 'install_base': '/home/ros/ros2_ws/src/install/naoqi_libqicore', 'merge_install': False, 'path': '/home/ros/ros2_ws/src/naoqi_libqicore', 'symlink_install': False, 'test_result_base': None}
[0.343s] Level 5:colcon.colcon_core.verb:set package 'naoqi_driver' build argument 'cmake_args' from command line to 'None'
[0.343s] Level 5:colcon.colcon_core.verb:set package 'naoqi_driver' build argument 'cmake_target' from command line to 'None'
[0.343s] Level 5:colcon.colcon_core.verb:set package 'naoqi_driver' build argument 'cmake_target_skip_unavailable' from command line to 'False'
[0.343s] Level 5:colcon.colcon_core.verb:set package 'naoqi_driver' build argument 'cmake_clean_cache' from command line to 'False'
[0.343s] Level 5:colcon.colcon_core.verb:set package 'naoqi_driver' build argument 'cmake_clean_first' from command line to 'False'
[0.343s] Level 5:colcon.colcon_core.verb:set package 'naoqi_driver' build argument 'cmake_force_configure' from command line to 'False'
[0.343s] Level 5:colcon.colcon_core.verb:set package 'naoqi_driver' build argument 'ament_cmake_args' from command line to 'None'
[0.343s] Level 5:colcon.colcon_core.verb:set package 'naoqi_driver' build argument 'catkin_cmake_args' from command line to 'None'
[0.343s] Level 5:colcon.colcon_core.verb:set package 'naoqi_driver' build argument 'catkin_skip_building_tests' from command line to 'False'
[0.343s] DEBUG:colcon.colcon_core.verb:Building package 'naoqi_driver' with the following arguments: {'ament_cmake_args': None, 'build_base': '/home/ros/ros2_ws/src/build/naoqi_driver', 'catkin_cmake_args': None, 'catkin_skip_building_tests': False, 'cmake_args': None, 'cmake_clean_cache': False, 'cmake_clean_first': False, 'cmake_force_configure': False, 'cmake_target': None, 'cmake_target_skip_unavailable': False, 'install_base': '/home/ros/ros2_ws/src/install/naoqi_driver', 'merge_install': False, 'path': '/home/ros/ros2_ws/src/naoqi_driver2', 'symlink_install': False, 'test_result_base': None}
[0.343s] INFO:colcon.colcon_core.executor:Executing jobs using 'parallel' executor
[0.344s] DEBUG:colcon.colcon_parallel_executor.executor.parallel:run_until_complete
[0.345s] INFO:colcon.colcon_ros.task.ament_cmake.build:Building ROS package in '/home/ros/ros2_ws/src/naoqi_libqi' with build type 'ament_cmake'
[0.345s] INFO:colcon.colcon_cmake.task.cmake.build:Building CMake package in '/home/ros/ros2_ws/src/naoqi_libqi'
[0.347s] INFO:colcon.colcon_core.plugin_system:Skipping extension 'colcon_core.shell.bat': Not used on non-Windows systems
[0.347s] INFO:colcon.colcon_core.shell:Skip shell extension 'powershell' for command environment: Not usable outside of PowerShell
[0.347s] DEBUG:colcon.colcon_core.shell:Skip shell extension 'dsv' for command environment
[0.351s] INFO:colcon.colcon_ros.task.ament_cmake.build:Building ROS package in '/home/ros/ros2_ws/src/naoqi_bridge_msgs' with build type 'ament_cmake'
[0.351s] INFO:colcon.colcon_cmake.task.cmake.build:Building CMake package in '/home/ros/ros2_ws/src/naoqi_bridge_msgs'
[0.351s] INFO:colcon.colcon_core.shell:Skip shell extension 'powershell' for command environment: Not usable outside of PowerShell
[0.351s] DEBUG:colcon.colcon_core.shell:Skip shell extension 'dsv' for command environment
[0.354s] INFO:colcon.colcon_ros.task.ament_python.build:Building ROS package in '/home/ros/ros2_ws/src/movement' with build type 'ament_python'
[0.354s] Level 1:colcon.colcon_core.shell:create_environment_hook('movement', 'ament_prefix_path')
[0.355s] INFO:colcon.colcon_core.shell:Creating environment hook '/home/ros/ros2_ws/src/install/movement/share/movement/hook/ament_prefix_path.ps1'
[0.355s] INFO:colcon.colcon_core.shell:Creating environment descriptor '/home/ros/ros2_ws/src/install/movement/share/movement/hook/ament_prefix_path.dsv'
[0.356s] INFO:colcon.colcon_core.shell:Creating environment hook '/home/ros/ros2_ws/src/install/movement/share/movement/hook/ament_prefix_path.sh'
[0.356s] INFO:colcon.colcon_core.shell:Skip shell extension 'powershell' for command environment: Not usable outside of PowerShell
[0.357s] DEBUG:colcon.colcon_core.shell:Skip shell extension 'dsv' for command environment
[0.360s] INFO:colcon.colcon_ros.task.ament_python.build:Building ROS package in '/home/ros/ros2_ws/src/my_robot_controller' with build type 'ament_python'
[0.360s] Level 1:colcon.colcon_core.shell:create_environment_hook('my_robot_controller', 'ament_prefix_path')
[0.360s] INFO:colcon.colcon_core.shell:Creating environment hook '/home/ros/ros2_ws/src/install/my_robot_controller/share/my_robot_controller/hook/ament_prefix_path.ps1'
[0.361s] INFO:colcon.colcon_core.shell:Creating environment descriptor '/home/ros/ros2_ws/src/install/my_robot_controller/share/my_robot_controller/hook/ament_prefix_path.dsv'
[0.361s] INFO:colcon.colcon_core.shell:Creating environment hook '/home/ros/ros2_ws/src/install/my_robot_controller/share/my_robot_controller/hook/ament_prefix_path.sh'
[0.362s] INFO:colcon.colcon_core.shell:Skip shell extension 'powershell' for command environment: Not usable outside of PowerShell
[0.362s] DEBUG:colcon.colcon_core.shell:Skip shell extension 'dsv' for command environment
[0.366s] INFO:colcon.colcon_ros.task.ament_python.build:Building ROS package in '/home/ros/ros2_ws/src/naoqi_interface' with build type 'ament_python'
[0.366s] Level 1:colcon.colcon_core.shell:create_environment_hook('naoqi_interface', 'ament_prefix_path')
[0.366s] INFO:colcon.colcon_core.shell:Creating environment hook '/home/ros/ros2_ws/src/install/naoqi_interface/share/naoqi_interface/hook/ament_prefix_path.ps1'
[0.367s] INFO:colcon.colcon_core.shell:Creating environment descriptor '/home/ros/ros2_ws/src/install/naoqi_interface/share/naoqi_interface/hook/ament_prefix_path.dsv'
[0.367s] INFO:colcon.colcon_core.shell:Creating environment hook '/home/ros/ros2_ws/src/install/naoqi_interface/share/naoqi_interface/hook/ament_prefix_path.sh'
[0.368s] INFO:colcon.colcon_core.shell:Skip shell extension 'powershell' for command environment: Not usable outside of PowerShell
[0.368s] DEBUG:colcon.colcon_core.shell:Skip shell extension 'dsv' for command environment
[0.371s] INFO:colcon.colcon_ros.task.ament_python.build:Building ROS package in '/home/ros/ros2_ws/src/qi_unipa' with build type 'ament_python'
[0.371s] Level 1:colcon.colcon_core.shell:create_environment_hook('qi_unipa', 'ament_prefix_path')
[0.371s] INFO:colcon.colcon_core.shell:Creating environment hook '/home/ros/ros2_ws/src/install/qi_unipa/share/qi_unipa/hook/ament_prefix_path.ps1'
[0.372s] INFO:colcon.colcon_core.shell:Creating environment descriptor '/home/ros/ros2_ws/src/install/qi_unipa/share/qi_unipa/hook/ament_prefix_path.dsv'
[0.372s] INFO:colcon.colcon_core.shell:Creating environment hook '/home/ros/ros2_ws/src/install/qi_unipa/share/qi_unipa/hook/ament_prefix_path.sh'
[0.373s] INFO:colcon.colcon_core.shell:Skip shell extension 'powershell' for command environment: Not usable outside of PowerShell
[0.373s] DEBUG:colcon.colcon_core.shell:Skip shell extension 'dsv' for command environment
[0.377s] INFO:colcon.colcon_ros.task.ament_python.build:Building ROS package in '/home/ros/ros2_ws/src/speech' with build type 'ament_python'
[0.377s] Level 1:colcon.colcon_core.shell:create_environment_hook('speech', 'ament_prefix_path')
[0.377s] INFO:colcon.colcon_core.shell:Creating environment hook '/home/ros/ros2_ws/src/install/speech/share/speech/hook/ament_prefix_path.ps1'
[0.378s] INFO:colcon.colcon_core.shell:Creating environment descriptor '/home/ros/ros2_ws/src/install/speech/share/speech/hook/ament_prefix_path.dsv'
[0.379s] INFO:colcon.colcon_core.shell:Creating environment hook '/home/ros/ros2_ws/src/install/speech/share/speech/hook/ament_prefix_path.sh'
[0.380s] INFO:colcon.colcon_core.shell:Skip shell extension 'powershell' for command environment: Not usable outside of PowerShell
[0.380s] DEBUG:colcon.colcon_core.shell:Skip shell extension 'dsv' for command environment
[0.389s] DEBUG:colcon.colcon_core.event_handler.log_command:Invoking command in '/home/ros/ros2_ws/src/build/naoqi_libqi': CMAKE_PREFIX_PATH=${CMAKE_PREFIX_PATH}:/home/ros/ros2_ws/install/speech:/home/ros/ros2_ws/install/naoqi_interface:/home/ros/ros2_ws/install/my_robot_controller:/home/ros/ros2_ws/install/movement:/opt/ros/humble /usr/bin/cmake --build /home/ros/ros2_ws/src/build/naoqi_libqi -- -j12 -l12
[0.392s] DEBUG:colcon.colcon_core.event_handler.log_command:Invoking command in '/home/ros/ros2_ws/src/build/naoqi_bridge_msgs': CMAKE_PREFIX_PATH=${CMAKE_PREFIX_PATH}:/home/ros/ros2_ws/install/speech:/home/ros/ros2_ws/install/naoqi_interface:/home/ros/ros2_ws/install/my_robot_controller:/home/ros/ros2_ws/install/movement:/opt/ros/humble /usr/bin/cmake --build /home/ros/ros2_ws/src/build/naoqi_bridge_msgs -- -j12 -l12
[0.721s] INFO:colcon.colcon_core.task.python.build:Building Python package in '/home/ros/ros2_ws/src/movement'
[0.721s] INFO:colcon.colcon_core.shell:Skip shell extension 'powershell' for command environment: Not usable outside of PowerShell
[0.721s] DEBUG:colcon.colcon_core.shell:Skip shell extension 'dsv' for command environment
[1.004s] INFO:colcon.colcon_core.task.python.build:Building Python package in '/home/ros/ros2_ws/src/my_robot_controller'
[1.005s] INFO:colcon.colcon_core.shell:Skip shell extension 'powershell' for command environment: Not usable outside of PowerShell
[1.005s] DEBUG:colcon.colcon_core.shell:Skip shell extension 'dsv' for command environment
[1.243s] INFO:colcon.colcon_core.task.python.build:Building Python package in '/home/ros/ros2_ws/src/naoqi_interface'
[1.244s] INFO:colcon.colcon_core.shell:Skip shell extension 'powershell' for command environment: Not usable outside of PowerShell
[1.244s] DEBUG:colcon.colcon_core.shell:Skip shell extension 'dsv' for command environment
[1.493s] INFO:colcon.colcon_core.task.python.build:Building Python package in '/home/ros/ros2_ws/src/qi_unipa'
[1.493s] INFO:colcon.colcon_core.shell:Skip shell extension 'powershell' for command environment: Not usable outside of PowerShell
[1.493s] DEBUG:colcon.colcon_core.shell:Skip shell extension 'dsv' for command environment
[1.737s] INFO:colcon.colcon_core.task.python.build:Building Python package in '/home/ros/ros2_ws/src/speech'
[1.737s] INFO:colcon.colcon_core.shell:Skip shell extension 'powershell' for command environment: Not usable outside of PowerShell
[1.738s] DEBUG:colcon.colcon_core.shell:Skip shell extension 'dsv' for command environment
[1.742s] DEBUG:colcon.colcon_core.event_handler.log_command:Invoked command in '/home/ros/ros2_ws/src/build/naoqi_bridge_msgs' returned '0': CMAKE_PREFIX_PATH=${CMAKE_PREFIX_PATH}:/home/ros/ros2_ws/install/speech:/home/ros/ros2_ws/install/naoqi_interface:/home/ros/ros2_ws/install/my_robot_controller:/home/ros/ros2_ws/install/movement:/opt/ros/humble /usr/bin/cmake --build /home/ros/ros2_ws/src/build/naoqi_bridge_msgs -- -j12 -l12
[1.743s] DEBUG:colcon.colcon_core.event_handler.log_command:Invoked command in '/home/ros/ros2_ws/src/build/naoqi_libqi' returned '0': CMAKE_PREFIX_PATH=${CMAKE_PREFIX_PATH}:/home/ros/ros2_ws/install/speech:/home/ros/ros2_ws/install/naoqi_interface:/home/ros/ros2_ws/install/my_robot_controller:/home/ros/ros2_ws/install/movement:/opt/ros/humble /usr/bin/cmake --build /home/ros/ros2_ws/src/build/naoqi_libqi -- -j12 -l12
[2.066s] DEBUG:colcon.colcon_core.event_handler.log_command:Invoking command in '/home/ros/ros2_ws/src/build/naoqi_libqi': CMAKE_PREFIX_PATH=${CMAKE_PREFIX_PATH}:/home/ros/ros2_ws/install/speech:/home/ros/ros2_ws/install/naoqi_interface:/home/ros/ros2_ws/install/my_robot_controller:/home/ros/ros2_ws/install/movement:/opt/ros/humble /usr/bin/cmake --install /home/ros/ros2_ws/src/build/naoqi_libqi
[2.091s] Level 1:colcon.colcon_core.environment:create_environment_scripts_only(naoqi_libqi)
[2.104s] Level 1:colcon.colcon_core.environment:checking '/home/ros/ros2_ws/src/install/naoqi_libqi' for CMake module files
[2.107s] Level 1:colcon.colcon_core.environment:checking '/home/ros/ros2_ws/src/install/naoqi_libqi' for CMake config files
[2.110s] Level 1:colcon.colcon_core.shell:create_environment_hook('naoqi_libqi', 'cmake_prefix_path')
[2.111s] INFO:colcon.colcon_core.shell:Creating environment hook '/home/ros/ros2_ws/src/install/naoqi_libqi/share/naoqi_libqi/hook/cmake_prefix_path.ps1'
[2.112s] INFO:colcon.colcon_core.shell:Creating environment descriptor '/home/ros/ros2_ws/src/install/naoqi_libqi/share/naoqi_libqi/hook/cmake_prefix_path.dsv'
[2.114s] DEBUG:colcon.colcon_core.event_handler.log_command:Invoked command in '/home/ros/ros2_ws/src/build/naoqi_libqi' returned '0': CMAKE_PREFIX_PATH=${CMAKE_PREFIX_PATH}:/home/ros/ros2_ws/install/speech:/home/ros/ros2_ws/install/naoqi_interface:/home/ros/ros2_ws/install/my_robot_controller:/home/ros/ros2_ws/install/movement:/opt/ros/humble /usr/bin/cmake --install /home/ros/ros2_ws/src/build/naoqi_libqi
[2.114s] INFO:colcon.colcon_core.shell:Creating environment hook '/home/ros/ros2_ws/src/install/naoqi_libqi/share/naoqi_libqi/hook/cmake_prefix_path.sh'
[2.115s] Level 1:colcon.colcon_core.environment:checking '/home/ros/ros2_ws/src/install/naoqi_libqi/lib'
[2.115s] Level 1:colcon.colcon_core.shell:create_environment_hook('naoqi_libqi', 'ld_library_path_lib')
[2.116s] INFO:colcon.colcon_core.shell:Creating environment hook '/home/ros/ros2_ws/src/install/naoqi_libqi/share/naoqi_libqi/hook/ld_library_path_lib.ps1'
[2.117s] INFO:colcon.colcon_core.shell:Creating environment descriptor '/home/ros/ros2_ws/src/install/naoqi_libqi/share/naoqi_libqi/hook/ld_library_path_lib.dsv'
[2.118s] INFO:colcon.colcon_core.shell:Creating environment hook '/home/ros/ros2_ws/src/install/naoqi_libqi/share/naoqi_libqi/hook/ld_library_path_lib.sh'
[2.119s] Level 1:colcon.colcon_core.environment:checking '/home/ros/ros2_ws/src/install/naoqi_libqi/bin'
[2.119s] Level 1:colcon.colcon_core.environment:checking '/home/ros/ros2_ws/src/install/naoqi_libqi/lib/pkgconfig/naoqi_libqi.pc'
[2.119s] Level 1:colcon.colcon_core.environment:checking '/home/ros/ros2_ws/src/install/naoqi_libqi/lib/python3.10/site-packages'
[2.120s] Level 1:colcon.colcon_core.environment:checking '/home/ros/ros2_ws/src/install/naoqi_libqi/bin'
[2.120s] INFO:colcon.colcon_core.shell:Creating package script '/home/ros/ros2_ws/src/install/naoqi_libqi/share/naoqi_libqi/package.ps1'
[2.122s] INFO:colcon.colcon_core.shell:Creating package descriptor '/home/ros/ros2_ws/src/install/naoqi_libqi/share/naoqi_libqi/package.dsv'
[2.123s] INFO:colcon.colcon_core.shell:Creating package script '/home/ros/ros2_ws/src/install/naoqi_libqi/share/naoqi_libqi/package.sh'
[2.124s] INFO:colcon.colcon_core.shell:Creating package script '/home/ros/ros2_ws/src/install/naoqi_libqi/share/naoqi_libqi/package.bash'
[2.126s] INFO:colcon.colcon_core.shell:Creating package script '/home/ros/ros2_ws/src/install/naoqi_libqi/share/naoqi_libqi/package.zsh'
[2.127s] Level 1:colcon.colcon_core.environment:create_file_with_runtime_dependencies(/home/ros/ros2_ws/src/install/naoqi_libqi/share/colcon-core/packages/naoqi_libqi)
[2.250s] DEBUG:colcon.colcon_core.event_handler.log_command:Invoking command in '/home/ros/ros2_ws/src/qi_unipa': PYTHONPATH=/home/ros/ros2_ws/src/build/qi_unipa/prefix_override:/usr/lib/python3/dist-packages/colcon_core/task/python/colcon_distutils_commands:/home/ros/ros2_ws/src/install/qi_unipa/lib/python3.10/site-packages:${PYTHONPATH} /usr/bin/python3 -W ignore:setup.py install is deprecated setup.py egg_info --egg-base ../build/qi_unipa build --build-base /home/ros/ros2_ws/src/build/qi_unipa/build install --record /home/ros/ros2_ws/src/build/qi_unipa/install.log --single-version-externally-managed install_data
[2.254s] DEBUG:colcon.colcon_core.event_handler.log_command:Invoking command in '/home/ros/ros2_ws/src/my_robot_controller': PYTHONPATH=/home/ros/ros2_ws/src/build/my_robot_controller/prefix_override:/usr/lib/python3/dist-packages/colcon_core/task/python/colcon_distutils_commands:/home/ros/ros2_ws/src/install/my_robot_controller/lib/python3.10/site-packages:${PYTHONPATH} /usr/bin/python3 -W ignore:setup.py install is deprecated setup.py egg_info --egg-base ../build/my_robot_controller build --build-base /home/ros/ros2_ws/src/build/my_robot_controller/build install --record /home/ros/ros2_ws/src/build/my_robot_controller/install.log --single-version-externally-managed install_data
[2.260s] DEBUG:colcon.colcon_core.event_handler.log_command:Invoking command in '/home/ros/ros2_ws/src/movement': PYTHONPATH=/home/ros/ros2_ws/src/build/movement/prefix_override:/usr/lib/python3/dist-packages/colcon_core/task/python/colcon_distutils_commands:/home/ros/ros2_ws/src/install/movement/lib/python3.10/site-packages:${PYTHONPATH} /usr/bin/python3 -W ignore:setup.py install is deprecated setup.py egg_info --egg-base ../build/movement build --build-base /home/ros/ros2_ws/src/build/movement/build install --record /home/ros/ros2_ws/src/build/movement/install.log --single-version-externally-managed install_data
[2.262s] DEBUG:colcon.colcon_core.event_handler.log_command:Invoking command in '/home/ros/ros2_ws/src/naoqi_interface': PYTHONPATH=/home/ros/ros2_ws/src/build/naoqi_interface/prefix_override:/usr/lib/python3/dist-packages/colcon_core/task/python/colcon_distutils_commands:/home/ros/ros2_ws/src/install/naoqi_interface/lib/python3.10/site-packages:${PYTHONPATH} /usr/bin/python3 -W ignore:setup.py install is deprecated setup.py egg_info --egg-base ../build/naoqi_interface build --build-base /home/ros/ros2_ws/src/build/naoqi_interface/build install --record /home/ros/ros2_ws/src/build/naoqi_interface/install.log --single-version-externally-managed install_data
[2.267s] DEBUG:colcon.colcon_core.event_handler.log_command:Invoking command in '/home/ros/ros2_ws/src/speech': PYTHONPATH=/home/ros/ros2_ws/src/build/speech/prefix_override:/usr/lib/python3/dist-packages/colcon_core/task/python/colcon_distutils_commands:/home/ros/ros2_ws/src/install/speech/lib/python3.10/site-packages:${PYTHONPATH} /usr/bin/python3 -W ignore:setup.py install is deprecated setup.py egg_info --egg-base ../build/speech build --build-base /home/ros/ros2_ws/src/build/speech/build install --record /home/ros/ros2_ws/src/build/speech/install.log --single-version-externally-managed install_data
[2.413s] Level 1:colcon.colcon_core.environment:create_environment_scripts_only(naoqi_libqi)
[2.413s] Level 1:colcon.colcon_core.environment:checking '/home/ros/ros2_ws/src/install/naoqi_libqi' for CMake module files
[2.414s] Level 1:colcon.colcon_core.environment:checking '/home/ros/ros2_ws/src/install/naoqi_libqi' for CMake config files
[2.415s] Level 1:colcon.colcon_core.shell:create_environment_hook('naoqi_libqi', 'cmake_prefix_path')
[2.415s] INFO:colcon.colcon_core.shell:Creating environment hook '/home/ros/ros2_ws/src/install/naoqi_libqi/share/naoqi_libqi/hook/cmake_prefix_path.ps1'
[2.416s] INFO:colcon.colcon_core.shell:Creating environment descriptor '/home/ros/ros2_ws/src/install/naoqi_libqi/share/naoqi_libqi/hook/cmake_prefix_path.dsv'
[2.416s] INFO:colcon.colcon_core.shell:Creating environment hook '/home/ros/ros2_ws/src/install/naoqi_libqi/share/naoqi_libqi/hook/cmake_prefix_path.sh'
[2.417s] Level 1:colcon.colcon_core.environment:checking '/home/ros/ros2_ws/src/install/naoqi_libqi/lib'
[2.417s] Level 1:colcon.colcon_core.shell:create_environment_hook('naoqi_libqi', 'ld_library_path_lib')
[2.418s] INFO:colcon.colcon_core.shell:Creating environment hook '/home/ros/ros2_ws/src/install/naoqi_libqi/share/naoqi_libqi/hook/ld_library_path_lib.ps1'
[2.419s] INFO:colcon.colcon_core.shell:Creating environment descriptor '/home/ros/ros2_ws/src/install/naoqi_libqi/share/naoqi_libqi/hook/ld_library_path_lib.dsv'
[2.419s] INFO:colcon.colcon_core.shell:Creating environment hook '/home/ros/ros2_ws/src/install/naoqi_libqi/share/naoqi_libqi/hook/ld_library_path_lib.sh'
[2.420s] Level 1:colcon.colcon_core.environment:checking '/home/ros/ros2_ws/src/install/naoqi_libqi/bin'
[2.420s] Level 1:colcon.colcon_core.environment:checking '/home/ros/ros2_ws/src/install/naoqi_libqi/lib/pkgconfig/naoqi_libqi.pc'
[2.420s] Level 1:colcon.colcon_core.environment:checking '/home/ros/ros2_ws/src/install/naoqi_libqi/lib/python3.10/site-packages'
[2.421s] Level 1:colcon.colcon_core.environment:checking '/home/ros/ros2_ws/src/install/naoqi_libqi/bin'
[2.421s] INFO:colcon.colcon_core.shell:Creating package script '/home/ros/ros2_ws/src/install/naoqi_libqi/share/naoqi_libqi/package.ps1'
[2.422s] INFO:colcon.colcon_core.shell:Creating package descriptor '/home/ros/ros2_ws/src/install/naoqi_libqi/share/naoqi_libqi/package.dsv'
[2.423s] INFO:colcon.colcon_core.shell:Creating package script '/home/ros/ros2_ws/src/install/naoqi_libqi/share/naoqi_libqi/package.sh'
[2.424s] INFO:colcon.colcon_core.shell:Creating package script '/home/ros/ros2_ws/src/install/naoqi_libqi/share/naoqi_libqi/package.bash'
[2.425s] INFO:colcon.colcon_core.shell:Creating package script '/home/ros/ros2_ws/src/install/naoqi_libqi/share/naoqi_libqi/package.zsh'
[2.426s] Level 1:colcon.colcon_core.environment:create_file_with_runtime_dependencies(/home/ros/ros2_ws/src/install/naoqi_libqi/share/colcon-core/packages/naoqi_libqi)
[2.426s] INFO:colcon.colcon_ros.task.ament_cmake.build:Building ROS package in '/home/ros/ros2_ws/src/naoqi_libqicore' with build type 'ament_cmake'
[2.426s] INFO:colcon.colcon_cmake.task.cmake.build:Building CMake package in '/home/ros/ros2_ws/src/naoqi_libqicore'
[2.427s] INFO:colcon.colcon_core.shell:Skip shell extension 'powershell' for command environment: Not usable outside of PowerShell
[2.427s] DEBUG:colcon.colcon_core.shell:Skip shell extension 'dsv' for command environment
[2.441s] DEBUG:colcon.colcon_core.event_handler.log_command:Invoking command in '/home/ros/ros2_ws/src/build/naoqi_libqicore': AMENT_PREFIX_PATH=/home/ros/ros2_ws/src/install/naoqi_libqi:${AMENT_PREFIX_PATH} CMAKE_PREFIX_PATH=/home/ros/ros2_ws/src/install/naoqi_libqi:/home/ros/ros2_ws/install/naoqi_driver:/home/ros/ros2_ws/install/naoqi_libqicore:/home/ros/ros2_ws/install/naoqi_libqi:/home/ros/ros2_ws/install/naoqi_bridge_msgs:/home/ros/ros2_ws/install/speech:/home/ros/ros2_ws/install/naoqi_interface:/home/ros/ros2_ws/install/my_robot_controller:/home/ros/ros2_ws/install/movement:/opt/ros/humble LD_LIBRARY_PATH=/home/ros/ros2_ws/src/install/naoqi_libqi/lib:${LD_LIBRARY_PATH} /usr/bin/cmake --build /home/ros/ros2_ws/src/build/naoqi_libqicore -- -j12 -l12
[2.554s] DEBUG:colcon.colcon_core.event_handler.log_command:Invoked command in '/home/ros/ros2_ws/src/build/naoqi_libqicore' returned '0': AMENT_PREFIX_PATH=/home/ros/ros2_ws/src/install/naoqi_libqi:${AMENT_PREFIX_PATH} CMAKE_PREFIX_PATH=/home/ros/ros2_ws/src/install/naoqi_libqi:/home/ros/ros2_ws/install/naoqi_driver:/home/ros/ros2_ws/install/naoqi_libqicore:/home/ros/ros2_ws/install/naoqi_libqi:/home/ros/ros2_ws/install/naoqi_bridge_msgs:/home/ros/ros2_ws/install/speech:/home/ros/ros2_ws/install/naoqi_interface:/home/ros/ros2_ws/install/my_robot_controller:/home/ros/ros2_ws/install/movement:/opt/ros/humble LD_LIBRARY_PATH=/home/ros/ros2_ws/src/install/naoqi_libqi/lib:${LD_LIBRARY_PATH} /usr/bin/cmake --build /home/ros/ros2_ws/src/build/naoqi_libqicore -- -j12 -l12
[2.585s] DEBUG:colcon.colcon_core.event_handler.log_command:Invoking command in '/home/ros/ros2_ws/src/build/naoqi_libqicore': AMENT_PREFIX_PATH=/home/ros/ros2_ws/src/install/naoqi_libqi:${AMENT_PREFIX_PATH} CMAKE_PREFIX_PATH=/home/ros/ros2_ws/src/install/naoqi_libqi:/home/ros/ros2_ws/install/naoqi_driver:/home/ros/ros2_ws/install/naoqi_libqicore:/home/ros/ros2_ws/install/naoqi_libqi:/home/ros/ros2_ws/install/naoqi_bridge_msgs:/home/ros/ros2_ws/install/speech:/home/ros/ros2_ws/install/naoqi_interface:/home/ros/ros2_ws/install/my_robot_controller:/home/ros/ros2_ws/install/movement:/opt/ros/humble LD_LIBRARY_PATH=/home/ros/ros2_ws/src/install/naoqi_libqi/lib:${LD_LIBRARY_PATH} /usr/bin/cmake --install /home/ros/ros2_ws/src/build/naoqi_libqicore
[2.601s] Level 1:colcon.colcon_core.environment:create_environment_scripts_only(naoqi_libqicore)
[2.602s] Level 1:colcon.colcon_core.environment:checking '/home/ros/ros2_ws/src/install/naoqi_libqicore' for CMake module files
[2.603s] DEBUG:colcon.colcon_core.event_handler.log_command:Invoked command in '/home/ros/ros2_ws/src/build/naoqi_libqicore' returned '0': AMENT_PREFIX_PATH=/home/ros/ros2_ws/src/install/naoqi_libqi:${AMENT_PREFIX_PATH} CMAKE_PREFIX_PATH=/home/ros/ros2_ws/src/install/naoqi_libqi:/home/ros/ros2_ws/install/naoqi_driver:/home/ros/ros2_ws/install/naoqi_libqicore:/home/ros/ros2_ws/install/naoqi_libqi:/home/ros/ros2_ws/install/naoqi_bridge_msgs:/home/ros/ros2_ws/install/speech:/home/ros/ros2_ws/install/naoqi_interface:/home/ros/ros2_ws/install/my_robot_controller:/home/ros/ros2_ws/install/movement:/opt/ros/humble LD_LIBRARY_PATH=/home/ros/ros2_ws/src/install/naoqi_libqi/lib:${LD_LIBRARY_PATH} /usr/bin/cmake --install /home/ros/ros2_ws/src/build/naoqi_libqicore
[2.604s] Level 1:colcon.colcon_core.environment:checking '/home/ros/ros2_ws/src/install/naoqi_libqicore' for CMake config files
[2.604s] Level 1:colcon.colcon_core.shell:create_environment_hook('naoqi_libqicore', 'cmake_prefix_path')
[2.604s] INFO:colcon.colcon_core.shell:Creating environment hook '/home/ros/ros2_ws/src/install/naoqi_libqicore/share/naoqi_libqicore/hook/cmake_prefix_path.ps1'
[2.605s] INFO:colcon.colcon_core.shell:Creating environment descriptor '/home/ros/ros2_ws/src/install/naoqi_libqicore/share/naoqi_libqicore/hook/cmake_prefix_path.dsv'
[2.606s] INFO:colcon.colcon_core.shell:Creating environment hook '/home/ros/ros2_ws/src/install/naoqi_libqicore/share/naoqi_libqicore/hook/cmake_prefix_path.sh'
[2.607s] Level 1:colcon.colcon_core.environment:checking '/home/ros/ros2_ws/src/install/naoqi_libqicore/lib'
[2.607s] Level 1:colcon.colcon_core.environment:checking '/home/ros/ros2_ws/src/install/naoqi_libqicore/bin'
[2.607s] Level 1:colcon.colcon_core.environment:checking '/home/ros/ros2_ws/src/install/naoqi_libqicore/lib/pkgconfig/naoqi_libqicore.pc'
[2.607s] Level 1:colcon.colcon_core.environment:checking '/home/ros/ros2_ws/src/install/naoqi_libqicore/lib/python3.10/site-packages'
[2.608s] Level 1:colcon.colcon_core.environment:checking '/home/ros/ros2_ws/src/install/naoqi_libqicore/bin'
[2.608s] INFO:colcon.colcon_core.shell:Creating package script '/home/ros/ros2_ws/src/install/naoqi_libqicore/share/naoqi_libqicore/package.ps1'
[2.609s] INFO:colcon.colcon_core.shell:Creating package descriptor '/home/ros/ros2_ws/src/install/naoqi_libqicore/share/naoqi_libqicore/package.dsv'
[2.610s] INFO:colcon.colcon_core.shell:Creating package script '/home/ros/ros2_ws/src/install/naoqi_libqicore/share/naoqi_libqicore/package.sh'
[2.611s] INFO:colcon.colcon_core.shell:Creating package script '/home/ros/ros2_ws/src/install/naoqi_libqicore/share/naoqi_libqicore/package.bash'
[2.611s] INFO:colcon.colcon_core.shell:Creating package script '/home/ros/ros2_ws/src/install/naoqi_libqicore/share/naoqi_libqicore/package.zsh'
[2.612s] Level 1:colcon.colcon_core.environment:create_file_with_runtime_dependencies(/home/ros/ros2_ws/src/install/naoqi_libqicore/share/colcon-core/packages/naoqi_libqicore)
[2.643s] Level 1:colcon.colcon_core.environment:create_environment_scripts_only(naoqi_libqicore)
[2.643s] Level 1:colcon.colcon_core.environment:checking '/home/ros/ros2_ws/src/install/naoqi_libqicore' for CMake module files
[2.644s] Level 1:colcon.colcon_core.environment:checking '/home/ros/ros2_ws/src/install/naoqi_libqicore' for CMake config files
[2.644s] Level 1:colcon.colcon_core.shell:create_environment_hook('naoqi_libqicore', 'cmake_prefix_path')
[2.645s] INFO:colcon.colcon_core.shell:Creating environment hook '/home/ros/ros2_ws/src/install/naoqi_libqicore/share/naoqi_libqicore/hook/cmake_prefix_path.ps1'
[2.646s] INFO:colcon.colcon_core.shell:Creating environment descriptor '/home/ros/ros2_ws/src/install/naoqi_libqicore/share/naoqi_libqicore/hook/cmake_prefix_path.dsv'
[2.646s] INFO:colcon.colcon_core.shell:Creating environment hook '/home/ros/ros2_ws/src/install/naoqi_libqicore/share/naoqi_libqicore/hook/cmake_prefix_path.sh'
[2.647s] Level 1:colcon.colcon_core.environment:checking '/home/ros/ros2_ws/src/install/naoqi_libqicore/lib'
[2.647s] Level 1:colcon.colcon_core.environment:checking '/home/ros/ros2_ws/src/install/naoqi_libqicore/bin'
[2.647s] Level 1:colcon.colcon_core.environment:checking '/home/ros/ros2_ws/src/install/naoqi_libqicore/lib/pkgconfig/naoqi_libqicore.pc'
[2.647s] Level 1:colcon.colcon_core.environment:checking '/home/ros/ros2_ws/src/install/naoqi_libqicore/lib/python3.10/site-packages'
[2.648s] Level 1:colcon.colcon_core.environment:checking '/home/ros/ros2_ws/src/install/naoqi_libqicore/bin'
[2.648s] INFO:colcon.colcon_core.shell:Creating package script '/home/ros/ros2_ws/src/install/naoqi_libqicore/share/naoqi_libqicore/package.ps1'
[2.649s] INFO:colcon.colcon_core.shell:Creating package descriptor '/home/ros/ros2_ws/src/install/naoqi_libqicore/share/naoqi_libqicore/package.dsv'
[2.649s] INFO:colcon.colcon_core.shell:Creating package script '/home/ros/ros2_ws/src/install/naoqi_libqicore/share/naoqi_libqicore/package.sh'
[2.650s] INFO:colcon.colcon_core.shell:Creating package script '/home/ros/ros2_ws/src/install/naoqi_libqicore/share/naoqi_libqicore/package.bash'
[2.650s] INFO:colcon.colcon_core.shell:Creating package script '/home/ros/ros2_ws/src/install/naoqi_libqicore/share/naoqi_libqicore/package.zsh'
[2.651s] Level 1:colcon.colcon_core.environment:create_file_with_runtime_dependencies(/home/ros/ros2_ws/src/install/naoqi_libqicore/share/colcon-core/packages/naoqi_libqicore)
[2.652s] Level 1:colcon.colcon_core.environment:checking '/home/ros/ros2_ws/src/install/qi_unipa' for CMake module files
[2.653s] Level 1:colcon.colcon_core.environment:checking '/home/ros/ros2_ws/src/install/qi_unipa' for CMake config files
[2.654s] DEBUG:colcon.colcon_core.event_handler.log_command:Invoked command in '/home/ros/ros2_ws/src/qi_unipa' returned '0': PYTHONPATH=/home/ros/ros2_ws/src/build/qi_unipa/prefix_override:/usr/lib/python3/dist-packages/colcon_core/task/python/colcon_distutils_commands:/home/ros/ros2_ws/src/install/qi_unipa/lib/python3.10/site-packages:${PYTHONPATH} /usr/bin/python3 -W ignore:setup.py install is deprecated setup.py egg_info --egg-base ../build/qi_unipa build --build-base /home/ros/ros2_ws/src/build/qi_unipa/build install --record /home/ros/ros2_ws/src/build/qi_unipa/install.log --single-version-externally-managed install_data
[2.655s] Level 1:colcon.colcon_core.environment:checking '/home/ros/ros2_ws/src/install/qi_unipa/lib'
[2.655s] Level 1:colcon.colcon_core.environment:checking '/home/ros/ros2_ws/src/install/qi_unipa/bin'
[2.655s] Level 1:colcon.colcon_core.environment:checking '/home/ros/ros2_ws/src/install/qi_unipa/lib/pkgconfig/qi_unipa.pc'
[2.655s] Level 1:colcon.colcon_core.environment:checking '/home/ros/ros2_ws/src/install/qi_unipa/lib/python3.10/site-packages'
[2.655s] Level 1:colcon.colcon_core.shell:create_environment_hook('qi_unipa', 'pythonpath')
[2.656s] INFO:colcon.colcon_core.shell:Creating environment hook '/home/ros/ros2_ws/src/install/qi_unipa/share/qi_unipa/hook/pythonpath.ps1'
[2.656s] INFO:colcon.colcon_core.shell:Creating environment descriptor '/home/ros/ros2_ws/src/install/qi_unipa/share/qi_unipa/hook/pythonpath.dsv'
[2.657s] INFO:colcon.colcon_core.shell:Creating environment hook '/home/ros/ros2_ws/src/install/qi_unipa/share/qi_unipa/hook/pythonpath.sh'
[2.658s] Level 1:colcon.colcon_core.environment:checking '/home/ros/ros2_ws/src/install/qi_unipa/bin'
[2.658s] Level 1:colcon.colcon_core.environment:create_environment_scripts_only(qi_unipa)
[2.658s] INFO:colcon.colcon_core.shell:Creating package script '/home/ros/ros2_ws/src/install/qi_unipa/share/qi_unipa/package.ps1'
[2.659s] INFO:colcon.colcon_core.shell:Creating package descriptor '/home/ros/ros2_ws/src/install/qi_unipa/share/qi_unipa/package.dsv'
[2.660s] INFO:colcon.colcon_core.shell:Creating package script '/home/ros/ros2_ws/src/install/qi_unipa/share/qi_unipa/package.sh'
[2.660s] INFO:colcon.colcon_core.shell:Creating package script '/home/ros/ros2_ws/src/install/qi_unipa/share/qi_unipa/package.bash'
[2.661s] INFO:colcon.colcon_core.shell:Creating package script '/home/ros/ros2_ws/src/install/qi_unipa/share/qi_unipa/package.zsh'
[2.661s] Level 1:colcon.colcon_core.environment:create_file_with_runtime_dependencies(/home/ros/ros2_ws/src/install/qi_unipa/share/colcon-core/packages/qi_unipa)
[2.673s] Level 1:colcon.colcon_core.environment:checking '/home/ros/ros2_ws/src/install/speech' for CMake module files
[2.673s] DEBUG:colcon.colcon_core.event_handler.log_command:Invoked command in '/home/ros/ros2_ws/src/speech' returned '0': PYTHONPATH=/home/ros/ros2_ws/src/build/speech/prefix_override:/usr/lib/python3/dist-packages/colcon_core/task/python/colcon_distutils_commands:/home/ros/ros2_ws/src/install/speech/lib/python3.10/site-packages:${PYTHONPATH} /usr/bin/python3 -W ignore:setup.py install is deprecated setup.py egg_info --egg-base ../build/speech build --build-base /home/ros/ros2_ws/src/build/speech/build install --record /home/ros/ros2_ws/src/build/speech/install.log --single-version-externally-managed install_data
[2.674s] Level 1:colcon.colcon_core.environment:checking '/home/ros/ros2_ws/src/install/speech' for CMake config files
[2.674s] Level 1:colcon.colcon_core.environment:checking '/home/ros/ros2_ws/src/install/speech/lib'
[2.674s] Level 1:colcon.colcon_core.environment:checking '/home/ros/ros2_ws/src/install/speech/bin'
[2.675s] Level 1:colcon.colcon_core.environment:checking '/home/ros/ros2_ws/src/install/speech/lib/pkgconfig/speech.pc'
[2.675s] Level 1:colcon.colcon_core.environment:checking '/home/ros/ros2_ws/src/install/speech/lib/python3.10/site-packages'
[2.675s] Level 1:colcon.colcon_core.shell:create_environment_hook('speech', 'pythonpath')
[2.675s] INFO:colcon.colcon_core.shell:Creating environment hook '/home/ros/ros2_ws/src/install/speech/share/speech/hook/pythonpath.ps1'
[2.676s] INFO:colcon.colcon_core.shell:Creating environment descriptor '/home/ros/ros2_ws/src/install/speech/share/speech/hook/pythonpath.dsv'
[2.676s] INFO:colcon.colcon_core.shell:Creating environment hook '/home/ros/ros2_ws/src/install/speech/share/speech/hook/pythonpath.sh'
[2.677s] Level 1:colcon.colcon_core.environment:checking '/home/ros/ros2_ws/src/install/speech/bin'
[2.677s] Level 1:colcon.colcon_core.environment:create_environment_scripts_only(speech)
[2.678s] INFO:colcon.colcon_core.shell:Creating package script '/home/ros/ros2_ws/src/install/speech/share/speech/package.ps1'
[2.680s] INFO:colcon.colcon_core.shell:Creating package descriptor '/home/ros/ros2_ws/src/install/speech/share/speech/package.dsv'
[2.680s] INFO:colcon.colcon_core.shell:Creating package script '/home/ros/ros2_ws/src/install/speech/share/speech/package.sh'
[2.681s] INFO:colcon.colcon_core.shell:Creating package script '/home/ros/ros2_ws/src/install/speech/share/speech/package.bash'
[2.682s] INFO:colcon.colcon_core.shell:Creating package script '/home/ros/ros2_ws/src/install/speech/share/speech/package.zsh'
[2.683s] Level 1:colcon.colcon_core.environment:create_file_with_runtime_dependencies(/home/ros/ros2_ws/src/install/speech/share/colcon-core/packages/speech)
[2.688s] Level 1:colcon.colcon_core.environment:checking '/home/ros/ros2_ws/src/install/naoqi_interface' for CMake module files
[2.689s] DEBUG:colcon.colcon_core.event_handler.log_command:Invoked command in '/home/ros/ros2_ws/src/naoqi_interface' returned '0': PYTHONPATH=/home/ros/ros2_ws/src/build/naoqi_interface/prefix_override:/usr/lib/python3/dist-packages/colcon_core/task/python/colcon_distutils_commands:/home/ros/ros2_ws/src/install/naoqi_interface/lib/python3.10/site-packages:${PYTHONPATH} /usr/bin/python3 -W ignore:setup.py install is deprecated setup.py egg_info --egg-base ../build/naoqi_interface build --build-base /home/ros/ros2_ws/src/build/naoqi_interface/build install --record /home/ros/ros2_ws/src/build/naoqi_interface/install.log --single-version-externally-managed install_data
[2.689s] Level 1:colcon.colcon_core.environment:checking '/home/ros/ros2_ws/src/install/naoqi_interface' for CMake config files
[2.690s] Level 1:colcon.colcon_core.environment:checking '/home/ros/ros2_ws/src/install/naoqi_interface/lib'
[2.690s] Level 1:colcon.colcon_core.environment:checking '/home/ros/ros2_ws/src/install/naoqi_interface/bin'
[2.690s] Level 1:colcon.colcon_core.environment:checking '/home/ros/ros2_ws/src/install/naoqi_interface/lib/pkgconfig/naoqi_interface.pc'
[2.690s] Level 1:colcon.colcon_core.environment:checking '/home/ros/ros2_ws/src/install/naoqi_interface/lib/python3.10/site-packages'
[2.690s] Level 1:colcon.colcon_core.shell:create_environment_hook('naoqi_interface', 'pythonpath')
[2.690s] INFO:colcon.colcon_core.shell:Creating environment hook '/home/ros/ros2_ws/src/install/naoqi_interface/share/naoqi_interface/hook/pythonpath.ps1'
[2.691s] INFO:colcon.colcon_core.shell:Creating environment descriptor '/home/ros/ros2_ws/src/install/naoqi_interface/share/naoqi_interface/hook/pythonpath.dsv'
[2.691s] INFO:colcon.colcon_core.shell:Creating environment hook '/home/ros/ros2_ws/src/install/naoqi_interface/share/naoqi_interface/hook/pythonpath.sh'
[2.692s] Level 1:colcon.colcon_core.environment:checking '/home/ros/ros2_ws/src/install/naoqi_interface/bin'
[2.692s] Level 1:colcon.colcon_core.environment:create_environment_scripts_only(naoqi_interface)
[2.693s] INFO:colcon.colcon_core.shell:Creating package script '/home/ros/ros2_ws/src/install/naoqi_interface/share/naoqi_interface/package.ps1'
[2.693s] INFO:colcon.colcon_core.shell:Creating package descriptor '/home/ros/ros2_ws/src/install/naoqi_interface/share/naoqi_interface/package.dsv'
[2.694s] INFO:colcon.colcon_core.shell:Creating package script '/home/ros/ros2_ws/src/install/naoqi_interface/share/naoqi_interface/package.sh'
[2.695s] INFO:colcon.colcon_core.shell:Creating package script '/home/ros/ros2_ws/src/install/naoqi_interface/share/naoqi_interface/package.bash'
[2.696s] INFO:colcon.colcon_core.shell:Creating package script '/home/ros/ros2_ws/src/install/naoqi_interface/share/naoqi_interface/package.zsh'
[2.697s] Level 1:colcon.colcon_core.environment:create_file_with_runtime_dependencies(/home/ros/ros2_ws/src/install/naoqi_interface/share/colcon-core/packages/naoqi_interface)
[2.798s] Level 1:colcon.colcon_core.environment:checking '/home/ros/ros2_ws/src/install/movement' for CMake module files
[2.798s] DEBUG:colcon.colcon_core.event_handler.log_command:Invoked command in '/home/ros/ros2_ws/src/movement' returned '0': PYTHONPATH=/home/ros/ros2_ws/src/build/movement/prefix_override:/usr/lib/python3/dist-packages/colcon_core/task/python/colcon_distutils_commands:/home/ros/ros2_ws/src/install/movement/lib/python3.10/site-packages:${PYTHONPATH} /usr/bin/python3 -W ignore:setup.py install is deprecated setup.py egg_info --egg-base ../build/movement build --build-base /home/ros/ros2_ws/src/build/movement/build install --record /home/ros/ros2_ws/src/build/movement/install.log --single-version-externally-managed install_data
[2.799s] Level 1:colcon.colcon_core.environment:checking '/home/ros/ros2_ws/src/install/movement' for CMake config files
[2.799s] Level 1:colcon.colcon_core.environment:checking '/home/ros/ros2_ws/src/install/movement/lib'
[2.799s] Level 1:colcon.colcon_core.environment:checking '/home/ros/ros2_ws/src/install/movement/bin'
[2.800s] Level 1:colcon.colcon_core.environment:checking '/home/ros/ros2_ws/src/install/movement/lib/pkgconfig/movement.pc'
[2.800s] Level 1:colcon.colcon_core.environment:checking '/home/ros/ros2_ws/src/install/movement/lib/python3.10/site-packages'
[2.800s] Level 1:colcon.colcon_core.shell:create_environment_hook('movement', 'pythonpath')
[2.800s] INFO:colcon.colcon_core.shell:Creating environment hook '/home/ros/ros2_ws/src/install/movement/share/movement/hook/pythonpath.ps1'
[2.801s] INFO:colcon.colcon_core.shell:Creating environment descriptor '/home/ros/ros2_ws/src/install/movement/share/movement/hook/pythonpath.dsv'
[2.801s] INFO:colcon.colcon_core.shell:Creating environment hook '/home/ros/ros2_ws/src/install/movement/share/movement/hook/pythonpath.sh'
[2.802s] Level 1:colcon.colcon_core.environment:checking '/home/ros/ros2_ws/src/install/movement/bin'
[2.802s] Level 1:colcon.colcon_core.environment:create_environment_scripts_only(movement)
[2.802s] INFO:colcon.colcon_core.shell:Creating package script '/home/ros/ros2_ws/src/install/movement/share/movement/package.ps1'
[2.803s] INFO:colcon.colcon_core.shell:Creating package descriptor '/home/ros/ros2_ws/src/install/movement/share/movement/package.dsv'
[2.803s] INFO:colcon.colcon_core.shell:Creating package script '/home/ros/ros2_ws/src/install/movement/share/movement/package.sh'
[2.804s] INFO:colcon.colcon_core.shell:Creating package script '/home/ros/ros2_ws/src/install/movement/share/movement/package.bash'
[2.804s] INFO:colcon.colcon_core.shell:Creating package script '/home/ros/ros2_ws/src/install/movement/share/movement/package.zsh'
[2.804s] Level 1:colcon.colcon_core.environment:create_file_with_runtime_dependencies(/home/ros/ros2_ws/src/install/movement/share/colcon-core/packages/movement)
[2.806s] Level 1:colcon.colcon_core.environment:checking '/home/ros/ros2_ws/src/install/my_robot_controller' for CMake module files
[2.807s] DEBUG:colcon.colcon_core.event_handler.log_command:Invoked command in '/home/ros/ros2_ws/src/my_robot_controller' returned '0': PYTHONPATH=/home/ros/ros2_ws/src/build/my_robot_controller/prefix_override:/usr/lib/python3/dist-packages/colcon_core/task/python/colcon_distutils_commands:/home/ros/ros2_ws/src/install/my_robot_controller/lib/python3.10/site-packages:${PYTHONPATH} /usr/bin/python3 -W ignore:setup.py install is deprecated setup.py egg_info --egg-base ../build/my_robot_controller build --build-base /home/ros/ros2_ws/src/build/my_robot_controller/build install --record /home/ros/ros2_ws/src/build/my_robot_controller/install.log --single-version-externally-managed install_data
[2.807s] Level 1:colcon.colcon_core.environment:checking '/home/ros/ros2_ws/src/install/my_robot_controller' for CMake config files
[2.807s] Level 1:colcon.colcon_core.environment:checking '/home/ros/ros2_ws/src/install/my_robot_controller/lib'
[2.807s] Level 1:colcon.colcon_core.environment:checking '/home/ros/ros2_ws/src/install/my_robot_controller/bin'
[2.808s] Level 1:colcon.colcon_core.environment:checking '/home/ros/ros2_ws/src/install/my_robot_controller/lib/pkgconfig/my_robot_controller.pc'
[2.808s] Level 1:colcon.colcon_core.environment:checking '/home/ros/ros2_ws/src/install/my_robot_controller/lib/python3.10/site-packages'
[2.808s] Level 1:colcon.colcon_core.shell:create_environment_hook('my_robot_controller', 'pythonpath')
[2.808s] INFO:colcon.colcon_core.shell:Creating environment hook '/home/ros/ros2_ws/src/install/my_robot_controller/share/my_robot_controller/hook/pythonpath.ps1'
[2.809s] INFO:colcon.colcon_core.shell:Creating environment descriptor '/home/ros/ros2_ws/src/install/my_robot_controller/share/my_robot_controller/hook/pythonpath.dsv'
[2.809s] INFO:colcon.colcon_core.shell:Creating environment hook '/home/ros/ros2_ws/src/install/my_robot_controller/share/my_robot_controller/hook/pythonpath.sh'
[2.810s] Level 1:colcon.colcon_core.environment:checking '/home/ros/ros2_ws/src/install/my_robot_controller/bin'
[2.810s] Level 1:colcon.colcon_core.environment:create_environment_scripts_only(my_robot_controller)
[2.810s] INFO:colcon.colcon_core.shell:Creating package script '/home/ros/ros2_ws/src/install/my_robot_controller/share/my_robot_controller/package.ps1'
[2.811s] INFO:colcon.colcon_core.shell:Creating package descriptor '/home/ros/ros2_ws/src/install/my_robot_controller/share/my_robot_controller/package.dsv'
[2.811s] INFO:colcon.colcon_core.shell:Creating package script '/home/ros/ros2_ws/src/install/my_robot_controller/share/my_robot_controller/package.sh'
[2.812s] INFO:colcon.colcon_core.shell:Creating package script '/home/ros/ros2_ws/src/install/my_robot_controller/share/my_robot_controller/package.bash'
[2.812s] INFO:colcon.colcon_core.shell:Creating package script '/home/ros/ros2_ws/src/install/my_robot_controller/share/my_robot_controller/package.zsh'
[2.812s] Level 1:colcon.colcon_core.environment:create_file_with_runtime_dependencies(/home/ros/ros2_ws/src/install/my_robot_controller/share/colcon-core/packages/my_robot_controller)
[3.018s] DEBUG:colcon.colcon_core.event_handler.log_command:Invoking command in '/home/ros/ros2_ws/src/build/naoqi_bridge_msgs': CMAKE_PREFIX_PATH=${CMAKE_PREFIX_PATH}:/home/ros/ros2_ws/install/speech:/home/ros/ros2_ws/install/naoqi_interface:/home/ros/ros2_ws/install/my_robot_controller:/home/ros/ros2_ws/install/movement:/opt/ros/humble /usr/bin/cmake --install /home/ros/ros2_ws/src/build/naoqi_bridge_msgs
[3.137s] Level 1:colcon.colcon_core.environment:create_environment_scripts_only(naoqi_bridge_msgs)
[3.137s] DEBUG:colcon.colcon_core.event_handler.log_command:Invoked command in '/home/ros/ros2_ws/src/build/naoqi_bridge_msgs' returned '0': CMAKE_PREFIX_PATH=${CMAKE_PREFIX_PATH}:/home/ros/ros2_ws/install/speech:/home/ros/ros2_ws/install/naoqi_interface:/home/ros/ros2_ws/install/my_robot_controller:/home/ros/ros2_ws/install/movement:/opt/ros/humble /usr/bin/cmake --install /home/ros/ros2_ws/src/build/naoqi_bridge_msgs
[3.137s] Level 1:colcon.colcon_core.environment:checking '/home/ros/ros2_ws/src/install/naoqi_bridge_msgs' for CMake module files
[3.138s] Level 1:colcon.colcon_core.environment:checking '/home/ros/ros2_ws/src/install/naoqi_bridge_msgs' for CMake config files
[3.139s] Level 1:colcon.colcon_core.shell:create_environment_hook('naoqi_bridge_msgs', 'cmake_prefix_path')
[3.139s] INFO:colcon.colcon_core.shell:Creating environment hook '/home/ros/ros2_ws/src/install/naoqi_bridge_msgs/share/naoqi_bridge_msgs/hook/cmake_prefix_path.ps1'
[3.140s] INFO:colcon.colcon_core.shell:Creating environment descriptor '/home/ros/ros2_ws/src/install/naoqi_bridge_msgs/share/naoqi_bridge_msgs/hook/cmake_prefix_path.dsv'
[3.140s] INFO:colcon.colcon_core.shell:Creating environment hook '/home/ros/ros2_ws/src/install/naoqi_bridge_msgs/share/naoqi_bridge_msgs/hook/cmake_prefix_path.sh'
[3.140s] Level 1:colcon.colcon_core.environment:checking '/home/ros/ros2_ws/src/install/naoqi_bridge_msgs/lib'
[3.141s] Level 1:colcon.colcon_core.shell:create_environment_hook('naoqi_bridge_msgs', 'ld_library_path_lib')
[3.141s] INFO:colcon.colcon_core.shell:Creating environment hook '/home/ros/ros2_ws/src/install/naoqi_bridge_msgs/share/naoqi_bridge_msgs/hook/ld_library_path_lib.ps1'
[3.141s] INFO:colcon.colcon_core.shell:Creating environment descriptor '/home/ros/ros2_ws/src/install/naoqi_bridge_msgs/share/naoqi_bridge_msgs/hook/ld_library_path_lib.dsv'
[3.141s] INFO:colcon.colcon_core.shell:Creating environment hook '/home/ros/ros2_ws/src/install/naoqi_bridge_msgs/share/naoqi_bridge_msgs/hook/ld_library_path_lib.sh'
[3.142s] Level 1:colcon.colcon_core.environment:checking '/home/ros/ros2_ws/src/install/naoqi_bridge_msgs/bin'
[3.142s] Level 1:colcon.colcon_core.environment:checking '/home/ros/ros2_ws/src/install/naoqi_bridge_msgs/lib/pkgconfig/naoqi_bridge_msgs.pc'
[3.142s] Level 1:colcon.colcon_core.environment:checking '/home/ros/ros2_ws/src/install/naoqi_bridge_msgs/lib/python3.10/site-packages'
[3.142s] Level 1:colcon.colcon_core.environment:checking '/home/ros/ros2_ws/src/install/naoqi_bridge_msgs/bin'
[3.143s] INFO:colcon.colcon_core.shell:Creating package script '/home/ros/ros2_ws/src/install/naoqi_bridge_msgs/share/naoqi_bridge_msgs/package.ps1'
[3.143s] INFO:colcon.colcon_core.shell:Creating package descriptor '/home/ros/ros2_ws/src/install/naoqi_bridge_msgs/share/naoqi_bridge_msgs/package.dsv'
[3.143s] INFO:colcon.colcon_core.shell:Creating package script '/home/ros/ros2_ws/src/install/naoqi_bridge_msgs/share/naoqi_bridge_msgs/package.sh'
[3.144s] INFO:colcon.colcon_core.shell:Creating package script '/home/ros/ros2_ws/src/install/naoqi_bridge_msgs/share/naoqi_bridge_msgs/package.bash'
[3.144s] INFO:colcon.colcon_core.shell:Creating package script '/home/ros/ros2_ws/src/install/naoqi_bridge_msgs/share/naoqi_bridge_msgs/package.zsh'
[3.144s] Level 1:colcon.colcon_core.environment:create_file_with_runtime_dependencies(/home/ros/ros2_ws/src/install/naoqi_bridge_msgs/share/colcon-core/packages/naoqi_bridge_msgs)
[4.270s] Level 1:colcon.colcon_core.environment:create_environment_scripts_only(naoqi_bridge_msgs)
[4.270s] Level 1:colcon.colcon_core.environment:checking '/home/ros/ros2_ws/src/install/naoqi_bridge_msgs' for CMake module files
[4.271s] Level 1:colcon.colcon_core.environment:checking '/home/ros/ros2_ws/src/install/naoqi_bridge_msgs' for CMake config files
[4.272s] Level 1:colcon.colcon_core.shell:create_environment_hook('naoqi_bridge_msgs', 'cmake_prefix_path')
[4.272s] INFO:colcon.colcon_core.shell:Creating environment hook '/home/ros/ros2_ws/src/install/naoqi_bridge_msgs/share/naoqi_bridge_msgs/hook/cmake_prefix_path.ps1'
[4.272s] INFO:colcon.colcon_core.shell:Creating environment descriptor '/home/ros/ros2_ws/src/install/naoqi_bridge_msgs/share/naoqi_bridge_msgs/hook/cmake_prefix_path.dsv'
[4.273s] INFO:colcon.colcon_core.shell:Creating environment hook '/home/ros/ros2_ws/src/install/naoqi_bridge_msgs/share/naoqi_bridge_msgs/hook/cmake_prefix_path.sh'
[4.273s] Level 1:colcon.colcon_core.environment:checking '/home/ros/ros2_ws/src/install/naoqi_bridge_msgs/lib'
[4.273s] Level 1:colcon.colcon_core.shell:create_environment_hook('naoqi_bridge_msgs', 'ld_library_path_lib')
[4.273s] INFO:colcon.colcon_core.shell:Creating environment hook '/home/ros/ros2_ws/src/install/naoqi_bridge_msgs/share/naoqi_bridge_msgs/hook/ld_library_path_lib.ps1'
[4.274s] INFO:colcon.colcon_core.shell:Creating environment descriptor '/home/ros/ros2_ws/src/install/naoqi_bridge_msgs/share/naoqi_bridge_msgs/hook/ld_library_path_lib.dsv'
[4.274s] INFO:colcon.colcon_core.shell:Creating environment hook '/home/ros/ros2_ws/src/install/naoqi_bridge_msgs/share/naoqi_bridge_msgs/hook/ld_library_path_lib.sh'
[4.275s] Level 1:colcon.colcon_core.environment:checking '/home/ros/ros2_ws/src/install/naoqi_bridge_msgs/bin'
[4.275s] Level 1:colcon.colcon_core.environment:checking '/home/ros/ros2_ws/src/install/naoqi_bridge_msgs/lib/pkgconfig/naoqi_bridge_msgs.pc'
[4.275s] Level 1:colcon.colcon_core.environment:checking '/home/ros/ros2_ws/src/install/naoqi_bridge_msgs/lib/python3.10/site-packages'
[4.275s] Level 1:colcon.colcon_core.environment:checking '/home/ros/ros2_ws/src/install/naoqi_bridge_msgs/bin'
[4.276s] INFO:colcon.colcon_core.shell:Creating package script '/home/ros/ros2_ws/src/install/naoqi_bridge_msgs/share/naoqi_bridge_msgs/package.ps1'
[4.277s] INFO:colcon.colcon_core.shell:Creating package descriptor '/home/ros/ros2_ws/src/install/naoqi_bridge_msgs/share/naoqi_bridge_msgs/package.dsv'
[4.278s] INFO:colcon.colcon_core.shell:Creating package script '/home/ros/ros2_ws/src/install/naoqi_bridge_msgs/share/naoqi_bridge_msgs/package.sh'
[4.278s] INFO:colcon.colcon_core.shell:Creating package script '/home/ros/ros2_ws/src/install/naoqi_bridge_msgs/share/naoqi_bridge_msgs/package.bash'
[4.278s] INFO:colcon.colcon_core.shell:Creating package script '/home/ros/ros2_ws/src/install/naoqi_bridge_msgs/share/naoqi_bridge_msgs/package.zsh'
[4.279s] Level 1:colcon.colcon_core.environment:create_file_with_runtime_dependencies(/home/ros/ros2_ws/src/install/naoqi_bridge_msgs/share/colcon-core/packages/naoqi_bridge_msgs)
[4.279s] INFO:colcon.colcon_ros.task.ament_cmake.build:Building ROS package in '/home/ros/ros2_ws/src/naoqi_driver2' with build type 'ament_cmake'
[4.279s] INFO:colcon.colcon_cmake.task.cmake.build:Building CMake package in '/home/ros/ros2_ws/src/naoqi_driver2'
[4.280s] INFO:colcon.colcon_core.shell:Skip shell extension 'powershell' for command environment: Not usable outside of PowerShell
[4.280s] DEBUG:colcon.colcon_core.shell:Skip shell extension 'dsv' for command environment
[4.301s] DEBUG:colcon.colcon_core.event_handler.log_command:Invoking command in '/home/ros/ros2_ws/src/build/naoqi_driver': AMENT_PREFIX_PATH=/home/ros/ros2_ws/src/install/naoqi_libqicore:/home/ros/ros2_ws/src/install/naoqi_libqi:/home/ros/ros2_ws/src/install/naoqi_bridge_msgs:${AMENT_PREFIX_PATH} CMAKE_PREFIX_PATH=/home/ros/ros2_ws/src/install/naoqi_libqicore:/home/ros/ros2_ws/src/install/naoqi_libqi:/home/ros/ros2_ws/src/install/naoqi_bridge_msgs:/home/ros/ros2_ws/install/naoqi_driver:/home/ros/ros2_ws/install/naoqi_libqicore:/home/ros/ros2_ws/install/naoqi_libqi:/home/ros/ros2_ws/install/naoqi_bridge_msgs:/home/ros/ros2_ws/install/speech:/home/ros/ros2_ws/install/naoqi_interface:/home/ros/ros2_ws/install/my_robot_controller:/home/ros/ros2_ws/install/movement:/opt/ros/humble LD_LIBRARY_PATH=/home/ros/ros2_ws/src/install/naoqi_libqicore/lib:/home/ros/ros2_ws/src/install/naoqi_libqi/lib:/home/ros/ros2_ws/src/install/naoqi_bridge_msgs/lib:${LD_LIBRARY_PATH} PYTHONPATH=/home/ros/ros2_ws/src/install/naoqi_bridge_msgs/local/lib/python3.10/dist-packages:${PYTHONPATH} /usr/bin/cmake --build /home/ros/ros2_ws/src/build/naoqi_driver -- -j12 -l12
[4.572s] DEBUG:colcon.colcon_core.event_handler.log_command:Invoked command in '/home/ros/ros2_ws/src/build/naoqi_driver' returned '0': AMENT_PREFIX_PATH=/home/ros/ros2_ws/src/install/naoqi_libqicore:/home/ros/ros2_ws/src/install/naoqi_libqi:/home/ros/ros2_ws/src/install/naoqi_bridge_msgs:${AMENT_PREFIX_PATH} CMAKE_PREFIX_PATH=/home/ros/ros2_ws/src/install/naoqi_libqicore:/home/ros/ros2_ws/src/install/naoqi_libqi:/home/ros/ros2_ws/src/install/naoqi_bridge_msgs:/home/ros/ros2_ws/install/naoqi_driver:/home/ros/ros2_ws/install/naoqi_libqicore:/home/ros/ros2_ws/install/naoqi_libqi:/home/ros/ros2_ws/install/naoqi_bridge_msgs:/home/ros/ros2_ws/install/speech:/home/ros/ros2_ws/install/naoqi_interface:/home/ros/ros2_ws/install/my_robot_controller:/home/ros/ros2_ws/install/movement:/opt/ros/humble LD_LIBRARY_PATH=/home/ros/ros2_ws/src/install/naoqi_libqicore/lib:/home/ros/ros2_ws/src/install/naoqi_libqi/lib:/home/ros/ros2_ws/src/install/naoqi_bridge_msgs/lib:${LD_LIBRARY_PATH} PYTHONPATH=/home/ros/ros2_ws/src/install/naoqi_bridge_msgs/local/lib/python3.10/dist-packages:${PYTHONPATH} /usr/bin/cmake --build /home/ros/ros2_ws/src/build/naoqi_driver -- -j12 -l12
[4.726s] DEBUG:colcon.colcon_core.event_handler.log_command:Invoking command in '/home/ros/ros2_ws/src/build/naoqi_driver': AMENT_PREFIX_PATH=/home/ros/ros2_ws/src/install/naoqi_libqicore:/home/ros/ros2_ws/src/install/naoqi_libqi:/home/ros/ros2_ws/src/install/naoqi_bridge_msgs:${AMENT_PREFIX_PATH} CMAKE_PREFIX_PATH=/home/ros/ros2_ws/src/install/naoqi_libqicore:/home/ros/ros2_ws/src/install/naoqi_libqi:/home/ros/ros2_ws/src/install/naoqi_bridge_msgs:/home/ros/ros2_ws/install/naoqi_driver:/home/ros/ros2_ws/install/naoqi_libqicore:/home/ros/ros2_ws/install/naoqi_libqi:/home/ros/ros2_ws/install/naoqi_bridge_msgs:/home/ros/ros2_ws/install/speech:/home/ros/ros2_ws/install/naoqi_interface:/home/ros/ros2_ws/install/my_robot_controller:/home/ros/ros2_ws/install/movement:/opt/ros/humble LD_LIBRARY_PATH=/home/ros/ros2_ws/src/install/naoqi_libqicore/lib:/home/ros/ros2_ws/src/install/naoqi_libqi/lib:/home/ros/ros2_ws/src/install/naoqi_bridge_msgs/lib:${LD_LIBRARY_PATH} PYTHONPATH=/home/ros/ros2_ws/src/install/naoqi_bridge_msgs/local/lib/python3.10/dist-packages:${PYTHONPATH} /usr/bin/cmake --install /home/ros/ros2_ws/src/build/naoqi_driver
[4.740s] Level 1:colcon.colcon_core.environment:create_environment_scripts_only(naoqi_driver)
[4.741s] Level 1:colcon.colcon_core.environment:checking '/home/ros/ros2_ws/src/install/naoqi_driver' for CMake module files
[4.741s] DEBUG:colcon.colcon_core.event_handler.log_command:Invoked command in '/home/ros/ros2_ws/src/build/naoqi_driver' returned '0': AMENT_PREFIX_PATH=/home/ros/ros2_ws/src/install/naoqi_libqicore:/home/ros/ros2_ws/src/install/naoqi_libqi:/home/ros/ros2_ws/src/install/naoqi_bridge_msgs:${AMENT_PREFIX_PATH} CMAKE_PREFIX_PATH=/home/ros/ros2_ws/src/install/naoqi_libqicore:/home/ros/ros2_ws/src/install/naoqi_libqi:/home/ros/ros2_ws/src/install/naoqi_bridge_msgs:/home/ros/ros2_ws/install/naoqi_driver:/home/ros/ros2_ws/install/naoqi_libqicore:/home/ros/ros2_ws/install/naoqi_libqi:/home/ros/ros2_ws/install/naoqi_bridge_msgs:/home/ros/ros2_ws/install/speech:/home/ros/ros2_ws/install/naoqi_interface:/home/ros/ros2_ws/install/my_robot_controller:/home/ros/ros2_ws/install/movement:/opt/ros/humble LD_LIBRARY_PATH=/home/ros/ros2_ws/src/install/naoqi_libqicore/lib:/home/ros/ros2_ws/src/install/naoqi_libqi/lib:/home/ros/ros2_ws/src/install/naoqi_bridge_msgs/lib:${LD_LIBRARY_PATH} PYTHONPATH=/home/ros/ros2_ws/src/install/naoqi_bridge_msgs/local/lib/python3.10/dist-packages:${PYTHONPATH} /usr/bin/cmake --install /home/ros/ros2_ws/src/build/naoqi_driver
[4.742s] Level 1:colcon.colcon_core.environment:checking '/home/ros/ros2_ws/src/install/naoqi_driver' for CMake config files
[4.742s] Level 1:colcon.colcon_core.shell:create_environment_hook('naoqi_driver', 'cmake_prefix_path')
[4.743s] INFO:colcon.colcon_core.shell:Creating environment hook '/home/ros/ros2_ws/src/install/naoqi_driver/share/naoqi_driver/hook/cmake_prefix_path.ps1'
[4.743s] INFO:colcon.colcon_core.shell:Creating environment descriptor '/home/ros/ros2_ws/src/install/naoqi_driver/share/naoqi_driver/hook/cmake_prefix_path.dsv'
[4.744s] INFO:colcon.colcon_core.shell:Creating environment hook '/home/ros/ros2_ws/src/install/naoqi_driver/share/naoqi_driver/hook/cmake_prefix_path.sh'
[4.746s] Level 1:colcon.colcon_core.environment:checking '/home/ros/ros2_ws/src/install/naoqi_driver/lib'
[4.746s] Level 1:colcon.colcon_core.shell:create_environment_hook('naoqi_driver', 'ld_library_path_lib')
[4.746s] INFO:colcon.colcon_core.shell:Creating environment hook '/home/ros/ros2_ws/src/install/naoqi_driver/share/naoqi_driver/hook/ld_library_path_lib.ps1'
[4.747s] INFO:colcon.colcon_core.shell:Creating environment descriptor '/home/ros/ros2_ws/src/install/naoqi_driver/share/naoqi_driver/hook/ld_library_path_lib.dsv'
[4.748s] INFO:colcon.colcon_core.shell:Creating environment hook '/home/ros/ros2_ws/src/install/naoqi_driver/share/naoqi_driver/hook/ld_library_path_lib.sh'
[4.748s] Level 1:colcon.colcon_core.environment:checking '/home/ros/ros2_ws/src/install/naoqi_driver/bin'
[4.748s] Level 1:colcon.colcon_core.environment:checking '/home/ros/ros2_ws/src/install/naoqi_driver/lib/pkgconfig/naoqi_driver.pc'
[4.748s] Level 1:colcon.colcon_core.environment:checking '/home/ros/ros2_ws/src/install/naoqi_driver/lib/python3.10/site-packages'
[4.749s] Level 1:colcon.colcon_core.environment:checking '/home/ros/ros2_ws/src/install/naoqi_driver/bin'
[4.749s] INFO:colcon.colcon_core.shell:Creating package script '/home/ros/ros2_ws/src/install/naoqi_driver/share/naoqi_driver/package.ps1'
[4.750s] INFO:colcon.colcon_core.shell:Creating package descriptor '/home/ros/ros2_ws/src/install/naoqi_driver/share/naoqi_driver/package.dsv'
[4.750s] INFO:colcon.colcon_core.shell:Creating package script '/home/ros/ros2_ws/src/install/naoqi_driver/share/naoqi_driver/package.sh'
[4.751s] INFO:colcon.colcon_core.shell:Creating package script '/home/ros/ros2_ws/src/install/naoqi_driver/share/naoqi_driver/package.bash'
[4.752s] INFO:colcon.colcon_core.shell:Creating package script '/home/ros/ros2_ws/src/install/naoqi_driver/share/naoqi_driver/package.zsh'
[4.752s] Level 1:colcon.colcon_core.environment:create_file_with_runtime_dependencies(/home/ros/ros2_ws/src/install/naoqi_driver/share/colcon-core/packages/naoqi_driver)
[4.903s] Level 1:colcon.colcon_core.environment:create_environment_scripts_only(naoqi_driver)
[4.903s] Level 1:colcon.colcon_core.environment:checking '/home/ros/ros2_ws/src/install/naoqi_driver' for CMake module files
[4.903s] Level 1:colcon.colcon_core.environment:checking '/home/ros/ros2_ws/src/install/naoqi_driver' for CMake config files
[4.904s] Level 1:colcon.colcon_core.shell:create_environment_hook('naoqi_driver', 'cmake_prefix_path')
[4.904s] INFO:colcon.colcon_core.shell:Creating environment hook '/home/ros/ros2_ws/src/install/naoqi_driver/share/naoqi_driver/hook/cmake_prefix_path.ps1'
[4.904s] INFO:colcon.colcon_core.shell:Creating environment descriptor '/home/ros/ros2_ws/src/install/naoqi_driver/share/naoqi_driver/hook/cmake_prefix_path.dsv'
[4.905s] INFO:colcon.colcon_core.shell:Creating environment hook '/home/ros/ros2_ws/src/install/naoqi_driver/share/naoqi_driver/hook/cmake_prefix_path.sh'
[4.905s] Level 1:colcon.colcon_core.environment:checking '/home/ros/ros2_ws/src/install/naoqi_driver/lib'
[4.906s] Level 1:colcon.colcon_core.shell:create_environment_hook('naoqi_driver', 'ld_library_path_lib')
[4.906s] INFO:colcon.colcon_core.shell:Creating environment hook '/home/ros/ros2_ws/src/install/naoqi_driver/share/naoqi_driver/hook/ld_library_path_lib.ps1'
[4.906s] INFO:colcon.colcon_core.shell:Creating environment descriptor '/home/ros/ros2_ws/src/install/naoqi_driver/share/naoqi_driver/hook/ld_library_path_lib.dsv'
[4.907s] INFO:colcon.colcon_core.shell:Creating environment hook '/home/ros/ros2_ws/src/install/naoqi_driver/share/naoqi_driver/hook/ld_library_path_lib.sh'
[4.907s] Level 1:colcon.colcon_core.environment:checking '/home/ros/ros2_ws/src/install/naoqi_driver/bin'
[4.907s] Level 1:colcon.colcon_core.environment:checking '/home/ros/ros2_ws/src/install/naoqi_driver/lib/pkgconfig/naoqi_driver.pc'
[4.907s] Level 1:colcon.colcon_core.environment:checking '/home/ros/ros2_ws/src/install/naoqi_driver/lib/python3.10/site-packages'
[4.908s] Level 1:colcon.colcon_core.environment:checking '/home/ros/ros2_ws/src/install/naoqi_driver/bin'
[4.908s] INFO:colcon.colcon_core.shell:Creating package script '/home/ros/ros2_ws/src/install/naoqi_driver/share/naoqi_driver/package.ps1'
[4.909s] INFO:colcon.colcon_core.shell:Creating package descriptor '/home/ros/ros2_ws/src/install/naoqi_driver/share/naoqi_driver/package.dsv'
[4.909s] INFO:colcon.colcon_core.shell:Creating package script '/home/ros/ros2_ws/src/install/naoqi_driver/share/naoqi_driver/package.sh'
[4.910s] INFO:colcon.colcon_core.shell:Creating package script '/home/ros/ros2_ws/src/install/naoqi_driver/share/naoqi_driver/package.bash'
[4.911s] INFO:colcon.colcon_core.shell:Creating package script '/home/ros/ros2_ws/src/install/naoqi_driver/share/naoqi_driver/package.zsh'
[4.912s] Level 1:colcon.colcon_core.environment:create_file_with_runtime_dependencies(/home/ros/ros2_ws/src/install/naoqi_driver/share/colcon-core/packages/naoqi_driver)
[4.912s] DEBUG:colcon.colcon_parallel_executor.executor.parallel:closing loop
[4.913s] DEBUG:colcon.colcon_parallel_executor.executor.parallel:loop closed
[4.913s] DEBUG:colcon.colcon_parallel_executor.executor.parallel:run_until_complete finished with '0'
[4.913s] DEBUG:colcon.colcon_core.event_reactor:joining thread
[4.922s] INFO:colcon.colcon_core.plugin_system:Skipping extension 'colcon_notification.desktop_notification.terminal_notifier': Not used on non-Darwin systems
[4.922s] INFO:colcon.colcon_core.plugin_system:Skipping extension 'colcon_notification.desktop_notification.win32': Not used on non-Windows systems
[4.922s] INFO:colcon.colcon_notification.desktop_notification:Sending desktop notification using 'notify2'
[4.940s] DEBUG:colcon.colcon_core.event_reactor:joined thread
[4.941s] INFO:colcon.colcon_core.shell:Creating prefix script '/home/ros/ros2_ws/src/install/local_setup.ps1'
[4.942s] INFO:colcon.colcon_core.shell:Creating prefix util module '/home/ros/ros2_ws/src/install/_local_setup_util_ps1.py'
[4.943s] INFO:colcon.colcon_core.shell:Creating prefix chain script '/home/ros/ros2_ws/src/install/setup.ps1'
[4.945s] INFO:colcon.colcon_core.shell:Creating prefix script '/home/ros/ros2_ws/src/install/local_setup.sh'
[4.947s] INFO:colcon.colcon_core.shell:Creating prefix util module '/home/ros/ros2_ws/src/install/_local_setup_util_sh.py'
[4.948s] INFO:colcon.colcon_core.shell:Creating prefix chain script '/home/ros/ros2_ws/src/install/setup.sh'
[4.950s] INFO:colcon.colcon_core.shell:Creating prefix script '/home/ros/ros2_ws/src/install/local_setup.bash'
[4.952s] INFO:colcon.colcon_core.shell:Creating prefix chain script '/home/ros/ros2_ws/src/install/setup.bash'
[4.954s] INFO:colcon.colcon_core.shell:Creating prefix script '/home/ros/ros2_ws/src/install/local_setup.zsh'
[4.955s] INFO:colcon.colcon_core.shell:Creating prefix chain script '/home/ros/ros2_ws/src/install/setup.zsh'
