/home/ros/ros2_ws/src/install/my_robot_controller/lib/python3.10/site-packages/my_robot_controller/nao_controller.py
/home/ros/ros2_ws/src/install/my_robot_controller/lib/python3.10/site-packages/my_robot_controller/speech.py
/home/ros/ros2_ws/src/install/my_robot_controller/lib/python3.10/site-packages/my_robot_controller/patient_data_controller.py
/home/ros/ros2_ws/src/install/my_robot_controller/lib/python3.10/site-packages/my_robot_controller/patient_data_controller2.py
/home/ros/ros2_ws/src/install/my_robot_controller/lib/python3.10/site-packages/my_robot_controller/sensor.py
/home/ros/ros2_ws/src/install/my_robot_controller/lib/python3.10/site-packages/my_robot_controller/pose.py
/home/ros/ros2_ws/src/install/my_robot_controller/lib/python3.10/site-packages/my_robot_controller/new.py
/home/ros/ros2_ws/src/install/my_robot_controller/lib/python3.10/site-packages/my_robot_controller/__init__.py
/home/ros/ros2_ws/src/install/my_robot_controller/lib/python3.10/site-packages/my_robot_controller/__pycache__/nao_controller.cpython-310.pyc
/home/ros/ros2_ws/src/install/my_robot_controller/lib/python3.10/site-packages/my_robot_controller/__pycache__/speech.cpython-310.pyc
/home/ros/ros2_ws/src/install/my_robot_controller/lib/python3.10/site-packages/my_robot_controller/__pycache__/patient_data_controller.cpython-310.pyc
/home/ros/ros2_ws/src/install/my_robot_controller/lib/python3.10/site-packages/my_robot_controller/__pycache__/patient_data_controller2.cpython-310.pyc
/home/ros/ros2_ws/src/install/my_robot_controller/lib/python3.10/site-packages/my_robot_controller/__pycache__/sensor.cpython-310.pyc
/home/ros/ros2_ws/src/install/my_robot_controller/lib/python3.10/site-packages/my_robot_controller/__pycache__/pose.cpython-310.pyc
/home/ros/ros2_ws/src/install/my_robot_controller/lib/python3.10/site-packages/my_robot_controller/__pycache__/new.cpython-310.pyc
/home/ros/ros2_ws/src/install/my_robot_controller/lib/python3.10/site-packages/my_robot_controller/__pycache__/__init__.cpython-310.pyc
/home/ros/ros2_ws/src/install/my_robot_controller/share/ament_index/resource_index/packages/my_robot_controller
/home/ros/ros2_ws/src/install/my_robot_controller/share/my_robot_controller/package.xml
/home/ros/ros2_ws/src/install/my_robot_controller/lib/python3.10/site-packages/my_robot_controller-0.0.0-py3.10.egg-info/requires.txt
/home/ros/ros2_ws/src/install/my_robot_controller/lib/python3.10/site-packages/my_robot_controller-0.0.0-py3.10.egg-info/top_level.txt
/home/ros/ros2_ws/src/install/my_robot_controller/lib/python3.10/site-packages/my_robot_controller-0.0.0-py3.10.egg-info/zip-safe
/home/ros/ros2_ws/src/install/my_robot_controller/lib/python3.10/site-packages/my_robot_controller-0.0.0-py3.10.egg-info/entry_points.txt
/home/ros/ros2_ws/src/install/my_robot_controller/lib/python3.10/site-packages/my_robot_controller-0.0.0-py3.10.egg-info/SOURCES.txt
/home/ros/ros2_ws/src/install/my_robot_controller/lib/python3.10/site-packages/my_robot_controller-0.0.0-py3.10.egg-info/PKG-INFO
/home/ros/ros2_ws/src/install/my_robot_controller/lib/python3.10/site-packages/my_robot_controller-0.0.0-py3.10.egg-info/dependency_links.txt
/home/ros/ros2_ws/src/install/my_robot_controller/lib/my_robot_controller/nao_controller
/home/ros/ros2_ws/src/install/my_robot_controller/lib/my_robot_controller/new
/home/ros/ros2_ws/src/install/my_robot_controller/lib/my_robot_controller/patient_data_controller
/home/ros/ros2_ws/src/install/my_robot_controller/lib/my_robot_controller/patient_data_controller2
/home/ros/ros2_ws/src/install/my_robot_controller/lib/my_robot_controller/sensor
/home/ros/ros2_ws/src/install/my_robot_controller/lib/my_robot_controller/speech
