[4.635s] Invoking command in '/home/daniele/git_ws/src/movement': PYTHONPATH=/home/daniele/git_ws/src/build/movement/prefix_override:/usr/lib/python3/dist-packages/colcon_core/task/python/colcon_distutils_commands:/home/daniele/git_ws/src/install/movement/lib/python3.10/site-packages:${PYTHONPATH} /usr/bin/python3 -W ignore:setup.py install is deprecated setup.py egg_info --egg-base ../build/movement build --build-base /home/daniele/git_ws/src/build/movement/build install --record /home/daniele/git_ws/src/build/movement/install.log --single-version-externally-managed install_data
[5.403s] running egg_info
[5.405s] creating ../build/movement/movement.egg-info
[5.408s] writing ../build/movement/movement.egg-info/PKG-INFO
[5.409s] writing dependency_links to ../build/movement/movement.egg-info/dependency_links.txt
[5.409s] writing entry points to ../build/movement/movement.egg-info/entry_points.txt
[5.409s] writing requirements to ../build/movement/movement.egg-info/requires.txt
[5.410s] writing top-level names to ../build/movement/movement.egg-info/top_level.txt
[5.411s] writing manifest file '../build/movement/movement.egg-info/SOURCES.txt'
[5.415s] reading manifest file '../build/movement/movement.egg-info/SOURCES.txt'
[5.421s] writing manifest file '../build/movement/movement.egg-info/SOURCES.txt'
[5.421s] running build
[5.422s] running build_py
[5.422s] creating /home/daniele/git_ws/src/build/movement/build
[5.424s] creating /home/daniele/git_ws/src/build/movement/build/lib
[5.424s] creating /home/daniele/git_ws/src/build/movement/build/lib/movement
[5.425s] copying movement/movement_controller.py -> /home/daniele/git_ws/src/build/movement/build/lib/movement
[5.426s] copying movement/__init__.py -> /home/daniele/git_ws/src/build/movement/build/lib/movement
[5.428s] running install
[5.429s] running install_lib
[5.429s] creating /home/daniele/git_ws/src/install/movement/lib/python3.10/site-packages/movement
[5.438s] copying /home/daniele/git_ws/src/build/movement/build/lib/movement/movement_controller.py -> /home/daniele/git_ws/src/install/movement/lib/python3.10/site-packages/movement
[5.439s] copying /home/daniele/git_ws/src/build/movement/build/lib/movement/__init__.py -> /home/daniele/git_ws/src/install/movement/lib/python3.10/site-packages/movement
[5.440s] byte-compiling /home/daniele/git_ws/src/install/movement/lib/python3.10/site-packages/movement/movement_controller.py to movement_controller.cpython-310.pyc
[5.441s] byte-compiling /home/daniele/git_ws/src/install/movement/lib/python3.10/site-packages/movement/__init__.py to __init__.cpython-310.pyc
[5.448s] running install_data
[5.448s] creating /home/daniele/git_ws/src/install/movement/share/ament_index
[5.455s] creating /home/daniele/git_ws/src/install/movement/share/ament_index/resource_index
[5.464s] creating /home/daniele/git_ws/src/install/movement/share/ament_index/resource_index/packages
[5.464s] copying resource/movement -> /home/daniele/git_ws/src/install/movement/share/ament_index/resource_index/packages
[5.465s] copying package.xml -> /home/daniele/git_ws/src/install/movement/share/movement
[5.465s] running install_egg_info
[5.468s] Copying ../build/movement/movement.egg-info to /home/daniele/git_ws/src/install/movement/lib/python3.10/site-packages/movement-0.0.0-py3.10.egg-info
[5.482s] running install_scripts
[5.575s] Installing movement_controller script to /home/daniele/git_ws/src/install/movement/lib/movement
[5.577s] writing list of installed files to '/home/daniele/git_ws/src/build/movement/install.log'
[5.776s] Invoked command in '/home/daniele/git_ws/src/movement' returned '0': PYTHONPATH=/home/daniele/git_ws/src/build/movement/prefix_override:/usr/lib/python3/dist-packages/colcon_core/task/python/colcon_distutils_commands:/home/daniele/git_ws/src/install/movement/lib/python3.10/site-packages:${PYTHONPATH} /usr/bin/python3 -W ignore:setup.py install is deprecated setup.py egg_info --egg-base ../build/movement build --build-base /home/daniele/git_ws/src/build/movement/build install --record /home/daniele/git_ws/src/build/movement/install.log --single-version-externally-managed install_data
