[2.106s] Invoking command in '/home/ros/ros2_ws/src/movement': PYTHONPATH=/home/ros/ros2_ws/src/build/movement/prefix_override:/usr/lib/python3/dist-packages/colcon_core/task/python/colcon_distutils_commands:/home/ros/ros2_ws/src/install/movement/lib/python3.10/site-packages:${PYTHONPATH} /usr/bin/python3 -W ignore:setup.py install is deprecated setup.py egg_info --egg-base ../build/movement build --build-base /home/ros/ros2_ws/src/build/movement/build install --record /home/ros/ros2_ws/src/build/movement/install.log --single-version-externally-managed install_data
[2.502s] running egg_info
[2.503s] writing ../build/movement/movement.egg-info/PKG-INFO
[2.504s] writing dependency_links to ../build/movement/movement.egg-info/dependency_links.txt
[2.504s] writing entry points to ../build/movement/movement.egg-info/entry_points.txt
[2.504s] writing requirements to ../build/movement/movement.egg-info/requires.txt
[2.504s] writing top-level names to ../build/movement/movement.egg-info/top_level.txt
[2.507s] reading manifest file '../build/movement/movement.egg-info/SOURCES.txt'
[2.509s] writing manifest file '../build/movement/movement.egg-info/SOURCES.txt'
[2.509s] running build
[2.510s] running build_py
[2.510s] running install
[2.510s] running install_lib
[2.513s] running install_data
[2.514s] running install_egg_info
[2.516s] removing '/home/ros/ros2_ws/src/install/movement/lib/python3.10/site-packages/movement-0.0.0-py3.10.egg-info' (and everything under it)
[2.516s] Copying ../build/movement/movement.egg-info to /home/ros/ros2_ws/src/install/movement/lib/python3.10/site-packages/movement-0.0.0-py3.10.egg-info
[2.518s] running install_scripts
[2.565s] Installing movement_controller script to /home/ros/ros2_ws/src/install/movement/lib/movement
[2.566s] writing list of installed files to '/home/ros/ros2_ws/src/build/movement/install.log'
[2.695s] Invoked command in '/home/ros/ros2_ws/src/movement' returned '0': PYTHONPATH=/home/ros/ros2_ws/src/build/movement/prefix_override:/usr/lib/python3/dist-packages/colcon_core/task/python/colcon_distutils_commands:/home/ros/ros2_ws/src/install/movement/lib/python3.10/site-packages:${PYTHONPATH} /usr/bin/python3 -W ignore:setup.py install is deprecated setup.py egg_info --egg-base ../build/movement build --build-base /home/ros/ros2_ws/src/build/movement/build install --record /home/ros/ros2_ws/src/build/movement/install.log --single-version-externally-managed install_data
