[2.082s] Invoking command in '/home/ros/ros2_ws/src/speech': PYTHONPATH=/home/ros/ros2_ws/src/build/speech/prefix_override:/usr/lib/python3/dist-packages/colcon_core/task/python/colcon_distutils_commands:/home/ros/ros2_ws/src/install/speech/lib/python3.10/site-packages:${PYTHONPATH} /usr/bin/python3 -W ignore:setup.py install is deprecated setup.py egg_info --egg-base ../build/speech build --build-base /home/ros/ros2_ws/src/build/speech/build install --record /home/ros/ros2_ws/src/build/speech/install.log --single-version-externally-managed install_data
[2.527s] running egg_info
[2.529s] writing ../build/speech/speech.egg-info/PKG-INFO
[2.529s] writing dependency_links to ../build/speech/speech.egg-info/dependency_links.txt
[2.529s] writing entry points to ../build/speech/speech.egg-info/entry_points.txt
[2.529s] writing requirements to ../build/speech/speech.egg-info/requires.txt
[2.530s] writing top-level names to ../build/speech/speech.egg-info/top_level.txt
[2.534s] reading manifest file '../build/speech/speech.egg-info/SOURCES.txt'
[2.535s] writing manifest file '../build/speech/speech.egg-info/SOURCES.txt'
[2.535s] running build
[2.535s] running build_py
[2.535s] copying speech/speech_controller.py -> /home/ros/ros2_ws/src/build/speech/build/lib/speech
[2.536s] running install
[2.536s] running install_lib
[2.537s] copying /home/ros/ros2_ws/src/build/speech/build/lib/speech/speech_controller.py -> /home/ros/ros2_ws/src/install/speech/lib/python3.10/site-packages/speech
[2.538s] byte-compiling /home/ros/ros2_ws/src/install/speech/lib/python3.10/site-packages/speech/speech_controller.py to speech_controller.cpython-310.pyc
[2.539s] running install_data
[2.539s] running install_egg_info
[2.543s] removing '/home/ros/ros2_ws/src/install/speech/lib/python3.10/site-packages/speech-0.0.0-py3.10.egg-info' (and everything under it)
[2.543s] Copying ../build/speech/speech.egg-info to /home/ros/ros2_ws/src/install/speech/lib/python3.10/site-packages/speech-0.0.0-py3.10.egg-info
[2.544s] running install_scripts
[2.588s] writing list of installed files to '/home/ros/ros2_ws/src/build/speech/install.log'
[2.720s] Invoked command in '/home/ros/ros2_ws/src/speech' returned '0': PYTHONPATH=/home/ros/ros2_ws/src/build/speech/prefix_override:/usr/lib/python3/dist-packages/colcon_core/task/python/colcon_distutils_commands:/home/ros/ros2_ws/src/install/speech/lib/python3.10/site-packages:${PYTHONPATH} /usr/bin/python3 -W ignore:setup.py install is deprecated setup.py egg_info --egg-base ../build/speech build --build-base /home/ros/ros2_ws/src/build/speech/build install --record /home/ros/ros2_ws/src/build/speech/install.log --single-version-externally-managed install_data
