running egg_info
creating ../build/movement/movement.egg-info
writing ../build/movement/movement.egg-info/PKG-INFO
writing dependency_links to ../build/movement/movement.egg-info/dependency_links.txt
writing entry points to ../build/movement/movement.egg-info/entry_points.txt
writing requirements to ../build/movement/movement.egg-info/requires.txt
writing top-level names to ../build/movement/movement.egg-info/top_level.txt
writing manifest file '../build/movement/movement.egg-info/SOURCES.txt'
reading manifest file '../build/movement/movement.egg-info/SOURCES.txt'
writing manifest file '../build/movement/movement.egg-info/SOURCES.txt'
running build
running build_py
creating /home/ros/ros2_ws/src/build/movement/build
creating /home/ros/ros2_ws/src/build/movement/build/lib
creating /home/ros/ros2_ws/src/build/movement/build/lib/movement
copying movement/movement_controller.py -> /home/ros/ros2_ws/src/build/movement/build/lib/movement
copying movement/__init__.py -> /home/ros/ros2_ws/src/build/movement/build/lib/movement
running install
running install_lib
creating /home/ros/ros2_ws/src/install/movement/lib/python3.10/site-packages/movement
copying /home/ros/ros2_ws/src/build/movement/build/lib/movement/movement_controller.py -> /home/ros/ros2_ws/src/install/movement/lib/python3.10/site-packages/movement
copying /home/ros/ros2_ws/src/build/movement/build/lib/movement/__init__.py -> /home/ros/ros2_ws/src/install/movement/lib/python3.10/site-packages/movement
byte-compiling /home/ros/ros2_ws/src/install/movement/lib/python3.10/site-packages/movement/movement_controller.py to movement_controller.cpython-310.pyc
byte-compiling /home/ros/ros2_ws/src/install/movement/lib/python3.10/site-packages/movement/__init__.py to __init__.cpython-310.pyc
running install_data
creating /home/ros/ros2_ws/src/install/movement/share/ament_index
creating /home/ros/ros2_ws/src/install/movement/share/ament_index/resource_index
creating /home/ros/ros2_ws/src/install/movement/share/ament_index/resource_index/packages
copying resource/movement -> /home/ros/ros2_ws/src/install/movement/share/ament_index/resource_index/packages
copying package.xml -> /home/ros/ros2_ws/src/install/movement/share/movement
running install_egg_info
Copying ../build/movement/movement.egg-info to /home/ros/ros2_ws/src/install/movement/lib/python3.10/site-packages/movement-0.0.0-py3.10.egg-info
running install_scripts
Installing movement_controller script to /home/ros/ros2_ws/src/install/movement/lib/movement
writing list of installed files to '/home/ros/ros2_ws/src/build/movement/install.log'
