[2.168s] Invoking command in '/home/ros/ros2_ws/src/movement': PYTHONPATH=/home/ros/ros2_ws/src/build/movement/prefix_override:/usr/lib/python3/dist-packages/colcon_core/task/python/colcon_distutils_commands:/home/ros/ros2_ws/src/install/movement/lib/python3.10/site-packages:${PYTHONPATH} /usr/bin/python3 -W ignore:setup.py install is deprecated setup.py egg_info --egg-base ../build/movement build --build-base /home/ros/ros2_ws/src/build/movement/build install --record /home/ros/ros2_ws/src/build/movement/install.log --single-version-externally-managed install_data
[2.903s] running egg_info
[2.903s] creating ../build/movement/movement.egg-info
[2.903s] writing ../build/movement/movement.egg-info/PKG-INFO
[2.903s] writing dependency_links to ../build/movement/movement.egg-info/dependency_links.txt
[2.903s] writing entry points to ../build/movement/movement.egg-info/entry_points.txt
[2.904s] writing requirements to ../build/movement/movement.egg-info/requires.txt
[2.904s] writing top-level names to ../build/movement/movement.egg-info/top_level.txt
[2.904s] writing manifest file '../build/movement/movement.egg-info/SOURCES.txt'
[2.913s] reading manifest file '../build/movement/movement.egg-info/SOURCES.txt'
[2.913s] writing manifest file '../build/movement/movement.egg-info/SOURCES.txt'
[2.913s] running build
[2.914s] running build_py
[2.914s] creating /home/ros/ros2_ws/src/build/movement/build
[2.914s] creating /home/ros/ros2_ws/src/build/movement/build/lib
[2.914s] creating /home/ros/ros2_ws/src/build/movement/build/lib/movement
[2.914s] copying movement/movement_controller.py -> /home/ros/ros2_ws/src/build/movement/build/lib/movement
[2.914s] copying movement/__init__.py -> /home/ros/ros2_ws/src/build/movement/build/lib/movement
[2.914s] running install
[2.914s] running install_lib
[2.914s] creating /home/ros/ros2_ws/src/install/movement/lib/python3.10/site-packages/movement
[2.914s] copying /home/ros/ros2_ws/src/build/movement/build/lib/movement/movement_controller.py -> /home/ros/ros2_ws/src/install/movement/lib/python3.10/site-packages/movement
[2.915s] copying /home/ros/ros2_ws/src/build/movement/build/lib/movement/__init__.py -> /home/ros/ros2_ws/src/install/movement/lib/python3.10/site-packages/movement
[2.915s] byte-compiling /home/ros/ros2_ws/src/install/movement/lib/python3.10/site-packages/movement/movement_controller.py to movement_controller.cpython-310.pyc
[2.916s] byte-compiling /home/ros/ros2_ws/src/install/movement/lib/python3.10/site-packages/movement/__init__.py to __init__.cpython-310.pyc
[2.916s] running install_data
[2.916s] creating /home/ros/ros2_ws/src/install/movement/share/ament_index
[2.916s] creating /home/ros/ros2_ws/src/install/movement/share/ament_index/resource_index
[2.916s] creating /home/ros/ros2_ws/src/install/movement/share/ament_index/resource_index/packages
[2.916s] copying resource/movement -> /home/ros/ros2_ws/src/install/movement/share/ament_index/resource_index/packages
[2.916s] copying package.xml -> /home/ros/ros2_ws/src/install/movement/share/movement
[2.916s] running install_egg_info
[2.920s] Copying ../build/movement/movement.egg-info to /home/ros/ros2_ws/src/install/movement/lib/python3.10/site-packages/movement-0.0.0-py3.10.egg-info
[2.922s] running install_scripts
[2.969s] Installing movement_controller script to /home/ros/ros2_ws/src/install/movement/lib/movement
[2.972s] writing list of installed files to '/home/ros/ros2_ws/src/build/movement/install.log'
[3.128s] Invoked command in '/home/ros/ros2_ws/src/movement' returned '0': PYTHONPATH=/home/ros/ros2_ws/src/build/movement/prefix_override:/usr/lib/python3/dist-packages/colcon_core/task/python/colcon_distutils_commands:/home/ros/ros2_ws/src/install/movement/lib/python3.10/site-packages:${PYTHONPATH} /usr/bin/python3 -W ignore:setup.py install is deprecated setup.py egg_info --egg-base ../build/movement build --build-base /home/ros/ros2_ws/src/build/movement/build install --record /home/ros/ros2_ws/src/build/movement/install.log --single-version-externally-managed install_data
