[2.254s] Invoking command in '/home/ros/ros2_ws/src/speech': PYTHONPATH=/home/ros/ros2_ws/src/build/speech/prefix_override:/usr/lib/python3/dist-packages/colcon_core/task/python/colcon_distutils_commands:/home/ros/ros2_ws/src/install/speech/lib/python3.10/site-packages:${PYTHONPATH} /usr/bin/python3 -W ignore:setup.py install is deprecated setup.py egg_info --egg-base ../build/speech build --build-base /home/ros/ros2_ws/src/build/speech/build install --record /home/ros/ros2_ws/src/build/speech/install.log --single-version-externally-managed install_data
[3.182s] running egg_info
[3.190s] creating ../build/speech/speech.egg-info
[3.190s] writing ../build/speech/speech.egg-info/PKG-INFO
[3.191s] writing dependency_links to ../build/speech/speech.egg-info/dependency_links.txt
[3.191s] writing entry points to ../build/speech/speech.egg-info/entry_points.txt
[3.192s] writing requirements to ../build/speech/speech.egg-info/requires.txt
[3.192s] writing top-level names to ../build/speech/speech.egg-info/top_level.txt
[3.196s] writing manifest file '../build/speech/speech.egg-info/SOURCES.txt'
[3.212s] reading manifest file '../build/speech/speech.egg-info/SOURCES.txt'
[3.218s] writing manifest file '../build/speech/speech.egg-info/SOURCES.txt'
[3.218s] running build
[3.219s] running build_py
[3.222s] creating /home/ros/ros2_ws/src/build/speech/build
[3.223s] creating /home/ros/ros2_ws/src/build/speech/build/lib
[3.223s] creating /home/ros/ros2_ws/src/build/speech/build/lib/speech
[3.223s] copying speech/__init__.py -> /home/ros/ros2_ws/src/build/speech/build/lib/speech
[3.223s] running install
[3.224s] running install_lib
[3.231s] creating /home/ros/ros2_ws/src/install/speech/lib/python3.10/site-packages/speech
[3.231s] copying /home/ros/ros2_ws/src/build/speech/build/lib/speech/__init__.py -> /home/ros/ros2_ws/src/install/speech/lib/python3.10/site-packages/speech
[3.234s] byte-compiling /home/ros/ros2_ws/src/install/speech/lib/python3.10/site-packages/speech/__init__.py to __init__.cpython-310.pyc
[3.238s] running install_data
[3.238s] creating /home/ros/ros2_ws/src/install/speech/share/ament_index
[3.238s] creating /home/ros/ros2_ws/src/install/speech/share/ament_index/resource_index
[3.238s] creating /home/ros/ros2_ws/src/install/speech/share/ament_index/resource_index/packages
[3.238s] copying resource/speech -> /home/ros/ros2_ws/src/install/speech/share/ament_index/resource_index/packages
[3.238s] copying package.xml -> /home/ros/ros2_ws/src/install/speech/share/speech
[3.238s] running install_egg_info
[3.247s] Copying ../build/speech/speech.egg-info to /home/ros/ros2_ws/src/install/speech/lib/python3.10/site-packages/speech-0.0.0-py3.10.egg-info
[3.255s] running install_scripts
[3.332s] writing list of installed files to '/home/ros/ros2_ws/src/build/speech/install.log'
[3.590s] Invoked command in '/home/ros/ros2_ws/src/speech' returned '0': PYTHONPATH=/home/ros/ros2_ws/src/build/speech/prefix_override:/usr/lib/python3/dist-packages/colcon_core/task/python/colcon_distutils_commands:/home/ros/ros2_ws/src/install/speech/lib/python3.10/site-packages:${PYTHONPATH} /usr/bin/python3 -W ignore:setup.py install is deprecated setup.py egg_info --egg-base ../build/speech build --build-base /home/ros/ros2_ws/src/build/speech/build install --record /home/ros/ros2_ws/src/build/speech/install.log --single-version-externally-managed install_data
