[1.073s] Invoking command in '/home/rosario/ros2_ws/src/my_robot_controller': PYTHONPATH=/home/rosario/ros2_ws/src/build/my_robot_controller/prefix_override:/usr/lib/python3/dist-packages/colcon_core/task/python/colcon_distutils_commands:/home/rosario/ros2_ws/src/install/my_robot_controller/lib/python3.10/site-packages:${PYTHONPATH} /usr/bin/python3 -W ignore:setup.py install is deprecated setup.py egg_info --egg-base ../build/my_robot_controller build --build-base /home/rosario/ros2_ws/src/build/my_robot_controller/build install --record /home/rosario/ros2_ws/src/build/my_robot_controller/install.log --single-version-externally-managed install_data
[1.311s] running egg_info
[1.312s] writing ../build/my_robot_controller/my_robot_controller.egg-info/PKG-INFO
[1.316s] writing dependency_links to ../build/my_robot_controller/my_robot_controller.egg-info/dependency_links.txt
[1.316s] writing entry points to ../build/my_robot_controller/my_robot_controller.egg-info/entry_points.txt
[1.316s] writing requirements to ../build/my_robot_controller/my_robot_controller.egg-info/requires.txt
[1.316s] writing top-level names to ../build/my_robot_controller/my_robot_controller.egg-info/top_level.txt
[1.319s] reading manifest file '../build/my_robot_controller/my_robot_controller.egg-info/SOURCES.txt'
[1.321s] writing manifest file '../build/my_robot_controller/my_robot_controller.egg-info/SOURCES.txt'
[1.321s] running build
[1.321s] running build_py
[1.324s] running install
[1.324s] running install_lib
[1.327s] running install_data
[1.328s] running install_egg_info
[1.330s] removing '/home/rosario/ros2_ws/src/install/my_robot_controller/lib/python3.10/site-packages/my_robot_controller-0.0.0-py3.10.egg-info' (and everything under it)
[1.331s] Copying ../build/my_robot_controller/my_robot_controller.egg-info to /home/rosario/ros2_ws/src/install/my_robot_controller/lib/python3.10/site-packages/my_robot_controller-0.0.0-py3.10.egg-info
[1.334s] running install_scripts
[1.353s] Installing nao_controller script to /home/rosario/ros2_ws/src/install/my_robot_controller/lib/my_robot_controller
[1.353s] Installing new script to /home/rosario/ros2_ws/src/install/my_robot_controller/lib/my_robot_controller
[1.354s] Installing patient_data_controller script to /home/rosario/ros2_ws/src/install/my_robot_controller/lib/my_robot_controller
[1.354s] Installing patient_data_controller2 script to /home/rosario/ros2_ws/src/install/my_robot_controller/lib/my_robot_controller
[1.354s] Installing sensor script to /home/rosario/ros2_ws/src/install/my_robot_controller/lib/my_robot_controller
[1.354s] writing list of installed files to '/home/rosario/ros2_ws/src/build/my_robot_controller/install.log'
[1.384s] Invoked command in '/home/rosario/ros2_ws/src/my_robot_controller' returned '0': PYTHONPATH=/home/rosario/ros2_ws/src/build/my_robot_controller/prefix_override:/usr/lib/python3/dist-packages/colcon_core/task/python/colcon_distutils_commands:/home/rosario/ros2_ws/src/install/my_robot_controller/lib/python3.10/site-packages:${PYTHONPATH} /usr/bin/python3 -W ignore:setup.py install is deprecated setup.py egg_info --egg-base ../build/my_robot_controller build --build-base /home/rosario/ros2_ws/src/build/my_robot_controller/build install --record /home/rosario/ros2_ws/src/build/my_robot_controller/install.log --single-version-externally-managed install_data
