-- The C compiler identification is GNU 11.4.0
-- The CXX compiler identification is GNU 11.4.0
-- Detecting C compiler ABI info
-- Detecting C compiler ABI info - done
-- Check for working C compiler: /usr/bin/cc - skipped
-- Detecting C compile features
-- Detecting C compile features - done
-- Detecting CXX compiler ABI info
-- Detecting CXX compiler ABI info - done
-- Check for working CXX compiler: /usr/bin/c++ - skipped
-- Detecting CXX compile features
-- Detecting CXX compile features - done
-- Found ament_cmake: 1.3.10 (/opt/ros/humble/share/ament_cmake/cmake)
-- Found Python3: /usr/bin/python3 (found version "3.10.12") found components: Interpreter 
-- Found rclcpp: 16.0.10 (/opt/ros/humble/share/rclcpp/cmake)
-- Found rosidl_generator_c: 3.1.5 (/opt/ros/humble/share/rosidl_generator_c/cmake)
-- Found rosidl_adapter: 3.1.5 (/opt/ros/humble/share/rosidl_adapter/cmake)
-- Found rosidl_generator_cpp: 3.1.5 (/opt/ros/humble/share/rosidl_generator_cpp/cmake)
-- Using all available rosidl_typesupport_c: rosidl_typesupport_fastrtps_c;rosidl_typesupport_introspection_c
-- Using all available rosidl_typesupport_cpp: rosidl_typesupport_fastrtps_cpp;rosidl_typesupport_introspection_cpp
-- Found rmw_implementation_cmake: 6.1.2 (/opt/ros/humble/share/rmw_implementation_cmake/cmake)
-- Found rmw_fastrtps_cpp: 6.2.7 (/opt/ros/humble/share/rmw_fastrtps_cpp/cmake)
-- Found OpenSSL: /usr/lib/x86_64-linux-gnu/libcrypto.so (found version "3.0.2")  
-- Found FastRTPS: /opt/ros/humble/include  
-- Using RMW implementation 'rmw_fastrtps_cpp' as default
-- Looking for pthread.h
-- Looking for pthread.h - found
-- Performing Test CMAKE_HAVE_LIBC_PTHREAD
-- Performing Test CMAKE_HAVE_LIBC_PTHREAD - Success
-- Found Threads: TRUE  
-- Found rosidl_default_generators: 1.2.0 (/opt/ros/humble/share/rosidl_default_generators/cmake)
-- Found cv_bridge: 3.2.1 (/opt/ros/humble/share/cv_bridge/cmake)
-- Found diagnostic_msgs: 4.2.4 (/opt/ros/humble/share/diagnostic_msgs/cmake)
-- Found diagnostic_updater: 4.0.0 (/opt/ros/humble/share/diagnostic_updater/cmake)
-- Found image_transport: 3.1.9 (/opt/ros/humble/share/image_transport/cmake)
-- Found kdl_parser: 2.6.4 (/opt/ros/humble/share/kdl_parser/cmake)
-- Found eigen3_cmake_module: 0.1.1 (/opt/ros/humble/share/eigen3_cmake_module/cmake)
-- Found Eigen3: TRUE (found version "3.4.0") 
-- Ensuring Eigen3 include directory is part of orocos-kdl CMake target
-- Found naoqi_bridge_msgs: 2.1.0 (/home/ros/ros2_ws/src/install/naoqi_bridge_msgs/share/naoqi_bridge_msgs/cmake)
-- Found naoqi_libqi: 3.0.2 (/home/ros/ros2_ws/src/install/naoqi_libqi/share/naoqi_libqi/cmake)
-- Found naoqi_libqicore: 3.0.0 (/home/ros/ros2_ws/src/install/naoqi_libqicore/share/naoqi_libqicore/cmake)
-- Found robot_state_publisher: 3.0.3 (/opt/ros/humble/share/robot_state_publisher/cmake)
-- Found tf2_geometry_msgs: 0.25.8 (/opt/ros/humble/share/tf2_geometry_msgs/cmake)
-- Found OpenCV: /usr (found version "4.5.4") 
-- Configuring done
-- Generating done
-- Build files have been written to: /home/ros/ros2_ws/src/build/naoqi_driver
[  6%] [32mBuilding CXX object CMakeFiles/naoqi_driver.dir/src/helpers/ros_helpers.cpp.o[0m
[  6%] [32mBuilding CXX object CMakeFiles/naoqi_driver.dir/src/recorder/globalrecorder.cpp.o[0m
[  6%] [32mBuilding CXX object CMakeFiles/naoqi_driver.dir/src/converters/touch.cpp.o[0m
[  9%] [32mBuilding CXX object CMakeFiles/naoqi_driver.dir/src/event/audio.cpp.o[0m
[ 11%] [32mBuilding CXX object CMakeFiles/naoqi_driver.dir/src/event/touch.cpp.o[0m
[ 13%] [32mBuilding CXX object CMakeFiles/naoqi_driver.dir/src/converters/audio.cpp.o[0m
[ 16%] [32mBuilding CXX object CMakeFiles/naoqi_driver.dir/src/helpers/driver_helpers.cpp.o[0m
[ 18%] [32mBuilding CXX object CMakeFiles/naoqi_driver.dir/src/converters/camera.cpp.o[0m
[ 20%] [32mBuilding CXX object CMakeFiles/naoqi_driver.dir/src/converters/imu.cpp.o[0m
[ 23%] [32mBuilding CXX object CMakeFiles/naoqi_driver.dir/src/converters/diagnostics.cpp.o[0m
[ 25%] [32mBuilding CXX object CMakeFiles/naoqi_driver.dir/src/converters/info.cpp.o[0m
[ 27%] [32mBuilding CXX object CMakeFiles/naoqi_driver.dir/src/naoqi_driver.cpp.o[0m
[ 30%] [32mBuilding CXX object CMakeFiles/naoqi_driver.dir/src/converters/joint_state.cpp.o[0m
[ 32%] [32mBuilding CXX object CMakeFiles/naoqi_driver.dir/src/converters/laser.cpp.o[0m
[ 34%] [32mBuilding CXX object CMakeFiles/naoqi_driver.dir/src/converters/memory_list.cpp.o[0m
[ 37%] [32mBuilding CXX object CMakeFiles/naoqi_driver.dir/src/converters/memory/bool.cpp.o[0m
[ 39%] [32mBuilding CXX object CMakeFiles/naoqi_driver.dir/src/converters/memory/int.cpp.o[0m
[ 41%] [32mBuilding CXX object CMakeFiles/naoqi_driver.dir/src/converters/memory/float.cpp.o[0m
[ 44%] [32mBuilding CXX object CMakeFiles/naoqi_driver.dir/src/converters/memory/string.cpp.o[0m
[ 46%] [32mBuilding CXX object CMakeFiles/naoqi_driver.dir/src/converters/sonar.cpp.o[0m
[ 48%] [32mBuilding CXX object CMakeFiles/naoqi_driver.dir/src/converters/log.cpp.o[0m
[ 51%] [32mBuilding CXX object CMakeFiles/naoqi_driver.dir/src/converters/odom.cpp.o[0m
[ 53%] [32mBuilding CXX object CMakeFiles/naoqi_driver.dir/src/publishers/camera.cpp.o[0m
[ 55%] [32mBuilding CXX object CMakeFiles/naoqi_driver.dir/src/publishers/joint_state.cpp.o[0m
[ 58%] [32mBuilding CXX object CMakeFiles/naoqi_driver.dir/src/publishers/log.cpp.o[0m
[ 60%] [32mBuilding CXX object CMakeFiles/naoqi_driver.dir/src/publishers/sonar.cpp.o[0m
[ 62%] [32mBuilding CXX object CMakeFiles/naoqi_driver.dir/src/subscribers/teleop.cpp.o[0m
[ 65%] [32mBuilding CXX object CMakeFiles/naoqi_driver.dir/src/subscribers/moveto.cpp.o[0m
[ 67%] [32mBuilding CXX object CMakeFiles/naoqi_driver.dir/src/subscribers/speech.cpp.o[0m
[ 69%] [32mBuilding CXX object CMakeFiles/naoqi_driver.dir/src/services/robot_config.cpp.o[0m
[ 72%] [32mBuilding CXX object CMakeFiles/naoqi_driver.dir/src/services/set_language.cpp.o[0m
[ 74%] [32mBuilding CXX object CMakeFiles/naoqi_driver.dir/src/services/get_language.cpp.o[0m
[ 76%] [32mBuilding CXX object CMakeFiles/naoqi_driver.dir/src/actions/listen.cpp.o[0m
[ 79%] [32mBuilding CXX object CMakeFiles/naoqi_driver.dir/src/recorder/camera.cpp.o[0m
[ 81%] [32mBuilding CXX object CMakeFiles/naoqi_driver.dir/src/recorder/diagnostics.cpp.o[0m
[ 83%] [32mBuilding CXX object CMakeFiles/naoqi_driver.dir/src/recorder/joint_state.cpp.o[0m
[ 86%] [32mBuilding CXX object CMakeFiles/naoqi_driver.dir/src/recorder/log.cpp.o[0m
[ 88%] [32mBuilding CXX object CMakeFiles/naoqi_driver.dir/src/recorder/sonar.cpp.o[0m
[ 90%] [32mBuilding CXX object CMakeFiles/naoqi_driver.dir/src/tools/from_any_value.cpp.o[0m
[ 93%] [32mBuilding CXX object CMakeFiles/naoqi_driver.dir/src/tools/robot_description.cpp.o[0m
[ 95%] [32m[1mLinking CXX shared library libnaoqi_driver.so[0m
[ 95%] Built target naoqi_driver
[ 97%] [32mBuilding CXX object CMakeFiles/naoqi_driver_node.dir/src/external_registration.cpp.o[0m
[100%] [32m[1mLinking CXX executable naoqi_driver_node[0m
[100%] Built target naoqi_driver_node
-- Install configuration: ""
-- Installing: /home/ros/ros2_ws/src/install/naoqi_driver/lib/libnaoqi_driver.so
-- Set runtime path of "/home/ros/ros2_ws/src/install/naoqi_driver/lib/libnaoqi_driver.so" to ""
-- Installing: /home/ros/ros2_ws/src/install/naoqi_driver/lib/naoqi_driver/naoqi_driver_node
-- Set runtime path of "/home/ros/ros2_ws/src/install/naoqi_driver/lib/naoqi_driver/naoqi_driver_node" to ""
-- Installing: /home/ros/ros2_ws/src/install/naoqi_driver/share/naoqi_driver/share
-- Installing: /home/ros/ros2_ws/src/install/naoqi_driver/share/naoqi_driver/share/pepper.rviz
-- Installing: /home/ros/ros2_ws/src/install/naoqi_driver/share/naoqi_driver/share/boot_config.json
-- Installing: /home/ros/ros2_ws/src/install/naoqi_driver/share/naoqi_driver/share/urdf
-- Installing: /home/ros/ros2_ws/src/install/naoqi_driver/share/naoqi_driver/share/urdf/romeo.urdf
-- Installing: /home/ros/ros2_ws/src/install/naoqi_driver/share/naoqi_driver/share/urdf/pepper.urdf
-- Installing: /home/ros/ros2_ws/src/install/naoqi_driver/share/naoqi_driver/share/urdf/nao.urdf
-- Installing: /home/ros/ros2_ws/src/install/naoqi_driver/share/naoqi_driver/share/nao.rviz
-- Installing: /home/ros/ros2_ws/src/install/naoqi_driver/share/naoqi_driver/launch
-- Installing: /home/ros/ros2_ws/src/install/naoqi_driver/share/naoqi_driver/launch/naoqi_driver.launch
-- Installing: /home/ros/ros2_ws/src/install/naoqi_driver/share/naoqi_driver/launch/naoqi_driver.launch.py
-- Installing: /home/ros/ros2_ws/src/install/naoqi_driver/share/naoqi_driver/environment/library_path.sh
-- Installing: /home/ros/ros2_ws/src/install/naoqi_driver/share/naoqi_driver/environment/library_path.dsv
-- Installing: /home/ros/ros2_ws/src/install/naoqi_driver/share/ament_index/resource_index/package_run_dependencies/naoqi_driver
-- Installing: /home/ros/ros2_ws/src/install/naoqi_driver/share/ament_index/resource_index/parent_prefix_path/naoqi_driver
-- Installing: /home/ros/ros2_ws/src/install/naoqi_driver/share/naoqi_driver/environment/ament_prefix_path.sh
-- Installing: /home/ros/ros2_ws/src/install/naoqi_driver/share/naoqi_driver/environment/ament_prefix_path.dsv
-- Installing: /home/ros/ros2_ws/src/install/naoqi_driver/share/naoqi_driver/environment/path.sh
-- Installing: /home/ros/ros2_ws/src/install/naoqi_driver/share/naoqi_driver/environment/path.dsv
-- Installing: /home/ros/ros2_ws/src/install/naoqi_driver/share/naoqi_driver/local_setup.bash
-- Installing: /home/ros/ros2_ws/src/install/naoqi_driver/share/naoqi_driver/local_setup.sh
-- Installing: /home/ros/ros2_ws/src/install/naoqi_driver/share/naoqi_driver/local_setup.zsh
-- Installing: /home/ros/ros2_ws/src/install/naoqi_driver/share/naoqi_driver/local_setup.dsv
-- Installing: /home/ros/ros2_ws/src/install/naoqi_driver/share/naoqi_driver/package.dsv
-- Installing: /home/ros/ros2_ws/src/install/naoqi_driver/share/ament_index/resource_index/packages/naoqi_driver
-- Installing: /home/ros/ros2_ws/src/install/naoqi_driver/share/naoqi_driver/cmake/ament_cmake_export_libraries-extras.cmake
-- Installing: /home/ros/ros2_ws/src/install/naoqi_driver/share/naoqi_driver/cmake/naoqi_driverConfig.cmake
-- Installing: /home/ros/ros2_ws/src/install/naoqi_driver/share/naoqi_driver/cmake/naoqi_driverConfig-version.cmake
-- Installing: /home/ros/ros2_ws/src/install/naoqi_driver/share/naoqi_driver/package.xml
