[0.015s] Invoking command in '/home/ros/ros2_ws/src/build/naoqi_driver': AMENT_PREFIX_PATH=/home/ros/ros2_ws/src/install/naoqi_libqicore:/home/ros/ros2_ws/src/install/naoqi_libqi:/home/ros/ros2_ws/src/install/naoqi_bridge_msgs:${AMENT_PREFIX_PATH} CMAKE_PREFIX_PATH=/home/ros/ros2_ws/src/install/naoqi_libqicore:/home/ros/ros2_ws/src/install/naoqi_libqi:/home/ros/ros2_ws/src/install/naoqi_bridge_msgs:/home/ros/ros2_ws/install/naoqi_driver:/home/ros/ros2_ws/install/naoqi_libqicore:/home/ros/ros2_ws/install/naoqi_libqi:/home/ros/ros2_ws/install/naoqi_bridge_msgs:/home/ros/ros2_ws/install/naoqi_interface:/home/ros/ros2_ws/install/my_robot_controller:/home/ros/ros2_ws/install/movement:/opt/ros/humble LD_LIBRARY_PATH=/home/ros/ros2_ws/src/install/naoqi_libqicore/lib:/home/ros/ros2_ws/src/install/naoqi_libqi/lib:/home/ros/ros2_ws/src/install/naoqi_bridge_msgs/lib:${LD_LIBRARY_PATH} PYTHONPATH=/home/ros/ros2_ws/src/install/naoqi_bridge_msgs/local/lib/python3.10/dist-packages:${PYTHONPATH} /usr/bin/cmake /home/ros/ros2_ws/src/naoqi_driver2 -DCMAKE_INSTALL_PREFIX=/home/ros/ros2_ws/src/install/naoqi_driver
[0.084s] -- The C compiler identification is GNU 11.4.0
[0.140s] -- The CXX compiler identification is GNU 11.4.0
[0.146s] -- Detecting C compiler ABI info
[0.210s] -- Detecting C compiler ABI info - done
[0.216s] -- Check for working C compiler: /usr/bin/cc - skipped
[0.217s] -- Detecting C compile features
[0.217s] -- Detecting C compile features - done
[0.220s] -- Detecting CXX compiler ABI info
[0.294s] -- Detecting CXX compiler ABI info - done
[0.301s] -- Check for working CXX compiler: /usr/bin/c++ - skipped
[0.301s] -- Detecting CXX compile features
[0.301s] -- Detecting CXX compile features - done
[0.304s] -- Found ament_cmake: 1.3.10 (/opt/ros/humble/share/ament_cmake/cmake)
[0.447s] -- Found Python3: /usr/bin/python3 (found version "3.10.12") found components: Interpreter 
[0.536s] -- Found rclcpp: 16.0.10 (/opt/ros/humble/share/rclcpp/cmake)
[0.584s] -- Found rosidl_generator_c: 3.1.5 (/opt/ros/humble/share/rosidl_generator_c/cmake)
[0.589s] -- Found rosidl_adapter: 3.1.5 (/opt/ros/humble/share/rosidl_adapter/cmake)
[0.598s] -- Found rosidl_generator_cpp: 3.1.5 (/opt/ros/humble/share/rosidl_generator_cpp/cmake)
[0.610s] -- Using all available rosidl_typesupport_c: rosidl_typesupport_fastrtps_c;rosidl_typesupport_introspection_c
[0.627s] -- Using all available rosidl_typesupport_cpp: rosidl_typesupport_fastrtps_cpp;rosidl_typesupport_introspection_cpp
[0.694s] -- Found rmw_implementation_cmake: 6.1.2 (/opt/ros/humble/share/rmw_implementation_cmake/cmake)
[0.701s] -- Found rmw_fastrtps_cpp: 6.2.7 (/opt/ros/humble/share/rmw_fastrtps_cpp/cmake)
[0.799s] -- Found OpenSSL: /usr/lib/x86_64-linux-gnu/libcrypto.so (found version "3.0.2")  
[0.824s] -- Found FastRTPS: /opt/ros/humble/include  
[0.862s] -- Using RMW implementation 'rmw_fastrtps_cpp' as default
[0.873s] -- Looking for pthread.h
[0.942s] -- Looking for pthread.h - found
[0.943s] -- Performing Test CMAKE_HAVE_LIBC_PTHREAD
[1.012s] -- Performing Test CMAKE_HAVE_LIBC_PTHREAD - Success
[1.013s] -- Found Threads: TRUE  
[1.083s] -- Found rosidl_default_generators: 1.2.0 (/opt/ros/humble/share/rosidl_default_generators/cmake)
[1.094s] -- Found cv_bridge: 3.2.1 (/opt/ros/humble/share/cv_bridge/cmake)
[1.138s] -- Found diagnostic_msgs: 4.2.4 (/opt/ros/humble/share/diagnostic_msgs/cmake)
[1.161s] -- Found diagnostic_updater: 4.0.0 (/opt/ros/humble/share/diagnostic_updater/cmake)
[1.171s] -- Found image_transport: 3.1.9 (/opt/ros/humble/share/image_transport/cmake)
[1.214s] -- Found kdl_parser: 2.6.4 (/opt/ros/humble/share/kdl_parser/cmake)
[1.230s] -- Found eigen3_cmake_module: 0.1.1 (/opt/ros/humble/share/eigen3_cmake_module/cmake)
[1.232s] -- Found Eigen3: TRUE (found version "3.4.0") 
[1.232s] -- Ensuring Eigen3 include directory is part of orocos-kdl CMake target
[1.237s] -- Found naoqi_bridge_msgs: 2.1.0 (/home/ros/ros2_ws/src/install/naoqi_bridge_msgs/share/naoqi_bridge_msgs/cmake)
[1.325s] -- Found naoqi_libqi: 3.0.2 (/home/ros/ros2_ws/src/install/naoqi_libqi/share/naoqi_libqi/cmake)
[1.327s] -- Found naoqi_libqicore: 3.0.0 (/home/ros/ros2_ws/src/install/naoqi_libqicore/share/naoqi_libqicore/cmake)
[1.338s] -- Found robot_state_publisher: 3.0.3 (/opt/ros/humble/share/robot_state_publisher/cmake)
[1.450s] -- Found tf2_geometry_msgs: 0.25.8 (/opt/ros/humble/share/tf2_geometry_msgs/cmake)
[1.457s] -- Found OpenCV: /usr (found version "4.5.4") 
[1.555s] -- Configuring done
[1.643s] -- Generating done
[1.645s] -- Build files have been written to: /home/ros/ros2_ws/src/build/naoqi_driver
[1.657s] Invoked command in '/home/ros/ros2_ws/src/build/naoqi_driver' returned '0': AMENT_PREFIX_PATH=/home/ros/ros2_ws/src/install/naoqi_libqicore:/home/ros/ros2_ws/src/install/naoqi_libqi:/home/ros/ros2_ws/src/install/naoqi_bridge_msgs:${AMENT_PREFIX_PATH} CMAKE_PREFIX_PATH=/home/ros/ros2_ws/src/install/naoqi_libqicore:/home/ros/ros2_ws/src/install/naoqi_libqi:/home/ros/ros2_ws/src/install/naoqi_bridge_msgs:/home/ros/ros2_ws/install/naoqi_driver:/home/ros/ros2_ws/install/naoqi_libqicore:/home/ros/ros2_ws/install/naoqi_libqi:/home/ros/ros2_ws/install/naoqi_bridge_msgs:/home/ros/ros2_ws/install/naoqi_interface:/home/ros/ros2_ws/install/my_robot_controller:/home/ros/ros2_ws/install/movement:/opt/ros/humble LD_LIBRARY_PATH=/home/ros/ros2_ws/src/install/naoqi_libqicore/lib:/home/ros/ros2_ws/src/install/naoqi_libqi/lib:/home/ros/ros2_ws/src/install/naoqi_bridge_msgs/lib:${LD_LIBRARY_PATH} PYTHONPATH=/home/ros/ros2_ws/src/install/naoqi_bridge_msgs/local/lib/python3.10/dist-packages:${PYTHONPATH} /usr/bin/cmake /home/ros/ros2_ws/src/naoqi_driver2 -DCMAKE_INSTALL_PREFIX=/home/ros/ros2_ws/src/install/naoqi_driver
[1.658s] Invoking command in '/home/ros/ros2_ws/src/build/naoqi_driver': AMENT_PREFIX_PATH=/home/ros/ros2_ws/src/install/naoqi_libqicore:/home/ros/ros2_ws/src/install/naoqi_libqi:/home/ros/ros2_ws/src/install/naoqi_bridge_msgs:${AMENT_PREFIX_PATH} CMAKE_PREFIX_PATH=/home/ros/ros2_ws/src/install/naoqi_libqicore:/home/ros/ros2_ws/src/install/naoqi_libqi:/home/ros/ros2_ws/src/install/naoqi_bridge_msgs:/home/ros/ros2_ws/install/naoqi_driver:/home/ros/ros2_ws/install/naoqi_libqicore:/home/ros/ros2_ws/install/naoqi_libqi:/home/ros/ros2_ws/install/naoqi_bridge_msgs:/home/ros/ros2_ws/install/naoqi_interface:/home/ros/ros2_ws/install/my_robot_controller:/home/ros/ros2_ws/install/movement:/opt/ros/humble LD_LIBRARY_PATH=/home/ros/ros2_ws/src/install/naoqi_libqicore/lib:/home/ros/ros2_ws/src/install/naoqi_libqi/lib:/home/ros/ros2_ws/src/install/naoqi_bridge_msgs/lib:${LD_LIBRARY_PATH} PYTHONPATH=/home/ros/ros2_ws/src/install/naoqi_bridge_msgs/local/lib/python3.10/dist-packages:${PYTHONPATH} /usr/bin/cmake --build /home/ros/ros2_ws/src/build/naoqi_driver -- -j12 -l12
[1.715s] [  6%] [32mBuilding CXX object CMakeFiles/naoqi_driver.dir/src/helpers/ros_helpers.cpp.o[0m
[1.715s] [  6%] [32mBuilding CXX object CMakeFiles/naoqi_driver.dir/src/recorder/globalrecorder.cpp.o[0m
[1.715s] [  6%] [32mBuilding CXX object CMakeFiles/naoqi_driver.dir/src/converters/touch.cpp.o[0m
[1.715s] [  9%] [32mBuilding CXX object CMakeFiles/naoqi_driver.dir/src/event/audio.cpp.o[0m
[1.715s] [ 11%] [32mBuilding CXX object CMakeFiles/naoqi_driver.dir/src/event/touch.cpp.o[0m
[1.716s] [ 13%] [32mBuilding CXX object CMakeFiles/naoqi_driver.dir/src/converters/audio.cpp.o[0m
[1.716s] [ 16%] [32mBuilding CXX object CMakeFiles/naoqi_driver.dir/src/helpers/driver_helpers.cpp.o[0m
[1.716s] [ 18%] [32mBuilding CXX object CMakeFiles/naoqi_driver.dir/src/converters/camera.cpp.o[0m
[1.716s] [ 20%] [32mBuilding CXX object CMakeFiles/naoqi_driver.dir/src/converters/imu.cpp.o[0m
[1.716s] [ 23%] [32mBuilding CXX object CMakeFiles/naoqi_driver.dir/src/converters/diagnostics.cpp.o[0m
[1.716s] [ 25%] [32mBuilding CXX object CMakeFiles/naoqi_driver.dir/src/converters/info.cpp.o[0m
[1.717s] [ 27%] [32mBuilding CXX object CMakeFiles/naoqi_driver.dir/src/naoqi_driver.cpp.o[0m
[8.065s] In file included from [01m[K/usr/include/boost/bind.hpp:30[m[K,
[8.065s]                  from [01m[K/usr/include/boost/property_tree/json_parser/detail/parser.hpp:7[m[K,
[8.065s]                  from [01m[K/usr/include/boost/property_tree/json_parser/detail/read.hpp:13[m[K,
[8.065s]                  from [01m[K/usr/include/boost/property_tree/json_parser.hpp:16[m[K,
[8.066s]                  from [01m[K/home/ros/ros2_ws/src/naoqi_driver2/src/naoqi_driver.cpp:21[m[K:
[8.066s] [01m[K/usr/include/boost/bind.hpp:36:1:[m[K [01;36m[Knote: [m[K‘[01m[K#pragma message: The practice of declaring the Bind placeholders (_1, _2, ...) in the global namespace is deprecated. Please use <boost/bind/bind.hpp> + using namespace boost::placeholders, or define BOOST_BIND_GLOBAL_PLACEHOLDERS to retain the current behavior.[m[K’
[8.066s]    36 | [01;36m[KBOOST_PRAGMA_MESSAGE[m[K(
[8.066s]       | [01;36m[K^~~~~~~~~~~~~~~~~~~~[m[K
[8.066s] [ 30%] [32mBuilding CXX object CMakeFiles/naoqi_driver.dir/src/converters/joint_state.cpp.o[0m
[17.018s] [ 32%] [32mBuilding CXX object CMakeFiles/naoqi_driver.dir/src/converters/laser.cpp.o[0m
[17.062s] [ 34%] [32mBuilding CXX object CMakeFiles/naoqi_driver.dir/src/converters/memory_list.cpp.o[0m
[17.074s] [ 37%] [32mBuilding CXX object CMakeFiles/naoqi_driver.dir/src/converters/memory/bool.cpp.o[0m
[21.007s] [ 39%] [32mBuilding CXX object CMakeFiles/naoqi_driver.dir/src/converters/memory/int.cpp.o[0m
[21.388s] [ 41%] [32mBuilding CXX object CMakeFiles/naoqi_driver.dir/src/converters/memory/float.cpp.o[0m
[21.520s] [ 44%] [32mBuilding CXX object CMakeFiles/naoqi_driver.dir/src/converters/memory/string.cpp.o[0m
[22.058s] [ 46%] [32mBuilding CXX object CMakeFiles/naoqi_driver.dir/src/converters/sonar.cpp.o[0m
[24.126s] [ 48%] [32mBuilding CXX object CMakeFiles/naoqi_driver.dir/src/converters/log.cpp.o[0m
[27.914s] [ 51%] [32mBuilding CXX object CMakeFiles/naoqi_driver.dir/src/converters/odom.cpp.o[0m
[29.239s] [ 53%] [32mBuilding CXX object CMakeFiles/naoqi_driver.dir/src/publishers/camera.cpp.o[0m
[35.647s] [ 55%] [32mBuilding CXX object CMakeFiles/naoqi_driver.dir/src/publishers/joint_state.cpp.o[0m
[39.103s] [ 58%] [32mBuilding CXX object CMakeFiles/naoqi_driver.dir/src/publishers/log.cpp.o[0m
[39.671s] [ 60%] [32mBuilding CXX object CMakeFiles/naoqi_driver.dir/src/publishers/sonar.cpp.o[0m
[40.946s] [ 62%] [32mBuilding CXX object CMakeFiles/naoqi_driver.dir/src/subscribers/teleop.cpp.o[0m
[41.857s] [ 65%] [32mBuilding CXX object CMakeFiles/naoqi_driver.dir/src/subscribers/moveto.cpp.o[0m
[46.235s] [ 67%] [32mBuilding CXX object CMakeFiles/naoqi_driver.dir/src/subscribers/speech.cpp.o[0m
[46.426s] [ 69%] [32mBuilding CXX object CMakeFiles/naoqi_driver.dir/src/services/robot_config.cpp.o[0m
[47.321s] [ 72%] [32mBuilding CXX object CMakeFiles/naoqi_driver.dir/src/services/set_language.cpp.o[0m
[47.711s] [ 74%] [32mBuilding CXX object CMakeFiles/naoqi_driver.dir/src/services/get_language.cpp.o[0m
[48.412s] [ 76%] [32mBuilding CXX object CMakeFiles/naoqi_driver.dir/src/actions/listen.cpp.o[0m
[51.731s] [ 79%] [32mBuilding CXX object CMakeFiles/naoqi_driver.dir/src/recorder/camera.cpp.o[0m
[55.647s] [ 81%] [32mBuilding CXX object CMakeFiles/naoqi_driver.dir/src/recorder/diagnostics.cpp.o[0m
[55.728s] [ 83%] [32mBuilding CXX object CMakeFiles/naoqi_driver.dir/src/recorder/joint_state.cpp.o[0m
[69.901s] [ 86%] [32mBuilding CXX object CMakeFiles/naoqi_driver.dir/src/recorder/log.cpp.o[0m
[75.045s] [ 88%] [32mBuilding CXX object CMakeFiles/naoqi_driver.dir/src/recorder/sonar.cpp.o[0m
[83.204s] [ 90%] [32mBuilding CXX object CMakeFiles/naoqi_driver.dir/src/tools/from_any_value.cpp.o[0m
[84.633s] [ 93%] [32mBuilding CXX object CMakeFiles/naoqi_driver.dir/src/tools/robot_description.cpp.o[0m
[95.484s] [ 95%] [32m[1mLinking CXX shared library libnaoqi_driver.so[0m
[109.332s] [ 95%] Built target naoqi_driver
[109.360s] [ 97%] [32mBuilding CXX object CMakeFiles/naoqi_driver_node.dir/src/external_registration.cpp.o[0m
[118.627s] [100%] [32m[1mLinking CXX executable naoqi_driver_node[0m
[131.453s] [100%] Built target naoqi_driver_node
[131.470s] Invoked command in '/home/ros/ros2_ws/src/build/naoqi_driver' returned '0': AMENT_PREFIX_PATH=/home/ros/ros2_ws/src/install/naoqi_libqicore:/home/ros/ros2_ws/src/install/naoqi_libqi:/home/ros/ros2_ws/src/install/naoqi_bridge_msgs:${AMENT_PREFIX_PATH} CMAKE_PREFIX_PATH=/home/ros/ros2_ws/src/install/naoqi_libqicore:/home/ros/ros2_ws/src/install/naoqi_libqi:/home/ros/ros2_ws/src/install/naoqi_bridge_msgs:/home/ros/ros2_ws/install/naoqi_driver:/home/ros/ros2_ws/install/naoqi_libqicore:/home/ros/ros2_ws/install/naoqi_libqi:/home/ros/ros2_ws/install/naoqi_bridge_msgs:/home/ros/ros2_ws/install/naoqi_interface:/home/ros/ros2_ws/install/my_robot_controller:/home/ros/ros2_ws/install/movement:/opt/ros/humble LD_LIBRARY_PATH=/home/ros/ros2_ws/src/install/naoqi_libqicore/lib:/home/ros/ros2_ws/src/install/naoqi_libqi/lib:/home/ros/ros2_ws/src/install/naoqi_bridge_msgs/lib:${LD_LIBRARY_PATH} PYTHONPATH=/home/ros/ros2_ws/src/install/naoqi_bridge_msgs/local/lib/python3.10/dist-packages:${PYTHONPATH} /usr/bin/cmake --build /home/ros/ros2_ws/src/build/naoqi_driver -- -j12 -l12
[131.645s] Invoking command in '/home/ros/ros2_ws/src/build/naoqi_driver': AMENT_PREFIX_PATH=/home/ros/ros2_ws/src/install/naoqi_libqicore:/home/ros/ros2_ws/src/install/naoqi_libqi:/home/ros/ros2_ws/src/install/naoqi_bridge_msgs:${AMENT_PREFIX_PATH} CMAKE_PREFIX_PATH=/home/ros/ros2_ws/src/install/naoqi_libqicore:/home/ros/ros2_ws/src/install/naoqi_libqi:/home/ros/ros2_ws/src/install/naoqi_bridge_msgs:/home/ros/ros2_ws/install/naoqi_driver:/home/ros/ros2_ws/install/naoqi_libqicore:/home/ros/ros2_ws/install/naoqi_libqi:/home/ros/ros2_ws/install/naoqi_bridge_msgs:/home/ros/ros2_ws/install/naoqi_interface:/home/ros/ros2_ws/install/my_robot_controller:/home/ros/ros2_ws/install/movement:/opt/ros/humble LD_LIBRARY_PATH=/home/ros/ros2_ws/src/install/naoqi_libqicore/lib:/home/ros/ros2_ws/src/install/naoqi_libqi/lib:/home/ros/ros2_ws/src/install/naoqi_bridge_msgs/lib:${LD_LIBRARY_PATH} PYTHONPATH=/home/ros/ros2_ws/src/install/naoqi_bridge_msgs/local/lib/python3.10/dist-packages:${PYTHONPATH} /usr/bin/cmake --install /home/ros/ros2_ws/src/build/naoqi_driver
[131.656s] -- Install configuration: ""
[131.656s] -- Installing: /home/ros/ros2_ws/src/install/naoqi_driver/lib/libnaoqi_driver.so
[131.702s] -- Set runtime path of "/home/ros/ros2_ws/src/install/naoqi_driver/lib/libnaoqi_driver.so" to ""
[131.702s] -- Installing: /home/ros/ros2_ws/src/install/naoqi_driver/lib/naoqi_driver/naoqi_driver_node
[131.704s] -- Set runtime path of "/home/ros/ros2_ws/src/install/naoqi_driver/lib/naoqi_driver/naoqi_driver_node" to ""
[131.704s] -- Installing: /home/ros/ros2_ws/src/install/naoqi_driver/share/naoqi_driver/share
[131.704s] -- Installing: /home/ros/ros2_ws/src/install/naoqi_driver/share/naoqi_driver/share/pepper.rviz
[131.704s] -- Installing: /home/ros/ros2_ws/src/install/naoqi_driver/share/naoqi_driver/share/boot_config.json
[131.705s] -- Installing: /home/ros/ros2_ws/src/install/naoqi_driver/share/naoqi_driver/share/urdf
[131.705s] -- Installing: /home/ros/ros2_ws/src/install/naoqi_driver/share/naoqi_driver/share/urdf/romeo.urdf
[131.705s] -- Installing: /home/ros/ros2_ws/src/install/naoqi_driver/share/naoqi_driver/share/urdf/pepper.urdf
[131.705s] -- Installing: /home/ros/ros2_ws/src/install/naoqi_driver/share/naoqi_driver/share/urdf/nao.urdf
[131.705s] -- Installing: /home/ros/ros2_ws/src/install/naoqi_driver/share/naoqi_driver/share/nao.rviz
[131.705s] -- Installing: /home/ros/ros2_ws/src/install/naoqi_driver/share/naoqi_driver/launch
[131.705s] -- Installing: /home/ros/ros2_ws/src/install/naoqi_driver/share/naoqi_driver/launch/naoqi_driver.launch
[131.705s] -- Installing: /home/ros/ros2_ws/src/install/naoqi_driver/share/naoqi_driver/launch/naoqi_driver.launch.py
[131.706s] -- Installing: /home/ros/ros2_ws/src/install/naoqi_driver/share/naoqi_driver/environment/library_path.sh
[131.706s] -- Installing: /home/ros/ros2_ws/src/install/naoqi_driver/share/naoqi_driver/environment/library_path.dsv
[131.706s] -- Installing: /home/ros/ros2_ws/src/install/naoqi_driver/share/ament_index/resource_index/package_run_dependencies/naoqi_driver
[131.706s] -- Installing: /home/ros/ros2_ws/src/install/naoqi_driver/share/ament_index/resource_index/parent_prefix_path/naoqi_driver
[131.706s] -- Installing: /home/ros/ros2_ws/src/install/naoqi_driver/share/naoqi_driver/environment/ament_prefix_path.sh
[131.706s] -- Installing: /home/ros/ros2_ws/src/install/naoqi_driver/share/naoqi_driver/environment/ament_prefix_path.dsv
[131.706s] -- Installing: /home/ros/ros2_ws/src/install/naoqi_driver/share/naoqi_driver/environment/path.sh
[131.706s] -- Installing: /home/ros/ros2_ws/src/install/naoqi_driver/share/naoqi_driver/environment/path.dsv
[131.707s] -- Installing: /home/ros/ros2_ws/src/install/naoqi_driver/share/naoqi_driver/local_setup.bash
[131.707s] -- Installing: /home/ros/ros2_ws/src/install/naoqi_driver/share/naoqi_driver/local_setup.sh
[131.707s] -- Installing: /home/ros/ros2_ws/src/install/naoqi_driver/share/naoqi_driver/local_setup.zsh
[131.707s] -- Installing: /home/ros/ros2_ws/src/install/naoqi_driver/share/naoqi_driver/local_setup.dsv
[131.707s] -- Installing: /home/ros/ros2_ws/src/install/naoqi_driver/share/naoqi_driver/package.dsv
[131.707s] -- Installing: /home/ros/ros2_ws/src/install/naoqi_driver/share/ament_index/resource_index/packages/naoqi_driver
[131.707s] -- Installing: /home/ros/ros2_ws/src/install/naoqi_driver/share/naoqi_driver/cmake/ament_cmake_export_libraries-extras.cmake
[131.707s] -- Installing: /home/ros/ros2_ws/src/install/naoqi_driver/share/naoqi_driver/cmake/naoqi_driverConfig.cmake
[131.708s] -- Installing: /home/ros/ros2_ws/src/install/naoqi_driver/share/naoqi_driver/cmake/naoqi_driverConfig-version.cmake
[131.708s] -- Installing: /home/ros/ros2_ws/src/install/naoqi_driver/share/naoqi_driver/package.xml
[131.709s] Invoked command in '/home/ros/ros2_ws/src/build/naoqi_driver' returned '0': AMENT_PREFIX_PATH=/home/ros/ros2_ws/src/install/naoqi_libqicore:/home/ros/ros2_ws/src/install/naoqi_libqi:/home/ros/ros2_ws/src/install/naoqi_bridge_msgs:${AMENT_PREFIX_PATH} CMAKE_PREFIX_PATH=/home/ros/ros2_ws/src/install/naoqi_libqicore:/home/ros/ros2_ws/src/install/naoqi_libqi:/home/ros/ros2_ws/src/install/naoqi_bridge_msgs:/home/ros/ros2_ws/install/naoqi_driver:/home/ros/ros2_ws/install/naoqi_libqicore:/home/ros/ros2_ws/install/naoqi_libqi:/home/ros/ros2_ws/install/naoqi_bridge_msgs:/home/ros/ros2_ws/install/naoqi_interface:/home/ros/ros2_ws/install/my_robot_controller:/home/ros/ros2_ws/install/movement:/opt/ros/humble LD_LIBRARY_PATH=/home/ros/ros2_ws/src/install/naoqi_libqicore/lib:/home/ros/ros2_ws/src/install/naoqi_libqi/lib:/home/ros/ros2_ws/src/install/naoqi_bridge_msgs/lib:${LD_LIBRARY_PATH} PYTHONPATH=/home/ros/ros2_ws/src/install/naoqi_bridge_msgs/local/lib/python3.10/dist-packages:${PYTHONPATH} /usr/bin/cmake --install /home/ros/ros2_ws/src/build/naoqi_driver
