[1.780s] Invoking command in '/home/rosario/ros2_ws/src/my_robot_controller': PYTHONPATH=/home/rosario/ros2_ws/src/build/my_robot_controller/prefix_override:/usr/lib/python3/dist-packages/colcon_core/task/python/colcon_distutils_commands:/home/rosario/ros2_ws/src/install/my_robot_controller/lib/python3.10/site-packages:${PYTHONPATH} /usr/bin/python3 -W ignore:setup.py install is deprecated setup.py egg_info --egg-base ../build/my_robot_controller build --build-base /home/rosario/ros2_ws/src/build/my_robot_controller/build install --record /home/rosario/ros2_ws/src/build/my_robot_controller/install.log --single-version-externally-managed install_data
[2.407s] running egg_info
[2.408s] writing ../build/my_robot_controller/my_robot_controller.egg-info/PKG-INFO
[2.414s] writing dependency_links to ../build/my_robot_controller/my_robot_controller.egg-info/dependency_links.txt
[2.416s] writing entry points to ../build/my_robot_controller/my_robot_controller.egg-info/entry_points.txt
[2.416s] writing requirements to ../build/my_robot_controller/my_robot_controller.egg-info/requires.txt
[2.417s] writing top-level names to ../build/my_robot_controller/my_robot_controller.egg-info/top_level.txt
[2.423s] reading manifest file '../build/my_robot_controller/my_robot_controller.egg-info/SOURCES.txt'
[2.427s] writing manifest file '../build/my_robot_controller/my_robot_controller.egg-info/SOURCES.txt'
[2.428s] running build
[2.428s] running build_py
[2.428s] copying my_robot_controller/nao_controller.py -> /home/rosario/ros2_ws/src/build/my_robot_controller/build/lib/my_robot_controller
[2.429s] copying my_robot_controller/__init__.py -> /home/rosario/ros2_ws/src/build/my_robot_controller/build/lib/my_robot_controller
[2.429s] running install
[2.430s] running install_lib
[2.432s] copying /home/rosario/ros2_ws/src/build/my_robot_controller/build/lib/my_robot_controller/nao_controller.py -> /home/rosario/ros2_ws/src/install/my_robot_controller/lib/python3.10/site-packages/my_robot_controller
[2.433s] copying /home/rosario/ros2_ws/src/build/my_robot_controller/build/lib/my_robot_controller/__init__.py -> /home/rosario/ros2_ws/src/install/my_robot_controller/lib/python3.10/site-packages/my_robot_controller
[2.434s] byte-compiling /home/rosario/ros2_ws/src/install/my_robot_controller/lib/python3.10/site-packages/my_robot_controller/nao_controller.py to nao_controller.cpython-310.pyc
[2.437s] byte-compiling /home/rosario/ros2_ws/src/install/my_robot_controller/lib/python3.10/site-packages/my_robot_controller/__init__.py to __init__.cpython-310.pyc
[2.437s] running install_data
[2.438s] copying resource/my_robot_controller -> /home/rosario/ros2_ws/src/install/my_robot_controller/share/ament_index/resource_index/packages
[2.438s] copying package.xml -> /home/rosario/ros2_ws/src/install/my_robot_controller/share/my_robot_controller
[2.439s] running install_egg_info
[2.444s] removing '/home/rosario/ros2_ws/src/install/my_robot_controller/lib/python3.10/site-packages/my_robot_controller-0.0.0-py3.10.egg-info' (and everything under it)
[2.445s] Copying ../build/my_robot_controller/my_robot_controller.egg-info to /home/rosario/ros2_ws/src/install/my_robot_controller/lib/python3.10/site-packages/my_robot_controller-0.0.0-py3.10.egg-info
[2.448s] running install_scripts
[2.497s] Installing nao_controller script to /home/rosario/ros2_ws/src/install/my_robot_controller/lib/my_robot_controller
[2.498s] writing list of installed files to '/home/rosario/ros2_ws/src/build/my_robot_controller/install.log'
[2.649s] Invoked command in '/home/rosario/ros2_ws/src/my_robot_controller' returned '0': PYTHONPATH=/home/rosario/ros2_ws/src/build/my_robot_controller/prefix_override:/usr/lib/python3/dist-packages/colcon_core/task/python/colcon_distutils_commands:/home/rosario/ros2_ws/src/install/my_robot_controller/lib/python3.10/site-packages:${PYTHONPATH} /usr/bin/python3 -W ignore:setup.py install is deprecated setup.py egg_info --egg-base ../build/my_robot_controller build --build-base /home/rosario/ros2_ws/src/build/my_robot_controller/build install --record /home/rosario/ros2_ws/src/build/my_robot_controller/install.log --single-version-externally-managed install_data
