[0.020s] Invoking command in '/home/ros/ros2_ws/src/build/naoqi_driver': AMENT_PREFIX_PATH=/home/ros/ros2_ws/src/install/naoqi_libqicore:/home/ros/ros2_ws/src/install/naoqi_libqi:/home/ros/ros2_ws/src/install/naoqi_bridge_msgs:${AMENT_PREFIX_PATH} CMAKE_PREFIX_PATH=/home/ros/ros2_ws/src/install/naoqi_libqicore:/home/ros/ros2_ws/src/install/naoqi_libqi:/home/ros/ros2_ws/src/install/naoqi_bridge_msgs:/home/ros/ros2_ws/install/naoqi_driver:/home/ros/ros2_ws/install/naoqi_libqicore:/home/ros/ros2_ws/install/naoqi_libqi:/home/ros/ros2_ws/install/naoqi_bridge_msgs:/home/ros/ros2_ws/install/speech:/home/ros/ros2_ws/install/naoqi_interface:/home/ros/ros2_ws/install/my_robot_controller:/home/ros/ros2_ws/install/movement:/opt/ros/humble LD_LIBRARY_PATH=/home/ros/ros2_ws/src/install/naoqi_libqicore/lib:/home/ros/ros2_ws/src/install/naoqi_libqi/lib:/home/ros/ros2_ws/src/install/naoqi_bridge_msgs/lib:${LD_LIBRARY_PATH} PYTHONPATH=/home/ros/ros2_ws/src/install/naoqi_bridge_msgs/local/lib/python3.10/dist-packages:${PYTHONPATH} /usr/bin/cmake --build /home/ros/ros2_ws/src/build/naoqi_driver -- -j12 -l12
[0.235s] [ 95%] Built target naoqi_driver
[0.276s] [100%] Built target naoqi_driver_node
[0.288s] Invoked command in '/home/ros/ros2_ws/src/build/naoqi_driver' returned '0': AMENT_PREFIX_PATH=/home/ros/ros2_ws/src/install/naoqi_libqicore:/home/ros/ros2_ws/src/install/naoqi_libqi:/home/ros/ros2_ws/src/install/naoqi_bridge_msgs:${AMENT_PREFIX_PATH} CMAKE_PREFIX_PATH=/home/ros/ros2_ws/src/install/naoqi_libqicore:/home/ros/ros2_ws/src/install/naoqi_libqi:/home/ros/ros2_ws/src/install/naoqi_bridge_msgs:/home/ros/ros2_ws/install/naoqi_driver:/home/ros/ros2_ws/install/naoqi_libqicore:/home/ros/ros2_ws/install/naoqi_libqi:/home/ros/ros2_ws/install/naoqi_bridge_msgs:/home/ros/ros2_ws/install/speech:/home/ros/ros2_ws/install/naoqi_interface:/home/ros/ros2_ws/install/my_robot_controller:/home/ros/ros2_ws/install/movement:/opt/ros/humble LD_LIBRARY_PATH=/home/ros/ros2_ws/src/install/naoqi_libqicore/lib:/home/ros/ros2_ws/src/install/naoqi_libqi/lib:/home/ros/ros2_ws/src/install/naoqi_bridge_msgs/lib:${LD_LIBRARY_PATH} PYTHONPATH=/home/ros/ros2_ws/src/install/naoqi_bridge_msgs/local/lib/python3.10/dist-packages:${PYTHONPATH} /usr/bin/cmake --build /home/ros/ros2_ws/src/build/naoqi_driver -- -j12 -l12
[0.454s] Invoking command in '/home/ros/ros2_ws/src/build/naoqi_driver': AMENT_PREFIX_PATH=/home/ros/ros2_ws/src/install/naoqi_libqicore:/home/ros/ros2_ws/src/install/naoqi_libqi:/home/ros/ros2_ws/src/install/naoqi_bridge_msgs:${AMENT_PREFIX_PATH} CMAKE_PREFIX_PATH=/home/ros/ros2_ws/src/install/naoqi_libqicore:/home/ros/ros2_ws/src/install/naoqi_libqi:/home/ros/ros2_ws/src/install/naoqi_bridge_msgs:/home/ros/ros2_ws/install/naoqi_driver:/home/ros/ros2_ws/install/naoqi_libqicore:/home/ros/ros2_ws/install/naoqi_libqi:/home/ros/ros2_ws/install/naoqi_bridge_msgs:/home/ros/ros2_ws/install/speech:/home/ros/ros2_ws/install/naoqi_interface:/home/ros/ros2_ws/install/my_robot_controller:/home/ros/ros2_ws/install/movement:/opt/ros/humble LD_LIBRARY_PATH=/home/ros/ros2_ws/src/install/naoqi_libqicore/lib:/home/ros/ros2_ws/src/install/naoqi_libqi/lib:/home/ros/ros2_ws/src/install/naoqi_bridge_msgs/lib:${LD_LIBRARY_PATH} PYTHONPATH=/home/ros/ros2_ws/src/install/naoqi_bridge_msgs/local/lib/python3.10/dist-packages:${PYTHONPATH} /usr/bin/cmake --install /home/ros/ros2_ws/src/build/naoqi_driver
[0.467s] -- Install configuration: ""
[0.467s] -- Up-to-date: /home/ros/ros2_ws/src/install/naoqi_driver/lib/libnaoqi_driver.so
[0.468s] -- Up-to-date: /home/ros/ros2_ws/src/install/naoqi_driver/lib/naoqi_driver/naoqi_driver_node
[0.469s] -- Up-to-date: /home/ros/ros2_ws/src/install/naoqi_driver/share/naoqi_driver/share
[0.469s] -- Up-to-date: /home/ros/ros2_ws/src/install/naoqi_driver/share/naoqi_driver/share/pepper.rviz
[0.469s] -- Up-to-date: /home/ros/ros2_ws/src/install/naoqi_driver/share/naoqi_driver/share/boot_config.json
[0.469s] -- Up-to-date: /home/ros/ros2_ws/src/install/naoqi_driver/share/naoqi_driver/share/urdf
[0.469s] -- Up-to-date: /home/ros/ros2_ws/src/install/naoqi_driver/share/naoqi_driver/share/urdf/romeo.urdf
[0.470s] -- Up-to-date: /home/ros/ros2_ws/src/install/naoqi_driver/share/naoqi_driver/share/urdf/pepper.urdf
[0.470s] -- Up-to-date: /home/ros/ros2_ws/src/install/naoqi_driver/share/naoqi_driver/share/urdf/nao.urdf
[0.470s] -- Up-to-date: /home/ros/ros2_ws/src/install/naoqi_driver/share/naoqi_driver/share/nao.rviz
[0.470s] -- Up-to-date: /home/ros/ros2_ws/src/install/naoqi_driver/share/naoqi_driver/launch
[0.470s] -- Up-to-date: /home/ros/ros2_ws/src/install/naoqi_driver/share/naoqi_driver/launch/naoqi_driver.launch
[0.470s] -- Up-to-date: /home/ros/ros2_ws/src/install/naoqi_driver/share/naoqi_driver/launch/naoqi_driver.launch.py
[0.470s] -- Up-to-date: /home/ros/ros2_ws/src/install/naoqi_driver/share/naoqi_driver/environment/library_path.sh
[0.470s] -- Up-to-date: /home/ros/ros2_ws/src/install/naoqi_driver/share/naoqi_driver/environment/library_path.dsv
[0.471s] -- Up-to-date: /home/ros/ros2_ws/src/install/naoqi_driver/share/ament_index/resource_index/package_run_dependencies/naoqi_driver
[0.471s] -- Up-to-date: /home/ros/ros2_ws/src/install/naoqi_driver/share/ament_index/resource_index/parent_prefix_path/naoqi_driver
[0.471s] -- Up-to-date: /home/ros/ros2_ws/src/install/naoqi_driver/share/naoqi_driver/environment/ament_prefix_path.sh
[0.471s] -- Up-to-date: /home/ros/ros2_ws/src/install/naoqi_driver/share/naoqi_driver/environment/ament_prefix_path.dsv
[0.471s] -- Up-to-date: /home/ros/ros2_ws/src/install/naoqi_driver/share/naoqi_driver/environment/path.sh
[0.471s] -- Up-to-date: /home/ros/ros2_ws/src/install/naoqi_driver/share/naoqi_driver/environment/path.dsv
[0.471s] -- Up-to-date: /home/ros/ros2_ws/src/install/naoqi_driver/share/naoqi_driver/local_setup.bash
[0.471s] -- Up-to-date: /home/ros/ros2_ws/src/install/naoqi_driver/share/naoqi_driver/local_setup.sh
[0.471s] -- Up-to-date: /home/ros/ros2_ws/src/install/naoqi_driver/share/naoqi_driver/local_setup.zsh
[0.471s] -- Up-to-date: /home/ros/ros2_ws/src/install/naoqi_driver/share/naoqi_driver/local_setup.dsv
[0.471s] -- Installing: /home/ros/ros2_ws/src/install/naoqi_driver/share/naoqi_driver/package.dsv
[0.472s] -- Up-to-date: /home/ros/ros2_ws/src/install/naoqi_driver/share/ament_index/resource_index/packages/naoqi_driver
[0.472s] -- Up-to-date: /home/ros/ros2_ws/src/install/naoqi_driver/share/naoqi_driver/cmake/ament_cmake_export_libraries-extras.cmake
[0.472s] -- Up-to-date: /home/ros/ros2_ws/src/install/naoqi_driver/share/naoqi_driver/cmake/naoqi_driverConfig.cmake
[0.472s] -- Up-to-date: /home/ros/ros2_ws/src/install/naoqi_driver/share/naoqi_driver/cmake/naoqi_driverConfig-version.cmake
[0.472s] -- Up-to-date: /home/ros/ros2_ws/src/install/naoqi_driver/share/naoqi_driver/package.xml
[0.474s] Invoked command in '/home/ros/ros2_ws/src/build/naoqi_driver' returned '0': AMENT_PREFIX_PATH=/home/ros/ros2_ws/src/install/naoqi_libqicore:/home/ros/ros2_ws/src/install/naoqi_libqi:/home/ros/ros2_ws/src/install/naoqi_bridge_msgs:${AMENT_PREFIX_PATH} CMAKE_PREFIX_PATH=/home/ros/ros2_ws/src/install/naoqi_libqicore:/home/ros/ros2_ws/src/install/naoqi_libqi:/home/ros/ros2_ws/src/install/naoqi_bridge_msgs:/home/ros/ros2_ws/install/naoqi_driver:/home/ros/ros2_ws/install/naoqi_libqicore:/home/ros/ros2_ws/install/naoqi_libqi:/home/ros/ros2_ws/install/naoqi_bridge_msgs:/home/ros/ros2_ws/install/speech:/home/ros/ros2_ws/install/naoqi_interface:/home/ros/ros2_ws/install/my_robot_controller:/home/ros/ros2_ws/install/movement:/opt/ros/humble LD_LIBRARY_PATH=/home/ros/ros2_ws/src/install/naoqi_libqicore/lib:/home/ros/ros2_ws/src/install/naoqi_libqi/lib:/home/ros/ros2_ws/src/install/naoqi_bridge_msgs/lib:${LD_LIBRARY_PATH} PYTHONPATH=/home/ros/ros2_ws/src/install/naoqi_bridge_msgs/local/lib/python3.10/dist-packages:${PYTHONPATH} /usr/bin/cmake --install /home/ros/ros2_ws/src/build/naoqi_driver
