[2.218s] Invoking command in '/home/ros/ros2_ws/src/naoqi_interface': PYTHONPATH=/home/ros/ros2_ws/src/build/naoqi_interface/prefix_override:/usr/lib/python3/dist-packages/colcon_core/task/python/colcon_distutils_commands:/home/ros/ros2_ws/src/install/naoqi_interface/lib/python3.10/site-packages:${PYTHONPATH} /usr/bin/python3 -W ignore:setup.py install is deprecated setup.py egg_info --egg-base ../build/naoqi_interface build --build-base /home/ros/ros2_ws/src/build/naoqi_interface/build install --record /home/ros/ros2_ws/src/build/naoqi_interface/install.log --single-version-externally-managed install_data
[3.135s] running egg_info
[3.136s] creating ../build/naoqi_interface/naoqi_interface.egg-info
[3.136s] writing ../build/naoqi_interface/naoqi_interface.egg-info/PKG-INFO
[3.138s] writing dependency_links to ../build/naoqi_interface/naoqi_interface.egg-info/dependency_links.txt
[3.142s] writing entry points to ../build/naoqi_interface/naoqi_interface.egg-info/entry_points.txt
[3.142s] writing requirements to ../build/naoqi_interface/naoqi_interface.egg-info/requires.txt
[3.143s] writing top-level names to ../build/naoqi_interface/naoqi_interface.egg-info/top_level.txt
[3.144s] writing manifest file '../build/naoqi_interface/naoqi_interface.egg-info/SOURCES.txt'
[3.145s] reading manifest file '../build/naoqi_interface/naoqi_interface.egg-info/SOURCES.txt'
[3.152s] writing manifest file '../build/naoqi_interface/naoqi_interface.egg-info/SOURCES.txt'
[3.153s] running build
[3.153s] running build_py
[3.154s] creating /home/ros/ros2_ws/src/build/naoqi_interface/build
[3.154s] creating /home/ros/ros2_ws/src/build/naoqi_interface/build/lib
[3.154s] creating /home/ros/ros2_ws/src/build/naoqi_interface/build/lib/naoqi_interface
[3.154s] copying naoqi_interface/interface_controller.py -> /home/ros/ros2_ws/src/build/naoqi_interface/build/lib/naoqi_interface
[3.158s] copying naoqi_interface/__init__.py -> /home/ros/ros2_ws/src/build/naoqi_interface/build/lib/naoqi_interface
[3.159s] running install
[3.159s] running install_lib
[3.159s] creating /home/ros/ros2_ws/src/install/naoqi_interface/lib/python3.10/site-packages/naoqi_interface
[3.159s] copying /home/ros/ros2_ws/src/build/naoqi_interface/build/lib/naoqi_interface/interface_controller.py -> /home/ros/ros2_ws/src/install/naoqi_interface/lib/python3.10/site-packages/naoqi_interface
[3.159s] copying /home/ros/ros2_ws/src/build/naoqi_interface/build/lib/naoqi_interface/__init__.py -> /home/ros/ros2_ws/src/install/naoqi_interface/lib/python3.10/site-packages/naoqi_interface
[3.159s] byte-compiling /home/ros/ros2_ws/src/install/naoqi_interface/lib/python3.10/site-packages/naoqi_interface/interface_controller.py to interface_controller.cpython-310.pyc
[3.159s] byte-compiling /home/ros/ros2_ws/src/install/naoqi_interface/lib/python3.10/site-packages/naoqi_interface/__init__.py to __init__.cpython-310.pyc
[3.159s] running install_data
[3.159s] creating /home/ros/ros2_ws/src/install/naoqi_interface/share/ament_index
[3.160s] creating /home/ros/ros2_ws/src/install/naoqi_interface/share/ament_index/resource_index
[3.160s] creating /home/ros/ros2_ws/src/install/naoqi_interface/share/ament_index/resource_index/packages
[3.160s] copying resource/naoqi_interface -> /home/ros/ros2_ws/src/install/naoqi_interface/share/ament_index/resource_index/packages
[3.160s] copying package.xml -> /home/ros/ros2_ws/src/install/naoqi_interface/share/naoqi_interface
[3.160s] running install_egg_info
[3.165s] Copying ../build/naoqi_interface/naoqi_interface.egg-info to /home/ros/ros2_ws/src/install/naoqi_interface/lib/python3.10/site-packages/naoqi_interface-0.0.0-py3.10.egg-info
[3.165s] running install_scripts
[3.251s] Installing interface_controller script to /home/ros/ros2_ws/src/install/naoqi_interface/lib/naoqi_interface
[3.253s] writing list of installed files to '/home/ros/ros2_ws/src/build/naoqi_interface/install.log'
[3.493s] Invoked command in '/home/ros/ros2_ws/src/naoqi_interface' returned '0': PYTHONPATH=/home/ros/ros2_ws/src/build/naoqi_interface/prefix_override:/usr/lib/python3/dist-packages/colcon_core/task/python/colcon_distutils_commands:/home/ros/ros2_ws/src/install/naoqi_interface/lib/python3.10/site-packages:${PYTHONPATH} /usr/bin/python3 -W ignore:setup.py install is deprecated setup.py egg_info --egg-base ../build/naoqi_interface build --build-base /home/ros/ros2_ws/src/build/naoqi_interface/build install --record /home/ros/ros2_ws/src/build/naoqi_interface/install.log --single-version-externally-managed install_data
