[0.047s] Invoking command in '/home/ros/ros2_ws/src/build/naoqi_libqi': CMAKE_PREFIX_PATH=${CMAKE_PREFIX_PATH}:/home/ros/ros2_ws/install/naoqi_interface:/home/ros/ros2_ws/install/my_robot_controller:/home/ros/ros2_ws/install/movement:/opt/ros/humble /usr/bin/cmake --build /home/ros/ros2_ws/src/build/naoqi_libqi -- -j12 -l12
[1.076s] [35m[1mConsolidate compiler generated dependencies of target gtest_main[0m
[1.076s] [35m[1mConsolidate compiler generated dependencies of target gtest[0m
[1.076s] [  3%] Built target gtest
[1.076s] [  3%] Built target gtest_main
[1.077s] [35m[1mConsolidate compiler generated dependencies of target test_ka[0m
[1.077s] [ 30%] Built target test_ka
[1.077s] [35m[1mConsolidate compiler generated dependencies of target qi[0m
[1.077s] [ 98%] Built target qi
[1.077s] [35m[1mConsolidate compiler generated dependencies of target qitestutils[0m
[1.077s] [100%] Built target qitestutils
[1.355s] Invoked command in '/home/ros/ros2_ws/src/build/naoqi_libqi' returned '0': CMAKE_PREFIX_PATH=${CMAKE_PREFIX_PATH}:/home/ros/ros2_ws/install/naoqi_interface:/home/ros/ros2_ws/install/my_robot_controller:/home/ros/ros2_ws/install/movement:/opt/ros/humble /usr/bin/cmake --build /home/ros/ros2_ws/src/build/naoqi_libqi -- -j12 -l12
[1.657s] Invoking command in '/home/ros/ros2_ws/src/build/naoqi_libqi': CMAKE_PREFIX_PATH=${CMAKE_PREFIX_PATH}:/home/ros/ros2_ws/install/naoqi_interface:/home/ros/ros2_ws/install/my_robot_controller:/home/ros/ros2_ws/install/movement:/opt/ros/humble /usr/bin/cmake --install /home/ros/ros2_ws/src/build/naoqi_libqi
[1.667s] -- Install configuration: ""
[1.667s] -- Up-to-date: /home/ros/ros2_ws/src/install/naoqi_libqi/include/qi
[1.668s] -- Up-to-date: /home/ros/ros2_ws/src/install/naoqi_libqi/include/qi/uri.hpp
[1.668s] -- Up-to-date: /home/ros/ros2_ws/src/install/naoqi_libqi/include/qi/preproc.hpp
[1.668s] -- Up-to-date: /home/ros/ros2_ws/src/install/naoqi_libqi/include/qi/config.hpp.in
[1.669s] -- Up-to-date: /home/ros/ros2_ws/src/install/naoqi_libqi/include/qi/path.hpp
[1.669s] -- Up-to-date: /home/ros/ros2_ws/src/install/naoqi_libqi/include/qi/assert.hpp
[1.669s] -- Up-to-date: /home/ros/ros2_ws/src/install/naoqi_libqi/include/qi/version.hpp
[1.670s] -- Up-to-date: /home/ros/ros2_ws/src/install/naoqi_libqi/include/qi/signal.hpp
[1.670s] -- Up-to-date: /home/ros/ros2_ws/src/install/naoqi_libqi/include/qi/messaging
[1.671s] -- Up-to-date: /home/ros/ros2_ws/src/install/naoqi_libqi/include/qi/messaging/detail
[1.671s] -- Up-to-date: /home/ros/ros2_ws/src/install/naoqi_libqi/include/qi/messaging/detail/autoservice.hxx
[1.671s] -- Up-to-date: /home/ros/ros2_ws/src/install/naoqi_libqi/include/qi/messaging/clientauthenticator.hpp
[1.672s] -- Up-to-date: /home/ros/ros2_ws/src/install/naoqi_libqi/include/qi/messaging/serviceinfo.hpp
[1.672s] -- Up-to-date: /home/ros/ros2_ws/src/install/naoqi_libqi/include/qi/messaging/clientauthenticatorfactory.hpp
[1.672s] -- Up-to-date: /home/ros/ros2_ws/src/install/naoqi_libqi/include/qi/messaging/autoservice.hpp
[1.672s] -- Up-to-date: /home/ros/ros2_ws/src/install/naoqi_libqi/include/qi/messaging/authproviderfactory.hpp
[1.672s] -- Up-to-date: /home/ros/ros2_ws/src/install/naoqi_libqi/include/qi/messaging/authprovider.hpp
[1.673s] -- Up-to-date: /home/ros/ros2_ws/src/install/naoqi_libqi/include/qi/messaging/messagesocket_fwd.hpp
[1.673s] -- Up-to-date: /home/ros/ros2_ws/src/install/naoqi_libqi/include/qi/messaging/gateway.hpp
[1.673s] -- Up-to-date: /home/ros/ros2_ws/src/install/naoqi_libqi/include/qi/messaging/servicedirectoryproxy.hpp
[1.673s] -- Up-to-date: /home/ros/ros2_ws/src/install/naoqi_libqi/include/qi/actor.hpp
[1.673s] -- Up-to-date: /home/ros/ros2_ws/src/install/naoqi_libqi/include/qi/flags.hpp
[1.674s] -- Up-to-date: /home/ros/ros2_ws/src/install/naoqi_libqi/include/qi/config.dox
[1.674s] -- Up-to-date: /home/ros/ros2_ws/src/install/naoqi_libqi/include/qi/eventloop.hpp
[1.674s] -- Up-to-date: /home/ros/ros2_ws/src/install/naoqi_libqi/include/qi/tag.hpp
[1.674s] -- Up-to-date: /home/ros/ros2_ws/src/install/naoqi_libqi/include/qi/applicationsession.hpp
[1.674s] -- Up-to-date: /home/ros/ros2_ws/src/install/naoqi_libqi/include/qi/iocolor.hpp
[1.674s] -- Up-to-date: /home/ros/ros2_ws/src/install/naoqi_libqi/include/qi/anyobject.hpp
[1.674s] -- Up-to-date: /home/ros/ros2_ws/src/install/naoqi_libqi/include/qi/detail
[1.674s] -- Up-to-date: /home/ros/ros2_ws/src/install/naoqi_libqi/include/qi/detail/log.hxx
[1.675s] -- Up-to-date: /home/ros/ros2_ws/src/install/naoqi_libqi/include/qi/detail/trackable.hxx
[1.675s] -- Up-to-date: /home/ros/ros2_ws/src/install/naoqi_libqi/include/qi/detail/future.hxx
[1.675s] -- Up-to-date: /home/ros/ros2_ws/src/install/naoqi_libqi/include/qi/detail/eventloop.hxx
[1.675s] -- Up-to-date: /home/ros/ros2_ws/src/install/naoqi_libqi/include/qi/detail/futurebarrier.hpp
[1.675s] -- Up-to-date: /home/ros/ros2_ws/src/install/naoqi_libqi/include/qi/detail/async.hxx
[1.675s] -- Up-to-date: /home/ros/ros2_ws/src/install/naoqi_libqi/include/qi/detail/executioncontext.hpp
[1.675s] -- Up-to-date: /home/ros/ros2_ws/src/install/naoqi_libqi/include/qi/detail/print.hpp
[1.675s] -- Up-to-date: /home/ros/ros2_ws/src/install/naoqi_libqi/include/qi/detail/clock.hxx
[1.676s] -- Up-to-date: /home/ros/ros2_ws/src/install/naoqi_libqi/include/qi/detail/futureunwrap.hpp
[1.676s] -- Up-to-date: /home/ros/ros2_ws/src/install/naoqi_libqi/include/qi/detail/mpl.hpp
[1.676s] -- Up-to-date: /home/ros/ros2_ws/src/install/naoqi_libqi/include/qi/detail/future_fwd.hpp
[1.676s] -- Up-to-date: /home/ros/ros2_ws/src/install/naoqi_libqi/include/qi/log.hpp
[1.676s] -- Up-to-date: /home/ros/ros2_ws/src/install/naoqi_libqi/include/qi/macro.hpp
[1.677s] -- Up-to-date: /home/ros/ros2_ws/src/install/naoqi_libqi/include/qi/ptruid.hpp
[1.678s] -- Up-to-date: /home/ros/ros2_ws/src/install/naoqi_libqi/include/qi/stats.hpp
[1.678s] -- Up-to-date: /home/ros/ros2_ws/src/install/naoqi_libqi/include/qi/property.hpp
[1.678s] -- Up-to-date: /home/ros/ros2_ws/src/install/naoqi_libqi/include/qi/translator.hpp
[1.678s] -- Up-to-date: /home/ros/ros2_ws/src/install/naoqi_libqi/include/qi/futuregroup.hpp
[1.678s] -- Up-to-date: /home/ros/ros2_ws/src/install/naoqi_libqi/include/qi/future.hpp
[1.678s] -- Up-to-date: /home/ros/ros2_ws/src/install/naoqi_libqi/include/qi/jsoncodec.hpp
[1.679s] -- Up-to-date: /home/ros/ros2_ws/src/install/naoqi_libqi/include/qi/session.hpp
[1.679s] -- Up-to-date: /home/ros/ros2_ws/src/install/naoqi_libqi/include/qi/os.hpp
[1.679s] -- Up-to-date: /home/ros/ros2_ws/src/install/naoqi_libqi/include/qi/anymodule.hpp
[1.679s] -- Up-to-date: /home/ros/ros2_ws/src/install/naoqi_libqi/include/qi/objectuid.hpp
[1.679s] -- Up-to-date: /home/ros/ros2_ws/src/install/naoqi_libqi/include/qi/signalspy.hpp
[1.679s] -- Up-to-date: /home/ros/ros2_ws/src/install/naoqi_libqi/include/qi/anyvalue.hpp
[1.679s] -- Up-to-date: /home/ros/ros2_ws/src/install/naoqi_libqi/include/qi/application.hpp
[1.680s] -- Up-to-date: /home/ros/ros2_ws/src/install/naoqi_libqi/include/qi/async.hpp
[1.680s] -- Up-to-date: /home/ros/ros2_ws/src/install/naoqi_libqi/include/qi/either.hpp
[1.680s] -- Up-to-date: /home/ros/ros2_ws/src/install/naoqi_libqi/include/qi/clock.hpp
[1.680s] -- Up-to-date: /home/ros/ros2_ws/src/install/naoqi_libqi/include/qi/periodictask.hpp
[1.683s] -- Up-to-date: /home/ros/ros2_ws/src/install/naoqi_libqi/include/qi/url.hpp
[1.685s] -- Up-to-date: /home/ros/ros2_ws/src/install/naoqi_libqi/include/qi/uuid.hpp
[1.686s] -- Up-to-date: /home/ros/ros2_ws/src/install/naoqi_libqi/include/qi/path_conf.hpp
[1.687s] -- Up-to-date: /home/ros/ros2_ws/src/install/naoqi_libqi/include/qi/perf
[1.688s] -- Up-to-date: /home/ros/ros2_ws/src/install/naoqi_libqi/include/qi/perf/dataperf.dox
[1.689s] -- Up-to-date: /home/ros/ros2_ws/src/install/naoqi_libqi/include/qi/perf/measure.hpp
[1.690s] -- Up-to-date: /home/ros/ros2_ws/src/install/naoqi_libqi/include/qi/perf/dataperfsuite.hpp
[1.690s] -- Up-to-date: /home/ros/ros2_ws/src/install/naoqi_libqi/include/qi/perf/detail
[1.690s] -- Up-to-date: /home/ros/ros2_ws/src/install/naoqi_libqi/include/qi/perf/detail/dataperfsuite.hxx
[1.690s] -- Up-to-date: /home/ros/ros2_ws/src/install/naoqi_libqi/include/qi/perf/dataperfsuite.dox
[1.690s] -- Up-to-date: /home/ros/ros2_ws/src/install/naoqi_libqi/include/qi/perf/dataperf.hpp
[1.690s] -- Up-to-date: /home/ros/ros2_ws/src/install/naoqi_libqi/include/qi/trackable.hpp
[1.691s] -- Up-to-date: /home/ros/ros2_ws/src/install/naoqi_libqi/include/qi/api.hpp
[1.691s] -- Up-to-date: /home/ros/ros2_ws/src/install/naoqi_libqi/include/qi/binarycodec.hpp
[1.691s] -- Up-to-date: /home/ros/ros2_ws/src/install/naoqi_libqi/include/qi/types.hpp
[1.691s] -- Up-to-date: /home/ros/ros2_ws/src/install/naoqi_libqi/include/qi/type
[1.691s] -- Up-to-date: /home/ros/ros2_ws/src/install/naoqi_libqi/include/qi/type/metaobject.hpp
[1.691s] -- Up-to-date: /home/ros/ros2_ws/src/install/naoqi_libqi/include/qi/type/metamethod.hpp
[1.692s] -- Up-to-date: /home/ros/ros2_ws/src/install/naoqi_libqi/include/qi/type/detail
[1.692s] -- Up-to-date: /home/ros/ros2_ws/src/install/naoqi_libqi/include/qi/type/detail/buffertypeinterface.hxx
[1.692s] -- Up-to-date: /home/ros/ros2_ws/src/install/naoqi_libqi/include/qi/type/detail/dynamictypeinterface.hxx
[1.692s] -- Up-to-date: /home/ros/ros2_ws/src/install/naoqi_libqi/include/qi/type/detail/hasless.hxx
[1.692s] -- Up-to-date: /home/ros/ros2_ws/src/install/naoqi_libqi/include/qi/type/detail/listtypeinterface.hxx
[1.693s] -- Up-to-date: /home/ros/ros2_ws/src/install/naoqi_libqi/include/qi/type/detail/optionaltypeinterface.hxx
[1.693s] -- Up-to-date: /home/ros/ros2_ws/src/install/naoqi_libqi/include/qi/type/detail/signal.hxx
[1.693s] -- Up-to-date: /home/ros/ros2_ws/src/install/naoqi_libqi/include/qi/type/detail/manageable.hpp
[1.693s] -- Up-to-date: /home/ros/ros2_ws/src/install/naoqi_libqi/include/qi/type/detail/anyiterator.hxx
[1.693s] -- Up-to-date: /home/ros/ros2_ws/src/install/naoqi_libqi/include/qi/type/detail/dynamicobjectbuilder.hxx
[1.693s] -- Up-to-date: /home/ros/ros2_ws/src/install/naoqi_libqi/include/qi/type/detail/accessor.hxx
[1.693s] -- Up-to-date: /home/ros/ros2_ws/src/install/naoqi_libqi/include/qi/type/detail/stringtypeinterface.hxx
[1.694s] -- Up-to-date: /home/ros/ros2_ws/src/install/naoqi_libqi/include/qi/type/detail/anyiterator.hpp
[1.694s] -- Up-to-date: /home/ros/ros2_ws/src/install/naoqi_libqi/include/qi/type/detail/anyfunction.hxx
[1.694s] -- Up-to-date: /home/ros/ros2_ws/src/install/naoqi_libqi/include/qi/type/detail/objecttypebuilder.hxx
[1.694s] -- Up-to-date: /home/ros/ros2_ws/src/install/naoqi_libqi/include/qi/type/detail/pointertypeinterface.hxx
[1.694s] -- Up-to-date: /home/ros/ros2_ws/src/install/naoqi_libqi/include/qi/type/detail/inttypeinterface.hxx
[1.695s] -- Up-to-date: /home/ros/ros2_ws/src/install/naoqi_libqi/include/qi/type/detail/typedispatcher.hxx
[1.695s] -- Up-to-date: /home/ros/ros2_ws/src/install/naoqi_libqi/include/qi/type/detail/bindtype.hxx
[1.695s] -- Up-to-date: /home/ros/ros2_ws/src/install/naoqi_libqi/include/qi/type/detail/type.hpp
[1.695s] -- Up-to-date: /home/ros/ros2_ws/src/install/naoqi_libqi/include/qi/type/detail/futureadapter.hxx
[1.695s] -- Up-to-date: /home/ros/ros2_ws/src/install/naoqi_libqi/include/qi/type/detail/proxyregister.hpp
[1.696s] -- Up-to-date: /home/ros/ros2_ws/src/install/naoqi_libqi/include/qi/type/detail/anyfunctionfactory.hxx
[1.696s] -- Up-to-date: /home/ros/ros2_ws/src/install/naoqi_libqi/include/qi/type/detail/type.hxx
[1.697s] -- Up-to-date: /home/ros/ros2_ws/src/install/naoqi_libqi/include/qi/type/detail/genericobject.hpp
[1.697s] -- Up-to-date: /home/ros/ros2_ws/src/install/naoqi_libqi/include/qi/type/detail/object.hxx
[1.697s] -- Up-to-date: /home/ros/ros2_ws/src/install/naoqi_libqi/include/qi/type/detail/structtypeinterface.hxx
[1.697s] -- Up-to-date: /home/ros/ros2_ws/src/install/naoqi_libqi/include/qi/type/detail/typeinterface.hpp
[1.697s] -- Up-to-date: /home/ros/ros2_ws/src/install/naoqi_libqi/include/qi/type/detail/futureadapter.hpp
[1.697s] -- Up-to-date: /home/ros/ros2_ws/src/install/naoqi_libqi/include/qi/type/detail/anyvalue.hpp
[1.697s] -- Up-to-date: /home/ros/ros2_ws/src/install/naoqi_libqi/include/qi/type/detail/typeimpl.hxx
[1.698s] -- Up-to-date: /home/ros/ros2_ws/src/install/naoqi_libqi/include/qi/type/detail/anyvalue.hxx
[1.698s] -- Up-to-date: /home/ros/ros2_ws/src/install/naoqi_libqi/include/qi/type/detail/anyreference.hxx
[1.698s] -- Up-to-date: /home/ros/ros2_ws/src/install/naoqi_libqi/include/qi/type/detail/functionsignature.hxx
[1.698s] -- Up-to-date: /home/ros/ros2_ws/src/install/naoqi_libqi/include/qi/type/detail/maptypeinterface.hxx
[1.698s] -- Up-to-date: /home/ros/ros2_ws/src/install/naoqi_libqi/include/qi/type/detail/staticobjecttype.hpp
[1.699s] -- Up-to-date: /home/ros/ros2_ws/src/install/naoqi_libqi/include/qi/type/detail/property.hxx
[1.699s] -- Up-to-date: /home/ros/ros2_ws/src/install/naoqi_libqi/include/qi/type/detail/anyreference.hpp
[1.699s] -- Up-to-date: /home/ros/ros2_ws/src/install/naoqi_libqi/include/qi/type/detail/traceanalyzer.hpp
[1.699s] -- Up-to-date: /home/ros/ros2_ws/src/install/naoqi_libqi/include/qi/type/dynamicobjectbuilder.hpp
[1.699s] -- Up-to-date: /home/ros/ros2_ws/src/install/naoqi_libqi/include/qi/type/metaproperty.hpp
[1.699s] -- Up-to-date: /home/ros/ros2_ws/src/install/naoqi_libqi/include/qi/type/metasignal.hpp
[1.699s] -- Up-to-date: /home/ros/ros2_ws/src/install/naoqi_libqi/include/qi/type/fwd.hpp
[1.700s] -- Up-to-date: /home/ros/ros2_ws/src/install/naoqi_libqi/include/qi/type/typeinterface.hpp
[1.700s] -- Up-to-date: /home/ros/ros2_ws/src/install/naoqi_libqi/include/qi/type/proxysignal.hpp
[1.700s] -- Up-to-date: /home/ros/ros2_ws/src/install/naoqi_libqi/include/qi/type/typeobject.hpp
[1.700s] -- Up-to-date: /home/ros/ros2_ws/src/install/naoqi_libqi/include/qi/type/proxyproperty.hpp
[1.700s] -- Up-to-date: /home/ros/ros2_ws/src/install/naoqi_libqi/include/qi/type/dynamicobject.hpp
[1.700s] -- Up-to-date: /home/ros/ros2_ws/src/install/naoqi_libqi/include/qi/type/typedispatcher.hpp
[1.700s] -- Up-to-date: /home/ros/ros2_ws/src/install/naoqi_libqi/include/qi/type/objecttypebuilder.hpp
[1.700s] -- Up-to-date: /home/ros/ros2_ws/src/install/naoqi_libqi/include/qi/buffer.hpp
[1.701s] -- Up-to-date: /home/ros/ros2_ws/src/install/naoqi_libqi/include/qi/signature.hpp
[1.701s] -- Up-to-date: /home/ros/ros2_ws/src/install/naoqi_libqi/include/qi/log
[1.701s] -- Up-to-date: /home/ros/ros2_ws/src/install/naoqi_libqi/include/qi/log/tailfileloghandler.hpp
[1.701s] -- Up-to-date: /home/ros/ros2_ws/src/install/naoqi_libqi/include/qi/log/consoleloghandler.hpp
[1.701s] -- Up-to-date: /home/ros/ros2_ws/src/install/naoqi_libqi/include/qi/log/headfileloghandler.hpp
[1.701s] -- Up-to-date: /home/ros/ros2_ws/src/install/naoqi_libqi/include/qi/log/journaldloghandler.hpp
[1.701s] -- Up-to-date: /home/ros/ros2_ws/src/install/naoqi_libqi/include/qi/log/androidloghandler.hpp
[1.701s] -- Up-to-date: /home/ros/ros2_ws/src/install/naoqi_libqi/include/qi/log/csvloghandler.hpp
[1.702s] -- Up-to-date: /home/ros/ros2_ws/src/install/naoqi_libqi/include/qi/log/fileloghandler.hpp
[1.702s] -- Up-to-date: /home/ros/ros2_ws/src/install/naoqi_libqi/include/qi/strand.hpp
[1.702s] -- Up-to-date: /home/ros/ros2_ws/src/install/naoqi_libqi/include/qi/atomic.hpp
[1.702s] -- Up-to-date: /home/ros/ros2_ws/src/install/naoqi_libqi/include/qi/getenv.hpp
[1.702s] -- Up-to-date: /home/ros/ros2_ws/src/install/naoqi_libqi/include/qi/numeric.hpp
[1.702s] -- Up-to-date: /home/ros/ros2_ws/src/install/naoqi_libqi/include/qi/qi.hpp
[1.703s] -- Up-to-date: /home/ros/ros2_ws/src/install/naoqi_libqi/include/qi/anyfunction.hpp
[1.703s] -- Up-to-date: /home/ros/ros2_ws/src/install/naoqi_libqi/include/ka
[1.704s] -- Up-to-date: /home/ros/ros2_ws/src/install/naoqi_libqi/include/ka/uri.hpp
[1.704s] -- Up-to-date: /home/ros/ros2_ws/src/install/naoqi_libqi/include/ka/sha1.hpp
[1.704s] -- Up-to-date: /home/ros/ros2_ws/src/install/naoqi_libqi/include/ka/base64.hpp
[1.704s] -- Up-to-date: /home/ros/ros2_ws/src/install/naoqi_libqi/include/ka/ark
[1.704s] -- Up-to-date: /home/ros/ros2_ws/src/install/naoqi_libqi/include/ka/ark/mutable.hpp
[1.704s] -- Up-to-date: /home/ros/ros2_ws/src/install/naoqi_libqi/include/ka/ark/inputiter.hpp
[1.705s] -- Up-to-date: /home/ros/ros2_ws/src/install/naoqi_libqi/include/ka/testutils.hpp
[1.705s] -- Up-to-date: /home/ros/ros2_ws/src/install/naoqi_libqi/include/ka/integersequence.hpp
[1.705s] -- Up-to-date: /home/ros/ros2_ws/src/install/naoqi_libqi/include/ka/typetraits.hpp
[1.705s] -- Up-to-date: /home/ros/ros2_ws/src/install/naoqi_libqi/include/ka/moveoncopy.hpp
[1.706s] -- Up-to-date: /home/ros/ros2_ws/src/install/naoqi_libqi/include/ka/utility.hpp
[1.706s] -- Up-to-date: /home/ros/ros2_ws/src/install/naoqi_libqi/include/ka/indexed.hpp
[1.706s] -- Up-to-date: /home/ros/ros2_ws/src/install/naoqi_libqi/include/ka/memory.hpp
[1.706s] -- Up-to-date: /home/ros/ros2_ws/src/install/naoqi_libqi/include/ka/parse.hpp
[1.706s] -- Up-to-date: /home/ros/ros2_ws/src/install/naoqi_libqi/include/ka/conceptpredicate.hpp
[1.707s] -- Up-to-date: /home/ros/ros2_ws/src/install/naoqi_libqi/include/ka/macro.hpp
[1.707s] -- Up-to-date: /home/ros/ros2_ws/src/install/naoqi_libqi/include/ka/empty.hpp
[1.707s] -- Up-to-date: /home/ros/ros2_ws/src/install/naoqi_libqi/include/ka/functorcontainer.hpp
[1.707s] -- Up-to-date: /home/ros/ros2_ws/src/install/naoqi_libqi/include/ka/errorhandling.hpp
[1.708s] -- Up-to-date: /home/ros/ros2_ws/src/install/naoqi_libqi/include/ka/functional.hpp
[1.708s] -- Up-to-date: /home/ros/ros2_ws/src/install/naoqi_libqi/include/ka/zero.hpp
[1.708s] -- Up-to-date: /home/ros/ros2_ws/src/install/naoqi_libqi/include/ka/functor.hpp
[1.709s] -- Up-to-date: /home/ros/ros2_ws/src/install/naoqi_libqi/include/ka/productiter.hpp
[1.709s] -- Up-to-date: /home/ros/ros2_ws/src/install/naoqi_libqi/include/ka/README.md
[1.710s] -- Up-to-date: /home/ros/ros2_ws/src/install/naoqi_libqi/include/ka/range.hpp
[1.710s] -- Up-to-date: /home/ros/ros2_ws/src/install/naoqi_libqi/include/ka/iterator.hpp
[1.710s] -- Up-to-date: /home/ros/ros2_ws/src/install/naoqi_libqi/include/ka/scoped.hpp
[1.710s] -- Up-to-date: /home/ros/ros2_ws/src/install/naoqi_libqi/include/ka/src.hpp
[1.711s] -- Up-to-date: /home/ros/ros2_ws/src/install/naoqi_libqi/include/ka/AUTHORS
[1.711s] -- Up-to-date: /home/ros/ros2_ws/src/install/naoqi_libqi/include/ka/flatten.hpp
[1.711s] -- Up-to-date: /home/ros/ros2_ws/src/install/naoqi_libqi/include/ka/algorithm.hpp
[1.711s] -- Up-to-date: /home/ros/ros2_ws/src/install/naoqi_libqi/include/ka/relationpredicate.hpp
[1.712s] -- Up-to-date: /home/ros/ros2_ws/src/install/naoqi_libqi/include/ka/mutablestore.hpp
[1.712s] -- Up-to-date: /home/ros/ros2_ws/src/install/naoqi_libqi/include/ka/macroregular.hpp
[1.712s] -- Up-to-date: /home/ros/ros2_ws/src/install/naoqi_libqi/include/ka/concept.hpp
[1.712s] -- Up-to-date: /home/ros/ros2_ws/src/install/naoqi_libqi/include/ka/uri
[1.713s] -- Up-to-date: /home/ros/ros2_ws/src/install/naoqi_libqi/include/ka/uri/uri.hpp
[1.713s] -- Up-to-date: /home/ros/ros2_ws/src/install/naoqi_libqi/include/ka/uri/parsing.hpp
[1.713s] -- Up-to-date: /home/ros/ros2_ws/src/install/naoqi_libqi/include/ka/uri/io.hpp
[1.713s] -- Up-to-date: /home/ros/ros2_ws/src/install/naoqi_libqi/include/ka/uri/uri_fwd.hpp
[1.714s] -- Up-to-date: /home/ros/ros2_ws/src/install/naoqi_libqi/include/ka/opt.hpp
[1.714s] -- Up-to-date: /home/ros/ros2_ws/src/install/naoqi_libqi/include/ka/mutex.hpp
[1.714s] -- Up-to-date: /home/ros/ros2_ws/src/install/naoqi_libqi/include/ka/libka.png
[1.716s] -- Up-to-date: /home/ros/ros2_ws/src/install/naoqi_libqi/include/ka/unit.hpp
[1.716s] -- Up-to-date: /home/ros/ros2_ws/src/install/naoqi_libqi/include/qi/config.hpp
[1.717s] -- Up-to-date: /home/ros/ros2_ws/src/install/naoqi_libqi/lib/libqi.so
[1.717s] -- Up-to-date: /home/ros/ros2_ws/src/install/naoqi_libqi/share/naoqi_libqi/package.xml
[1.718s] -- Up-to-date: /home/ros/ros2_ws/src/install/naoqi_libqi/share/naoqi_libqi/environment/library_path.sh
[1.718s] -- Up-to-date: /home/ros/ros2_ws/src/install/naoqi_libqi/share/naoqi_libqi/environment/library_path.dsv
[1.718s] -- Up-to-date: /home/ros/ros2_ws/src/install/naoqi_libqi/share/ament_index/resource_index/package_run_dependencies/naoqi_libqi
[1.719s] -- Up-to-date: /home/ros/ros2_ws/src/install/naoqi_libqi/share/ament_index/resource_index/parent_prefix_path/naoqi_libqi
[1.719s] -- Up-to-date: /home/ros/ros2_ws/src/install/naoqi_libqi/share/naoqi_libqi/environment/ament_prefix_path.sh
[1.719s] -- Up-to-date: /home/ros/ros2_ws/src/install/naoqi_libqi/share/naoqi_libqi/environment/ament_prefix_path.dsv
[1.719s] -- Up-to-date: /home/ros/ros2_ws/src/install/naoqi_libqi/share/naoqi_libqi/environment/path.sh
[1.719s] -- Up-to-date: /home/ros/ros2_ws/src/install/naoqi_libqi/share/naoqi_libqi/environment/path.dsv
[1.720s] -- Up-to-date: /home/ros/ros2_ws/src/install/naoqi_libqi/share/naoqi_libqi/local_setup.bash
[1.721s] -- Up-to-date: /home/ros/ros2_ws/src/install/naoqi_libqi/share/naoqi_libqi/local_setup.sh
[1.721s] -- Up-to-date: /home/ros/ros2_ws/src/install/naoqi_libqi/share/naoqi_libqi/local_setup.zsh
[1.721s] -- Up-to-date: /home/ros/ros2_ws/src/install/naoqi_libqi/share/naoqi_libqi/local_setup.dsv
[1.721s] -- Installing: /home/ros/ros2_ws/src/install/naoqi_libqi/share/naoqi_libqi/package.dsv
[1.722s] -- Up-to-date: /home/ros/ros2_ws/src/install/naoqi_libqi/share/ament_index/resource_index/packages/naoqi_libqi
[1.723s] -- Up-to-date: /home/ros/ros2_ws/src/install/naoqi_libqi/share/naoqi_libqi/cmake/ament_cmake_export_include_directories-extras.cmake
[1.723s] -- Up-to-date: /home/ros/ros2_ws/src/install/naoqi_libqi/share/naoqi_libqi/cmake/ament_cmake_export_libraries-extras.cmake
[1.723s] -- Up-to-date: /home/ros/ros2_ws/src/install/naoqi_libqi/share/naoqi_libqi/cmake/naoqi_libqiConfig.cmake
[1.723s] -- Up-to-date: /home/ros/ros2_ws/src/install/naoqi_libqi/share/naoqi_libqi/cmake/naoqi_libqiConfig-version.cmake
[1.724s] -- Up-to-date: /home/ros/ros2_ws/src/install/naoqi_libqi/share/naoqi_libqi/package.xml
[1.725s] Invoked command in '/home/ros/ros2_ws/src/build/naoqi_libqi' returned '0': CMAKE_PREFIX_PATH=${CMAKE_PREFIX_PATH}:/home/ros/ros2_ws/install/naoqi_interface:/home/ros/ros2_ws/install/my_robot_controller:/home/ros/ros2_ws/install/movement:/opt/ros/humble /usr/bin/cmake --install /home/ros/ros2_ws/src/build/naoqi_libqi
