[2.079s] Invoking command in '/home/rosario/ros2_ws/src/my_robot_controller': PYTHONPATH=/home/rosario/ros2_ws/src/build/my_robot_controller/prefix_override:/usr/lib/python3/dist-packages/colcon_core/task/python/colcon_distutils_commands:/home/rosario/ros2_ws/src/install/my_robot_controller/lib/python3.10/site-packages:${PYTHONPATH} /usr/bin/python3 -W ignore:setup.py install is deprecated setup.py egg_info --egg-base ../build/my_robot_controller build --build-base /home/rosario/ros2_ws/src/build/my_robot_controller/build install --record /home/rosario/ros2_ws/src/build/my_robot_controller/install.log --single-version-externally-managed install_data
[2.733s] running egg_info
[2.735s] writing ../build/my_robot_controller/my_robot_controller.egg-info/PKG-INFO
[2.735s] writing dependency_links to ../build/my_robot_controller/my_robot_controller.egg-info/dependency_links.txt
[2.736s] writing entry points to ../build/my_robot_controller/my_robot_controller.egg-info/entry_points.txt
[2.736s] writing requirements to ../build/my_robot_controller/my_robot_controller.egg-info/requires.txt
[2.736s] writing top-level names to ../build/my_robot_controller/my_robot_controller.egg-info/top_level.txt
[2.740s] reading manifest file '../build/my_robot_controller/my_robot_controller.egg-info/SOURCES.txt'
[2.742s] writing manifest file '../build/my_robot_controller/my_robot_controller.egg-info/SOURCES.txt'
[2.742s] running build
[2.742s] running build_py
[2.743s] copying my_robot_controller/nao_controller.py -> /home/rosario/ros2_ws/src/build/my_robot_controller/build/lib/my_robot_controller
[2.743s] running install
[2.744s] running install_lib
[2.746s] copying /home/rosario/ros2_ws/src/build/my_robot_controller/build/lib/my_robot_controller/nao_controller.py -> /home/rosario/ros2_ws/src/install/my_robot_controller/lib/python3.10/site-packages/my_robot_controller
[2.747s] byte-compiling /home/rosario/ros2_ws/src/install/my_robot_controller/lib/python3.10/site-packages/my_robot_controller/nao_controller.py to nao_controller.cpython-310.pyc
[2.751s] running install_data
[2.751s] running install_egg_info
[2.754s] removing '/home/rosario/ros2_ws/src/install/my_robot_controller/lib/python3.10/site-packages/my_robot_controller-0.0.0-py3.10.egg-info' (and everything under it)
[2.755s] Copying ../build/my_robot_controller/my_robot_controller.egg-info to /home/rosario/ros2_ws/src/install/my_robot_controller/lib/python3.10/site-packages/my_robot_controller-0.0.0-py3.10.egg-info
[2.758s] running install_scripts
[2.828s] Installing nao_controller script to /home/rosario/ros2_ws/src/install/my_robot_controller/lib/my_robot_controller
[2.828s] writing list of installed files to '/home/rosario/ros2_ws/src/build/my_robot_controller/install.log'
[2.978s] Invoked command in '/home/rosario/ros2_ws/src/my_robot_controller' returned '0': PYTHONPATH=/home/rosario/ros2_ws/src/build/my_robot_controller/prefix_override:/usr/lib/python3/dist-packages/colcon_core/task/python/colcon_distutils_commands:/home/rosario/ros2_ws/src/install/my_robot_controller/lib/python3.10/site-packages:${PYTHONPATH} /usr/bin/python3 -W ignore:setup.py install is deprecated setup.py egg_info --egg-base ../build/my_robot_controller build --build-base /home/rosario/ros2_ws/src/build/my_robot_controller/build install --record /home/rosario/ros2_ws/src/build/my_robot_controller/install.log --single-version-externally-managed install_data
