[35m[1mConsolidate compiler generated dependencies of target naoqi_driver[0m
[ 95%] Built target naoqi_driver
[35m[1mConsolidate compiler generated dependencies of target naoqi_driver_node[0m
[100%] Built target naoqi_driver_node
-- Install configuration: ""
-- Up-to-date: /home/ros/ros2_ws/src/install/naoqi_driver/lib/libnaoqi_driver.so
-- Up-to-date: /home/ros/ros2_ws/src/install/naoqi_driver/lib/naoqi_driver/naoqi_driver_node
-- Up-to-date: /home/ros/ros2_ws/src/install/naoqi_driver/share/naoqi_driver/share
-- Up-to-date: /home/ros/ros2_ws/src/install/naoqi_driver/share/naoqi_driver/share/pepper.rviz
-- Up-to-date: /home/ros/ros2_ws/src/install/naoqi_driver/share/naoqi_driver/share/boot_config.json
-- Up-to-date: /home/ros/ros2_ws/src/install/naoqi_driver/share/naoqi_driver/share/urdf
-- Up-to-date: /home/ros/ros2_ws/src/install/naoqi_driver/share/naoqi_driver/share/urdf/romeo.urdf
-- Up-to-date: /home/ros/ros2_ws/src/install/naoqi_driver/share/naoqi_driver/share/urdf/pepper.urdf
-- Up-to-date: /home/ros/ros2_ws/src/install/naoqi_driver/share/naoqi_driver/share/urdf/nao.urdf
-- Up-to-date: /home/ros/ros2_ws/src/install/naoqi_driver/share/naoqi_driver/share/nao.rviz
-- Up-to-date: /home/ros/ros2_ws/src/install/naoqi_driver/share/naoqi_driver/launch
-- Up-to-date: /home/ros/ros2_ws/src/install/naoqi_driver/share/naoqi_driver/launch/naoqi_driver.launch
-- Up-to-date: /home/ros/ros2_ws/src/install/naoqi_driver/share/naoqi_driver/launch/naoqi_driver.launch.py
-- Up-to-date: /home/ros/ros2_ws/src/install/naoqi_driver/share/naoqi_driver/environment/library_path.sh
-- Up-to-date: /home/ros/ros2_ws/src/install/naoqi_driver/share/naoqi_driver/environment/library_path.dsv
-- Up-to-date: /home/ros/ros2_ws/src/install/naoqi_driver/share/ament_index/resource_index/package_run_dependencies/naoqi_driver
-- Up-to-date: /home/ros/ros2_ws/src/install/naoqi_driver/share/ament_index/resource_index/parent_prefix_path/naoqi_driver
-- Up-to-date: /home/ros/ros2_ws/src/install/naoqi_driver/share/naoqi_driver/environment/ament_prefix_path.sh
-- Up-to-date: /home/ros/ros2_ws/src/install/naoqi_driver/share/naoqi_driver/environment/ament_prefix_path.dsv
-- Up-to-date: /home/ros/ros2_ws/src/install/naoqi_driver/share/naoqi_driver/environment/path.sh
-- Up-to-date: /home/ros/ros2_ws/src/install/naoqi_driver/share/naoqi_driver/environment/path.dsv
-- Up-to-date: /home/ros/ros2_ws/src/install/naoqi_driver/share/naoqi_driver/local_setup.bash
-- Up-to-date: /home/ros/ros2_ws/src/install/naoqi_driver/share/naoqi_driver/local_setup.sh
-- Up-to-date: /home/ros/ros2_ws/src/install/naoqi_driver/share/naoqi_driver/local_setup.zsh
-- Up-to-date: /home/ros/ros2_ws/src/install/naoqi_driver/share/naoqi_driver/local_setup.dsv
-- Installing: /home/ros/ros2_ws/src/install/naoqi_driver/share/naoqi_driver/package.dsv
-- Up-to-date: /home/ros/ros2_ws/src/install/naoqi_driver/share/ament_index/resource_index/packages/naoqi_driver
-- Up-to-date: /home/ros/ros2_ws/src/install/naoqi_driver/share/naoqi_driver/cmake/ament_cmake_export_libraries-extras.cmake
-- Up-to-date: /home/ros/ros2_ws/src/install/naoqi_driver/share/naoqi_driver/cmake/naoqi_driverConfig.cmake
-- Up-to-date: /home/ros/ros2_ws/src/install/naoqi_driver/share/naoqi_driver/cmake/naoqi_driverConfig-version.cmake
-- Up-to-date: /home/ros/ros2_ws/src/install/naoqi_driver/share/naoqi_driver/package.xml
