[1.984s] Invoking command in '/home/ros/ros2_ws/src/movement': PYTHONPATH=/home/ros/ros2_ws/src/build/movement/prefix_override:/usr/lib/python3/dist-packages/colcon_core/task/python/colcon_distutils_commands:/home/ros/ros2_ws/src/install/movement/lib/python3.10/site-packages:${PYTHONPATH} /usr/bin/python3 -W ignore:setup.py install is deprecated setup.py egg_info --egg-base ../build/movement build --build-base /home/ros/ros2_ws/src/build/movement/build install --record /home/ros/ros2_ws/src/build/movement/install.log --single-version-externally-managed install_data
[2.366s] running egg_info
[2.366s] writing ../build/movement/movement.egg-info/PKG-INFO
[2.366s] writing dependency_links to ../build/movement/movement.egg-info/dependency_links.txt
[2.366s] writing entry points to ../build/movement/movement.egg-info/entry_points.txt
[2.367s] writing requirements to ../build/movement/movement.egg-info/requires.txt
[2.367s] writing top-level names to ../build/movement/movement.egg-info/top_level.txt
[2.372s] reading manifest file '../build/movement/movement.egg-info/SOURCES.txt'
[2.378s] writing manifest file '../build/movement/movement.egg-info/SOURCES.txt'
[2.379s] running build
[2.379s] running build_py
[2.379s] running install
[2.379s] running install_lib
[2.380s] running install_data
[2.380s] running install_egg_info
[2.382s] removing '/home/ros/ros2_ws/src/install/movement/lib/python3.10/site-packages/movement-0.0.0-py3.10.egg-info' (and everything under it)
[2.382s] Copying ../build/movement/movement.egg-info to /home/ros/ros2_ws/src/install/movement/lib/python3.10/site-packages/movement-0.0.0-py3.10.egg-info
[2.384s] running install_scripts
[2.433s] Installing movement_controller script to /home/ros/ros2_ws/src/install/movement/lib/movement
[2.434s] writing list of installed files to '/home/ros/ros2_ws/src/build/movement/install.log'
[2.575s] Invoked command in '/home/ros/ros2_ws/src/movement' returned '0': PYTHONPATH=/home/ros/ros2_ws/src/build/movement/prefix_override:/usr/lib/python3/dist-packages/colcon_core/task/python/colcon_distutils_commands:/home/ros/ros2_ws/src/install/movement/lib/python3.10/site-packages:${PYTHONPATH} /usr/bin/python3 -W ignore:setup.py install is deprecated setup.py egg_info --egg-base ../build/movement build --build-base /home/ros/ros2_ws/src/build/movement/build install --record /home/ros/ros2_ws/src/build/movement/install.log --single-version-externally-managed install_data
