[0.781s] Invoking command in '/home/rosario/ros2_ws/src/my_robot_controller': PYTHONPATH=/home/rosario/ros2_ws/src/build/my_robot_controller/prefix_override:/usr/lib/python3/dist-packages/colcon_core/task/python/colcon_distutils_commands:/home/rosario/ros2_ws/src/install/my_robot_controller/lib/python3.10/site-packages:${PYTHONPATH} /usr/bin/python3 -W ignore:setup.py install is deprecated setup.py egg_info --egg-base ../build/my_robot_controller build --build-base /home/rosario/ros2_ws/src/build/my_robot_controller/build install --record /home/rosario/ros2_ws/src/build/my_robot_controller/install.log --single-version-externally-managed install_data
[1.067s] running egg_info
[1.068s] writing ../build/my_robot_controller/my_robot_controller.egg-info/PKG-INFO
[1.069s] writing dependency_links to ../build/my_robot_controller/my_robot_controller.egg-info/dependency_links.txt
[1.069s] writing entry points to ../build/my_robot_controller/my_robot_controller.egg-info/entry_points.txt
[1.070s] writing requirements to ../build/my_robot_controller/my_robot_controller.egg-info/requires.txt
[1.070s] writing top-level names to ../build/my_robot_controller/my_robot_controller.egg-info/top_level.txt
[1.072s] reading manifest file '../build/my_robot_controller/my_robot_controller.egg-info/SOURCES.txt'
[1.079s] writing manifest file '../build/my_robot_controller/my_robot_controller.egg-info/SOURCES.txt'
[1.079s] running build
[1.079s] running build_py
[1.080s] copying my_robot_controller/patient_data_controller2.py -> /home/rosario/ros2_ws/src/build/my_robot_controller/build/lib/my_robot_controller
[1.081s] copying my_robot_controller/nao_controller.py -> /home/rosario/ros2_ws/src/build/my_robot_controller/build/lib/my_robot_controller
[1.081s] running install
[1.082s] running install_lib
[1.083s] copying /home/rosario/ros2_ws/src/build/my_robot_controller/build/lib/my_robot_controller/patient_data_controller2.py -> /home/rosario/ros2_ws/src/install/my_robot_controller/lib/python3.10/site-packages/my_robot_controller
[1.083s] copying /home/rosario/ros2_ws/src/build/my_robot_controller/build/lib/my_robot_controller/nao_controller.py -> /home/rosario/ros2_ws/src/install/my_robot_controller/lib/python3.10/site-packages/my_robot_controller
[1.084s] byte-compiling /home/rosario/ros2_ws/src/install/my_robot_controller/lib/python3.10/site-packages/my_robot_controller/nao_controller.py to nao_controller.cpython-310.pyc
[1.085s] running install_data
[1.086s] running install_egg_info
[1.089s] removing '/home/rosario/ros2_ws/src/install/my_robot_controller/lib/python3.10/site-packages/my_robot_controller-0.0.0-py3.10.egg-info' (and everything under it)
[1.090s] Copying ../build/my_robot_controller/my_robot_controller.egg-info to /home/rosario/ros2_ws/src/install/my_robot_controller/lib/python3.10/site-packages/my_robot_controller-0.0.0-py3.10.egg-info
[1.092s] running install_scripts
[1.116s] Installing nao_controller script to /home/rosario/ros2_ws/src/install/my_robot_controller/lib/my_robot_controller
[1.116s] Installing new script to /home/rosario/ros2_ws/src/install/my_robot_controller/lib/my_robot_controller
[1.116s] Installing patient_data_controller script to /home/rosario/ros2_ws/src/install/my_robot_controller/lib/my_robot_controller
[1.117s] Installing patient_data_controller2 script to /home/rosario/ros2_ws/src/install/my_robot_controller/lib/my_robot_controller
[1.117s] Installing sensor script to /home/rosario/ros2_ws/src/install/my_robot_controller/lib/my_robot_controller
[1.117s] writing list of installed files to '/home/rosario/ros2_ws/src/build/my_robot_controller/install.log'
[1.152s] Invoked command in '/home/rosario/ros2_ws/src/my_robot_controller' returned '0': PYTHONPATH=/home/rosario/ros2_ws/src/build/my_robot_controller/prefix_override:/usr/lib/python3/dist-packages/colcon_core/task/python/colcon_distutils_commands:/home/rosario/ros2_ws/src/install/my_robot_controller/lib/python3.10/site-packages:${PYTHONPATH} /usr/bin/python3 -W ignore:setup.py install is deprecated setup.py egg_info --egg-base ../build/my_robot_controller build --build-base /home/rosario/ros2_ws/src/build/my_robot_controller/build install --record /home/rosario/ros2_ws/src/build/my_robot_controller/install.log --single-version-externally-managed install_data
