[1.013s] DEBUG:colcon:Command line arguments: ['/usr/bin/colcon', 'build']
[1.013s] DEBUG:colcon:Parsed command line arguments: Namespace(log_base=None, log_level=None, verb_name='build', build_base='build', install_base='install', merge_install=False, symlink_install=False, test_result_base=None, continue_on_error=False, executor='parallel', parallel_workers=8, event_handlers=None, ignore_user_meta=False, metas=['./colcon.meta'], base_paths=['.'], packages_ignore=None, packages_ignore_regex=None, paths=None, packages_up_to=None, packages_up_to_regex=None, packages_above=None, packages_above_and_dependencies=None, packages_above_depth=None, packages_select_by_dep=None, packages_skip_by_dep=None, packages_skip_up_to=None, packages_select_build_failed=False, packages_skip_build_finished=False, packages_select_test_failures=False, packages_skip_test_passed=False, packages_select=None, packages_skip=None, packages_select_regex=None, packages_skip_regex=None, packages_start=None, packages_end=None, allow_overriding=[], cmake_args=None, cmake_target=None, cmake_target_skip_unavailable=False, cmake_clean_cache=False, cmake_clean_first=False, cmake_force_configure=False, ament_cmake_args=None, catkin_cmake_args=None, catkin_skip_building_tests=False, mixin_files=None, mixin=None, verb_parser=<colcon_mixin.mixin.mixin_argument.MixinArgumentDecorator object at 0x7f3145ef3250>, verb_extension=<colcon_core.verb.build.BuildVerb object at 0x7f3145ef2b00>, main=<bound method BuildVerb.main of <colcon_core.verb.build.BuildVerb object at 0x7f3145ef2b00>>, mixin_verb=('build',))
[2.157s] Level 1:colcon.colcon_core.package_discovery:discover_packages(colcon_meta) check parameters
[2.157s] Level 1:colcon.colcon_core.package_discovery:discover_packages(recursive) check parameters
[2.157s] Level 1:colcon.colcon_core.package_discovery:discover_packages(ignore) check parameters
[2.157s] Level 1:colcon.colcon_core.package_discovery:discover_packages(path) check parameters
[2.157s] Level 1:colcon.colcon_core.package_discovery:discover_packages(colcon_meta) discover
[2.157s] Level 1:colcon.colcon_core.package_discovery:discover_packages(recursive) discover
[2.157s] INFO:colcon.colcon_core.package_discovery:Crawling recursively for packages in '/home/daniele/git_ws/src'
[2.157s] Level 1:colcon.colcon_core.package_identification:_identify(.) by extensions ['ignore', 'ignore_ament_install']
[2.158s] Level 1:colcon.colcon_core.package_identification:_identify(.) by extension 'ignore'
[2.158s] Level 1:colcon.colcon_core.package_identification:_identify(.) by extension 'ignore_ament_install'
[2.158s] Level 1:colcon.colcon_core.package_identification:_identify(.) by extensions ['colcon_pkg']
[2.158s] Level 1:colcon.colcon_core.package_identification:_identify(.) by extension 'colcon_pkg'
[2.158s] Level 1:colcon.colcon_core.package_identification:_identify(.) by extensions ['colcon_meta']
[2.158s] Level 1:colcon.colcon_core.package_identification:_identify(.) by extension 'colcon_meta'
[2.158s] Level 1:colcon.colcon_core.package_identification:_identify(.) by extensions ['ros']
[2.158s] Level 1:colcon.colcon_core.package_identification:_identify(.) by extension 'ros'
[2.205s] Level 1:colcon.colcon_core.package_identification:_identify(.) by extensions ['cmake', 'python']
[2.205s] Level 1:colcon.colcon_core.package_identification:_identify(.) by extension 'cmake'
[2.205s] Level 1:colcon.colcon_core.package_identification:_identify(.) by extension 'python'
[2.205s] Level 1:colcon.colcon_core.package_identification:_identify(.) by extensions ['python_setup_py']
[2.205s] Level 1:colcon.colcon_core.package_identification:_identify(.) by extension 'python_setup_py'
[2.205s] Level 1:colcon.colcon_core.package_identification:_identify(__pycache__) by extensions ['ignore', 'ignore_ament_install']
[2.205s] Level 1:colcon.colcon_core.package_identification:_identify(__pycache__) by extension 'ignore'
[2.206s] Level 1:colcon.colcon_core.package_identification:_identify(__pycache__) by extension 'ignore_ament_install'
[2.206s] Level 1:colcon.colcon_core.package_identification:_identify(__pycache__) by extensions ['colcon_pkg']
[2.206s] Level 1:colcon.colcon_core.package_identification:_identify(__pycache__) by extension 'colcon_pkg'
[2.206s] Level 1:colcon.colcon_core.package_identification:_identify(__pycache__) by extensions ['colcon_meta']
[2.206s] Level 1:colcon.colcon_core.package_identification:_identify(__pycache__) by extension 'colcon_meta'
[2.206s] Level 1:colcon.colcon_core.package_identification:_identify(__pycache__) by extensions ['ros']
[2.206s] Level 1:colcon.colcon_core.package_identification:_identify(__pycache__) by extension 'ros'
[2.206s] Level 1:colcon.colcon_core.package_identification:_identify(__pycache__) by extensions ['cmake', 'python']
[2.206s] Level 1:colcon.colcon_core.package_identification:_identify(__pycache__) by extension 'cmake'
[2.206s] Level 1:colcon.colcon_core.package_identification:_identify(__pycache__) by extension 'python'
[2.207s] Level 1:colcon.colcon_core.package_identification:_identify(__pycache__) by extensions ['python_setup_py']
[2.207s] Level 1:colcon.colcon_core.package_identification:_identify(__pycache__) by extension 'python_setup_py'
[2.207s] Level 1:colcon.colcon_core.package_identification:_identify(build) by extensions ['ignore', 'ignore_ament_install']
[2.207s] Level 1:colcon.colcon_core.package_identification:_identify(build) by extension 'ignore'
[2.207s] Level 1:colcon.colcon_core.package_identification:_identify(build) ignored
[2.207s] Level 1:colcon.colcon_core.package_identification:_identify(install) by extensions ['ignore', 'ignore_ament_install']
[2.207s] Level 1:colcon.colcon_core.package_identification:_identify(install) by extension 'ignore'
[2.208s] Level 1:colcon.colcon_core.package_identification:_identify(install) ignored
[2.208s] Level 1:colcon.colcon_core.package_identification:_identify(log) by extensions ['ignore', 'ignore_ament_install']
[2.208s] Level 1:colcon.colcon_core.package_identification:_identify(log) by extension 'ignore'
[2.208s] Level 1:colcon.colcon_core.package_identification:_identify(log) ignored
[2.208s] Level 1:colcon.colcon_core.package_identification:_identify(movement) by extensions ['ignore', 'ignore_ament_install']
[2.208s] Level 1:colcon.colcon_core.package_identification:_identify(movement) by extension 'ignore'
[2.208s] Level 1:colcon.colcon_core.package_identification:_identify(movement) by extension 'ignore_ament_install'
[2.208s] Level 1:colcon.colcon_core.package_identification:_identify(movement) by extensions ['colcon_pkg']
[2.209s] Level 1:colcon.colcon_core.package_identification:_identify(movement) by extension 'colcon_pkg'
[2.209s] Level 1:colcon.colcon_core.package_identification:_identify(movement) by extensions ['colcon_meta']
[2.209s] Level 1:colcon.colcon_core.package_identification:_identify(movement) by extension 'colcon_meta'
[2.209s] Level 1:colcon.colcon_core.package_identification:_identify(movement) by extensions ['ros']
[2.209s] Level 1:colcon.colcon_core.package_identification:_identify(movement) by extension 'ros'
[2.224s] DEBUG:colcon.colcon_core.package_identification:Package 'movement' with type 'ros.ament_python' and name 'movement'
[2.225s] Level 1:colcon.colcon_core.package_identification:_identify(my_robot_controller) by extensions ['ignore', 'ignore_ament_install']
[2.225s] Level 1:colcon.colcon_core.package_identification:_identify(my_robot_controller) by extension 'ignore'
[2.225s] Level 1:colcon.colcon_core.package_identification:_identify(my_robot_controller) by extension 'ignore_ament_install'
[2.225s] Level 1:colcon.colcon_core.package_identification:_identify(my_robot_controller) by extensions ['colcon_pkg']
[2.225s] Level 1:colcon.colcon_core.package_identification:_identify(my_robot_controller) by extension 'colcon_pkg'
[2.226s] Level 1:colcon.colcon_core.package_identification:_identify(my_robot_controller) by extensions ['colcon_meta']
[2.226s] Level 1:colcon.colcon_core.package_identification:_identify(my_robot_controller) by extension 'colcon_meta'
[2.226s] Level 1:colcon.colcon_core.package_identification:_identify(my_robot_controller) by extensions ['ros']
[2.226s] Level 1:colcon.colcon_core.package_identification:_identify(my_robot_controller) by extension 'ros'
[2.228s] DEBUG:colcon.colcon_core.package_identification:Package 'my_robot_controller' with type 'ros.ament_python' and name 'my_robot_controller'
[2.229s] Level 1:colcon.colcon_core.package_identification:_identify(naoqi_interface) by extensions ['ignore', 'ignore_ament_install']
[2.229s] Level 1:colcon.colcon_core.package_identification:_identify(naoqi_interface) by extension 'ignore'
[2.229s] Level 1:colcon.colcon_core.package_identification:_identify(naoqi_interface) by extension 'ignore_ament_install'
[2.230s] Level 1:colcon.colcon_core.package_identification:_identify(naoqi_interface) by extensions ['colcon_pkg']
[2.230s] Level 1:colcon.colcon_core.package_identification:_identify(naoqi_interface) by extension 'colcon_pkg'
[2.230s] Level 1:colcon.colcon_core.package_identification:_identify(naoqi_interface) by extensions ['colcon_meta']
[2.230s] Level 1:colcon.colcon_core.package_identification:_identify(naoqi_interface) by extension 'colcon_meta'
[2.230s] Level 1:colcon.colcon_core.package_identification:_identify(naoqi_interface) by extensions ['ros']
[2.230s] Level 1:colcon.colcon_core.package_identification:_identify(naoqi_interface) by extension 'ros'
[2.233s] DEBUG:colcon.colcon_core.package_identification:Package 'naoqi_interface' with type 'ros.ament_python' and name 'naoqi_interface'
[2.233s] Level 1:colcon.colcon_core.package_identification:_identify(qi_unipa) by extensions ['ignore', 'ignore_ament_install']
[2.233s] Level 1:colcon.colcon_core.package_identification:_identify(qi_unipa) by extension 'ignore'
[2.234s] Level 1:colcon.colcon_core.package_identification:_identify(qi_unipa) by extension 'ignore_ament_install'
[2.234s] Level 1:colcon.colcon_core.package_identification:_identify(qi_unipa) by extensions ['colcon_pkg']
[2.234s] Level 1:colcon.colcon_core.package_identification:_identify(qi_unipa) by extension 'colcon_pkg'
[2.234s] Level 1:colcon.colcon_core.package_identification:_identify(qi_unipa) by extensions ['colcon_meta']
[2.234s] Level 1:colcon.colcon_core.package_identification:_identify(qi_unipa) by extension 'colcon_meta'
[2.234s] Level 1:colcon.colcon_core.package_identification:_identify(qi_unipa) by extensions ['ros']
[2.234s] Level 1:colcon.colcon_core.package_identification:_identify(qi_unipa) by extension 'ros'
[2.236s] DEBUG:colcon.colcon_core.package_identification:Package 'qi_unipa' with type 'ros.ament_python' and name 'qi_unipa'
[2.237s] Level 1:colcon.colcon_core.package_identification:_identify(qi_unipa_msgs) by extensions ['ignore', 'ignore_ament_install']
[2.237s] Level 1:colcon.colcon_core.package_identification:_identify(qi_unipa_msgs) by extension 'ignore'
[2.237s] Level 1:colcon.colcon_core.package_identification:_identify(qi_unipa_msgs) by extension 'ignore_ament_install'
[2.237s] Level 1:colcon.colcon_core.package_identification:_identify(qi_unipa_msgs) by extensions ['colcon_pkg']
[2.237s] Level 1:colcon.colcon_core.package_identification:_identify(qi_unipa_msgs) by extension 'colcon_pkg'
[2.237s] Level 1:colcon.colcon_core.package_identification:_identify(qi_unipa_msgs) by extensions ['colcon_meta']
[2.237s] Level 1:colcon.colcon_core.package_identification:_identify(qi_unipa_msgs) by extension 'colcon_meta'
[2.238s] Level 1:colcon.colcon_core.package_identification:_identify(qi_unipa_msgs) by extensions ['ros']
[2.238s] Level 1:colcon.colcon_core.package_identification:_identify(qi_unipa_msgs) by extension 'ros'
[2.240s] DEBUG:colcon.colcon_core.package_identification:Package 'qi_unipa_msgs' with type 'ros.ament_cmake' and name 'qi_unipa_msgs'
[2.240s] Level 1:colcon.colcon_core.package_discovery:discover_packages(recursive) using defaults
[2.240s] Level 1:colcon.colcon_core.package_discovery:discover_packages(ignore) discover
[2.241s] Level 1:colcon.colcon_core.package_discovery:discover_packages(ignore) using defaults
[2.241s] Level 1:colcon.colcon_core.package_discovery:discover_packages(path) discover
[2.241s] Level 1:colcon.colcon_core.package_discovery:discover_packages(path) using defaults
[2.330s] Level 1:colcon.colcon_core.package_discovery:discover_packages(prefix_path) check parameters
[2.330s] Level 1:colcon.colcon_core.package_discovery:discover_packages(prefix_path) discover
[2.345s] DEBUG:colcon.colcon_installed_package_information.package_discovery:Found 6 installed packages in /home/daniele/git_ws/install
[2.349s] DEBUG:colcon.colcon_installed_package_information.package_discovery:Found 312 installed packages in /opt/ros/humble
[2.354s] Level 1:colcon.colcon_core.package_discovery:discover_packages(prefix_path) using defaults
[2.481s] Level 5:colcon.colcon_core.verb:set package 'movement' build argument 'cmake_args' from command line to 'None'
[2.481s] Level 5:colcon.colcon_core.verb:set package 'movement' build argument 'cmake_target' from command line to 'None'
[2.481s] Level 5:colcon.colcon_core.verb:set package 'movement' build argument 'cmake_target_skip_unavailable' from command line to 'False'
[2.481s] Level 5:colcon.colcon_core.verb:set package 'movement' build argument 'cmake_clean_cache' from command line to 'False'
[2.481s] Level 5:colcon.colcon_core.verb:set package 'movement' build argument 'cmake_clean_first' from command line to 'False'
[2.481s] Level 5:colcon.colcon_core.verb:set package 'movement' build argument 'cmake_force_configure' from command line to 'False'
[2.481s] Level 5:colcon.colcon_core.verb:set package 'movement' build argument 'ament_cmake_args' from command line to 'None'
[2.481s] Level 5:colcon.colcon_core.verb:set package 'movement' build argument 'catkin_cmake_args' from command line to 'None'
[2.481s] Level 5:colcon.colcon_core.verb:set package 'movement' build argument 'catkin_skip_building_tests' from command line to 'False'
[2.481s] DEBUG:colcon.colcon_core.verb:Building package 'movement' with the following arguments: {'ament_cmake_args': None, 'build_base': '/home/daniele/git_ws/src/build/movement', 'catkin_cmake_args': None, 'catkin_skip_building_tests': False, 'cmake_args': None, 'cmake_clean_cache': False, 'cmake_clean_first': False, 'cmake_force_configure': False, 'cmake_target': None, 'cmake_target_skip_unavailable': False, 'install_base': '/home/daniele/git_ws/src/install/movement', 'merge_install': False, 'path': '/home/daniele/git_ws/src/movement', 'symlink_install': False, 'test_result_base': None}
[2.482s] Level 5:colcon.colcon_core.verb:set package 'my_robot_controller' build argument 'cmake_args' from command line to 'None'
[2.482s] Level 5:colcon.colcon_core.verb:set package 'my_robot_controller' build argument 'cmake_target' from command line to 'None'
[2.482s] Level 5:colcon.colcon_core.verb:set package 'my_robot_controller' build argument 'cmake_target_skip_unavailable' from command line to 'False'
[2.482s] Level 5:colcon.colcon_core.verb:set package 'my_robot_controller' build argument 'cmake_clean_cache' from command line to 'False'
[2.482s] Level 5:colcon.colcon_core.verb:set package 'my_robot_controller' build argument 'cmake_clean_first' from command line to 'False'
[2.482s] Level 5:colcon.colcon_core.verb:set package 'my_robot_controller' build argument 'cmake_force_configure' from command line to 'False'
[2.482s] Level 5:colcon.colcon_core.verb:set package 'my_robot_controller' build argument 'ament_cmake_args' from command line to 'None'
[2.482s] Level 5:colcon.colcon_core.verb:set package 'my_robot_controller' build argument 'catkin_cmake_args' from command line to 'None'
[2.482s] Level 5:colcon.colcon_core.verb:set package 'my_robot_controller' build argument 'catkin_skip_building_tests' from command line to 'False'
[2.482s] DEBUG:colcon.colcon_core.verb:Building package 'my_robot_controller' with the following arguments: {'ament_cmake_args': None, 'build_base': '/home/daniele/git_ws/src/build/my_robot_controller', 'catkin_cmake_args': None, 'catkin_skip_building_tests': False, 'cmake_args': None, 'cmake_clean_cache': False, 'cmake_clean_first': False, 'cmake_force_configure': False, 'cmake_target': None, 'cmake_target_skip_unavailable': False, 'install_base': '/home/daniele/git_ws/src/install/my_robot_controller', 'merge_install': False, 'path': '/home/daniele/git_ws/src/my_robot_controller', 'symlink_install': False, 'test_result_base': None}
[2.483s] Level 5:colcon.colcon_core.verb:set package 'naoqi_interface' build argument 'cmake_args' from command line to 'None'
[2.483s] Level 5:colcon.colcon_core.verb:set package 'naoqi_interface' build argument 'cmake_target' from command line to 'None'
[2.483s] Level 5:colcon.colcon_core.verb:set package 'naoqi_interface' build argument 'cmake_target_skip_unavailable' from command line to 'False'
[2.483s] Level 5:colcon.colcon_core.verb:set package 'naoqi_interface' build argument 'cmake_clean_cache' from command line to 'False'
[2.483s] Level 5:colcon.colcon_core.verb:set package 'naoqi_interface' build argument 'cmake_clean_first' from command line to 'False'
[2.483s] Level 5:colcon.colcon_core.verb:set package 'naoqi_interface' build argument 'cmake_force_configure' from command line to 'False'
[2.483s] Level 5:colcon.colcon_core.verb:set package 'naoqi_interface' build argument 'ament_cmake_args' from command line to 'None'
[2.483s] Level 5:colcon.colcon_core.verb:set package 'naoqi_interface' build argument 'catkin_cmake_args' from command line to 'None'
[2.483s] Level 5:colcon.colcon_core.verb:set package 'naoqi_interface' build argument 'catkin_skip_building_tests' from command line to 'False'
[2.483s] DEBUG:colcon.colcon_core.verb:Building package 'naoqi_interface' with the following arguments: {'ament_cmake_args': None, 'build_base': '/home/daniele/git_ws/src/build/naoqi_interface', 'catkin_cmake_args': None, 'catkin_skip_building_tests': False, 'cmake_args': None, 'cmake_clean_cache': False, 'cmake_clean_first': False, 'cmake_force_configure': False, 'cmake_target': None, 'cmake_target_skip_unavailable': False, 'install_base': '/home/daniele/git_ws/src/install/naoqi_interface', 'merge_install': False, 'path': '/home/daniele/git_ws/src/naoqi_interface', 'symlink_install': False, 'test_result_base': None}
[2.483s] Level 5:colcon.colcon_core.verb:set package 'qi_unipa' build argument 'cmake_args' from command line to 'None'
[2.484s] Level 5:colcon.colcon_core.verb:set package 'qi_unipa' build argument 'cmake_target' from command line to 'None'
[2.484s] Level 5:colcon.colcon_core.verb:set package 'qi_unipa' build argument 'cmake_target_skip_unavailable' from command line to 'False'
[2.484s] Level 5:colcon.colcon_core.verb:set package 'qi_unipa' build argument 'cmake_clean_cache' from command line to 'False'
[2.484s] Level 5:colcon.colcon_core.verb:set package 'qi_unipa' build argument 'cmake_clean_first' from command line to 'False'
[2.484s] Level 5:colcon.colcon_core.verb:set package 'qi_unipa' build argument 'cmake_force_configure' from command line to 'False'
[2.484s] Level 5:colcon.colcon_core.verb:set package 'qi_unipa' build argument 'ament_cmake_args' from command line to 'None'
[2.484s] Level 5:colcon.colcon_core.verb:set package 'qi_unipa' build argument 'catkin_cmake_args' from command line to 'None'
[2.484s] Level 5:colcon.colcon_core.verb:set package 'qi_unipa' build argument 'catkin_skip_building_tests' from command line to 'False'
[2.484s] DEBUG:colcon.colcon_core.verb:Building package 'qi_unipa' with the following arguments: {'ament_cmake_args': None, 'build_base': '/home/daniele/git_ws/src/build/qi_unipa', 'catkin_cmake_args': None, 'catkin_skip_building_tests': False, 'cmake_args': None, 'cmake_clean_cache': False, 'cmake_clean_first': False, 'cmake_force_configure': False, 'cmake_target': None, 'cmake_target_skip_unavailable': False, 'install_base': '/home/daniele/git_ws/src/install/qi_unipa', 'merge_install': False, 'path': '/home/daniele/git_ws/src/qi_unipa', 'symlink_install': False, 'test_result_base': None}
[2.484s] Level 5:colcon.colcon_core.verb:set package 'qi_unipa_msgs' build argument 'cmake_args' from command line to 'None'
[2.484s] Level 5:colcon.colcon_core.verb:set package 'qi_unipa_msgs' build argument 'cmake_target' from command line to 'None'
[2.484s] Level 5:colcon.colcon_core.verb:set package 'qi_unipa_msgs' build argument 'cmake_target_skip_unavailable' from command line to 'False'
[2.484s] Level 5:colcon.colcon_core.verb:set package 'qi_unipa_msgs' build argument 'cmake_clean_cache' from command line to 'False'
[2.484s] Level 5:colcon.colcon_core.verb:set package 'qi_unipa_msgs' build argument 'cmake_clean_first' from command line to 'False'
[2.484s] Level 5:colcon.colcon_core.verb:set package 'qi_unipa_msgs' build argument 'cmake_force_configure' from command line to 'False'
[2.485s] Level 5:colcon.colcon_core.verb:set package 'qi_unipa_msgs' build argument 'ament_cmake_args' from command line to 'None'
[2.485s] Level 5:colcon.colcon_core.verb:set package 'qi_unipa_msgs' build argument 'catkin_cmake_args' from command line to 'None'
[2.485s] Level 5:colcon.colcon_core.verb:set package 'qi_unipa_msgs' build argument 'catkin_skip_building_tests' from command line to 'False'
[2.485s] DEBUG:colcon.colcon_core.verb:Building package 'qi_unipa_msgs' with the following arguments: {'ament_cmake_args': None, 'build_base': '/home/daniele/git_ws/src/build/qi_unipa_msgs', 'catkin_cmake_args': None, 'catkin_skip_building_tests': False, 'cmake_args': None, 'cmake_clean_cache': False, 'cmake_clean_first': False, 'cmake_force_configure': False, 'cmake_target': None, 'cmake_target_skip_unavailable': False, 'install_base': '/home/daniele/git_ws/src/install/qi_unipa_msgs', 'merge_install': False, 'path': '/home/daniele/git_ws/src/qi_unipa_msgs', 'symlink_install': False, 'test_result_base': None}
[2.485s] INFO:colcon.colcon_core.executor:Executing jobs using 'parallel' executor
[2.487s] DEBUG:colcon.colcon_parallel_executor.executor.parallel:run_until_complete
[2.487s] INFO:colcon.colcon_ros.task.ament_python.build:Building ROS package in '/home/daniele/git_ws/src/movement' with build type 'ament_python'
[2.487s] Level 1:colcon.colcon_core.shell:create_environment_hook('movement', 'ament_prefix_path')
[2.505s] INFO:colcon.colcon_core.plugin_system:Skipping extension 'colcon_core.shell.bat': Not used on non-Windows systems
[2.506s] INFO:colcon.colcon_core.shell:Creating environment hook '/home/daniele/git_ws/src/install/movement/share/movement/hook/ament_prefix_path.ps1'
[2.513s] INFO:colcon.colcon_core.shell:Creating environment descriptor '/home/daniele/git_ws/src/install/movement/share/movement/hook/ament_prefix_path.dsv'
[2.515s] INFO:colcon.colcon_core.shell:Creating environment hook '/home/daniele/git_ws/src/install/movement/share/movement/hook/ament_prefix_path.sh'
[2.518s] INFO:colcon.colcon_core.shell:Skip shell extension 'powershell' for command environment: Not usable outside of PowerShell
[2.518s] DEBUG:colcon.colcon_core.shell:Skip shell extension 'dsv' for command environment
[2.529s] INFO:colcon.colcon_ros.task.ament_python.build:Building ROS package in '/home/daniele/git_ws/src/my_robot_controller' with build type 'ament_python'
[2.530s] Level 1:colcon.colcon_core.shell:create_environment_hook('my_robot_controller', 'ament_prefix_path')
[2.531s] INFO:colcon.colcon_core.shell:Creating environment hook '/home/daniele/git_ws/src/install/my_robot_controller/share/my_robot_controller/hook/ament_prefix_path.ps1'
[2.536s] INFO:colcon.colcon_core.shell:Creating environment descriptor '/home/daniele/git_ws/src/install/my_robot_controller/share/my_robot_controller/hook/ament_prefix_path.dsv'
[2.538s] INFO:colcon.colcon_core.shell:Creating environment hook '/home/daniele/git_ws/src/install/my_robot_controller/share/my_robot_controller/hook/ament_prefix_path.sh'
[2.539s] INFO:colcon.colcon_core.shell:Skip shell extension 'powershell' for command environment: Not usable outside of PowerShell
[2.539s] DEBUG:colcon.colcon_core.shell:Skip shell extension 'dsv' for command environment
[2.548s] INFO:colcon.colcon_ros.task.ament_python.build:Building ROS package in '/home/daniele/git_ws/src/naoqi_interface' with build type 'ament_python'
[2.548s] Level 1:colcon.colcon_core.shell:create_environment_hook('naoqi_interface', 'ament_prefix_path')
[2.549s] INFO:colcon.colcon_core.shell:Creating environment hook '/home/daniele/git_ws/src/install/naoqi_interface/share/naoqi_interface/hook/ament_prefix_path.ps1'
[2.558s] INFO:colcon.colcon_core.shell:Creating environment descriptor '/home/daniele/git_ws/src/install/naoqi_interface/share/naoqi_interface/hook/ament_prefix_path.dsv'
[2.559s] INFO:colcon.colcon_core.shell:Creating environment hook '/home/daniele/git_ws/src/install/naoqi_interface/share/naoqi_interface/hook/ament_prefix_path.sh'
[2.560s] INFO:colcon.colcon_core.shell:Skip shell extension 'powershell' for command environment: Not usable outside of PowerShell
[2.560s] DEBUG:colcon.colcon_core.shell:Skip shell extension 'dsv' for command environment
[2.568s] INFO:colcon.colcon_ros.task.ament_python.build:Building ROS package in '/home/daniele/git_ws/src/qi_unipa' with build type 'ament_python'
[2.568s] Level 1:colcon.colcon_core.shell:create_environment_hook('qi_unipa', 'ament_prefix_path')
[2.569s] INFO:colcon.colcon_core.shell:Creating environment hook '/home/daniele/git_ws/src/install/qi_unipa/share/qi_unipa/hook/ament_prefix_path.ps1'
[2.579s] INFO:colcon.colcon_core.shell:Creating environment descriptor '/home/daniele/git_ws/src/install/qi_unipa/share/qi_unipa/hook/ament_prefix_path.dsv'
[2.580s] INFO:colcon.colcon_core.shell:Creating environment hook '/home/daniele/git_ws/src/install/qi_unipa/share/qi_unipa/hook/ament_prefix_path.sh'
[2.581s] INFO:colcon.colcon_core.shell:Skip shell extension 'powershell' for command environment: Not usable outside of PowerShell
[2.581s] DEBUG:colcon.colcon_core.shell:Skip shell extension 'dsv' for command environment
[2.593s] INFO:colcon.colcon_ros.task.ament_cmake.build:Building ROS package in '/home/daniele/git_ws/src/qi_unipa_msgs' with build type 'ament_cmake'
[2.593s] INFO:colcon.colcon_cmake.task.cmake.build:Building CMake package in '/home/daniele/git_ws/src/qi_unipa_msgs'
[2.594s] INFO:colcon.colcon_core.shell:Skip shell extension 'powershell' for command environment: Not usable outside of PowerShell
[2.594s] DEBUG:colcon.colcon_core.shell:Skip shell extension 'dsv' for command environment
[3.240s] INFO:colcon.colcon_core.task.python.build:Building Python package in '/home/daniele/git_ws/src/movement'
[3.241s] INFO:colcon.colcon_core.shell:Skip shell extension 'powershell' for command environment: Not usable outside of PowerShell
[3.241s] DEBUG:colcon.colcon_core.shell:Skip shell extension 'dsv' for command environment
[3.947s] INFO:colcon.colcon_core.task.python.build:Building Python package in '/home/daniele/git_ws/src/my_robot_controller'
[3.948s] INFO:colcon.colcon_core.shell:Skip shell extension 'powershell' for command environment: Not usable outside of PowerShell
[3.949s] DEBUG:colcon.colcon_core.shell:Skip shell extension 'dsv' for command environment
[4.561s] INFO:colcon.colcon_core.task.python.build:Building Python package in '/home/daniele/git_ws/src/naoqi_interface'
[4.562s] INFO:colcon.colcon_core.shell:Skip shell extension 'powershell' for command environment: Not usable outside of PowerShell
[4.562s] DEBUG:colcon.colcon_core.shell:Skip shell extension 'dsv' for command environment
[5.103s] INFO:colcon.colcon_core.task.python.build:Building Python package in '/home/daniele/git_ws/src/qi_unipa'
[5.104s] INFO:colcon.colcon_core.shell:Skip shell extension 'powershell' for command environment: Not usable outside of PowerShell
[5.104s] DEBUG:colcon.colcon_core.shell:Skip shell extension 'dsv' for command environment
[5.129s] DEBUG:colcon.colcon_core.event_handler.log_command:Invoking command in '/home/daniele/git_ws/src/build/qi_unipa_msgs': CMAKE_PREFIX_PATH=${CMAKE_PREFIX_PATH}:/home/daniele/git_ws/install/speech:/home/daniele/git_ws/install/qi_unipa:/home/daniele/git_ws/install/naoqi_interface:/home/daniele/git_ws/install/my_robot_controller:/home/daniele/git_ws/install/movement:/opt/ros/humble /usr/bin/cmake /home/daniele/git_ws/src/qi_unipa_msgs -DCMAKE_INSTALL_PREFIX=/home/daniele/git_ws/src/install/qi_unipa_msgs
[7.107s] DEBUG:colcon.colcon_core.event_handler.log_command:Invoking command in '/home/daniele/git_ws/src/my_robot_controller': PYTHONPATH=/home/daniele/git_ws/src/build/my_robot_controller/prefix_override:/usr/lib/python3/dist-packages/colcon_core/task/python/colcon_distutils_commands:/home/daniele/git_ws/src/install/my_robot_controller/lib/python3.10/site-packages:${PYTHONPATH} /usr/bin/python3 -W ignore:setup.py install is deprecated setup.py egg_info --egg-base ../build/my_robot_controller build --build-base /home/daniele/git_ws/src/build/my_robot_controller/build install --record /home/daniele/git_ws/src/build/my_robot_controller/install.log --single-version-externally-managed install_data
[7.116s] DEBUG:colcon.colcon_core.event_handler.log_command:Invoking command in '/home/daniele/git_ws/src/qi_unipa': PYTHONPATH=/home/daniele/git_ws/src/build/qi_unipa/prefix_override:/usr/lib/python3/dist-packages/colcon_core/task/python/colcon_distutils_commands:/home/daniele/git_ws/src/install/qi_unipa/lib/python3.10/site-packages:${PYTHONPATH} /usr/bin/python3 -W ignore:setup.py install is deprecated setup.py egg_info --egg-base ../build/qi_unipa build --build-base /home/daniele/git_ws/src/build/qi_unipa/build install --record /home/daniele/git_ws/src/build/qi_unipa/install.log --single-version-externally-managed install_data
[7.127s] DEBUG:colcon.colcon_core.event_handler.log_command:Invoking command in '/home/daniele/git_ws/src/movement': PYTHONPATH=/home/daniele/git_ws/src/build/movement/prefix_override:/usr/lib/python3/dist-packages/colcon_core/task/python/colcon_distutils_commands:/home/daniele/git_ws/src/install/movement/lib/python3.10/site-packages:${PYTHONPATH} /usr/bin/python3 -W ignore:setup.py install is deprecated setup.py egg_info --egg-base ../build/movement build --build-base /home/daniele/git_ws/src/build/movement/build install --record /home/daniele/git_ws/src/build/movement/install.log --single-version-externally-managed install_data
[7.133s] DEBUG:colcon.colcon_core.event_handler.log_command:Invoking command in '/home/daniele/git_ws/src/naoqi_interface': PYTHONPATH=/home/daniele/git_ws/src/build/naoqi_interface/prefix_override:/usr/lib/python3/dist-packages/colcon_core/task/python/colcon_distutils_commands:/home/daniele/git_ws/src/install/naoqi_interface/lib/python3.10/site-packages:${PYTHONPATH} /usr/bin/python3 -W ignore:setup.py install is deprecated setup.py egg_info --egg-base ../build/naoqi_interface build --build-base /home/daniele/git_ws/src/build/naoqi_interface/build install --record /home/daniele/git_ws/src/build/naoqi_interface/install.log --single-version-externally-managed install_data
[8.268s] DEBUG:colcon.colcon_core.event_handler.log_command:Invoked command in '/home/daniele/git_ws/src/movement' returned '0': PYTHONPATH=/home/daniele/git_ws/src/build/movement/prefix_override:/usr/lib/python3/dist-packages/colcon_core/task/python/colcon_distutils_commands:/home/daniele/git_ws/src/install/movement/lib/python3.10/site-packages:${PYTHONPATH} /usr/bin/python3 -W ignore:setup.py install is deprecated setup.py egg_info --egg-base ../build/movement build --build-base /home/daniele/git_ws/src/build/movement/build install --record /home/daniele/git_ws/src/build/movement/install.log --single-version-externally-managed install_data
[8.307s] Level 1:colcon.colcon_core.environment:checking '/home/daniele/git_ws/src/install/movement' for CMake module files
[8.308s] Level 1:colcon.colcon_core.environment:checking '/home/daniele/git_ws/src/install/movement' for CMake config files
[8.310s] Level 1:colcon.colcon_core.environment:checking '/home/daniele/git_ws/src/install/movement/lib'
[8.310s] Level 1:colcon.colcon_core.environment:checking '/home/daniele/git_ws/src/install/movement/bin'
[8.311s] Level 1:colcon.colcon_core.environment:checking '/home/daniele/git_ws/src/install/movement/lib/pkgconfig/movement.pc'
[8.312s] Level 1:colcon.colcon_core.environment:checking '/home/daniele/git_ws/src/install/movement/lib/python3.10/site-packages'
[8.313s] Level 1:colcon.colcon_core.shell:create_environment_hook('movement', 'pythonpath')
[8.314s] INFO:colcon.colcon_core.shell:Creating environment hook '/home/daniele/git_ws/src/install/movement/share/movement/hook/pythonpath.ps1'
[8.316s] INFO:colcon.colcon_core.shell:Creating environment descriptor '/home/daniele/git_ws/src/install/movement/share/movement/hook/pythonpath.dsv'
[8.317s] INFO:colcon.colcon_core.shell:Creating environment hook '/home/daniele/git_ws/src/install/movement/share/movement/hook/pythonpath.sh'
[8.319s] Level 1:colcon.colcon_core.environment:checking '/home/daniele/git_ws/src/install/movement/bin'
[8.319s] Level 1:colcon.colcon_core.environment:create_environment_scripts_only(movement)
[8.320s] INFO:colcon.colcon_core.shell:Creating package script '/home/daniele/git_ws/src/install/movement/share/movement/package.ps1'
[8.323s] INFO:colcon.colcon_core.shell:Creating package descriptor '/home/daniele/git_ws/src/install/movement/share/movement/package.dsv'
[8.328s] INFO:colcon.colcon_core.shell:Creating package script '/home/daniele/git_ws/src/install/movement/share/movement/package.sh'
[8.331s] INFO:colcon.colcon_core.shell:Creating package script '/home/daniele/git_ws/src/install/movement/share/movement/package.bash'
[8.336s] INFO:colcon.colcon_core.shell:Creating package script '/home/daniele/git_ws/src/install/movement/share/movement/package.zsh'
[8.342s] Level 1:colcon.colcon_core.environment:create_file_with_runtime_dependencies(/home/daniele/git_ws/src/install/movement/share/colcon-core/packages/movement)
[8.351s] Level 1:colcon.colcon_core.environment:checking '/home/daniele/git_ws/src/install/qi_unipa' for CMake module files
[8.354s] DEBUG:colcon.colcon_core.event_handler.log_command:Invoked command in '/home/daniele/git_ws/src/qi_unipa' returned '0': PYTHONPATH=/home/daniele/git_ws/src/build/qi_unipa/prefix_override:/usr/lib/python3/dist-packages/colcon_core/task/python/colcon_distutils_commands:/home/daniele/git_ws/src/install/qi_unipa/lib/python3.10/site-packages:${PYTHONPATH} /usr/bin/python3 -W ignore:setup.py install is deprecated setup.py egg_info --egg-base ../build/qi_unipa build --build-base /home/daniele/git_ws/src/build/qi_unipa/build install --record /home/daniele/git_ws/src/build/qi_unipa/install.log --single-version-externally-managed install_data
[8.355s] Level 1:colcon.colcon_core.environment:checking '/home/daniele/git_ws/src/install/qi_unipa' for CMake config files
[8.356s] Level 1:colcon.colcon_core.environment:checking '/home/daniele/git_ws/src/install/qi_unipa/lib'
[8.357s] Level 1:colcon.colcon_core.environment:checking '/home/daniele/git_ws/src/install/qi_unipa/bin'
[8.357s] Level 1:colcon.colcon_core.environment:checking '/home/daniele/git_ws/src/install/qi_unipa/lib/pkgconfig/qi_unipa.pc'
[8.357s] Level 1:colcon.colcon_core.environment:checking '/home/daniele/git_ws/src/install/qi_unipa/lib/python3.10/site-packages'
[8.357s] Level 1:colcon.colcon_core.shell:create_environment_hook('qi_unipa', 'pythonpath')
[8.358s] INFO:colcon.colcon_core.shell:Creating environment hook '/home/daniele/git_ws/src/install/qi_unipa/share/qi_unipa/hook/pythonpath.ps1'
[8.360s] INFO:colcon.colcon_core.shell:Creating environment descriptor '/home/daniele/git_ws/src/install/qi_unipa/share/qi_unipa/hook/pythonpath.dsv'
[8.361s] INFO:colcon.colcon_core.shell:Creating environment hook '/home/daniele/git_ws/src/install/qi_unipa/share/qi_unipa/hook/pythonpath.sh'
[8.364s] Level 1:colcon.colcon_core.environment:checking '/home/daniele/git_ws/src/install/qi_unipa/bin'
[8.364s] Level 1:colcon.colcon_core.environment:create_environment_scripts_only(qi_unipa)
[8.366s] INFO:colcon.colcon_core.shell:Creating package script '/home/daniele/git_ws/src/install/qi_unipa/share/qi_unipa/package.ps1'
[8.368s] INFO:colcon.colcon_core.shell:Creating package descriptor '/home/daniele/git_ws/src/install/qi_unipa/share/qi_unipa/package.dsv'
[8.369s] INFO:colcon.colcon_core.shell:Creating package script '/home/daniele/git_ws/src/install/qi_unipa/share/qi_unipa/package.sh'
[8.371s] INFO:colcon.colcon_core.shell:Creating package script '/home/daniele/git_ws/src/install/qi_unipa/share/qi_unipa/package.bash'
[8.372s] INFO:colcon.colcon_core.shell:Creating package script '/home/daniele/git_ws/src/install/qi_unipa/share/qi_unipa/package.zsh'
[8.373s] Level 1:colcon.colcon_core.environment:create_file_with_runtime_dependencies(/home/daniele/git_ws/src/install/qi_unipa/share/colcon-core/packages/qi_unipa)
[8.376s] Level 1:colcon.colcon_core.environment:checking '/home/daniele/git_ws/src/install/naoqi_interface' for CMake module files
[8.380s] DEBUG:colcon.colcon_core.event_handler.log_command:Invoked command in '/home/daniele/git_ws/src/naoqi_interface' returned '0': PYTHONPATH=/home/daniele/git_ws/src/build/naoqi_interface/prefix_override:/usr/lib/python3/dist-packages/colcon_core/task/python/colcon_distutils_commands:/home/daniele/git_ws/src/install/naoqi_interface/lib/python3.10/site-packages:${PYTHONPATH} /usr/bin/python3 -W ignore:setup.py install is deprecated setup.py egg_info --egg-base ../build/naoqi_interface build --build-base /home/daniele/git_ws/src/build/naoqi_interface/build install --record /home/daniele/git_ws/src/build/naoqi_interface/install.log --single-version-externally-managed install_data
[8.383s] Level 1:colcon.colcon_core.environment:checking '/home/daniele/git_ws/src/install/naoqi_interface' for CMake config files
[8.386s] Level 1:colcon.colcon_core.environment:checking '/home/daniele/git_ws/src/install/naoqi_interface/lib'
[8.386s] Level 1:colcon.colcon_core.environment:checking '/home/daniele/git_ws/src/install/naoqi_interface/bin'
[8.386s] Level 1:colcon.colcon_core.environment:checking '/home/daniele/git_ws/src/install/naoqi_interface/lib/pkgconfig/naoqi_interface.pc'
[8.387s] Level 1:colcon.colcon_core.environment:checking '/home/daniele/git_ws/src/install/naoqi_interface/lib/python3.10/site-packages'
[8.387s] Level 1:colcon.colcon_core.shell:create_environment_hook('naoqi_interface', 'pythonpath')
[8.388s] INFO:colcon.colcon_core.shell:Creating environment hook '/home/daniele/git_ws/src/install/naoqi_interface/share/naoqi_interface/hook/pythonpath.ps1'
[8.390s] INFO:colcon.colcon_core.shell:Creating environment descriptor '/home/daniele/git_ws/src/install/naoqi_interface/share/naoqi_interface/hook/pythonpath.dsv'
[8.391s] INFO:colcon.colcon_core.shell:Creating environment hook '/home/daniele/git_ws/src/install/naoqi_interface/share/naoqi_interface/hook/pythonpath.sh'
[8.392s] Level 1:colcon.colcon_core.environment:checking '/home/daniele/git_ws/src/install/naoqi_interface/bin'
[8.393s] Level 1:colcon.colcon_core.environment:create_environment_scripts_only(naoqi_interface)
[8.394s] INFO:colcon.colcon_core.shell:Creating package script '/home/daniele/git_ws/src/install/naoqi_interface/share/naoqi_interface/package.ps1'
[8.396s] INFO:colcon.colcon_core.shell:Creating package descriptor '/home/daniele/git_ws/src/install/naoqi_interface/share/naoqi_interface/package.dsv'
[8.398s] INFO:colcon.colcon_core.shell:Creating package script '/home/daniele/git_ws/src/install/naoqi_interface/share/naoqi_interface/package.sh'
[8.400s] INFO:colcon.colcon_core.shell:Creating package script '/home/daniele/git_ws/src/install/naoqi_interface/share/naoqi_interface/package.bash'
[8.402s] INFO:colcon.colcon_core.shell:Creating package script '/home/daniele/git_ws/src/install/naoqi_interface/share/naoqi_interface/package.zsh'
[8.403s] Level 1:colcon.colcon_core.environment:create_file_with_runtime_dependencies(/home/daniele/git_ws/src/install/naoqi_interface/share/colcon-core/packages/naoqi_interface)
[8.410s] Level 1:colcon.colcon_core.environment:checking '/home/daniele/git_ws/src/install/my_robot_controller' for CMake module files
[8.414s] Level 1:colcon.colcon_core.environment:checking '/home/daniele/git_ws/src/install/my_robot_controller' for CMake config files
[8.416s] DEBUG:colcon.colcon_core.event_handler.log_command:Invoked command in '/home/daniele/git_ws/src/my_robot_controller' returned '0': PYTHONPATH=/home/daniele/git_ws/src/build/my_robot_controller/prefix_override:/usr/lib/python3/dist-packages/colcon_core/task/python/colcon_distutils_commands:/home/daniele/git_ws/src/install/my_robot_controller/lib/python3.10/site-packages:${PYTHONPATH} /usr/bin/python3 -W ignore:setup.py install is deprecated setup.py egg_info --egg-base ../build/my_robot_controller build --build-base /home/daniele/git_ws/src/build/my_robot_controller/build install --record /home/daniele/git_ws/src/build/my_robot_controller/install.log --single-version-externally-managed install_data
[8.417s] Level 1:colcon.colcon_core.environment:checking '/home/daniele/git_ws/src/install/my_robot_controller/lib'
[8.418s] Level 1:colcon.colcon_core.environment:checking '/home/daniele/git_ws/src/install/my_robot_controller/bin'
[8.418s] Level 1:colcon.colcon_core.environment:checking '/home/daniele/git_ws/src/install/my_robot_controller/lib/pkgconfig/my_robot_controller.pc'
[8.419s] Level 1:colcon.colcon_core.environment:checking '/home/daniele/git_ws/src/install/my_robot_controller/lib/python3.10/site-packages'
[8.419s] Level 1:colcon.colcon_core.shell:create_environment_hook('my_robot_controller', 'pythonpath')
[8.420s] INFO:colcon.colcon_core.shell:Creating environment hook '/home/daniele/git_ws/src/install/my_robot_controller/share/my_robot_controller/hook/pythonpath.ps1'
[8.421s] INFO:colcon.colcon_core.shell:Creating environment descriptor '/home/daniele/git_ws/src/install/my_robot_controller/share/my_robot_controller/hook/pythonpath.dsv'
[8.423s] INFO:colcon.colcon_core.shell:Creating environment hook '/home/daniele/git_ws/src/install/my_robot_controller/share/my_robot_controller/hook/pythonpath.sh'
[8.426s] Level 1:colcon.colcon_core.environment:checking '/home/daniele/git_ws/src/install/my_robot_controller/bin'
[8.426s] Level 1:colcon.colcon_core.environment:create_environment_scripts_only(my_robot_controller)
[8.427s] INFO:colcon.colcon_core.shell:Creating package script '/home/daniele/git_ws/src/install/my_robot_controller/share/my_robot_controller/package.ps1'
[8.428s] INFO:colcon.colcon_core.shell:Creating package descriptor '/home/daniele/git_ws/src/install/my_robot_controller/share/my_robot_controller/package.dsv'
[8.429s] INFO:colcon.colcon_core.shell:Creating package script '/home/daniele/git_ws/src/install/my_robot_controller/share/my_robot_controller/package.sh'
[8.431s] INFO:colcon.colcon_core.shell:Creating package script '/home/daniele/git_ws/src/install/my_robot_controller/share/my_robot_controller/package.bash'
[8.432s] INFO:colcon.colcon_core.shell:Creating package script '/home/daniele/git_ws/src/install/my_robot_controller/share/my_robot_controller/package.zsh'
[8.434s] Level 1:colcon.colcon_core.environment:create_file_with_runtime_dependencies(/home/daniele/git_ws/src/install/my_robot_controller/share/colcon-core/packages/my_robot_controller)
[15.941s] DEBUG:colcon.colcon_core.event_handler.log_command:Invoked command in '/home/daniele/git_ws/src/build/qi_unipa_msgs' returned '0': CMAKE_PREFIX_PATH=${CMAKE_PREFIX_PATH}:/home/daniele/git_ws/install/speech:/home/daniele/git_ws/install/qi_unipa:/home/daniele/git_ws/install/naoqi_interface:/home/daniele/git_ws/install/my_robot_controller:/home/daniele/git_ws/install/movement:/opt/ros/humble /usr/bin/cmake /home/daniele/git_ws/src/qi_unipa_msgs -DCMAKE_INSTALL_PREFIX=/home/daniele/git_ws/src/install/qi_unipa_msgs
[15.945s] DEBUG:colcon.colcon_core.event_handler.log_command:Invoking command in '/home/daniele/git_ws/src/build/qi_unipa_msgs': CMAKE_PREFIX_PATH=${CMAKE_PREFIX_PATH}:/home/daniele/git_ws/install/speech:/home/daniele/git_ws/install/qi_unipa:/home/daniele/git_ws/install/naoqi_interface:/home/daniele/git_ws/install/my_robot_controller:/home/daniele/git_ws/install/movement:/opt/ros/humble /usr/bin/cmake --build /home/daniele/git_ws/src/build/qi_unipa_msgs -- -j8 -l8
[26.379s] DEBUG:colcon.colcon_core.event_handler.log_command:Invoked command in '/home/daniele/git_ws/src/build/qi_unipa_msgs' returned '0': CMAKE_PREFIX_PATH=${CMAKE_PREFIX_PATH}:/home/daniele/git_ws/install/speech:/home/daniele/git_ws/install/qi_unipa:/home/daniele/git_ws/install/naoqi_interface:/home/daniele/git_ws/install/my_robot_controller:/home/daniele/git_ws/install/movement:/opt/ros/humble /usr/bin/cmake --build /home/daniele/git_ws/src/build/qi_unipa_msgs -- -j8 -l8
[26.999s] DEBUG:colcon.colcon_core.event_handler.log_command:Invoking command in '/home/daniele/git_ws/src/build/qi_unipa_msgs': CMAKE_PREFIX_PATH=${CMAKE_PREFIX_PATH}:/home/daniele/git_ws/install/speech:/home/daniele/git_ws/install/qi_unipa:/home/daniele/git_ws/install/naoqi_interface:/home/daniele/git_ws/install/my_robot_controller:/home/daniele/git_ws/install/movement:/opt/ros/humble /usr/bin/cmake --install /home/daniele/git_ws/src/build/qi_unipa_msgs
[27.379s] Level 1:colcon.colcon_core.environment:create_environment_scripts_only(qi_unipa_msgs)
[27.380s] Level 1:colcon.colcon_core.environment:checking '/home/daniele/git_ws/src/install/qi_unipa_msgs' for CMake module files
[27.381s] DEBUG:colcon.colcon_core.event_handler.log_command:Invoked command in '/home/daniele/git_ws/src/build/qi_unipa_msgs' returned '0': CMAKE_PREFIX_PATH=${CMAKE_PREFIX_PATH}:/home/daniele/git_ws/install/speech:/home/daniele/git_ws/install/qi_unipa:/home/daniele/git_ws/install/naoqi_interface:/home/daniele/git_ws/install/my_robot_controller:/home/daniele/git_ws/install/movement:/opt/ros/humble /usr/bin/cmake --install /home/daniele/git_ws/src/build/qi_unipa_msgs
[27.382s] Level 1:colcon.colcon_core.environment:checking '/home/daniele/git_ws/src/install/qi_unipa_msgs' for CMake config files
[27.383s] Level 1:colcon.colcon_core.shell:create_environment_hook('qi_unipa_msgs', 'cmake_prefix_path')
[27.383s] INFO:colcon.colcon_core.shell:Creating environment hook '/home/daniele/git_ws/src/install/qi_unipa_msgs/share/qi_unipa_msgs/hook/cmake_prefix_path.ps1'
[27.385s] INFO:colcon.colcon_core.shell:Creating environment descriptor '/home/daniele/git_ws/src/install/qi_unipa_msgs/share/qi_unipa_msgs/hook/cmake_prefix_path.dsv'
[27.386s] INFO:colcon.colcon_core.shell:Creating environment hook '/home/daniele/git_ws/src/install/qi_unipa_msgs/share/qi_unipa_msgs/hook/cmake_prefix_path.sh'
[27.387s] Level 1:colcon.colcon_core.environment:checking '/home/daniele/git_ws/src/install/qi_unipa_msgs/lib'
[27.387s] Level 1:colcon.colcon_core.shell:create_environment_hook('qi_unipa_msgs', 'ld_library_path_lib')
[27.387s] INFO:colcon.colcon_core.shell:Creating environment hook '/home/daniele/git_ws/src/install/qi_unipa_msgs/share/qi_unipa_msgs/hook/ld_library_path_lib.ps1'
[27.388s] INFO:colcon.colcon_core.shell:Creating environment descriptor '/home/daniele/git_ws/src/install/qi_unipa_msgs/share/qi_unipa_msgs/hook/ld_library_path_lib.dsv'
[27.389s] INFO:colcon.colcon_core.shell:Creating environment hook '/home/daniele/git_ws/src/install/qi_unipa_msgs/share/qi_unipa_msgs/hook/ld_library_path_lib.sh'
[27.389s] Level 1:colcon.colcon_core.environment:checking '/home/daniele/git_ws/src/install/qi_unipa_msgs/bin'
[27.390s] Level 1:colcon.colcon_core.environment:checking '/home/daniele/git_ws/src/install/qi_unipa_msgs/lib/pkgconfig/qi_unipa_msgs.pc'
[27.390s] Level 1:colcon.colcon_core.environment:checking '/home/daniele/git_ws/src/install/qi_unipa_msgs/lib/python3.10/site-packages'
[27.390s] Level 1:colcon.colcon_core.environment:checking '/home/daniele/git_ws/src/install/qi_unipa_msgs/bin'
[27.391s] INFO:colcon.colcon_core.shell:Creating package script '/home/daniele/git_ws/src/install/qi_unipa_msgs/share/qi_unipa_msgs/package.ps1'
[27.391s] INFO:colcon.colcon_core.shell:Creating package descriptor '/home/daniele/git_ws/src/install/qi_unipa_msgs/share/qi_unipa_msgs/package.dsv'
[27.392s] INFO:colcon.colcon_core.shell:Creating package script '/home/daniele/git_ws/src/install/qi_unipa_msgs/share/qi_unipa_msgs/package.sh'
[27.393s] INFO:colcon.colcon_core.shell:Creating package script '/home/daniele/git_ws/src/install/qi_unipa_msgs/share/qi_unipa_msgs/package.bash'
[27.393s] INFO:colcon.colcon_core.shell:Creating package script '/home/daniele/git_ws/src/install/qi_unipa_msgs/share/qi_unipa_msgs/package.zsh'
[27.394s] Level 1:colcon.colcon_core.environment:create_file_with_runtime_dependencies(/home/daniele/git_ws/src/install/qi_unipa_msgs/share/colcon-core/packages/qi_unipa_msgs)
[27.795s] Level 1:colcon.colcon_core.environment:create_environment_scripts_only(qi_unipa_msgs)
[27.796s] Level 1:colcon.colcon_core.environment:checking '/home/daniele/git_ws/src/install/qi_unipa_msgs' for CMake module files
[27.798s] Level 1:colcon.colcon_core.environment:checking '/home/daniele/git_ws/src/install/qi_unipa_msgs' for CMake config files
[27.799s] Level 1:colcon.colcon_core.shell:create_environment_hook('qi_unipa_msgs', 'cmake_prefix_path')
[27.800s] INFO:colcon.colcon_core.shell:Creating environment hook '/home/daniele/git_ws/src/install/qi_unipa_msgs/share/qi_unipa_msgs/hook/cmake_prefix_path.ps1'
[27.802s] INFO:colcon.colcon_core.shell:Creating environment descriptor '/home/daniele/git_ws/src/install/qi_unipa_msgs/share/qi_unipa_msgs/hook/cmake_prefix_path.dsv'
[27.803s] INFO:colcon.colcon_core.shell:Creating environment hook '/home/daniele/git_ws/src/install/qi_unipa_msgs/share/qi_unipa_msgs/hook/cmake_prefix_path.sh'
[27.805s] Level 1:colcon.colcon_core.environment:checking '/home/daniele/git_ws/src/install/qi_unipa_msgs/lib'
[27.805s] Level 1:colcon.colcon_core.shell:create_environment_hook('qi_unipa_msgs', 'ld_library_path_lib')
[27.807s] INFO:colcon.colcon_core.shell:Creating environment hook '/home/daniele/git_ws/src/install/qi_unipa_msgs/share/qi_unipa_msgs/hook/ld_library_path_lib.ps1'
[27.809s] INFO:colcon.colcon_core.shell:Creating environment descriptor '/home/daniele/git_ws/src/install/qi_unipa_msgs/share/qi_unipa_msgs/hook/ld_library_path_lib.dsv'
[27.811s] INFO:colcon.colcon_core.shell:Creating environment hook '/home/daniele/git_ws/src/install/qi_unipa_msgs/share/qi_unipa_msgs/hook/ld_library_path_lib.sh'
[27.813s] Level 1:colcon.colcon_core.environment:checking '/home/daniele/git_ws/src/install/qi_unipa_msgs/bin'
[27.813s] Level 1:colcon.colcon_core.environment:checking '/home/daniele/git_ws/src/install/qi_unipa_msgs/lib/pkgconfig/qi_unipa_msgs.pc'
[27.814s] Level 1:colcon.colcon_core.environment:checking '/home/daniele/git_ws/src/install/qi_unipa_msgs/lib/python3.10/site-packages'
[27.815s] Level 1:colcon.colcon_core.environment:checking '/home/daniele/git_ws/src/install/qi_unipa_msgs/bin'
[27.816s] INFO:colcon.colcon_core.shell:Creating package script '/home/daniele/git_ws/src/install/qi_unipa_msgs/share/qi_unipa_msgs/package.ps1'
[27.818s] INFO:colcon.colcon_core.shell:Creating package descriptor '/home/daniele/git_ws/src/install/qi_unipa_msgs/share/qi_unipa_msgs/package.dsv'
[27.821s] INFO:colcon.colcon_core.shell:Creating package script '/home/daniele/git_ws/src/install/qi_unipa_msgs/share/qi_unipa_msgs/package.sh'
[27.823s] INFO:colcon.colcon_core.shell:Creating package script '/home/daniele/git_ws/src/install/qi_unipa_msgs/share/qi_unipa_msgs/package.bash'
[27.827s] INFO:colcon.colcon_core.shell:Creating package script '/home/daniele/git_ws/src/install/qi_unipa_msgs/share/qi_unipa_msgs/package.zsh'
[27.829s] Level 1:colcon.colcon_core.environment:create_file_with_runtime_dependencies(/home/daniele/git_ws/src/install/qi_unipa_msgs/share/colcon-core/packages/qi_unipa_msgs)
[27.830s] DEBUG:colcon.colcon_parallel_executor.executor.parallel:closing loop
[27.831s] DEBUG:colcon.colcon_parallel_executor.executor.parallel:loop closed
[27.832s] DEBUG:colcon.colcon_parallel_executor.executor.parallel:run_until_complete finished with '0'
[27.832s] DEBUG:colcon.colcon_core.event_reactor:joining thread
[28.028s] INFO:colcon.colcon_core.plugin_system:Skipping extension 'colcon_notification.desktop_notification.notify_send': Could not find 'notify-send'
[28.029s] INFO:colcon.colcon_core.plugin_system:Skipping extension 'colcon_notification.desktop_notification.terminal_notifier': Not used on non-Darwin systems
[28.029s] INFO:colcon.colcon_core.plugin_system:Skipping extension 'colcon_notification.desktop_notification.win32': Not used on non-Windows systems
[28.029s] INFO:colcon.colcon_notification.desktop_notification:Sending desktop notification using 'notify2'
[28.042s] DEBUG:colcon.colcon_notification.desktop_notification.notify2:Failed to initialize notify2: org.freedesktop.DBus.Error.ServiceUnknown: The name org.freedesktop.Notifications was not provided by any .service files
[28.043s] DEBUG:colcon.colcon_core.event_reactor:joined thread
[28.043s] INFO:colcon.colcon_core.shell:Creating prefix script '/home/daniele/git_ws/src/install/local_setup.ps1'
[28.048s] INFO:colcon.colcon_core.shell:Creating prefix util module '/home/daniele/git_ws/src/install/_local_setup_util_ps1.py'
[28.053s] INFO:colcon.colcon_core.shell:Creating prefix chain script '/home/daniele/git_ws/src/install/setup.ps1'
[28.062s] INFO:colcon.colcon_core.shell:Creating prefix script '/home/daniele/git_ws/src/install/local_setup.sh'
[28.064s] INFO:colcon.colcon_core.shell:Creating prefix util module '/home/daniele/git_ws/src/install/_local_setup_util_sh.py'
[28.065s] INFO:colcon.colcon_core.shell:Creating prefix chain script '/home/daniele/git_ws/src/install/setup.sh'
[28.068s] INFO:colcon.colcon_core.shell:Creating prefix script '/home/daniele/git_ws/src/install/local_setup.bash'
[28.070s] INFO:colcon.colcon_core.shell:Creating prefix chain script '/home/daniele/git_ws/src/install/setup.bash'
[28.080s] INFO:colcon.colcon_core.shell:Creating prefix script '/home/daniele/git_ws/src/install/local_setup.zsh'
[28.084s] INFO:colcon.colcon_core.shell:Creating prefix chain script '/home/daniele/git_ws/src/install/setup.zsh'
