[4.573s] Invoking command in '/home/daniele/git_ws/src/my_robot_controller': PYTHONPATH=/home/daniele/git_ws/src/build/my_robot_controller/prefix_override:/usr/lib/python3/dist-packages/colcon_core/task/python/colcon_distutils_commands:/home/daniele/git_ws/src/install/my_robot_controller/lib/python3.10/site-packages:${PYTHONPATH} /usr/bin/python3 -W ignore:setup.py install is deprecated setup.py egg_info --egg-base ../build/my_robot_controller build --build-base /home/daniele/git_ws/src/build/my_robot_controller/build install --record /home/daniele/git_ws/src/build/my_robot_controller/install.log --single-version-externally-managed install_data
[5.404s] running egg_info
[5.405s] creating ../build/my_robot_controller/my_robot_controller.egg-info
[5.413s] writing ../build/my_robot_controller/my_robot_controller.egg-info/PKG-INFO
[5.418s] writing dependency_links to ../build/my_robot_controller/my_robot_controller.egg-info/dependency_links.txt
[5.418s] writing entry points to ../build/my_robot_controller/my_robot_controller.egg-info/entry_points.txt
[5.419s] writing requirements to ../build/my_robot_controller/my_robot_controller.egg-info/requires.txt
[5.420s] writing top-level names to ../build/my_robot_controller/my_robot_controller.egg-info/top_level.txt
[5.420s] writing manifest file '../build/my_robot_controller/my_robot_controller.egg-info/SOURCES.txt'
[5.427s] reading manifest file '../build/my_robot_controller/my_robot_controller.egg-info/SOURCES.txt'
[5.428s] writing manifest file '../build/my_robot_controller/my_robot_controller.egg-info/SOURCES.txt'
[5.428s] running build
[5.430s] running build_py
[5.441s] creating /home/daniele/git_ws/src/build/my_robot_controller/build
[5.444s] creating /home/daniele/git_ws/src/build/my_robot_controller/build/lib
[5.448s] creating /home/daniele/git_ws/src/build/my_robot_controller/build/lib/my_robot_controller
[5.448s] copying my_robot_controller/sensor.py -> /home/daniele/git_ws/src/build/my_robot_controller/build/lib/my_robot_controller
[5.448s] copying my_robot_controller/new.py -> /home/daniele/git_ws/src/build/my_robot_controller/build/lib/my_robot_controller
[5.448s] copying my_robot_controller/nao_controller.py -> /home/daniele/git_ws/src/build/my_robot_controller/build/lib/my_robot_controller
[5.460s] copying my_robot_controller/pose.py -> /home/daniele/git_ws/src/build/my_robot_controller/build/lib/my_robot_controller
[5.460s] copying my_robot_controller/patient_data_controller.py -> /home/daniele/git_ws/src/build/my_robot_controller/build/lib/my_robot_controller
[5.461s] copying my_robot_controller/__init__.py -> /home/daniele/git_ws/src/build/my_robot_controller/build/lib/my_robot_controller
[5.462s] copying my_robot_controller/patient_data_controller2.py -> /home/daniele/git_ws/src/build/my_robot_controller/build/lib/my_robot_controller
[5.463s] copying my_robot_controller/speech.py -> /home/daniele/git_ws/src/build/my_robot_controller/build/lib/my_robot_controller
[5.464s] running install
[5.464s] running install_lib
[5.465s] creating /home/daniele/git_ws/src/install/my_robot_controller/lib/python3.10/site-packages/my_robot_controller
[5.465s] copying /home/daniele/git_ws/src/build/my_robot_controller/build/lib/my_robot_controller/sensor.py -> /home/daniele/git_ws/src/install/my_robot_controller/lib/python3.10/site-packages/my_robot_controller
[5.465s] copying /home/daniele/git_ws/src/build/my_robot_controller/build/lib/my_robot_controller/new.py -> /home/daniele/git_ws/src/install/my_robot_controller/lib/python3.10/site-packages/my_robot_controller
[5.465s] copying /home/daniele/git_ws/src/build/my_robot_controller/build/lib/my_robot_controller/nao_controller.py -> /home/daniele/git_ws/src/install/my_robot_controller/lib/python3.10/site-packages/my_robot_controller
[5.466s] copying /home/daniele/git_ws/src/build/my_robot_controller/build/lib/my_robot_controller/pose.py -> /home/daniele/git_ws/src/install/my_robot_controller/lib/python3.10/site-packages/my_robot_controller
[5.466s] copying /home/daniele/git_ws/src/build/my_robot_controller/build/lib/my_robot_controller/patient_data_controller.py -> /home/daniele/git_ws/src/install/my_robot_controller/lib/python3.10/site-packages/my_robot_controller
[5.467s] copying /home/daniele/git_ws/src/build/my_robot_controller/build/lib/my_robot_controller/__init__.py -> /home/daniele/git_ws/src/install/my_robot_controller/lib/python3.10/site-packages/my_robot_controller
[5.467s] copying /home/daniele/git_ws/src/build/my_robot_controller/build/lib/my_robot_controller/patient_data_controller2.py -> /home/daniele/git_ws/src/install/my_robot_controller/lib/python3.10/site-packages/my_robot_controller
[5.467s] copying /home/daniele/git_ws/src/build/my_robot_controller/build/lib/my_robot_controller/speech.py -> /home/daniele/git_ws/src/install/my_robot_controller/lib/python3.10/site-packages/my_robot_controller
[5.468s] byte-compiling /home/daniele/git_ws/src/install/my_robot_controller/lib/python3.10/site-packages/my_robot_controller/sensor.py to sensor.cpython-310.pyc
[5.470s] byte-compiling /home/daniele/git_ws/src/install/my_robot_controller/lib/python3.10/site-packages/my_robot_controller/new.py to new.cpython-310.pyc
[5.481s] byte-compiling /home/daniele/git_ws/src/install/my_robot_controller/lib/python3.10/site-packages/my_robot_controller/nao_controller.py to nao_controller.cpython-310.pyc
[5.482s] byte-compiling /home/daniele/git_ws/src/install/my_robot_controller/lib/python3.10/site-packages/my_robot_controller/pose.py to pose.cpython-310.pyc
[5.482s] byte-compiling /home/daniele/git_ws/src/install/my_robot_controller/lib/python3.10/site-packages/my_robot_controller/patient_data_controller.py to patient_data_controller.cpython-310.pyc
[5.485s] byte-compiling /home/daniele/git_ws/src/install/my_robot_controller/lib/python3.10/site-packages/my_robot_controller/__init__.py to __init__.cpython-310.pyc
[5.485s] byte-compiling /home/daniele/git_ws/src/install/my_robot_controller/lib/python3.10/site-packages/my_robot_controller/patient_data_controller2.py to patient_data_controller2.cpython-310.pyc
[5.493s] byte-compiling /home/daniele/git_ws/src/install/my_robot_controller/lib/python3.10/site-packages/my_robot_controller/speech.py to speech.cpython-310.pyc
[5.496s] running install_data
[5.496s] creating /home/daniele/git_ws/src/install/my_robot_controller/share/ament_index
[5.497s] creating /home/daniele/git_ws/src/install/my_robot_controller/share/ament_index/resource_index
[5.499s] creating /home/daniele/git_ws/src/install/my_robot_controller/share/ament_index/resource_index/packages
[5.502s] copying resource/my_robot_controller -> /home/daniele/git_ws/src/install/my_robot_controller/share/ament_index/resource_index/packages
[5.503s] copying package.xml -> /home/daniele/git_ws/src/install/my_robot_controller/share/my_robot_controller
[5.503s] running install_egg_info
[5.510s] Copying ../build/my_robot_controller/my_robot_controller.egg-info to /home/daniele/git_ws/src/install/my_robot_controller/lib/python3.10/site-packages/my_robot_controller-0.0.0-py3.10.egg-info
[5.519s] running install_scripts
[5.620s] Installing nao_controller script to /home/daniele/git_ws/src/install/my_robot_controller/lib/my_robot_controller
[5.624s] Installing new script to /home/daniele/git_ws/src/install/my_robot_controller/lib/my_robot_controller
[5.625s] Installing patient_data_controller script to /home/daniele/git_ws/src/install/my_robot_controller/lib/my_robot_controller
[5.627s] Installing patient_data_controller2 script to /home/daniele/git_ws/src/install/my_robot_controller/lib/my_robot_controller
[5.627s] Installing sensor script to /home/daniele/git_ws/src/install/my_robot_controller/lib/my_robot_controller
[5.628s] Installing speech script to /home/daniele/git_ws/src/install/my_robot_controller/lib/my_robot_controller
[5.631s] writing list of installed files to '/home/daniele/git_ws/src/build/my_robot_controller/install.log'
[5.881s] Invoked command in '/home/daniele/git_ws/src/my_robot_controller' returned '0': PYTHONPATH=/home/daniele/git_ws/src/build/my_robot_controller/prefix_override:/usr/lib/python3/dist-packages/colcon_core/task/python/colcon_distutils_commands:/home/daniele/git_ws/src/install/my_robot_controller/lib/python3.10/site-packages:${PYTHONPATH} /usr/bin/python3 -W ignore:setup.py install is deprecated setup.py egg_info --egg-base ../build/my_robot_controller build --build-base /home/daniele/git_ws/src/build/my_robot_controller/build install --record /home/daniele/git_ws/src/build/my_robot_controller/install.log --single-version-externally-managed install_data
