[0.000s] Invoking command in '/home/ros/ros2_ws/src/build/naoqi_libqicore': AMENT_PREFIX_PATH=/home/ros/ros2_ws/src/install/naoqi_libqi:${AMENT_PREFIX_PATH} CMAKE_PREFIX_PATH=/home/ros/ros2_ws/src/install/naoqi_libqi:/home/ros/ros2_ws/install/naoqi_driver:/home/ros/ros2_ws/install/naoqi_libqicore:/home/ros/ros2_ws/install/naoqi_libqi:/home/ros/ros2_ws/install/naoqi_bridge_msgs:/home/ros/ros2_ws/install/naoqi_interface:/home/ros/ros2_ws/install/my_robot_controller:/home/ros/ros2_ws/install/movement:/opt/ros/humble LD_LIBRARY_PATH=/home/ros/ros2_ws/src/install/naoqi_libqi/lib:${LD_LIBRARY_PATH} /usr/bin/cmake /home/ros/ros2_ws/src/naoqi_libqicore -DCMAKE_INSTALL_PREFIX=/home/ros/ros2_ws/src/install/naoqi_libqicore
[0.001s] -- The C compiler identification is GNU 11.4.0
[0.001s] -- The CXX compiler identification is GNU 11.4.0
[0.001s] -- Detecting C compiler ABI info
[0.001s] -- Detecting C compiler ABI info - done
[0.001s] -- Check for working C compiler: /usr/bin/cc - skipped
[0.001s] -- Detecting C compile features
[0.001s] -- Detecting C compile features - done
[0.001s] -- Detecting CXX compiler ABI info
[0.001s] -- Detecting CXX compiler ABI info - done
[0.001s] -- Check for working CXX compiler: /usr/bin/c++ - skipped
[0.001s] -- Detecting CXX compile features
[0.001s] -- Detecting CXX compile features - done
[0.001s] -- Found ament_cmake: 1.3.10 (/opt/ros/humble/share/ament_cmake/cmake)
[0.001s] -- Found Python3: /usr/bin/python3 (found version "3.10.12") found components: Interpreter 
[0.001s] -- Found naoqi_libqi: 3.0.2 (/home/ros/ros2_ws/src/install/naoqi_libqi/share/naoqi_libqi/cmake)
[0.256s] -- Configuring done
[0.266s] -- Generating done
[0.267s] -- Build files have been written to: /home/ros/ros2_ws/src/build/naoqi_libqicore
[0.274s] Invoked command in '/home/ros/ros2_ws/src/build/naoqi_libqicore' returned '0': AMENT_PREFIX_PATH=/home/ros/ros2_ws/src/install/naoqi_libqi:${AMENT_PREFIX_PATH} CMAKE_PREFIX_PATH=/home/ros/ros2_ws/src/install/naoqi_libqi:/home/ros/ros2_ws/install/naoqi_driver:/home/ros/ros2_ws/install/naoqi_libqicore:/home/ros/ros2_ws/install/naoqi_libqi:/home/ros/ros2_ws/install/naoqi_bridge_msgs:/home/ros/ros2_ws/install/naoqi_interface:/home/ros/ros2_ws/install/my_robot_controller:/home/ros/ros2_ws/install/movement:/opt/ros/humble LD_LIBRARY_PATH=/home/ros/ros2_ws/src/install/naoqi_libqi/lib:${LD_LIBRARY_PATH} /usr/bin/cmake /home/ros/ros2_ws/src/naoqi_libqicore -DCMAKE_INSTALL_PREFIX=/home/ros/ros2_ws/src/install/naoqi_libqicore
[0.275s] Invoking command in '/home/ros/ros2_ws/src/build/naoqi_libqicore': AMENT_PREFIX_PATH=/home/ros/ros2_ws/src/install/naoqi_libqi:${AMENT_PREFIX_PATH} CMAKE_PREFIX_PATH=/home/ros/ros2_ws/src/install/naoqi_libqi:/home/ros/ros2_ws/install/naoqi_driver:/home/ros/ros2_ws/install/naoqi_libqicore:/home/ros/ros2_ws/install/naoqi_libqi:/home/ros/ros2_ws/install/naoqi_bridge_msgs:/home/ros/ros2_ws/install/naoqi_interface:/home/ros/ros2_ws/install/my_robot_controller:/home/ros/ros2_ws/install/movement:/opt/ros/humble LD_LIBRARY_PATH=/home/ros/ros2_ws/src/install/naoqi_libqi/lib:${LD_LIBRARY_PATH} /usr/bin/cmake --build /home/ros/ros2_ws/src/build/naoqi_libqicore -- -j12 -l12
[0.321s] [  9%] [32mBuilding CXX object libqicore/CMakeFiles/qicore.dir/src/registration.cpp.o[0m
[0.321s] [ 18%] [32mBuilding CXX object libqicore/CMakeFiles/qicore.dir/src/file_proxy.cpp.o[0m
[0.323s] [ 36%] [32mBuilding CXX object libqicore/CMakeFiles/qicore.dir/src/loglistener_proxy.cpp.o[0m
[0.323s] [ 36%] [32mBuilding CXX object libqicore/CMakeFiles/qicore.dir/src/logmanager_proxy.cpp.o[0m
[0.323s] [ 45%] [32mBuilding CXX object libqicore/CMakeFiles/qicore.dir/src/logprovider_proxy.cpp.o[0m
[0.324s] [ 54%] [32mBuilding CXX object libqicore/CMakeFiles/qicore.dir/src/logproviderimpl.cpp.o[0m
[0.325s] [ 72%] [32mBuilding CXX object libqicore/CMakeFiles/qicore.dir/src/progressnotifier.cpp.o[0m
[0.325s] [ 90%] [32mBuilding CXX object libqicore/CMakeFiles/qicore.dir/src/fileimpl.cpp.o[0m
[0.325s] [ 90%] [32mBuilding CXX object libqicore/CMakeFiles/qicore.dir/src/progressnotifier_proxy.cpp.o[0m
[0.325s] [ 90%] [32mBuilding CXX object libqicore/CMakeFiles/qicore.dir/src/fileoperation.cpp.o[0m
[31.746s] [100%] [32m[1mLinking CXX static library libqicore.a[0m
[32.035s] [100%] Built target qicore
[32.046s] Invoked command in '/home/ros/ros2_ws/src/build/naoqi_libqicore' returned '0': AMENT_PREFIX_PATH=/home/ros/ros2_ws/src/install/naoqi_libqi:${AMENT_PREFIX_PATH} CMAKE_PREFIX_PATH=/home/ros/ros2_ws/src/install/naoqi_libqi:/home/ros/ros2_ws/install/naoqi_driver:/home/ros/ros2_ws/install/naoqi_libqicore:/home/ros/ros2_ws/install/naoqi_libqi:/home/ros/ros2_ws/install/naoqi_bridge_msgs:/home/ros/ros2_ws/install/naoqi_interface:/home/ros/ros2_ws/install/my_robot_controller:/home/ros/ros2_ws/install/movement:/opt/ros/humble LD_LIBRARY_PATH=/home/ros/ros2_ws/src/install/naoqi_libqi/lib:${LD_LIBRARY_PATH} /usr/bin/cmake --build /home/ros/ros2_ws/src/build/naoqi_libqicore -- -j12 -l12
[32.069s] Invoking command in '/home/ros/ros2_ws/src/build/naoqi_libqicore': AMENT_PREFIX_PATH=/home/ros/ros2_ws/src/install/naoqi_libqi:${AMENT_PREFIX_PATH} CMAKE_PREFIX_PATH=/home/ros/ros2_ws/src/install/naoqi_libqi:/home/ros/ros2_ws/install/naoqi_driver:/home/ros/ros2_ws/install/naoqi_libqicore:/home/ros/ros2_ws/install/naoqi_libqi:/home/ros/ros2_ws/install/naoqi_bridge_msgs:/home/ros/ros2_ws/install/naoqi_interface:/home/ros/ros2_ws/install/my_robot_controller:/home/ros/ros2_ws/install/movement:/opt/ros/humble LD_LIBRARY_PATH=/home/ros/ros2_ws/src/install/naoqi_libqi/lib:${LD_LIBRARY_PATH} /usr/bin/cmake --install /home/ros/ros2_ws/src/build/naoqi_libqicore
[32.077s] -- Install configuration: ""
[32.077s] -- Installing: /home/ros/ros2_ws/src/install/naoqi_libqicore/share/naoqi_libqicore/package.xml
[32.078s] -- Installing: /home/ros/ros2_ws/src/install/naoqi_libqicore/share/naoqi_libqicore/environment/library_path.sh
[32.078s] -- Installing: /home/ros/ros2_ws/src/install/naoqi_libqicore/share/naoqi_libqicore/environment/library_path.dsv
[32.078s] -- Installing: /home/ros/ros2_ws/src/install/naoqi_libqicore/share/ament_index/resource_index/package_run_dependencies/naoqi_libqicore
[32.078s] -- Installing: /home/ros/ros2_ws/src/install/naoqi_libqicore/share/ament_index/resource_index/parent_prefix_path/naoqi_libqicore
[32.078s] -- Installing: /home/ros/ros2_ws/src/install/naoqi_libqicore/share/naoqi_libqicore/environment/ament_prefix_path.sh
[32.078s] -- Installing: /home/ros/ros2_ws/src/install/naoqi_libqicore/share/naoqi_libqicore/environment/ament_prefix_path.dsv
[32.079s] -- Installing: /home/ros/ros2_ws/src/install/naoqi_libqicore/share/naoqi_libqicore/environment/path.sh
[32.079s] -- Installing: /home/ros/ros2_ws/src/install/naoqi_libqicore/share/naoqi_libqicore/environment/path.dsv
[32.079s] -- Installing: /home/ros/ros2_ws/src/install/naoqi_libqicore/share/naoqi_libqicore/local_setup.bash
[32.079s] -- Installing: /home/ros/ros2_ws/src/install/naoqi_libqicore/share/naoqi_libqicore/local_setup.sh
[32.079s] -- Installing: /home/ros/ros2_ws/src/install/naoqi_libqicore/share/naoqi_libqicore/local_setup.zsh
[32.079s] -- Installing: /home/ros/ros2_ws/src/install/naoqi_libqicore/share/naoqi_libqicore/local_setup.dsv
[32.079s] -- Installing: /home/ros/ros2_ws/src/install/naoqi_libqicore/share/naoqi_libqicore/package.dsv
[32.080s] -- Installing: /home/ros/ros2_ws/src/install/naoqi_libqicore/share/ament_index/resource_index/packages/naoqi_libqicore
[32.080s] -- Installing: /home/ros/ros2_ws/src/install/naoqi_libqicore/share/naoqi_libqicore/cmake/ament_cmake_export_libraries-extras.cmake
[32.080s] -- Installing: /home/ros/ros2_ws/src/install/naoqi_libqicore/share/naoqi_libqicore/cmake/ament_cmake_export_include_directories-extras.cmake
[32.080s] -- Installing: /home/ros/ros2_ws/src/install/naoqi_libqicore/share/naoqi_libqicore/cmake/ament_cmake_export_dependencies-extras.cmake
[32.080s] -- Installing: /home/ros/ros2_ws/src/install/naoqi_libqicore/share/naoqi_libqicore/cmake/naoqi_libqicoreConfig.cmake
[32.081s] -- Installing: /home/ros/ros2_ws/src/install/naoqi_libqicore/share/naoqi_libqicore/cmake/naoqi_libqicoreConfig-version.cmake
[32.081s] -- Up-to-date: /home/ros/ros2_ws/src/install/naoqi_libqicore/share/naoqi_libqicore/package.xml
[32.081s] -- Installing: /home/ros/ros2_ws/src/install/naoqi_libqicore/include/qicore/api.hpp
[32.081s] -- Installing: /home/ros/ros2_ws/src/install/naoqi_libqicore/include/qicore/loglistener.hpp
[32.081s] -- Installing: /home/ros/ros2_ws/src/install/naoqi_libqicore/include/qicore/logmanager.hpp
[32.081s] -- Installing: /home/ros/ros2_ws/src/install/naoqi_libqicore/include/qicore/logmessage.hpp
[32.081s] -- Installing: /home/ros/ros2_ws/src/install/naoqi_libqicore/include/qicore/logprovider.hpp
[32.082s] -- Installing: /home/ros/ros2_ws/src/install/naoqi_libqicore/include/qicore/file.hpp
[32.082s] -- Installing: /home/ros/ros2_ws/src/install/naoqi_libqicore/include/qicore/fileoperation.hxx
[32.082s] -- Installing: /home/ros/ros2_ws/src/install/naoqi_libqicore/lib/libqicore.a
[32.106s] Invoked command in '/home/ros/ros2_ws/src/build/naoqi_libqicore' returned '0': AMENT_PREFIX_PATH=/home/ros/ros2_ws/src/install/naoqi_libqi:${AMENT_PREFIX_PATH} CMAKE_PREFIX_PATH=/home/ros/ros2_ws/src/install/naoqi_libqi:/home/ros/ros2_ws/install/naoqi_driver:/home/ros/ros2_ws/install/naoqi_libqicore:/home/ros/ros2_ws/install/naoqi_libqi:/home/ros/ros2_ws/install/naoqi_bridge_msgs:/home/ros/ros2_ws/install/naoqi_interface:/home/ros/ros2_ws/install/my_robot_controller:/home/ros/ros2_ws/install/movement:/opt/ros/humble LD_LIBRARY_PATH=/home/ros/ros2_ws/src/install/naoqi_libqi/lib:${LD_LIBRARY_PATH} /usr/bin/cmake --install /home/ros/ros2_ws/src/build/naoqi_libqicore
