[1.880s] Invoking command in '/home/ros/ros2_ws/src/movement': PYTHONPATH=/home/ros/ros2_ws/src/build/movement/prefix_override:/usr/lib/python3/dist-packages/colcon_core/task/python/colcon_distutils_commands:/home/ros/ros2_ws/src/install/movement/lib/python3.10/site-packages:${PYTHONPATH} /usr/bin/python3 -W ignore:setup.py install is deprecated setup.py egg_info --egg-base ../build/movement build --build-base /home/ros/ros2_ws/src/build/movement/build install --record /home/ros/ros2_ws/src/build/movement/install.log --single-version-externally-managed install_data
[2.183s] running egg_info
[2.183s] writing ../build/movement/movement.egg-info/PKG-INFO
[2.184s] writing dependency_links to ../build/movement/movement.egg-info/dependency_links.txt
[2.184s] writing entry points to ../build/movement/movement.egg-info/entry_points.txt
[2.184s] writing requirements to ../build/movement/movement.egg-info/requires.txt
[2.184s] writing top-level names to ../build/movement/movement.egg-info/top_level.txt
[2.187s] reading manifest file '../build/movement/movement.egg-info/SOURCES.txt'
[2.188s] writing manifest file '../build/movement/movement.egg-info/SOURCES.txt'
[2.188s] running build
[2.188s] running build_py
[2.189s] running install
[2.189s] running install_lib
[2.190s] running install_data
[2.190s] running install_egg_info
[2.192s] removing '/home/ros/ros2_ws/src/install/movement/lib/python3.10/site-packages/movement-0.0.0-py3.10.egg-info' (and everything under it)
[2.193s] Copying ../build/movement/movement.egg-info to /home/ros/ros2_ws/src/install/movement/lib/python3.10/site-packages/movement-0.0.0-py3.10.egg-info
[2.193s] running install_scripts
[2.216s] Installing movement_controller script to /home/ros/ros2_ws/src/install/movement/lib/movement
[2.217s] writing list of installed files to '/home/ros/ros2_ws/src/build/movement/install.log'
[2.293s] Invoked command in '/home/ros/ros2_ws/src/movement' returned '0': PYTHONPATH=/home/ros/ros2_ws/src/build/movement/prefix_override:/usr/lib/python3/dist-packages/colcon_core/task/python/colcon_distutils_commands:/home/ros/ros2_ws/src/install/movement/lib/python3.10/site-packages:${PYTHONPATH} /usr/bin/python3 -W ignore:setup.py install is deprecated setup.py egg_info --egg-base ../build/movement build --build-base /home/ros/ros2_ws/src/build/movement/build install --record /home/ros/ros2_ws/src/build/movement/install.log --single-version-externally-managed install_data
