-- The C compiler identification is GNU 11.4.0
-- The CXX compiler identification is GNU 11.4.0
-- Detecting C compiler ABI info
-- Detecting C compiler ABI info - done
-- Check for working C compiler: /usr/bin/cc - skipped
-- Detecting C compile features
-- Detecting C compile features - done
-- Detecting CXX compiler ABI info
-- Detecting CXX compiler ABI info - done
-- Check for working CXX compiler: /usr/bin/c++ - skipped
-- Detecting CXX compile features
-- Detecting CXX compile features - done
-- Found ament_cmake: 1.3.10 (/opt/ros/humble/share/ament_cmake/cmake)
-- Found Python3: /usr/bin/python3 (found version "3.10.12") found components: Interpreter 
-- Found OpenSSL: /usr/lib/x86_64-linux-gnu/libcrypto.so (found version "3.0.2")  
-- Looking for _SC_HOST_NAME_MAX
-- Looking for _SC_HOST_NAME_MAX - found
-- Found Boost: /usr/lib/x86_64-linux-gnu/cmake/Boost-1.74.0/BoostConfig.cmake (found version "1.74.0") found components: chrono filesystem program_options regex system thread random 
-- Found ament_cmake_gtest: 1.3.10 (/opt/ros/humble/share/ament_cmake_gtest/cmake)
-- Found Boost: /usr/lib/x86_64-linux-gnu/cmake/Boost-1.74.0/BoostConfig.cmake (found version "1.74.0") found components: system thread date_time 
-- Found gtest sources under '/opt/ros/humble/src/gtest_vendor': C++ tests using 'Google Test' will be built
-- Found Threads: TRUE  
-- Configuring done
-- Generating done
-- Build files have been written to: /home/ros/ros2_ws/src/build/naoqi_libqi
[  2%] [32mBuilding CXX object CMakeFiles/qi.dir/src/bufferreader.cpp.o[0m
[  3%] [32mBuilding CXX object CMakeFiles/qi.dir/src/dlfcn.cpp.o[0m
[  3%] [32mBuilding CXX object CMakeFiles/qi.dir/src/path.cpp.o[0m
[  3%] [32mBuilding CXX object CMakeFiles/qi.dir/src/application.cpp.o[0m
[  4%] [32mBuilding CXX object gtest/CMakeFiles/gtest_main.dir/src/gtest_main.cc.o[0m
[  4%] [32mBuilding CXX object gtest/CMakeFiles/gtest.dir/src/gtest-all.cc.o[0m
[  5%] [32mBuilding CXX object CMakeFiles/qi.dir/src/buffer.cpp.o[0m
[  6%] [32mBuilding CXX object CMakeFiles/qi.dir/src/clock.cpp.o[0m
[  6%] [32mBuilding CXX object CMakeFiles/qi.dir/src/future.cpp.o[0m
[  7%] [32mBuilding CXX object CMakeFiles/qi.dir/src/log.cpp.o[0m
[  8%] [32mBuilding CXX object CMakeFiles/qi.dir/src/fileloghandler.cpp.o[0m
[  9%] [32mBuilding CXX object CMakeFiles/qi.dir/src/consoleloghandler.cpp.o[0m
[ 10%] [32mBuilding CXX object CMakeFiles/qi.dir/src/csvloghandler.cpp.o[0m
[ 11%] [32m[1mLinking CXX static library libgtest_main.a[0m
[ 11%] Built target gtest_main
[ 12%] [32mBuilding CXX object CMakeFiles/qi.dir/src/headfileloghandler.cpp.o[0m
[ 12%] [32mBuilding CXX object CMakeFiles/qi.dir/src/tailfileloghandler.cpp.o[0m
[ 13%] [32mBuilding CXX object CMakeFiles/qi.dir/src/locale-light.cpp.o[0m
[ 14%] [32mBuilding CXX object CMakeFiles/qi.dir/src/os.cpp.o[0m
[ 15%] [32mBuilding CXX object CMakeFiles/qi.dir/src/path_conf.cpp.o[0m
[ 16%] [32mBuilding CXX object CMakeFiles/qi.dir/src/periodictask.cpp.o[0m
[ 16%] [32mBuilding CXX object CMakeFiles/qi.dir/src/print.cpp.o[0m
[ 17%] [32mBuilding CXX object CMakeFiles/qi.dir/src/utils.cpp.o[0m
[ 18%] [32mBuilding CXX object CMakeFiles/qi.dir/src/eventloop.cpp.o[0m
[ 19%] [32m[1mLinking CXX static library libgtest.a[0m
[ 19%] Built target gtest
[ 20%] [32mBuilding CXX object CMakeFiles/qi.dir/src/sdklayout-boost.cpp.o[0m
[ 21%] [32mBuilding CXX object CMakeFiles/qi.dir/src/version.cpp.o[0m
[ 21%] [32mBuilding CXX object tests/ka/CMakeFiles/test_ka.dir/ark/test_inputiter.cpp.o[0m
[ 22%] [32mBuilding CXX object tests/ka/CMakeFiles/test_ka.dir/ark/test_mutable.cpp.o[0m
[ 22%] [32mBuilding CXX object CMakeFiles/qi.dir/src/iocolor.cpp.o[0m
[ 23%] [32mBuilding CXX object tests/ka/CMakeFiles/test_ka.dir/test_algorithm.cpp.o[0m
[ 24%] [32mBuilding CXX object CMakeFiles/qi.dir/src/strand.cpp.o[0m
[ 25%] [32mBuilding CXX object CMakeFiles/qi.dir/src/ptruid.cpp.o[0m
[ 26%] [32mBuilding CXX object tests/ka/CMakeFiles/test_ka.dir/test_base64.cpp.o[0m
[ 27%] [32mBuilding CXX object tests/ka/CMakeFiles/test_ka.dir/test_conceptpredicate.cpp.o[0m
[ 28%] [32mBuilding CXX object tests/ka/CMakeFiles/test_ka.dir/test_empty.cpp.o[0m
[ 29%] [32mBuilding CXX object CMakeFiles/qi.dir/src/os_posix.cpp.o[0m
[ 30%] [32mBuilding CXX object CMakeFiles/qi.dir/src/os_debugger_posix.cpp.o[0m
[ 31%] [32mBuilding CXX object CMakeFiles/qi.dir/src/os_launch_posix.cpp.o[0m
[ 31%] [32mBuilding CXX object CMakeFiles/qi.dir/src/type/binarycodec.cpp.o[0m
[ 31%] [32mBuilding CXX object tests/ka/CMakeFiles/test_ka.dir/test_errorhandling.cpp.o[0m
[ 32%] [32mBuilding CXX object tests/ka/CMakeFiles/test_ka.dir/test_flatten.cpp.o[0m
[ 33%] [32mBuilding CXX object tests/ka/CMakeFiles/test_ka.dir/test_functor.cpp.o[0m
[ 34%] [32mBuilding CXX object tests/ka/CMakeFiles/test_ka.dir/test_functional.cpp.o[0m
[ 35%] [32mBuilding CXX object tests/ka/CMakeFiles/test_ka.dir/test_indexed.cpp.o[0m
[ 35%] [32mBuilding CXX object tests/ka/CMakeFiles/test_ka.dir/test_integersequence.cpp.o[0m
[ 36%] [32mBuilding CXX object CMakeFiles/qi.dir/src/type/dynamicobject.cpp.o[0m
[ 37%] [32mBuilding CXX object CMakeFiles/qi.dir/src/type/dynamicobjectbuilder.cpp.o[0m
[ 38%] [32mBuilding CXX object CMakeFiles/qi.dir/src/type/anyfunction.cpp.o[0m
[ 39%] [32mBuilding CXX object CMakeFiles/qi.dir/src/type/anyreference.cpp.o[0m
[ 39%] [32mBuilding CXX object CMakeFiles/qi.dir/src/type/anyvalue.cpp.o[0m
[ 40%] [32mBuilding CXX object tests/ka/CMakeFiles/test_ka.dir/test_macro.cpp.o[0m
[ 41%] [32mBuilding CXX object tests/ka/CMakeFiles/test_ka.dir/test_macroregular.cpp.o[0m
[ 42%] [32mBuilding CXX object tests/ka/CMakeFiles/test_ka.dir/test_moveoncopy.cpp.o[0m
[ 43%] [32mBuilding CXX object CMakeFiles/qi.dir/src/type/anyobject.cpp.o[0m
[ 44%] [32mBuilding CXX object tests/ka/CMakeFiles/test_ka.dir/test_mutablestore.cpp.o[0m
[ 45%] [32mBuilding CXX object CMakeFiles/qi.dir/src/type/genericobject.cpp.o[0m
[ 45%] [32mBuilding CXX object tests/ka/CMakeFiles/test_ka.dir/test_opt.cpp.o[0m
[ 46%] [32mBuilding CXX object tests/ka/CMakeFiles/test_ka.dir/test_iterator.cpp.o[0m
[ 47%] [32mBuilding CXX object tests/ka/CMakeFiles/test_ka.dir/test_parse.cpp.o[0m
[ 48%] [32mBuilding CXX object CMakeFiles/qi.dir/src/type/metaproperty.cpp.o[0m
[ 49%] [32mBuilding CXX object tests/ka/CMakeFiles/test_ka.dir/test_src.cpp.o[0m
[ 50%] [32mBuilding CXX object CMakeFiles/qi.dir/src/type/metasignal.cpp.o[0m
[ 51%] [32mBuilding CXX object tests/ka/CMakeFiles/test_ka.dir/test_sha1.cpp.o[0m
[ 52%] [32mBuilding CXX object CMakeFiles/qi.dir/src/type/metamethod.cpp.o[0m
[ 52%] [32mBuilding CXX object tests/ka/CMakeFiles/test_ka.dir/test_scoped.cpp.o[0m
[ 52%] [32mBuilding CXX object CMakeFiles/qi.dir/src/type/manageable.cpp.o[0m
[ 53%] [32mBuilding CXX object tests/ka/CMakeFiles/test_ka.dir/test_relationpredicate.cpp.o[0m
[ 55%] [32mBuilding CXX object tests/ka/CMakeFiles/test_ka.dir/test_range.cpp.o[0m
[ 55%] [32mBuilding CXX object CMakeFiles/qi.dir/src/type/metasignal_p.cpp.o[0m
[ 56%] [32mBuilding CXX object CMakeFiles/qi.dir/src/type/jsonencoder.cpp.o[0m
[ 57%] [32mBuilding CXX object tests/ka/CMakeFiles/test_ka.dir/test_productiter.cpp.o[0m
[ 58%] [32mBuilding CXX object tests/ka/CMakeFiles/test_ka.dir/test_typetraits.cpp.o[0m
[ 59%] [32mBuilding CXX object tests/ka/CMakeFiles/test_ka.dir/test_unit.cpp.o[0m
[ 59%] [32mBuilding CXX object CMakeFiles/qi.dir/src/type/signal.cpp.o[0m
[ 60%] [32mBuilding CXX object CMakeFiles/qi.dir/src/type/objecttypebuilder.cpp.o[0m
[ 61%] [32mBuilding CXX object tests/ka/CMakeFiles/test_ka.dir/test_testutils.cpp.o[0m
[ 61%] [32mBuilding CXX object CMakeFiles/qi.dir/src/type/anymodule.cpp.o[0m
[ 62%] [32mBuilding CXX object tests/ka/CMakeFiles/test_ka.dir/test_uri.cpp.o[0m
[ 63%] [32mBuilding CXX object CMakeFiles/qi.dir/src/type/metaobject.cpp.o[0m
[ 64%] [32mBuilding CXX object CMakeFiles/qi.dir/src/type/jsondecoder.cpp.o[0m
[ 65%] [32mBuilding CXX object CMakeFiles/qi.dir/src/type/signalspy.cpp.o[0m
[ 66%] [32mBuilding CXX object tests/ka/CMakeFiles/test_ka.dir/test_utility.cpp.o[0m
[ 67%] [32mBuilding CXX object tests/ka/CMakeFiles/test_ka.dir/test_zero.cpp.o[0m
[ 68%] [32mBuilding CXX object CMakeFiles/qi.dir/src/type/signatureconvertor.cpp.o[0m
[ 69%] [32mBuilding CXX object tests/ka/CMakeFiles/test_ka.dir/test_uri_parsing.cpp.o[0m
[ 70%] [32mBuilding CXX object CMakeFiles/qi.dir/src/messaging/applicationsession.cpp.o[0m
[ 71%] [32mBuilding CXX object CMakeFiles/qi.dir/src/messaging/authprovider.cpp.o[0m
[ 72%] [32mBuilding CXX object CMakeFiles/qi.dir/src/messaging/applicationsession_internal.cpp.o[0m
[ 73%] [32mBuilding CXX object CMakeFiles/qi.dir/src/messaging/boundobject.cpp.o[0m
[ 73%] [32mBuilding CXX object CMakeFiles/qi.dir/src/type/traceanalyzer.cpp.o[0m
[ 74%] [32mBuilding CXX object CMakeFiles/qi.dir/src/type/signature.cpp.o[0m
[ 75%] [32mBuilding CXX object CMakeFiles/qi.dir/src/type/type.cpp.o[0m
[ 76%] [32mBuilding CXX object CMakeFiles/qi.dir/src/type/structtypeinterface.cpp.o[0m
[ 77%] [32mBuilding CXX object CMakeFiles/qi.dir/src/type/typeinterface.cpp.o[0m
[ 77%] [32mBuilding CXX object CMakeFiles/qi.dir/src/type/staticobjecttype.cpp.o[0m
[ 78%] [32mBuilding CXX object CMakeFiles/qi.dir/src/messaging/clientauthenticator.cpp.o[0m
[ 79%] [32mBuilding CXX object CMakeFiles/qi.dir/src/messaging/servicedirectoryproxy.cpp.o[0m
[ 81%] [32mBuilding CXX object CMakeFiles/qi.dir/src/messaging/servicedirectoryclient.cpp.o[0m
[ 81%] [32mBuilding CXX object CMakeFiles/qi.dir/src/messaging/serviceinfo.cpp.o[0m
[ 81%] [32mBuilding CXX object CMakeFiles/qi.dir/src/messaging/remoteobject.cpp.o[0m
[ 82%] [32mBuilding CXX object CMakeFiles/qi.dir/src/messaging/servicedirectory.cpp.o[0m
[ 83%] [32mBuilding CXX object CMakeFiles/qi.dir/src/messaging/objectregistrar.cpp.o[0m
[ 85%] [32mBuilding CXX object CMakeFiles/qi.dir/src/messaging/objecthost.cpp.o[0m
[ 85%] [32mBuilding CXX object CMakeFiles/qi.dir/src/messaging/messagedispatcher.cpp.o[0m
[ 86%] [32m[1mLinking CXX executable test_ka[0m
[ 87%] [32mBuilding CXX object CMakeFiles/qi.dir/src/messaging/message.cpp.o[0m
[ 87%] [32mBuilding CXX object CMakeFiles/qi.dir/src/messaging/gateway.cpp.o[0m
[ 87%] [32mBuilding CXX object CMakeFiles/qi.dir/src/messaging/session.cpp.o[0m
[ 88%] [32mBuilding CXX object CMakeFiles/qi.dir/src/messaging/sessionservice.cpp.o[0m
[ 88%] Built target test_ka
[ 89%] [32mBuilding CXX object CMakeFiles/qi.dir/src/messaging/sessionservices.cpp.o[0m
[ 90%] [32mBuilding CXX object CMakeFiles/qi.dir/src/messaging/transportserver.cpp.o[0m
[ 91%] [32mBuilding CXX object CMakeFiles/qi.dir/src/messaging/streamcontext.cpp.o[0m
[ 92%] [32mBuilding CXX object CMakeFiles/qi.dir/src/messaging/server.cpp.o[0m
[ 92%] [32mBuilding CXX object CMakeFiles/qi.dir/src/messaging/transportserverasio_p.cpp.o[0m
[ 93%] [32mBuilding CXX object CMakeFiles/qi.dir/src/messaging/messagesocket.cpp.o[0m
[ 94%] [32mBuilding CXX object CMakeFiles/qi.dir/src/messaging/transportsocketcache.cpp.o[0m
[ 95%] [32mBuilding CXX object CMakeFiles/qi.dir/src/messaging/tcpmessagesocket.cpp.o[0m
[ 96%] [32mBuilding CXX object CMakeFiles/qi.dir/src/messaging/uri.cpp.o[0m
[ 96%] [32mBuilding CXX object CMakeFiles/qi.dir/src/messaging/url.cpp.o[0m
[ 97%] [32mBuilding CXX object CMakeFiles/qi.dir/src/registration.cpp.o[0m
[ 98%] [32m[1mLinking CXX shared library libqi.so[0m
[ 98%] Built target qi
[ 99%] [32mBuilding CXX object tests/CMakeFiles/qitestutils.dir/qi/testutils/testutils.cpp.o[0m
[100%] [32m[1mLinking CXX static library libqitestutils.a[0m
[100%] Built target qitestutils
-- Install configuration: ""
-- Installing: /home/ros/ros2_ws/src/install/naoqi_libqi/include/qi
-- Installing: /home/ros/ros2_ws/src/install/naoqi_libqi/include/qi/uri.hpp
-- Installing: /home/ros/ros2_ws/src/install/naoqi_libqi/include/qi/preproc.hpp
-- Installing: /home/ros/ros2_ws/src/install/naoqi_libqi/include/qi/config.hpp.in
-- Installing: /home/ros/ros2_ws/src/install/naoqi_libqi/include/qi/path.hpp
-- Installing: /home/ros/ros2_ws/src/install/naoqi_libqi/include/qi/assert.hpp
-- Installing: /home/ros/ros2_ws/src/install/naoqi_libqi/include/qi/version.hpp
-- Installing: /home/ros/ros2_ws/src/install/naoqi_libqi/include/qi/signal.hpp
-- Installing: /home/ros/ros2_ws/src/install/naoqi_libqi/include/qi/messaging
-- Installing: /home/ros/ros2_ws/src/install/naoqi_libqi/include/qi/messaging/detail
-- Installing: /home/ros/ros2_ws/src/install/naoqi_libqi/include/qi/messaging/detail/autoservice.hxx
-- Installing: /home/ros/ros2_ws/src/install/naoqi_libqi/include/qi/messaging/clientauthenticator.hpp
-- Installing: /home/ros/ros2_ws/src/install/naoqi_libqi/include/qi/messaging/serviceinfo.hpp
-- Installing: /home/ros/ros2_ws/src/install/naoqi_libqi/include/qi/messaging/clientauthenticatorfactory.hpp
-- Installing: /home/ros/ros2_ws/src/install/naoqi_libqi/include/qi/messaging/autoservice.hpp
-- Installing: /home/ros/ros2_ws/src/install/naoqi_libqi/include/qi/messaging/authproviderfactory.hpp
-- Installing: /home/ros/ros2_ws/src/install/naoqi_libqi/include/qi/messaging/authprovider.hpp
-- Installing: /home/ros/ros2_ws/src/install/naoqi_libqi/include/qi/messaging/messagesocket_fwd.hpp
-- Installing: /home/ros/ros2_ws/src/install/naoqi_libqi/include/qi/messaging/gateway.hpp
-- Installing: /home/ros/ros2_ws/src/install/naoqi_libqi/include/qi/messaging/servicedirectoryproxy.hpp
-- Installing: /home/ros/ros2_ws/src/install/naoqi_libqi/include/qi/actor.hpp
-- Installing: /home/ros/ros2_ws/src/install/naoqi_libqi/include/qi/flags.hpp
-- Installing: /home/ros/ros2_ws/src/install/naoqi_libqi/include/qi/config.dox
-- Installing: /home/ros/ros2_ws/src/install/naoqi_libqi/include/qi/eventloop.hpp
-- Installing: /home/ros/ros2_ws/src/install/naoqi_libqi/include/qi/tag.hpp
-- Installing: /home/ros/ros2_ws/src/install/naoqi_libqi/include/qi/applicationsession.hpp
-- Installing: /home/ros/ros2_ws/src/install/naoqi_libqi/include/qi/iocolor.hpp
-- Installing: /home/ros/ros2_ws/src/install/naoqi_libqi/include/qi/anyobject.hpp
-- Installing: /home/ros/ros2_ws/src/install/naoqi_libqi/include/qi/detail
-- Installing: /home/ros/ros2_ws/src/install/naoqi_libqi/include/qi/detail/log.hxx
-- Installing: /home/ros/ros2_ws/src/install/naoqi_libqi/include/qi/detail/trackable.hxx
-- Installing: /home/ros/ros2_ws/src/install/naoqi_libqi/include/qi/detail/future.hxx
-- Installing: /home/ros/ros2_ws/src/install/naoqi_libqi/include/qi/detail/eventloop.hxx
-- Installing: /home/ros/ros2_ws/src/install/naoqi_libqi/include/qi/detail/futurebarrier.hpp
-- Installing: /home/ros/ros2_ws/src/install/naoqi_libqi/include/qi/detail/async.hxx
-- Installing: /home/ros/ros2_ws/src/install/naoqi_libqi/include/qi/detail/executioncontext.hpp
-- Installing: /home/ros/ros2_ws/src/install/naoqi_libqi/include/qi/detail/print.hpp
-- Installing: /home/ros/ros2_ws/src/install/naoqi_libqi/include/qi/detail/clock.hxx
-- Installing: /home/ros/ros2_ws/src/install/naoqi_libqi/include/qi/detail/futureunwrap.hpp
-- Installing: /home/ros/ros2_ws/src/install/naoqi_libqi/include/qi/detail/mpl.hpp
-- Installing: /home/ros/ros2_ws/src/install/naoqi_libqi/include/qi/detail/future_fwd.hpp
-- Installing: /home/ros/ros2_ws/src/install/naoqi_libqi/include/qi/log.hpp
-- Installing: /home/ros/ros2_ws/src/install/naoqi_libqi/include/qi/macro.hpp
-- Installing: /home/ros/ros2_ws/src/install/naoqi_libqi/include/qi/ptruid.hpp
-- Installing: /home/ros/ros2_ws/src/install/naoqi_libqi/include/qi/stats.hpp
-- Installing: /home/ros/ros2_ws/src/install/naoqi_libqi/include/qi/property.hpp
-- Installing: /home/ros/ros2_ws/src/install/naoqi_libqi/include/qi/translator.hpp
-- Installing: /home/ros/ros2_ws/src/install/naoqi_libqi/include/qi/futuregroup.hpp
-- Installing: /home/ros/ros2_ws/src/install/naoqi_libqi/include/qi/future.hpp
-- Installing: /home/ros/ros2_ws/src/install/naoqi_libqi/include/qi/jsoncodec.hpp
-- Installing: /home/ros/ros2_ws/src/install/naoqi_libqi/include/qi/session.hpp
-- Installing: /home/ros/ros2_ws/src/install/naoqi_libqi/include/qi/os.hpp
-- Installing: /home/ros/ros2_ws/src/install/naoqi_libqi/include/qi/anymodule.hpp
-- Installing: /home/ros/ros2_ws/src/install/naoqi_libqi/include/qi/objectuid.hpp
-- Installing: /home/ros/ros2_ws/src/install/naoqi_libqi/include/qi/signalspy.hpp
-- Installing: /home/ros/ros2_ws/src/install/naoqi_libqi/include/qi/anyvalue.hpp
-- Installing: /home/ros/ros2_ws/src/install/naoqi_libqi/include/qi/application.hpp
-- Installing: /home/ros/ros2_ws/src/install/naoqi_libqi/include/qi/async.hpp
-- Installing: /home/ros/ros2_ws/src/install/naoqi_libqi/include/qi/either.hpp
-- Installing: /home/ros/ros2_ws/src/install/naoqi_libqi/include/qi/clock.hpp
-- Installing: /home/ros/ros2_ws/src/install/naoqi_libqi/include/qi/periodictask.hpp
-- Installing: /home/ros/ros2_ws/src/install/naoqi_libqi/include/qi/url.hpp
-- Installing: /home/ros/ros2_ws/src/install/naoqi_libqi/include/qi/uuid.hpp
-- Installing: /home/ros/ros2_ws/src/install/naoqi_libqi/include/qi/path_conf.hpp
-- Installing: /home/ros/ros2_ws/src/install/naoqi_libqi/include/qi/perf
-- Installing: /home/ros/ros2_ws/src/install/naoqi_libqi/include/qi/perf/dataperf.dox
-- Installing: /home/ros/ros2_ws/src/install/naoqi_libqi/include/qi/perf/measure.hpp
-- Installing: /home/ros/ros2_ws/src/install/naoqi_libqi/include/qi/perf/dataperfsuite.hpp
-- Installing: /home/ros/ros2_ws/src/install/naoqi_libqi/include/qi/perf/detail
-- Installing: /home/ros/ros2_ws/src/install/naoqi_libqi/include/qi/perf/detail/dataperfsuite.hxx
-- Installing: /home/ros/ros2_ws/src/install/naoqi_libqi/include/qi/perf/dataperfsuite.dox
-- Installing: /home/ros/ros2_ws/src/install/naoqi_libqi/include/qi/perf/dataperf.hpp
-- Installing: /home/ros/ros2_ws/src/install/naoqi_libqi/include/qi/trackable.hpp
-- Installing: /home/ros/ros2_ws/src/install/naoqi_libqi/include/qi/api.hpp
-- Installing: /home/ros/ros2_ws/src/install/naoqi_libqi/include/qi/binarycodec.hpp
-- Installing: /home/ros/ros2_ws/src/install/naoqi_libqi/include/qi/types.hpp
-- Installing: /home/ros/ros2_ws/src/install/naoqi_libqi/include/qi/type
-- Installing: /home/ros/ros2_ws/src/install/naoqi_libqi/include/qi/type/metaobject.hpp
-- Installing: /home/ros/ros2_ws/src/install/naoqi_libqi/include/qi/type/metamethod.hpp
-- Installing: /home/ros/ros2_ws/src/install/naoqi_libqi/include/qi/type/detail
-- Installing: /home/ros/ros2_ws/src/install/naoqi_libqi/include/qi/type/detail/buffertypeinterface.hxx
-- Installing: /home/ros/ros2_ws/src/install/naoqi_libqi/include/qi/type/detail/dynamictypeinterface.hxx
-- Installing: /home/ros/ros2_ws/src/install/naoqi_libqi/include/qi/type/detail/hasless.hxx
-- Installing: /home/ros/ros2_ws/src/install/naoqi_libqi/include/qi/type/detail/listtypeinterface.hxx
-- Installing: /home/ros/ros2_ws/src/install/naoqi_libqi/include/qi/type/detail/optionaltypeinterface.hxx
-- Installing: /home/ros/ros2_ws/src/install/naoqi_libqi/include/qi/type/detail/signal.hxx
-- Installing: /home/ros/ros2_ws/src/install/naoqi_libqi/include/qi/type/detail/manageable.hpp
-- Installing: /home/ros/ros2_ws/src/install/naoqi_libqi/include/qi/type/detail/anyiterator.hxx
-- Installing: /home/ros/ros2_ws/src/install/naoqi_libqi/include/qi/type/detail/dynamicobjectbuilder.hxx
-- Installing: /home/ros/ros2_ws/src/install/naoqi_libqi/include/qi/type/detail/accessor.hxx
-- Installing: /home/ros/ros2_ws/src/install/naoqi_libqi/include/qi/type/detail/stringtypeinterface.hxx
-- Installing: /home/ros/ros2_ws/src/install/naoqi_libqi/include/qi/type/detail/anyiterator.hpp
-- Installing: /home/ros/ros2_ws/src/install/naoqi_libqi/include/qi/type/detail/anyfunction.hxx
-- Installing: /home/ros/ros2_ws/src/install/naoqi_libqi/include/qi/type/detail/objecttypebuilder.hxx
-- Installing: /home/ros/ros2_ws/src/install/naoqi_libqi/include/qi/type/detail/pointertypeinterface.hxx
-- Installing: /home/ros/ros2_ws/src/install/naoqi_libqi/include/qi/type/detail/inttypeinterface.hxx
-- Installing: /home/ros/ros2_ws/src/install/naoqi_libqi/include/qi/type/detail/typedispatcher.hxx
-- Installing: /home/ros/ros2_ws/src/install/naoqi_libqi/include/qi/type/detail/bindtype.hxx
-- Installing: /home/ros/ros2_ws/src/install/naoqi_libqi/include/qi/type/detail/type.hpp
-- Installing: /home/ros/ros2_ws/src/install/naoqi_libqi/include/qi/type/detail/futureadapter.hxx
-- Installing: /home/ros/ros2_ws/src/install/naoqi_libqi/include/qi/type/detail/proxyregister.hpp
-- Installing: /home/ros/ros2_ws/src/install/naoqi_libqi/include/qi/type/detail/anyfunctionfactory.hxx
-- Installing: /home/ros/ros2_ws/src/install/naoqi_libqi/include/qi/type/detail/type.hxx
-- Installing: /home/ros/ros2_ws/src/install/naoqi_libqi/include/qi/type/detail/genericobject.hpp
-- Installing: /home/ros/ros2_ws/src/install/naoqi_libqi/include/qi/type/detail/object.hxx
-- Installing: /home/ros/ros2_ws/src/install/naoqi_libqi/include/qi/type/detail/structtypeinterface.hxx
-- Installing: /home/ros/ros2_ws/src/install/naoqi_libqi/include/qi/type/detail/typeinterface.hpp
-- Installing: /home/ros/ros2_ws/src/install/naoqi_libqi/include/qi/type/detail/futureadapter.hpp
-- Installing: /home/ros/ros2_ws/src/install/naoqi_libqi/include/qi/type/detail/anyvalue.hpp
-- Installing: /home/ros/ros2_ws/src/install/naoqi_libqi/include/qi/type/detail/typeimpl.hxx
-- Installing: /home/ros/ros2_ws/src/install/naoqi_libqi/include/qi/type/detail/anyvalue.hxx
-- Installing: /home/ros/ros2_ws/src/install/naoqi_libqi/include/qi/type/detail/anyreference.hxx
-- Installing: /home/ros/ros2_ws/src/install/naoqi_libqi/include/qi/type/detail/functionsignature.hxx
-- Installing: /home/ros/ros2_ws/src/install/naoqi_libqi/include/qi/type/detail/maptypeinterface.hxx
-- Installing: /home/ros/ros2_ws/src/install/naoqi_libqi/include/qi/type/detail/staticobjecttype.hpp
-- Installing: /home/ros/ros2_ws/src/install/naoqi_libqi/include/qi/type/detail/property.hxx
-- Installing: /home/ros/ros2_ws/src/install/naoqi_libqi/include/qi/type/detail/anyreference.hpp
-- Installing: /home/ros/ros2_ws/src/install/naoqi_libqi/include/qi/type/detail/traceanalyzer.hpp
-- Installing: /home/ros/ros2_ws/src/install/naoqi_libqi/include/qi/type/dynamicobjectbuilder.hpp
-- Installing: /home/ros/ros2_ws/src/install/naoqi_libqi/include/qi/type/metaproperty.hpp
-- Installing: /home/ros/ros2_ws/src/install/naoqi_libqi/include/qi/type/metasignal.hpp
-- Installing: /home/ros/ros2_ws/src/install/naoqi_libqi/include/qi/type/fwd.hpp
-- Installing: /home/ros/ros2_ws/src/install/naoqi_libqi/include/qi/type/typeinterface.hpp
-- Installing: /home/ros/ros2_ws/src/install/naoqi_libqi/include/qi/type/proxysignal.hpp
-- Installing: /home/ros/ros2_ws/src/install/naoqi_libqi/include/qi/type/typeobject.hpp
-- Installing: /home/ros/ros2_ws/src/install/naoqi_libqi/include/qi/type/proxyproperty.hpp
-- Installing: /home/ros/ros2_ws/src/install/naoqi_libqi/include/qi/type/dynamicobject.hpp
-- Installing: /home/ros/ros2_ws/src/install/naoqi_libqi/include/qi/type/typedispatcher.hpp
-- Installing: /home/ros/ros2_ws/src/install/naoqi_libqi/include/qi/type/objecttypebuilder.hpp
-- Installing: /home/ros/ros2_ws/src/install/naoqi_libqi/include/qi/buffer.hpp
-- Installing: /home/ros/ros2_ws/src/install/naoqi_libqi/include/qi/signature.hpp
-- Installing: /home/ros/ros2_ws/src/install/naoqi_libqi/include/qi/log
-- Installing: /home/ros/ros2_ws/src/install/naoqi_libqi/include/qi/log/tailfileloghandler.hpp
-- Installing: /home/ros/ros2_ws/src/install/naoqi_libqi/include/qi/log/consoleloghandler.hpp
-- Installing: /home/ros/ros2_ws/src/install/naoqi_libqi/include/qi/log/headfileloghandler.hpp
-- Installing: /home/ros/ros2_ws/src/install/naoqi_libqi/include/qi/log/journaldloghandler.hpp
-- Installing: /home/ros/ros2_ws/src/install/naoqi_libqi/include/qi/log/androidloghandler.hpp
-- Installing: /home/ros/ros2_ws/src/install/naoqi_libqi/include/qi/log/csvloghandler.hpp
-- Installing: /home/ros/ros2_ws/src/install/naoqi_libqi/include/qi/log/fileloghandler.hpp
-- Installing: /home/ros/ros2_ws/src/install/naoqi_libqi/include/qi/strand.hpp
-- Installing: /home/ros/ros2_ws/src/install/naoqi_libqi/include/qi/atomic.hpp
-- Installing: /home/ros/ros2_ws/src/install/naoqi_libqi/include/qi/getenv.hpp
-- Installing: /home/ros/ros2_ws/src/install/naoqi_libqi/include/qi/numeric.hpp
-- Installing: /home/ros/ros2_ws/src/install/naoqi_libqi/include/qi/qi.hpp
-- Installing: /home/ros/ros2_ws/src/install/naoqi_libqi/include/qi/anyfunction.hpp
-- Installing: /home/ros/ros2_ws/src/install/naoqi_libqi/include/ka
-- Installing: /home/ros/ros2_ws/src/install/naoqi_libqi/include/ka/uri.hpp
-- Installing: /home/ros/ros2_ws/src/install/naoqi_libqi/include/ka/sha1.hpp
-- Installing: /home/ros/ros2_ws/src/install/naoqi_libqi/include/ka/base64.hpp
-- Installing: /home/ros/ros2_ws/src/install/naoqi_libqi/include/ka/ark
-- Installing: /home/ros/ros2_ws/src/install/naoqi_libqi/include/ka/ark/mutable.hpp
-- Installing: /home/ros/ros2_ws/src/install/naoqi_libqi/include/ka/ark/inputiter.hpp
-- Installing: /home/ros/ros2_ws/src/install/naoqi_libqi/include/ka/testutils.hpp
-- Installing: /home/ros/ros2_ws/src/install/naoqi_libqi/include/ka/integersequence.hpp
-- Installing: /home/ros/ros2_ws/src/install/naoqi_libqi/include/ka/typetraits.hpp
-- Installing: /home/ros/ros2_ws/src/install/naoqi_libqi/include/ka/moveoncopy.hpp
-- Installing: /home/ros/ros2_ws/src/install/naoqi_libqi/include/ka/utility.hpp
-- Installing: /home/ros/ros2_ws/src/install/naoqi_libqi/include/ka/indexed.hpp
-- Installing: /home/ros/ros2_ws/src/install/naoqi_libqi/include/ka/memory.hpp
-- Installing: /home/ros/ros2_ws/src/install/naoqi_libqi/include/ka/parse.hpp
-- Installing: /home/ros/ros2_ws/src/install/naoqi_libqi/include/ka/conceptpredicate.hpp
-- Installing: /home/ros/ros2_ws/src/install/naoqi_libqi/include/ka/macro.hpp
-- Installing: /home/ros/ros2_ws/src/install/naoqi_libqi/include/ka/empty.hpp
-- Installing: /home/ros/ros2_ws/src/install/naoqi_libqi/include/ka/functorcontainer.hpp
-- Installing: /home/ros/ros2_ws/src/install/naoqi_libqi/include/ka/errorhandling.hpp
-- Installing: /home/ros/ros2_ws/src/install/naoqi_libqi/include/ka/functional.hpp
-- Installing: /home/ros/ros2_ws/src/install/naoqi_libqi/include/ka/zero.hpp
-- Installing: /home/ros/ros2_ws/src/install/naoqi_libqi/include/ka/functor.hpp
-- Installing: /home/ros/ros2_ws/src/install/naoqi_libqi/include/ka/productiter.hpp
-- Installing: /home/ros/ros2_ws/src/install/naoqi_libqi/include/ka/README.md
-- Installing: /home/ros/ros2_ws/src/install/naoqi_libqi/include/ka/range.hpp
-- Installing: /home/ros/ros2_ws/src/install/naoqi_libqi/include/ka/iterator.hpp
-- Installing: /home/ros/ros2_ws/src/install/naoqi_libqi/include/ka/scoped.hpp
-- Installing: /home/ros/ros2_ws/src/install/naoqi_libqi/include/ka/src.hpp
-- Installing: /home/ros/ros2_ws/src/install/naoqi_libqi/include/ka/AUTHORS
-- Installing: /home/ros/ros2_ws/src/install/naoqi_libqi/include/ka/flatten.hpp
-- Installing: /home/ros/ros2_ws/src/install/naoqi_libqi/include/ka/algorithm.hpp
-- Installing: /home/ros/ros2_ws/src/install/naoqi_libqi/include/ka/relationpredicate.hpp
-- Installing: /home/ros/ros2_ws/src/install/naoqi_libqi/include/ka/mutablestore.hpp
-- Installing: /home/ros/ros2_ws/src/install/naoqi_libqi/include/ka/macroregular.hpp
-- Installing: /home/ros/ros2_ws/src/install/naoqi_libqi/include/ka/concept.hpp
-- Installing: /home/ros/ros2_ws/src/install/naoqi_libqi/include/ka/uri
-- Installing: /home/ros/ros2_ws/src/install/naoqi_libqi/include/ka/uri/uri.hpp
-- Installing: /home/ros/ros2_ws/src/install/naoqi_libqi/include/ka/uri/parsing.hpp
-- Installing: /home/ros/ros2_ws/src/install/naoqi_libqi/include/ka/uri/io.hpp
-- Installing: /home/ros/ros2_ws/src/install/naoqi_libqi/include/ka/uri/uri_fwd.hpp
-- Installing: /home/ros/ros2_ws/src/install/naoqi_libqi/include/ka/opt.hpp
-- Installing: /home/ros/ros2_ws/src/install/naoqi_libqi/include/ka/mutex.hpp
-- Installing: /home/ros/ros2_ws/src/install/naoqi_libqi/include/ka/libka.png
-- Installing: /home/ros/ros2_ws/src/install/naoqi_libqi/include/ka/unit.hpp
-- Installing: /home/ros/ros2_ws/src/install/naoqi_libqi/include/qi/config.hpp
-- Installing: /home/ros/ros2_ws/src/install/naoqi_libqi/lib/libqi.so
-- Installing: /home/ros/ros2_ws/src/install/naoqi_libqi/share/naoqi_libqi/package.xml
-- Installing: /home/ros/ros2_ws/src/install/naoqi_libqi/share/naoqi_libqi/environment/library_path.sh
-- Installing: /home/ros/ros2_ws/src/install/naoqi_libqi/share/naoqi_libqi/environment/library_path.dsv
-- Installing: /home/ros/ros2_ws/src/install/naoqi_libqi/share/ament_index/resource_index/package_run_dependencies/naoqi_libqi
-- Installing: /home/ros/ros2_ws/src/install/naoqi_libqi/share/ament_index/resource_index/parent_prefix_path/naoqi_libqi
-- Installing: /home/ros/ros2_ws/src/install/naoqi_libqi/share/naoqi_libqi/environment/ament_prefix_path.sh
-- Installing: /home/ros/ros2_ws/src/install/naoqi_libqi/share/naoqi_libqi/environment/ament_prefix_path.dsv
-- Installing: /home/ros/ros2_ws/src/install/naoqi_libqi/share/naoqi_libqi/environment/path.sh
-- Installing: /home/ros/ros2_ws/src/install/naoqi_libqi/share/naoqi_libqi/environment/path.dsv
-- Installing: /home/ros/ros2_ws/src/install/naoqi_libqi/share/naoqi_libqi/local_setup.bash
-- Installing: /home/ros/ros2_ws/src/install/naoqi_libqi/share/naoqi_libqi/local_setup.sh
-- Installing: /home/ros/ros2_ws/src/install/naoqi_libqi/share/naoqi_libqi/local_setup.zsh
-- Installing: /home/ros/ros2_ws/src/install/naoqi_libqi/share/naoqi_libqi/local_setup.dsv
-- Installing: /home/ros/ros2_ws/src/install/naoqi_libqi/share/naoqi_libqi/package.dsv
-- Installing: /home/ros/ros2_ws/src/install/naoqi_libqi/share/ament_index/resource_index/packages/naoqi_libqi
-- Installing: /home/ros/ros2_ws/src/install/naoqi_libqi/share/naoqi_libqi/cmake/ament_cmake_export_include_directories-extras.cmake
-- Installing: /home/ros/ros2_ws/src/install/naoqi_libqi/share/naoqi_libqi/cmake/ament_cmake_export_libraries-extras.cmake
-- Installing: /home/ros/ros2_ws/src/install/naoqi_libqi/share/naoqi_libqi/cmake/naoqi_libqiConfig.cmake
-- Installing: /home/ros/ros2_ws/src/install/naoqi_libqi/share/naoqi_libqi/cmake/naoqi_libqiConfig-version.cmake
-- Up-to-date: /home/ros/ros2_ws/src/install/naoqi_libqi/share/naoqi_libqi/package.xml
