running egg_info
creating ../build/qi_unipa/qi_unipa.egg-info
writing ../build/qi_unipa/qi_unipa.egg-info/PKG-INFO
writing dependency_links to ../build/qi_unipa/qi_unipa.egg-info/dependency_links.txt
writing entry points to ../build/qi_unipa/qi_unipa.egg-info/entry_points.txt
writing requirements to ../build/qi_unipa/qi_unipa.egg-info/requires.txt
writing top-level names to ../build/qi_unipa/qi_unipa.egg-info/top_level.txt
writing manifest file '../build/qi_unipa/qi_unipa.egg-info/SOURCES.txt'
reading manifest file '../build/qi_unipa/qi_unipa.egg-info/SOURCES.txt'
writing manifest file '../build/qi_unipa/qi_unipa.egg-info/SOURCES.txt'
running build
running build_py
creating /home/daniele/git_ws/src/build/qi_unipa/build
creating /home/daniele/git_ws/src/build/qi_unipa/build/lib
creating /home/daniele/git_ws/src/build/qi_unipa/build/lib/qi_unipa
copying qi_unipa/qi_unipa_sensor.py -> /home/daniele/git_ws/src/build/qi_unipa/build/lib/qi_unipa
copying qi_unipa/qi_unipa_movement.py -> /home/daniele/git_ws/src/build/qi_unipa/build/lib/qi_unipa
copying qi_unipa/qi_unipa_speech.py -> /home/daniele/git_ws/src/build/qi_unipa/build/lib/qi_unipa
copying qi_unipa/qi_module.py -> /home/daniele/git_ws/src/build/qi_unipa/build/lib/qi_unipa
copying qi_unipa/qi_unipa_vision.py -> /home/daniele/git_ws/src/build/qi_unipa/build/lib/qi_unipa
copying qi_unipa/qi_unipa_tracking.py -> /home/daniele/git_ws/src/build/qi_unipa/build/lib/qi_unipa
copying qi_unipa/__init__.py -> /home/daniele/git_ws/src/build/qi_unipa/build/lib/qi_unipa
running install
running install_lib
creating /home/daniele/git_ws/src/install/qi_unipa/lib/python3.10/site-packages/qi_unipa
copying /home/daniele/git_ws/src/build/qi_unipa/build/lib/qi_unipa/qi_unipa_sensor.py -> /home/daniele/git_ws/src/install/qi_unipa/lib/python3.10/site-packages/qi_unipa
copying /home/daniele/git_ws/src/build/qi_unipa/build/lib/qi_unipa/qi_unipa_movement.py -> /home/daniele/git_ws/src/install/qi_unipa/lib/python3.10/site-packages/qi_unipa
copying /home/daniele/git_ws/src/build/qi_unipa/build/lib/qi_unipa/qi_unipa_speech.py -> /home/daniele/git_ws/src/install/qi_unipa/lib/python3.10/site-packages/qi_unipa
copying /home/daniele/git_ws/src/build/qi_unipa/build/lib/qi_unipa/qi_module.py -> /home/daniele/git_ws/src/install/qi_unipa/lib/python3.10/site-packages/qi_unipa
copying /home/daniele/git_ws/src/build/qi_unipa/build/lib/qi_unipa/qi_unipa_vision.py -> /home/daniele/git_ws/src/install/qi_unipa/lib/python3.10/site-packages/qi_unipa
copying /home/daniele/git_ws/src/build/qi_unipa/build/lib/qi_unipa/qi_unipa_tracking.py -> /home/daniele/git_ws/src/install/qi_unipa/lib/python3.10/site-packages/qi_unipa
copying /home/daniele/git_ws/src/build/qi_unipa/build/lib/qi_unipa/__init__.py -> /home/daniele/git_ws/src/install/qi_unipa/lib/python3.10/site-packages/qi_unipa
byte-compiling /home/daniele/git_ws/src/install/qi_unipa/lib/python3.10/site-packages/qi_unipa/qi_unipa_sensor.py to qi_unipa_sensor.cpython-310.pyc
byte-compiling /home/daniele/git_ws/src/install/qi_unipa/lib/python3.10/site-packages/qi_unipa/qi_unipa_movement.py to qi_unipa_movement.cpython-310.pyc
byte-compiling /home/daniele/git_ws/src/install/qi_unipa/lib/python3.10/site-packages/qi_unipa/qi_unipa_speech.py to qi_unipa_speech.cpython-310.pyc
byte-compiling /home/daniele/git_ws/src/install/qi_unipa/lib/python3.10/site-packages/qi_unipa/qi_module.py to qi_module.cpython-310.pyc
byte-compiling /home/daniele/git_ws/src/install/qi_unipa/lib/python3.10/site-packages/qi_unipa/qi_unipa_vision.py to qi_unipa_vision.cpython-310.pyc
byte-compiling /home/daniele/git_ws/src/install/qi_unipa/lib/python3.10/site-packages/qi_unipa/qi_unipa_tracking.py to qi_unipa_tracking.cpython-310.pyc
byte-compiling /home/daniele/git_ws/src/install/qi_unipa/lib/python3.10/site-packages/qi_unipa/__init__.py to __init__.cpython-310.pyc
running install_data
creating /home/daniele/git_ws/src/install/qi_unipa/share/ament_index
creating /home/daniele/git_ws/src/install/qi_unipa/share/ament_index/resource_index
creating /home/daniele/git_ws/src/install/qi_unipa/share/ament_index/resource_index/packages
copying resource/qi_unipa -> /home/daniele/git_ws/src/install/qi_unipa/share/ament_index/resource_index/packages
copying package.xml -> /home/daniele/git_ws/src/install/qi_unipa/share/qi_unipa
creating /home/daniele/git_ws/src/install/qi_unipa/share/qi_unipa/launch
copying launch/qi_unipa.launch.py -> /home/daniele/git_ws/src/install/qi_unipa/share/qi_unipa/launch
running install_egg_info
Copying ../build/qi_unipa/qi_unipa.egg-info to /home/daniele/git_ws/src/install/qi_unipa/lib/python3.10/site-packages/qi_unipa-0.0.0-py3.10.egg-info
running install_scripts
Installing qi_unipa_movement script to /home/daniele/git_ws/src/install/qi_unipa/lib/qi_unipa
Installing qi_unipa_sensor script to /home/daniele/git_ws/src/install/qi_unipa/lib/qi_unipa
Installing qi_unipa_speech script to /home/daniele/git_ws/src/install/qi_unipa/lib/qi_unipa
Installing qi_unipa_tracking script to /home/daniele/git_ws/src/install/qi_unipa/lib/qi_unipa
writing list of installed files to '/home/daniele/git_ws/src/build/qi_unipa/install.log'
