[4.542s] Invoking command in '/home/daniele/git_ws/src/qi_unipa': PYTHONPATH=/home/daniele/git_ws/src/build/qi_unipa/prefix_override:/usr/lib/python3/dist-packages/colcon_core/task/python/colcon_distutils_commands:/home/daniele/git_ws/src/install/qi_unipa/lib/python3.10/site-packages:${PYTHONPATH} /usr/bin/python3 -W ignore:setup.py install is deprecated setup.py egg_info --egg-base ../build/qi_unipa build --build-base /home/daniele/git_ws/src/build/qi_unipa/build install --record /home/daniele/git_ws/src/build/qi_unipa/install.log --single-version-externally-managed install_data
[5.298s] running egg_info
[5.303s] creating ../build/qi_unipa/qi_unipa.egg-info
[5.306s] writing ../build/qi_unipa/qi_unipa.egg-info/PKG-INFO
[5.307s] writing dependency_links to ../build/qi_unipa/qi_unipa.egg-info/dependency_links.txt
[5.307s] writing entry points to ../build/qi_unipa/qi_unipa.egg-info/entry_points.txt
[5.308s] writing requirements to ../build/qi_unipa/qi_unipa.egg-info/requires.txt
[5.308s] writing top-level names to ../build/qi_unipa/qi_unipa.egg-info/top_level.txt
[5.308s] writing manifest file '../build/qi_unipa/qi_unipa.egg-info/SOURCES.txt'
[5.313s] reading manifest file '../build/qi_unipa/qi_unipa.egg-info/SOURCES.txt'
[5.317s] writing manifest file '../build/qi_unipa/qi_unipa.egg-info/SOURCES.txt'
[5.318s] running build
[5.319s] running build_py
[5.320s] creating /home/daniele/git_ws/src/build/qi_unipa/build
[5.321s] creating /home/daniele/git_ws/src/build/qi_unipa/build/lib
[5.321s] creating /home/daniele/git_ws/src/build/qi_unipa/build/lib/qi_unipa
[5.323s] copying qi_unipa/qi_unipa_sensor.py -> /home/daniele/git_ws/src/build/qi_unipa/build/lib/qi_unipa
[5.323s] copying qi_unipa/qi_unipa_movement.py -> /home/daniele/git_ws/src/build/qi_unipa/build/lib/qi_unipa
[5.327s] copying qi_unipa/qi_unipa_speech.py -> /home/daniele/git_ws/src/build/qi_unipa/build/lib/qi_unipa
[5.328s] copying qi_unipa/qi_module.py -> /home/daniele/git_ws/src/build/qi_unipa/build/lib/qi_unipa
[5.328s] copying qi_unipa/qi_unipa_vision.py -> /home/daniele/git_ws/src/build/qi_unipa/build/lib/qi_unipa
[5.328s] copying qi_unipa/qi_unipa_tracking.py -> /home/daniele/git_ws/src/build/qi_unipa/build/lib/qi_unipa
[5.328s] copying qi_unipa/__init__.py -> /home/daniele/git_ws/src/build/qi_unipa/build/lib/qi_unipa
[5.329s] running install
[5.329s] running install_lib
[5.330s] creating /home/daniele/git_ws/src/install/qi_unipa/lib/python3.10/site-packages/qi_unipa
[5.331s] copying /home/daniele/git_ws/src/build/qi_unipa/build/lib/qi_unipa/qi_unipa_sensor.py -> /home/daniele/git_ws/src/install/qi_unipa/lib/python3.10/site-packages/qi_unipa
[5.333s] copying /home/daniele/git_ws/src/build/qi_unipa/build/lib/qi_unipa/qi_unipa_movement.py -> /home/daniele/git_ws/src/install/qi_unipa/lib/python3.10/site-packages/qi_unipa
[5.334s] copying /home/daniele/git_ws/src/build/qi_unipa/build/lib/qi_unipa/qi_unipa_speech.py -> /home/daniele/git_ws/src/install/qi_unipa/lib/python3.10/site-packages/qi_unipa
[5.335s] copying /home/daniele/git_ws/src/build/qi_unipa/build/lib/qi_unipa/qi_module.py -> /home/daniele/git_ws/src/install/qi_unipa/lib/python3.10/site-packages/qi_unipa
[5.336s] copying /home/daniele/git_ws/src/build/qi_unipa/build/lib/qi_unipa/qi_unipa_vision.py -> /home/daniele/git_ws/src/install/qi_unipa/lib/python3.10/site-packages/qi_unipa
[5.338s] copying /home/daniele/git_ws/src/build/qi_unipa/build/lib/qi_unipa/qi_unipa_tracking.py -> /home/daniele/git_ws/src/install/qi_unipa/lib/python3.10/site-packages/qi_unipa
[5.341s] copying /home/daniele/git_ws/src/build/qi_unipa/build/lib/qi_unipa/__init__.py -> /home/daniele/git_ws/src/install/qi_unipa/lib/python3.10/site-packages/qi_unipa
[5.343s] byte-compiling /home/daniele/git_ws/src/install/qi_unipa/lib/python3.10/site-packages/qi_unipa/qi_unipa_sensor.py to qi_unipa_sensor.cpython-310.pyc
[5.344s] byte-compiling /home/daniele/git_ws/src/install/qi_unipa/lib/python3.10/site-packages/qi_unipa/qi_unipa_movement.py to qi_unipa_movement.cpython-310.pyc
[5.346s] byte-compiling /home/daniele/git_ws/src/install/qi_unipa/lib/python3.10/site-packages/qi_unipa/qi_unipa_speech.py to qi_unipa_speech.cpython-310.pyc
[5.362s] byte-compiling /home/daniele/git_ws/src/install/qi_unipa/lib/python3.10/site-packages/qi_unipa/qi_module.py to qi_module.cpython-310.pyc
[5.364s] byte-compiling /home/daniele/git_ws/src/install/qi_unipa/lib/python3.10/site-packages/qi_unipa/qi_unipa_vision.py to qi_unipa_vision.cpython-310.pyc
[5.364s] byte-compiling /home/daniele/git_ws/src/install/qi_unipa/lib/python3.10/site-packages/qi_unipa/qi_unipa_tracking.py to qi_unipa_tracking.cpython-310.pyc
[5.365s] byte-compiling /home/daniele/git_ws/src/install/qi_unipa/lib/python3.10/site-packages/qi_unipa/__init__.py to __init__.cpython-310.pyc
[5.366s] running install_data
[5.369s] creating /home/daniele/git_ws/src/install/qi_unipa/share/ament_index
[5.371s] creating /home/daniele/git_ws/src/install/qi_unipa/share/ament_index/resource_index
[5.373s] creating /home/daniele/git_ws/src/install/qi_unipa/share/ament_index/resource_index/packages
[5.376s] copying resource/qi_unipa -> /home/daniele/git_ws/src/install/qi_unipa/share/ament_index/resource_index/packages
[5.378s] copying package.xml -> /home/daniele/git_ws/src/install/qi_unipa/share/qi_unipa
[5.378s] creating /home/daniele/git_ws/src/install/qi_unipa/share/qi_unipa/launch
[5.383s] copying launch/qi_unipa.launch.py -> /home/daniele/git_ws/src/install/qi_unipa/share/qi_unipa/launch
[5.384s] running install_egg_info
[5.387s] Copying ../build/qi_unipa/qi_unipa.egg-info to /home/daniele/git_ws/src/install/qi_unipa/lib/python3.10/site-packages/qi_unipa-0.0.0-py3.10.egg-info
[5.402s] running install_scripts
[5.500s] Installing qi_unipa_movement script to /home/daniele/git_ws/src/install/qi_unipa/lib/qi_unipa
[5.502s] Installing qi_unipa_sensor script to /home/daniele/git_ws/src/install/qi_unipa/lib/qi_unipa
[5.502s] Installing qi_unipa_speech script to /home/daniele/git_ws/src/install/qi_unipa/lib/qi_unipa
[5.503s] Installing qi_unipa_tracking script to /home/daniele/git_ws/src/install/qi_unipa/lib/qi_unipa
[5.505s] writing list of installed files to '/home/daniele/git_ws/src/build/qi_unipa/install.log'
[5.779s] Invoked command in '/home/daniele/git_ws/src/qi_unipa' returned '0': PYTHONPATH=/home/daniele/git_ws/src/build/qi_unipa/prefix_override:/usr/lib/python3/dist-packages/colcon_core/task/python/colcon_distutils_commands:/home/daniele/git_ws/src/install/qi_unipa/lib/python3.10/site-packages:${PYTHONPATH} /usr/bin/python3 -W ignore:setup.py install is deprecated setup.py egg_info --egg-base ../build/qi_unipa build --build-base /home/daniele/git_ws/src/build/qi_unipa/build install --record /home/daniele/git_ws/src/build/qi_unipa/install.log --single-version-externally-managed install_data
