[4.580s] Invoking command in '/home/daniele/git_ws/src/naoqi_interface': PYTHONPATH=/home/daniele/git_ws/src/build/naoqi_interface/prefix_override:/usr/lib/python3/dist-packages/colcon_core/task/python/colcon_distutils_commands:/home/daniele/git_ws/src/install/naoqi_interface/lib/python3.10/site-packages:${PYTHONPATH} /usr/bin/python3 -W ignore:setup.py install is deprecated setup.py egg_info --egg-base ../build/naoqi_interface build --build-base /home/daniele/git_ws/src/build/naoqi_interface/build install --record /home/daniele/git_ws/src/build/naoqi_interface/install.log --single-version-externally-managed install_data
[5.365s] running egg_info
[5.366s] creating ../build/naoqi_interface/naoqi_interface.egg-info
[5.368s] writing ../build/naoqi_interface/naoqi_interface.egg-info/PKG-INFO
[5.369s] writing dependency_links to ../build/naoqi_interface/naoqi_interface.egg-info/dependency_links.txt
[5.372s] writing entry points to ../build/naoqi_interface/naoqi_interface.egg-info/entry_points.txt
[5.374s] writing requirements to ../build/naoqi_interface/naoqi_interface.egg-info/requires.txt
[5.376s] writing top-level names to ../build/naoqi_interface/naoqi_interface.egg-info/top_level.txt
[5.378s] writing manifest file '../build/naoqi_interface/naoqi_interface.egg-info/SOURCES.txt'
[5.386s] reading manifest file '../build/naoqi_interface/naoqi_interface.egg-info/SOURCES.txt'
[5.387s] writing manifest file '../build/naoqi_interface/naoqi_interface.egg-info/SOURCES.txt'
[5.391s] running build
[5.391s] running build_py
[5.392s] creating /home/daniele/git_ws/src/build/naoqi_interface/build
[5.394s] creating /home/daniele/git_ws/src/build/naoqi_interface/build/lib
[5.395s] creating /home/daniele/git_ws/src/build/naoqi_interface/build/lib/naoqi_interface
[5.402s] copying naoqi_interface/interface_controller.py -> /home/daniele/git_ws/src/build/naoqi_interface/build/lib/naoqi_interface
[5.402s] copying naoqi_interface/__init__.py -> /home/daniele/git_ws/src/build/naoqi_interface/build/lib/naoqi_interface
[5.402s] running install
[5.404s] running install_lib
[5.406s] creating /home/daniele/git_ws/src/install/naoqi_interface/lib/python3.10/site-packages/naoqi_interface
[5.407s] copying /home/daniele/git_ws/src/build/naoqi_interface/build/lib/naoqi_interface/interface_controller.py -> /home/daniele/git_ws/src/install/naoqi_interface/lib/python3.10/site-packages/naoqi_interface
[5.408s] copying /home/daniele/git_ws/src/build/naoqi_interface/build/lib/naoqi_interface/__init__.py -> /home/daniele/git_ws/src/install/naoqi_interface/lib/python3.10/site-packages/naoqi_interface
[5.421s] byte-compiling /home/daniele/git_ws/src/install/naoqi_interface/lib/python3.10/site-packages/naoqi_interface/interface_controller.py to interface_controller.cpython-310.pyc
[5.427s] byte-compiling /home/daniele/git_ws/src/install/naoqi_interface/lib/python3.10/site-packages/naoqi_interface/__init__.py to __init__.cpython-310.pyc
[5.428s] running install_data
[5.428s] creating /home/daniele/git_ws/src/install/naoqi_interface/share/ament_index
[5.430s] creating /home/daniele/git_ws/src/install/naoqi_interface/share/ament_index/resource_index
[5.442s] creating /home/daniele/git_ws/src/install/naoqi_interface/share/ament_index/resource_index/packages
[5.446s] copying resource/naoqi_interface -> /home/daniele/git_ws/src/install/naoqi_interface/share/ament_index/resource_index/packages
[5.447s] copying package.xml -> /home/daniele/git_ws/src/install/naoqi_interface/share/naoqi_interface
[5.447s] running install_egg_info
[5.448s] Copying ../build/naoqi_interface/naoqi_interface.egg-info to /home/daniele/git_ws/src/install/naoqi_interface/lib/python3.10/site-packages/naoqi_interface-0.0.0-py3.10.egg-info
[5.461s] running install_scripts
[5.554s] Installing interface_controller script to /home/daniele/git_ws/src/install/naoqi_interface/lib/naoqi_interface
[5.557s] writing list of installed files to '/home/daniele/git_ws/src/build/naoqi_interface/install.log'
[5.827s] Invoked command in '/home/daniele/git_ws/src/naoqi_interface' returned '0': PYTHONPATH=/home/daniele/git_ws/src/build/naoqi_interface/prefix_override:/usr/lib/python3/dist-packages/colcon_core/task/python/colcon_distutils_commands:/home/daniele/git_ws/src/install/naoqi_interface/lib/python3.10/site-packages:${PYTHONPATH} /usr/bin/python3 -W ignore:setup.py install is deprecated setup.py egg_info --egg-base ../build/naoqi_interface build --build-base /home/daniele/git_ws/src/build/naoqi_interface/build install --record /home/daniele/git_ws/src/build/naoqi_interface/install.log --single-version-externally-managed install_data
