/home/daniele/git_ws/src/install/qi_unipa/lib/python3.10/site-packages/qi_unipa/qi_unipa_sensor.py
/home/daniele/git_ws/src/install/qi_unipa/lib/python3.10/site-packages/qi_unipa/qi_unipa_movement.py
/home/daniele/git_ws/src/install/qi_unipa/lib/python3.10/site-packages/qi_unipa/qi_unipa_speech.py
/home/daniele/git_ws/src/install/qi_unipa/lib/python3.10/site-packages/qi_unipa/qi_module.py
/home/daniele/git_ws/src/install/qi_unipa/lib/python3.10/site-packages/qi_unipa/qi_unipa_vision.py
/home/daniele/git_ws/src/install/qi_unipa/lib/python3.10/site-packages/qi_unipa/qi_unipa_tracking.py
/home/daniele/git_ws/src/install/qi_unipa/lib/python3.10/site-packages/qi_unipa/__init__.py
/home/daniele/git_ws/src/install/qi_unipa/lib/python3.10/site-packages/qi_unipa/__pycache__/qi_unipa_sensor.cpython-310.pyc
/home/daniele/git_ws/src/install/qi_unipa/lib/python3.10/site-packages/qi_unipa/__pycache__/qi_unipa_movement.cpython-310.pyc
/home/daniele/git_ws/src/install/qi_unipa/lib/python3.10/site-packages/qi_unipa/__pycache__/qi_unipa_speech.cpython-310.pyc
/home/daniele/git_ws/src/install/qi_unipa/lib/python3.10/site-packages/qi_unipa/__pycache__/qi_module.cpython-310.pyc
/home/daniele/git_ws/src/install/qi_unipa/lib/python3.10/site-packages/qi_unipa/__pycache__/qi_unipa_vision.cpython-310.pyc
/home/daniele/git_ws/src/install/qi_unipa/lib/python3.10/site-packages/qi_unipa/__pycache__/qi_unipa_tracking.cpython-310.pyc
/home/daniele/git_ws/src/install/qi_unipa/lib/python3.10/site-packages/qi_unipa/__pycache__/__init__.cpython-310.pyc
/home/daniele/git_ws/src/install/qi_unipa/share/ament_index/resource_index/packages/qi_unipa
/home/daniele/git_ws/src/install/qi_unipa/share/qi_unipa/package.xml
/home/daniele/git_ws/src/install/qi_unipa/share/qi_unipa/launch/qi_unipa.launch.py
/home/daniele/git_ws/src/install/qi_unipa/lib/python3.10/site-packages/qi_unipa-0.0.0-py3.10.egg-info/SOURCES.txt
/home/daniele/git_ws/src/install/qi_unipa/lib/python3.10/site-packages/qi_unipa-0.0.0-py3.10.egg-info/entry_points.txt
/home/daniele/git_ws/src/install/qi_unipa/lib/python3.10/site-packages/qi_unipa-0.0.0-py3.10.egg-info/zip-safe
/home/daniele/git_ws/src/install/qi_unipa/lib/python3.10/site-packages/qi_unipa-0.0.0-py3.10.egg-info/requires.txt
/home/daniele/git_ws/src/install/qi_unipa/lib/python3.10/site-packages/qi_unipa-0.0.0-py3.10.egg-info/PKG-INFO
/home/daniele/git_ws/src/install/qi_unipa/lib/python3.10/site-packages/qi_unipa-0.0.0-py3.10.egg-info/top_level.txt
/home/daniele/git_ws/src/install/qi_unipa/lib/python3.10/site-packages/qi_unipa-0.0.0-py3.10.egg-info/dependency_links.txt
/home/daniele/git_ws/src/install/qi_unipa/lib/qi_unipa/qi_unipa_movement
/home/daniele/git_ws/src/install/qi_unipa/lib/qi_unipa/qi_unipa_sensor
/home/daniele/git_ws/src/install/qi_unipa/lib/qi_unipa/qi_unipa_speech
/home/daniele/git_ws/src/install/qi_unipa/lib/qi_unipa/qi_unipa_tracking
