[1.893s] Invoking command in '/home/ros/ros2_ws/src/my_robot_controller': PYTHONPATH=/home/ros/ros2_ws/src/build/my_robot_controller/prefix_override:/usr/lib/python3/dist-packages/colcon_core/task/python/colcon_distutils_commands:/home/ros/ros2_ws/src/install/my_robot_controller/lib/python3.10/site-packages:${PYTHONPATH} /usr/bin/python3 -W ignore:setup.py install is deprecated setup.py egg_info --egg-base ../build/my_robot_controller build --build-base /home/ros/ros2_ws/src/build/my_robot_controller/build install --record /home/ros/ros2_ws/src/build/my_robot_controller/install.log --single-version-externally-managed install_data
[2.348s] running egg_info
[2.349s] writing ../build/my_robot_controller/my_robot_controller.egg-info/PKG-INFO
[2.349s] writing dependency_links to ../build/my_robot_controller/my_robot_controller.egg-info/dependency_links.txt
[2.350s] writing entry points to ../build/my_robot_controller/my_robot_controller.egg-info/entry_points.txt
[2.350s] writing requirements to ../build/my_robot_controller/my_robot_controller.egg-info/requires.txt
[2.350s] writing top-level names to ../build/my_robot_controller/my_robot_controller.egg-info/top_level.txt
[2.354s] reading manifest file '../build/my_robot_controller/my_robot_controller.egg-info/SOURCES.txt'
[2.356s] writing manifest file '../build/my_robot_controller/my_robot_controller.egg-info/SOURCES.txt'
[2.356s] running build
[2.356s] running build_py
[2.357s] running install
[2.358s] running install_lib
[2.360s] running install_data
[2.360s] running install_egg_info
[2.363s] removing '/home/ros/ros2_ws/src/install/my_robot_controller/lib/python3.10/site-packages/my_robot_controller-0.0.0-py3.10.egg-info' (and everything under it)
[2.363s] Copying ../build/my_robot_controller/my_robot_controller.egg-info to /home/ros/ros2_ws/src/install/my_robot_controller/lib/python3.10/site-packages/my_robot_controller-0.0.0-py3.10.egg-info
[2.364s] running install_scripts
[2.393s] Installing nao_controller script to /home/ros/ros2_ws/src/install/my_robot_controller/lib/my_robot_controller
[2.393s] Installing new script to /home/ros/ros2_ws/src/install/my_robot_controller/lib/my_robot_controller
[2.393s] Installing patient_data_controller script to /home/ros/ros2_ws/src/install/my_robot_controller/lib/my_robot_controller
[2.393s] Installing patient_data_controller2 script to /home/ros/ros2_ws/src/install/my_robot_controller/lib/my_robot_controller
[2.393s] Installing sensor script to /home/ros/ros2_ws/src/install/my_robot_controller/lib/my_robot_controller
[2.394s] Installing speech script to /home/ros/ros2_ws/src/install/my_robot_controller/lib/my_robot_controller
[2.394s] writing list of installed files to '/home/ros/ros2_ws/src/build/my_robot_controller/install.log'
[2.446s] Invoked command in '/home/ros/ros2_ws/src/my_robot_controller' returned '0': PYTHONPATH=/home/ros/ros2_ws/src/build/my_robot_controller/prefix_override:/usr/lib/python3/dist-packages/colcon_core/task/python/colcon_distutils_commands:/home/ros/ros2_ws/src/install/my_robot_controller/lib/python3.10/site-packages:${PYTHONPATH} /usr/bin/python3 -W ignore:setup.py install is deprecated setup.py egg_info --egg-base ../build/my_robot_controller build --build-base /home/ros/ros2_ws/src/build/my_robot_controller/build install --record /home/ros/ros2_ws/src/build/my_robot_controller/install.log --single-version-externally-managed install_data
