[0.095s] DEBUG:colcon:Command line arguments: ['/usr/bin/colcon', 'build']
[0.095s] DEBUG:colcon:Parsed command line arguments: Namespace(log_base=None, log_level=None, verb_name='build', build_base='build', install_base='install', merge_install=False, symlink_install=False, test_result_base=None, continue_on_error=False, executor='parallel', parallel_workers=12, event_handlers=None, ignore_user_meta=False, metas=['./colcon.meta'], base_paths=['.'], packages_ignore=None, packages_ignore_regex=None, paths=None, packages_up_to=None, packages_up_to_regex=None, packages_above=None, packages_above_and_dependencies=None, packages_above_depth=None, packages_select_by_dep=None, packages_skip_by_dep=None, packages_skip_up_to=None, packages_select_build_failed=False, packages_skip_build_finished=False, packages_select_test_failures=False, packages_skip_test_passed=False, packages_select=None, packages_skip=None, packages_select_regex=None, packages_skip_regex=None, packages_start=None, packages_end=None, allow_overriding=[], cmake_args=None, cmake_target=None, cmake_target_skip_unavailable=False, cmake_clean_cache=False, cmake_clean_first=False, cmake_force_configure=False, ament_cmake_args=None, catkin_cmake_args=None, catkin_skip_building_tests=False, verb_parser=<colcon_defaults.argument_parser.defaults.DefaultArgumentsDecorator object at 0x7ff6c6d00670>, verb_extension=<colcon_core.verb.build.BuildVerb object at 0x7ff6c6ccbf70>, main=<bound method BuildVerb.main of <colcon_core.verb.build.BuildVerb object at 0x7ff6c6ccbf70>>)
[0.256s] Level 1:colcon.colcon_core.package_discovery:discover_packages(colcon_meta) check parameters
[0.256s] Level 1:colcon.colcon_core.package_discovery:discover_packages(recursive) check parameters
[0.257s] Level 1:colcon.colcon_core.package_discovery:discover_packages(ignore) check parameters
[0.257s] Level 1:colcon.colcon_core.package_discovery:discover_packages(path) check parameters
[0.257s] Level 1:colcon.colcon_core.package_discovery:discover_packages(colcon_meta) discover
[0.257s] Level 1:colcon.colcon_core.package_discovery:discover_packages(recursive) discover
[0.257s] INFO:colcon.colcon_core.package_discovery:Crawling recursively for packages in '/home/ros/ros2_ws/src'
[0.257s] Level 1:colcon.colcon_core.package_identification:_identify(.) by extensions ['ignore', 'ignore_ament_install']
[0.257s] Level 1:colcon.colcon_core.package_identification:_identify(.) by extension 'ignore'
[0.257s] Level 1:colcon.colcon_core.package_identification:_identify(.) by extension 'ignore_ament_install'
[0.257s] Level 1:colcon.colcon_core.package_identification:_identify(.) by extensions ['colcon_pkg']
[0.257s] Level 1:colcon.colcon_core.package_identification:_identify(.) by extension 'colcon_pkg'
[0.257s] Level 1:colcon.colcon_core.package_identification:_identify(.) by extensions ['colcon_meta']
[0.257s] Level 1:colcon.colcon_core.package_identification:_identify(.) by extension 'colcon_meta'
[0.257s] Level 1:colcon.colcon_core.package_identification:_identify(.) by extensions ['ros']
[0.257s] Level 1:colcon.colcon_core.package_identification:_identify(.) by extension 'ros'
[0.267s] Level 1:colcon.colcon_core.package_identification:_identify(.) by extensions ['cmake', 'python']
[0.268s] Level 1:colcon.colcon_core.package_identification:_identify(.) by extension 'cmake'
[0.268s] Level 1:colcon.colcon_core.package_identification:_identify(.) by extension 'python'
[0.268s] Level 1:colcon.colcon_core.package_identification:_identify(.) by extensions ['python_setup_py']
[0.268s] Level 1:colcon.colcon_core.package_identification:_identify(.) by extension 'python_setup_py'
[0.268s] Level 1:colcon.colcon_core.package_identification:_identify(__pycache__) by extensions ['ignore', 'ignore_ament_install']
[0.268s] Level 1:colcon.colcon_core.package_identification:_identify(__pycache__) by extension 'ignore'
[0.268s] Level 1:colcon.colcon_core.package_identification:_identify(__pycache__) by extension 'ignore_ament_install'
[0.268s] Level 1:colcon.colcon_core.package_identification:_identify(__pycache__) by extensions ['colcon_pkg']
[0.268s] Level 1:colcon.colcon_core.package_identification:_identify(__pycache__) by extension 'colcon_pkg'
[0.268s] Level 1:colcon.colcon_core.package_identification:_identify(__pycache__) by extensions ['colcon_meta']
[0.268s] Level 1:colcon.colcon_core.package_identification:_identify(__pycache__) by extension 'colcon_meta'
[0.268s] Level 1:colcon.colcon_core.package_identification:_identify(__pycache__) by extensions ['ros']
[0.268s] Level 1:colcon.colcon_core.package_identification:_identify(__pycache__) by extension 'ros'
[0.269s] Level 1:colcon.colcon_core.package_identification:_identify(__pycache__) by extensions ['cmake', 'python']
[0.269s] Level 1:colcon.colcon_core.package_identification:_identify(__pycache__) by extension 'cmake'
[0.269s] Level 1:colcon.colcon_core.package_identification:_identify(__pycache__) by extension 'python'
[0.269s] Level 1:colcon.colcon_core.package_identification:_identify(__pycache__) by extensions ['python_setup_py']
[0.269s] Level 1:colcon.colcon_core.package_identification:_identify(__pycache__) by extension 'python_setup_py'
[0.269s] Level 1:colcon.colcon_core.package_identification:_identify(build) by extensions ['ignore', 'ignore_ament_install']
[0.269s] Level 1:colcon.colcon_core.package_identification:_identify(build) by extension 'ignore'
[0.269s] Level 1:colcon.colcon_core.package_identification:_identify(build) ignored
[0.269s] Level 1:colcon.colcon_core.package_identification:_identify(install) by extensions ['ignore', 'ignore_ament_install']
[0.269s] Level 1:colcon.colcon_core.package_identification:_identify(install) by extension 'ignore'
[0.269s] Level 1:colcon.colcon_core.package_identification:_identify(install) ignored
[0.270s] Level 1:colcon.colcon_core.package_identification:_identify(log) by extensions ['ignore', 'ignore_ament_install']
[0.270s] Level 1:colcon.colcon_core.package_identification:_identify(log) by extension 'ignore'
[0.270s] Level 1:colcon.colcon_core.package_identification:_identify(log) ignored
[0.270s] Level 1:colcon.colcon_core.package_identification:_identify(movement) by extensions ['ignore', 'ignore_ament_install']
[0.270s] Level 1:colcon.colcon_core.package_identification:_identify(movement) by extension 'ignore'
[0.270s] Level 1:colcon.colcon_core.package_identification:_identify(movement) by extension 'ignore_ament_install'
[0.270s] Level 1:colcon.colcon_core.package_identification:_identify(movement) by extensions ['colcon_pkg']
[0.270s] Level 1:colcon.colcon_core.package_identification:_identify(movement) by extension 'colcon_pkg'
[0.270s] Level 1:colcon.colcon_core.package_identification:_identify(movement) by extensions ['colcon_meta']
[0.270s] Level 1:colcon.colcon_core.package_identification:_identify(movement) by extension 'colcon_meta'
[0.270s] Level 1:colcon.colcon_core.package_identification:_identify(movement) by extensions ['ros']
[0.270s] Level 1:colcon.colcon_core.package_identification:_identify(movement) by extension 'ros'
[0.273s] DEBUG:colcon.colcon_core.package_identification:Package 'movement' with type 'ros.ament_python' and name 'movement'
[0.273s] Level 1:colcon.colcon_core.package_identification:_identify(my_robot_controller) by extensions ['ignore', 'ignore_ament_install']
[0.273s] Level 1:colcon.colcon_core.package_identification:_identify(my_robot_controller) by extension 'ignore'
[0.273s] Level 1:colcon.colcon_core.package_identification:_identify(my_robot_controller) by extension 'ignore_ament_install'
[0.273s] Level 1:colcon.colcon_core.package_identification:_identify(my_robot_controller) by extensions ['colcon_pkg']
[0.273s] Level 1:colcon.colcon_core.package_identification:_identify(my_robot_controller) by extension 'colcon_pkg'
[0.273s] Level 1:colcon.colcon_core.package_identification:_identify(my_robot_controller) by extensions ['colcon_meta']
[0.273s] Level 1:colcon.colcon_core.package_identification:_identify(my_robot_controller) by extension 'colcon_meta'
[0.274s] Level 1:colcon.colcon_core.package_identification:_identify(my_robot_controller) by extensions ['ros']
[0.274s] Level 1:colcon.colcon_core.package_identification:_identify(my_robot_controller) by extension 'ros'
[0.274s] DEBUG:colcon.colcon_core.package_identification:Package 'my_robot_controller' with type 'ros.ament_python' and name 'my_robot_controller'
[0.274s] Level 1:colcon.colcon_core.package_identification:_identify(naoqi_bridge_msgs) by extensions ['ignore', 'ignore_ament_install']
[0.274s] Level 1:colcon.colcon_core.package_identification:_identify(naoqi_bridge_msgs) by extension 'ignore'
[0.274s] Level 1:colcon.colcon_core.package_identification:_identify(naoqi_bridge_msgs) by extension 'ignore_ament_install'
[0.275s] Level 1:colcon.colcon_core.package_identification:_identify(naoqi_bridge_msgs) by extensions ['colcon_pkg']
[0.275s] Level 1:colcon.colcon_core.package_identification:_identify(naoqi_bridge_msgs) by extension 'colcon_pkg'
[0.275s] Level 1:colcon.colcon_core.package_identification:_identify(naoqi_bridge_msgs) by extensions ['colcon_meta']
[0.275s] Level 1:colcon.colcon_core.package_identification:_identify(naoqi_bridge_msgs) by extension 'colcon_meta'
[0.275s] Level 1:colcon.colcon_core.package_identification:_identify(naoqi_bridge_msgs) by extensions ['ros']
[0.275s] Level 1:colcon.colcon_core.package_identification:_identify(naoqi_bridge_msgs) by extension 'ros'
[0.276s] DEBUG:colcon.colcon_core.package_identification:Package 'naoqi_bridge_msgs' with type 'ros.ament_cmake' and name 'naoqi_bridge_msgs'
[0.276s] Level 1:colcon.colcon_core.package_identification:_identify(naoqi_driver2) by extensions ['ignore', 'ignore_ament_install']
[0.276s] Level 1:colcon.colcon_core.package_identification:_identify(naoqi_driver2) by extension 'ignore'
[0.276s] Level 1:colcon.colcon_core.package_identification:_identify(naoqi_driver2) by extension 'ignore_ament_install'
[0.276s] Level 1:colcon.colcon_core.package_identification:_identify(naoqi_driver2) by extensions ['colcon_pkg']
[0.276s] Level 1:colcon.colcon_core.package_identification:_identify(naoqi_driver2) by extension 'colcon_pkg'
[0.276s] Level 1:colcon.colcon_core.package_identification:_identify(naoqi_driver2) by extensions ['colcon_meta']
[0.276s] Level 1:colcon.colcon_core.package_identification:_identify(naoqi_driver2) by extension 'colcon_meta'
[0.276s] Level 1:colcon.colcon_core.package_identification:_identify(naoqi_driver2) by extensions ['ros']
[0.276s] Level 1:colcon.colcon_core.package_identification:_identify(naoqi_driver2) by extension 'ros'
[0.278s] DEBUG:colcon.colcon_core.package_identification:Package 'naoqi_driver2' with type 'ros.ament_cmake' and name 'naoqi_driver'
[0.278s] Level 1:colcon.colcon_core.package_identification:_identify(naoqi_interface) by extensions ['ignore', 'ignore_ament_install']
[0.278s] Level 1:colcon.colcon_core.package_identification:_identify(naoqi_interface) by extension 'ignore'
[0.278s] Level 1:colcon.colcon_core.package_identification:_identify(naoqi_interface) by extension 'ignore_ament_install'
[0.278s] Level 1:colcon.colcon_core.package_identification:_identify(naoqi_interface) by extensions ['colcon_pkg']
[0.278s] Level 1:colcon.colcon_core.package_identification:_identify(naoqi_interface) by extension 'colcon_pkg'
[0.278s] Level 1:colcon.colcon_core.package_identification:_identify(naoqi_interface) by extensions ['colcon_meta']
[0.279s] Level 1:colcon.colcon_core.package_identification:_identify(naoqi_interface) by extension 'colcon_meta'
[0.279s] Level 1:colcon.colcon_core.package_identification:_identify(naoqi_interface) by extensions ['ros']
[0.279s] Level 1:colcon.colcon_core.package_identification:_identify(naoqi_interface) by extension 'ros'
[0.279s] DEBUG:colcon.colcon_core.package_identification:Package 'naoqi_interface' with type 'ros.ament_python' and name 'naoqi_interface'
[0.279s] Level 1:colcon.colcon_core.package_identification:_identify(naoqi_libqi) by extensions ['ignore', 'ignore_ament_install']
[0.279s] Level 1:colcon.colcon_core.package_identification:_identify(naoqi_libqi) by extension 'ignore'
[0.279s] Level 1:colcon.colcon_core.package_identification:_identify(naoqi_libqi) by extension 'ignore_ament_install'
[0.280s] Level 1:colcon.colcon_core.package_identification:_identify(naoqi_libqi) by extensions ['colcon_pkg']
[0.280s] Level 1:colcon.colcon_core.package_identification:_identify(naoqi_libqi) by extension 'colcon_pkg'
[0.280s] Level 1:colcon.colcon_core.package_identification:_identify(naoqi_libqi) by extensions ['colcon_meta']
[0.280s] Level 1:colcon.colcon_core.package_identification:_identify(naoqi_libqi) by extension 'colcon_meta'
[0.280s] Level 1:colcon.colcon_core.package_identification:_identify(naoqi_libqi) by extensions ['ros']
[0.280s] Level 1:colcon.colcon_core.package_identification:_identify(naoqi_libqi) by extension 'ros'
[0.281s] DEBUG:colcon.colcon_core.package_identification:Package 'naoqi_libqi' with type 'ros.ament_cmake' and name 'naoqi_libqi'
[0.281s] Level 1:colcon.colcon_core.package_identification:_identify(naoqi_libqicore) by extensions ['ignore', 'ignore_ament_install']
[0.281s] Level 1:colcon.colcon_core.package_identification:_identify(naoqi_libqicore) by extension 'ignore'
[0.281s] Level 1:colcon.colcon_core.package_identification:_identify(naoqi_libqicore) by extension 'ignore_ament_install'
[0.281s] Level 1:colcon.colcon_core.package_identification:_identify(naoqi_libqicore) by extensions ['colcon_pkg']
[0.281s] Level 1:colcon.colcon_core.package_identification:_identify(naoqi_libqicore) by extension 'colcon_pkg'
[0.281s] Level 1:colcon.colcon_core.package_identification:_identify(naoqi_libqicore) by extensions ['colcon_meta']
[0.281s] Level 1:colcon.colcon_core.package_identification:_identify(naoqi_libqicore) by extension 'colcon_meta'
[0.281s] Level 1:colcon.colcon_core.package_identification:_identify(naoqi_libqicore) by extensions ['ros']
[0.281s] Level 1:colcon.colcon_core.package_identification:_identify(naoqi_libqicore) by extension 'ros'
[0.282s] DEBUG:colcon.colcon_core.package_identification:Package 'naoqi_libqicore' with type 'ros.ament_cmake' and name 'naoqi_libqicore'
[0.282s] Level 1:colcon.colcon_core.package_identification:_identify(qi_unipa) by extensions ['ignore', 'ignore_ament_install']
[0.282s] Level 1:colcon.colcon_core.package_identification:_identify(qi_unipa) by extension 'ignore'
[0.282s] Level 1:colcon.colcon_core.package_identification:_identify(qi_unipa) by extension 'ignore_ament_install'
[0.282s] Level 1:colcon.colcon_core.package_identification:_identify(qi_unipa) by extensions ['colcon_pkg']
[0.282s] Level 1:colcon.colcon_core.package_identification:_identify(qi_unipa) by extension 'colcon_pkg'
[0.282s] Level 1:colcon.colcon_core.package_identification:_identify(qi_unipa) by extensions ['colcon_meta']
[0.282s] Level 1:colcon.colcon_core.package_identification:_identify(qi_unipa) by extension 'colcon_meta'
[0.282s] Level 1:colcon.colcon_core.package_identification:_identify(qi_unipa) by extensions ['ros']
[0.282s] Level 1:colcon.colcon_core.package_identification:_identify(qi_unipa) by extension 'ros'
[0.283s] DEBUG:colcon.colcon_core.package_identification:Package 'qi_unipa' with type 'ros.ament_python' and name 'qi_unipa'
[0.283s] Level 1:colcon.colcon_core.package_identification:_identify(speech) by extensions ['ignore', 'ignore_ament_install']
[0.283s] Level 1:colcon.colcon_core.package_identification:_identify(speech) by extension 'ignore'
[0.283s] Level 1:colcon.colcon_core.package_identification:_identify(speech) by extension 'ignore_ament_install'
[0.283s] Level 1:colcon.colcon_core.package_identification:_identify(speech) by extensions ['colcon_pkg']
[0.283s] Level 1:colcon.colcon_core.package_identification:_identify(speech) by extension 'colcon_pkg'
[0.283s] Level 1:colcon.colcon_core.package_identification:_identify(speech) by extensions ['colcon_meta']
[0.283s] Level 1:colcon.colcon_core.package_identification:_identify(speech) by extension 'colcon_meta'
[0.284s] Level 1:colcon.colcon_core.package_identification:_identify(speech) by extensions ['ros']
[0.284s] Level 1:colcon.colcon_core.package_identification:_identify(speech) by extension 'ros'
[0.284s] DEBUG:colcon.colcon_core.package_identification:Package 'speech' with type 'ros.ament_python' and name 'speech'
[0.284s] Level 1:colcon.colcon_core.package_identification:_identify(src) by extensions ['ignore', 'ignore_ament_install']
[0.284s] Level 1:colcon.colcon_core.package_identification:_identify(src) by extension 'ignore'
[0.284s] Level 1:colcon.colcon_core.package_identification:_identify(src) by extension 'ignore_ament_install'
[0.285s] Level 1:colcon.colcon_core.package_identification:_identify(src) by extensions ['colcon_pkg']
[0.285s] Level 1:colcon.colcon_core.package_identification:_identify(src) by extension 'colcon_pkg'
[0.285s] Level 1:colcon.colcon_core.package_identification:_identify(src) by extensions ['colcon_meta']
[0.285s] Level 1:colcon.colcon_core.package_identification:_identify(src) by extension 'colcon_meta'
[0.285s] Level 1:colcon.colcon_core.package_identification:_identify(src) by extensions ['ros']
[0.285s] Level 1:colcon.colcon_core.package_identification:_identify(src) by extension 'ros'
[0.285s] Level 1:colcon.colcon_core.package_identification:_identify(src) by extensions ['cmake', 'python']
[0.285s] Level 1:colcon.colcon_core.package_identification:_identify(src) by extension 'cmake'
[0.285s] Level 1:colcon.colcon_core.package_identification:_identify(src) by extension 'python'
[0.285s] Level 1:colcon.colcon_core.package_identification:_identify(src) by extensions ['python_setup_py']
[0.285s] Level 1:colcon.colcon_core.package_identification:_identify(src) by extension 'python_setup_py'
[0.285s] Level 1:colcon.colcon_core.package_discovery:discover_packages(recursive) using defaults
[0.285s] Level 1:colcon.colcon_core.package_discovery:discover_packages(ignore) discover
[0.285s] Level 1:colcon.colcon_core.package_discovery:discover_packages(ignore) using defaults
[0.285s] Level 1:colcon.colcon_core.package_discovery:discover_packages(path) discover
[0.285s] Level 1:colcon.colcon_core.package_discovery:discover_packages(path) using defaults
[0.311s] DEBUG:colcon.colcon_core.package_augmentation.check_dependency_constraint:naoqi_driver depends on naoqi_bridge_msgs which has version 2.1.0 which satisfies to be greater than or equal to 2.0.0
[0.312s] Level 1:colcon.colcon_core.package_discovery:discover_packages(prefix_path) check parameters
[0.312s] Level 1:colcon.colcon_core.package_discovery:discover_packages(prefix_path) discover
[0.314s] DEBUG:colcon.colcon_installed_package_information.package_discovery:Found 9 installed packages in /home/ros/ros2_ws/install
[0.315s] DEBUG:colcon.colcon_installed_package_information.package_discovery:Found 280 installed packages in /opt/ros/humble
[0.316s] Level 1:colcon.colcon_core.package_discovery:discover_packages(prefix_path) using defaults
[0.350s] Level 5:colcon.colcon_core.verb:set package 'movement' build argument 'cmake_args' from command line to 'None'
[0.350s] Level 5:colcon.colcon_core.verb:set package 'movement' build argument 'cmake_target' from command line to 'None'
[0.350s] Level 5:colcon.colcon_core.verb:set package 'movement' build argument 'cmake_target_skip_unavailable' from command line to 'False'
[0.350s] Level 5:colcon.colcon_core.verb:set package 'movement' build argument 'cmake_clean_cache' from command line to 'False'
[0.350s] Level 5:colcon.colcon_core.verb:set package 'movement' build argument 'cmake_clean_first' from command line to 'False'
[0.350s] Level 5:colcon.colcon_core.verb:set package 'movement' build argument 'cmake_force_configure' from command line to 'False'
[0.350s] Level 5:colcon.colcon_core.verb:set package 'movement' build argument 'ament_cmake_args' from command line to 'None'
[0.350s] Level 5:colcon.colcon_core.verb:set package 'movement' build argument 'catkin_cmake_args' from command line to 'None'
[0.350s] Level 5:colcon.colcon_core.verb:set package 'movement' build argument 'catkin_skip_building_tests' from command line to 'False'
[0.350s] DEBUG:colcon.colcon_core.verb:Building package 'movement' with the following arguments: {'ament_cmake_args': None, 'build_base': '/home/ros/ros2_ws/src/build/movement', 'catkin_cmake_args': None, 'catkin_skip_building_tests': False, 'cmake_args': None, 'cmake_clean_cache': False, 'cmake_clean_first': False, 'cmake_force_configure': False, 'cmake_target': None, 'cmake_target_skip_unavailable': False, 'install_base': '/home/ros/ros2_ws/src/install/movement', 'merge_install': False, 'path': '/home/ros/ros2_ws/src/movement', 'symlink_install': False, 'test_result_base': None}
[0.351s] Level 5:colcon.colcon_core.verb:set package 'my_robot_controller' build argument 'cmake_args' from command line to 'None'
[0.351s] Level 5:colcon.colcon_core.verb:set package 'my_robot_controller' build argument 'cmake_target' from command line to 'None'
[0.351s] Level 5:colcon.colcon_core.verb:set package 'my_robot_controller' build argument 'cmake_target_skip_unavailable' from command line to 'False'
[0.351s] Level 5:colcon.colcon_core.verb:set package 'my_robot_controller' build argument 'cmake_clean_cache' from command line to 'False'
[0.351s] Level 5:colcon.colcon_core.verb:set package 'my_robot_controller' build argument 'cmake_clean_first' from command line to 'False'
[0.351s] Level 5:colcon.colcon_core.verb:set package 'my_robot_controller' build argument 'cmake_force_configure' from command line to 'False'
[0.351s] Level 5:colcon.colcon_core.verb:set package 'my_robot_controller' build argument 'ament_cmake_args' from command line to 'None'
[0.351s] Level 5:colcon.colcon_core.verb:set package 'my_robot_controller' build argument 'catkin_cmake_args' from command line to 'None'
[0.351s] Level 5:colcon.colcon_core.verb:set package 'my_robot_controller' build argument 'catkin_skip_building_tests' from command line to 'False'
[0.351s] DEBUG:colcon.colcon_core.verb:Building package 'my_robot_controller' with the following arguments: {'ament_cmake_args': None, 'build_base': '/home/ros/ros2_ws/src/build/my_robot_controller', 'catkin_cmake_args': None, 'catkin_skip_building_tests': False, 'cmake_args': None, 'cmake_clean_cache': False, 'cmake_clean_first': False, 'cmake_force_configure': False, 'cmake_target': None, 'cmake_target_skip_unavailable': False, 'install_base': '/home/ros/ros2_ws/src/install/my_robot_controller', 'merge_install': False, 'path': '/home/ros/ros2_ws/src/my_robot_controller', 'symlink_install': False, 'test_result_base': None}
[0.351s] Level 5:colcon.colcon_core.verb:set package 'naoqi_bridge_msgs' build argument 'cmake_args' from command line to 'None'
[0.351s] Level 5:colcon.colcon_core.verb:set package 'naoqi_bridge_msgs' build argument 'cmake_target' from command line to 'None'
[0.352s] Level 5:colcon.colcon_core.verb:set package 'naoqi_bridge_msgs' build argument 'cmake_target_skip_unavailable' from command line to 'False'
[0.352s] Level 5:colcon.colcon_core.verb:set package 'naoqi_bridge_msgs' build argument 'cmake_clean_cache' from command line to 'False'
[0.352s] Level 5:colcon.colcon_core.verb:set package 'naoqi_bridge_msgs' build argument 'cmake_clean_first' from command line to 'False'
[0.352s] Level 5:colcon.colcon_core.verb:set package 'naoqi_bridge_msgs' build argument 'cmake_force_configure' from command line to 'False'
[0.352s] Level 5:colcon.colcon_core.verb:set package 'naoqi_bridge_msgs' build argument 'ament_cmake_args' from command line to 'None'
[0.352s] Level 5:colcon.colcon_core.verb:set package 'naoqi_bridge_msgs' build argument 'catkin_cmake_args' from command line to 'None'
[0.352s] Level 5:colcon.colcon_core.verb:set package 'naoqi_bridge_msgs' build argument 'catkin_skip_building_tests' from command line to 'False'
[0.352s] DEBUG:colcon.colcon_core.verb:Building package 'naoqi_bridge_msgs' with the following arguments: {'ament_cmake_args': None, 'build_base': '/home/ros/ros2_ws/src/build/naoqi_bridge_msgs', 'catkin_cmake_args': None, 'catkin_skip_building_tests': False, 'cmake_args': None, 'cmake_clean_cache': False, 'cmake_clean_first': False, 'cmake_force_configure': False, 'cmake_target': None, 'cmake_target_skip_unavailable': False, 'install_base': '/home/ros/ros2_ws/src/install/naoqi_bridge_msgs', 'merge_install': False, 'path': '/home/ros/ros2_ws/src/naoqi_bridge_msgs', 'symlink_install': False, 'test_result_base': None}
[0.352s] Level 5:colcon.colcon_core.verb:set package 'naoqi_interface' build argument 'cmake_args' from command line to 'None'
[0.352s] Level 5:colcon.colcon_core.verb:set package 'naoqi_interface' build argument 'cmake_target' from command line to 'None'
[0.352s] Level 5:colcon.colcon_core.verb:set package 'naoqi_interface' build argument 'cmake_target_skip_unavailable' from command line to 'False'
[0.352s] Level 5:colcon.colcon_core.verb:set package 'naoqi_interface' build argument 'cmake_clean_cache' from command line to 'False'
[0.352s] Level 5:colcon.colcon_core.verb:set package 'naoqi_interface' build argument 'cmake_clean_first' from command line to 'False'
[0.352s] Level 5:colcon.colcon_core.verb:set package 'naoqi_interface' build argument 'cmake_force_configure' from command line to 'False'
[0.352s] Level 5:colcon.colcon_core.verb:set package 'naoqi_interface' build argument 'ament_cmake_args' from command line to 'None'
[0.352s] Level 5:colcon.colcon_core.verb:set package 'naoqi_interface' build argument 'catkin_cmake_args' from command line to 'None'
[0.352s] Level 5:colcon.colcon_core.verb:set package 'naoqi_interface' build argument 'catkin_skip_building_tests' from command line to 'False'
[0.352s] DEBUG:colcon.colcon_core.verb:Building package 'naoqi_interface' with the following arguments: {'ament_cmake_args': None, 'build_base': '/home/ros/ros2_ws/src/build/naoqi_interface', 'catkin_cmake_args': None, 'catkin_skip_building_tests': False, 'cmake_args': None, 'cmake_clean_cache': False, 'cmake_clean_first': False, 'cmake_force_configure': False, 'cmake_target': None, 'cmake_target_skip_unavailable': False, 'install_base': '/home/ros/ros2_ws/src/install/naoqi_interface', 'merge_install': False, 'path': '/home/ros/ros2_ws/src/naoqi_interface', 'symlink_install': False, 'test_result_base': None}
[0.353s] Level 5:colcon.colcon_core.verb:set package 'naoqi_libqi' build argument 'cmake_args' from command line to 'None'
[0.353s] Level 5:colcon.colcon_core.verb:set package 'naoqi_libqi' build argument 'cmake_target' from command line to 'None'
[0.353s] Level 5:colcon.colcon_core.verb:set package 'naoqi_libqi' build argument 'cmake_target_skip_unavailable' from command line to 'False'
[0.353s] Level 5:colcon.colcon_core.verb:set package 'naoqi_libqi' build argument 'cmake_clean_cache' from command line to 'False'
[0.353s] Level 5:colcon.colcon_core.verb:set package 'naoqi_libqi' build argument 'cmake_clean_first' from command line to 'False'
[0.353s] Level 5:colcon.colcon_core.verb:set package 'naoqi_libqi' build argument 'cmake_force_configure' from command line to 'False'
[0.353s] Level 5:colcon.colcon_core.verb:set package 'naoqi_libqi' build argument 'ament_cmake_args' from command line to 'None'
[0.353s] Level 5:colcon.colcon_core.verb:set package 'naoqi_libqi' build argument 'catkin_cmake_args' from command line to 'None'
[0.353s] Level 5:colcon.colcon_core.verb:set package 'naoqi_libqi' build argument 'catkin_skip_building_tests' from command line to 'False'
[0.353s] DEBUG:colcon.colcon_core.verb:Building package 'naoqi_libqi' with the following arguments: {'ament_cmake_args': None, 'build_base': '/home/ros/ros2_ws/src/build/naoqi_libqi', 'catkin_cmake_args': None, 'catkin_skip_building_tests': False, 'cmake_args': None, 'cmake_clean_cache': False, 'cmake_clean_first': False, 'cmake_force_configure': False, 'cmake_target': None, 'cmake_target_skip_unavailable': False, 'install_base': '/home/ros/ros2_ws/src/install/naoqi_libqi', 'merge_install': False, 'path': '/home/ros/ros2_ws/src/naoqi_libqi', 'symlink_install': False, 'test_result_base': None}
[0.354s] Level 5:colcon.colcon_core.verb:set package 'qi_unipa' build argument 'cmake_args' from command line to 'None'
[0.354s] Level 5:colcon.colcon_core.verb:set package 'qi_unipa' build argument 'cmake_target' from command line to 'None'
[0.354s] Level 5:colcon.colcon_core.verb:set package 'qi_unipa' build argument 'cmake_target_skip_unavailable' from command line to 'False'
[0.354s] Level 5:colcon.colcon_core.verb:set package 'qi_unipa' build argument 'cmake_clean_cache' from command line to 'False'
[0.354s] Level 5:colcon.colcon_core.verb:set package 'qi_unipa' build argument 'cmake_clean_first' from command line to 'False'
[0.354s] Level 5:colcon.colcon_core.verb:set package 'qi_unipa' build argument 'cmake_force_configure' from command line to 'False'
[0.354s] Level 5:colcon.colcon_core.verb:set package 'qi_unipa' build argument 'ament_cmake_args' from command line to 'None'
[0.354s] Level 5:colcon.colcon_core.verb:set package 'qi_unipa' build argument 'catkin_cmake_args' from command line to 'None'
[0.354s] Level 5:colcon.colcon_core.verb:set package 'qi_unipa' build argument 'catkin_skip_building_tests' from command line to 'False'
[0.354s] DEBUG:colcon.colcon_core.verb:Building package 'qi_unipa' with the following arguments: {'ament_cmake_args': None, 'build_base': '/home/ros/ros2_ws/src/build/qi_unipa', 'catkin_cmake_args': None, 'catkin_skip_building_tests': False, 'cmake_args': None, 'cmake_clean_cache': False, 'cmake_clean_first': False, 'cmake_force_configure': False, 'cmake_target': None, 'cmake_target_skip_unavailable': False, 'install_base': '/home/ros/ros2_ws/src/install/qi_unipa', 'merge_install': False, 'path': '/home/ros/ros2_ws/src/qi_unipa', 'symlink_install': False, 'test_result_base': None}
[0.354s] Level 5:colcon.colcon_core.verb:set package 'speech' build argument 'cmake_args' from command line to 'None'
[0.354s] Level 5:colcon.colcon_core.verb:set package 'speech' build argument 'cmake_target' from command line to 'None'
[0.354s] Level 5:colcon.colcon_core.verb:set package 'speech' build argument 'cmake_target_skip_unavailable' from command line to 'False'
[0.354s] Level 5:colcon.colcon_core.verb:set package 'speech' build argument 'cmake_clean_cache' from command line to 'False'
[0.354s] Level 5:colcon.colcon_core.verb:set package 'speech' build argument 'cmake_clean_first' from command line to 'False'
[0.354s] Level 5:colcon.colcon_core.verb:set package 'speech' build argument 'cmake_force_configure' from command line to 'False'
[0.355s] Level 5:colcon.colcon_core.verb:set package 'speech' build argument 'ament_cmake_args' from command line to 'None'
[0.355s] Level 5:colcon.colcon_core.verb:set package 'speech' build argument 'catkin_cmake_args' from command line to 'None'
[0.355s] Level 5:colcon.colcon_core.verb:set package 'speech' build argument 'catkin_skip_building_tests' from command line to 'False'
[0.355s] DEBUG:colcon.colcon_core.verb:Building package 'speech' with the following arguments: {'ament_cmake_args': None, 'build_base': '/home/ros/ros2_ws/src/build/speech', 'catkin_cmake_args': None, 'catkin_skip_building_tests': False, 'cmake_args': None, 'cmake_clean_cache': False, 'cmake_clean_first': False, 'cmake_force_configure': False, 'cmake_target': None, 'cmake_target_skip_unavailable': False, 'install_base': '/home/ros/ros2_ws/src/install/speech', 'merge_install': False, 'path': '/home/ros/ros2_ws/src/speech', 'symlink_install': False, 'test_result_base': None}
[0.355s] Level 5:colcon.colcon_core.verb:set package 'naoqi_libqicore' build argument 'cmake_args' from command line to 'None'
[0.355s] Level 5:colcon.colcon_core.verb:set package 'naoqi_libqicore' build argument 'cmake_target' from command line to 'None'
[0.355s] Level 5:colcon.colcon_core.verb:set package 'naoqi_libqicore' build argument 'cmake_target_skip_unavailable' from command line to 'False'
[0.355s] Level 5:colcon.colcon_core.verb:set package 'naoqi_libqicore' build argument 'cmake_clean_cache' from command line to 'False'
[0.355s] Level 5:colcon.colcon_core.verb:set package 'naoqi_libqicore' build argument 'cmake_clean_first' from command line to 'False'
[0.355s] Level 5:colcon.colcon_core.verb:set package 'naoqi_libqicore' build argument 'cmake_force_configure' from command line to 'False'
[0.355s] Level 5:colcon.colcon_core.verb:set package 'naoqi_libqicore' build argument 'ament_cmake_args' from command line to 'None'
[0.355s] Level 5:colcon.colcon_core.verb:set package 'naoqi_libqicore' build argument 'catkin_cmake_args' from command line to 'None'
[0.356s] Level 5:colcon.colcon_core.verb:set package 'naoqi_libqicore' build argument 'catkin_skip_building_tests' from command line to 'False'
[0.356s] DEBUG:colcon.colcon_core.verb:Building package 'naoqi_libqicore' with the following arguments: {'ament_cmake_args': None, 'build_base': '/home/ros/ros2_ws/src/build/naoqi_libqicore', 'catkin_cmake_args': None, 'catkin_skip_building_tests': False, 'cmake_args': None, 'cmake_clean_cache': False, 'cmake_clean_first': False, 'cmake_force_configure': False, 'cmake_target': None, 'cmake_target_skip_unavailable': False, 'install_base': '/home/ros/ros2_ws/src/install/naoqi_libqicore', 'merge_install': False, 'path': '/home/ros/ros2_ws/src/naoqi_libqicore', 'symlink_install': False, 'test_result_base': None}
[0.356s] Level 5:colcon.colcon_core.verb:set package 'naoqi_driver' build argument 'cmake_args' from command line to 'None'
[0.356s] Level 5:colcon.colcon_core.verb:set package 'naoqi_driver' build argument 'cmake_target' from command line to 'None'
[0.356s] Level 5:colcon.colcon_core.verb:set package 'naoqi_driver' build argument 'cmake_target_skip_unavailable' from command line to 'False'
[0.356s] Level 5:colcon.colcon_core.verb:set package 'naoqi_driver' build argument 'cmake_clean_cache' from command line to 'False'
[0.356s] Level 5:colcon.colcon_core.verb:set package 'naoqi_driver' build argument 'cmake_clean_first' from command line to 'False'
[0.356s] Level 5:colcon.colcon_core.verb:set package 'naoqi_driver' build argument 'cmake_force_configure' from command line to 'False'
[0.356s] Level 5:colcon.colcon_core.verb:set package 'naoqi_driver' build argument 'ament_cmake_args' from command line to 'None'
[0.356s] Level 5:colcon.colcon_core.verb:set package 'naoqi_driver' build argument 'catkin_cmake_args' from command line to 'None'
[0.356s] Level 5:colcon.colcon_core.verb:set package 'naoqi_driver' build argument 'catkin_skip_building_tests' from command line to 'False'
[0.356s] DEBUG:colcon.colcon_core.verb:Building package 'naoqi_driver' with the following arguments: {'ament_cmake_args': None, 'build_base': '/home/ros/ros2_ws/src/build/naoqi_driver', 'catkin_cmake_args': None, 'catkin_skip_building_tests': False, 'cmake_args': None, 'cmake_clean_cache': False, 'cmake_clean_first': False, 'cmake_force_configure': False, 'cmake_target': None, 'cmake_target_skip_unavailable': False, 'install_base': '/home/ros/ros2_ws/src/install/naoqi_driver', 'merge_install': False, 'path': '/home/ros/ros2_ws/src/naoqi_driver2', 'symlink_install': False, 'test_result_base': None}
[0.357s] INFO:colcon.colcon_core.executor:Executing jobs using 'parallel' executor
[0.357s] DEBUG:colcon.colcon_parallel_executor.executor.parallel:run_until_complete
[0.358s] INFO:colcon.colcon_ros.task.ament_cmake.build:Building ROS package in '/home/ros/ros2_ws/src/naoqi_libqi' with build type 'ament_cmake'
[0.358s] INFO:colcon.colcon_cmake.task.cmake.build:Building CMake package in '/home/ros/ros2_ws/src/naoqi_libqi'
[0.360s] INFO:colcon.colcon_core.plugin_system:Skipping extension 'colcon_core.shell.bat': Not used on non-Windows systems
[0.360s] INFO:colcon.colcon_core.shell:Skip shell extension 'powershell' for command environment: Not usable outside of PowerShell
[0.360s] DEBUG:colcon.colcon_core.shell:Skip shell extension 'dsv' for command environment
[0.364s] INFO:colcon.colcon_ros.task.ament_cmake.build:Building ROS package in '/home/ros/ros2_ws/src/naoqi_bridge_msgs' with build type 'ament_cmake'
[0.364s] INFO:colcon.colcon_cmake.task.cmake.build:Building CMake package in '/home/ros/ros2_ws/src/naoqi_bridge_msgs'
[0.364s] INFO:colcon.colcon_core.shell:Skip shell extension 'powershell' for command environment: Not usable outside of PowerShell
[0.364s] DEBUG:colcon.colcon_core.shell:Skip shell extension 'dsv' for command environment
[0.368s] INFO:colcon.colcon_ros.task.ament_python.build:Building ROS package in '/home/ros/ros2_ws/src/movement' with build type 'ament_python'
[0.368s] Level 1:colcon.colcon_core.shell:create_environment_hook('movement', 'ament_prefix_path')
[0.368s] INFO:colcon.colcon_core.shell:Creating environment hook '/home/ros/ros2_ws/src/install/movement/share/movement/hook/ament_prefix_path.ps1'
[0.369s] INFO:colcon.colcon_core.shell:Creating environment descriptor '/home/ros/ros2_ws/src/install/movement/share/movement/hook/ament_prefix_path.dsv'
[0.370s] INFO:colcon.colcon_core.shell:Creating environment hook '/home/ros/ros2_ws/src/install/movement/share/movement/hook/ament_prefix_path.sh'
[0.371s] INFO:colcon.colcon_core.shell:Skip shell extension 'powershell' for command environment: Not usable outside of PowerShell
[0.371s] DEBUG:colcon.colcon_core.shell:Skip shell extension 'dsv' for command environment
[0.374s] INFO:colcon.colcon_ros.task.ament_python.build:Building ROS package in '/home/ros/ros2_ws/src/my_robot_controller' with build type 'ament_python'
[0.374s] Level 1:colcon.colcon_core.shell:create_environment_hook('my_robot_controller', 'ament_prefix_path')
[0.375s] INFO:colcon.colcon_core.shell:Creating environment hook '/home/ros/ros2_ws/src/install/my_robot_controller/share/my_robot_controller/hook/ament_prefix_path.ps1'
[0.375s] INFO:colcon.colcon_core.shell:Creating environment descriptor '/home/ros/ros2_ws/src/install/my_robot_controller/share/my_robot_controller/hook/ament_prefix_path.dsv'
[0.376s] INFO:colcon.colcon_core.shell:Creating environment hook '/home/ros/ros2_ws/src/install/my_robot_controller/share/my_robot_controller/hook/ament_prefix_path.sh'
[0.376s] INFO:colcon.colcon_core.shell:Skip shell extension 'powershell' for command environment: Not usable outside of PowerShell
[0.376s] DEBUG:colcon.colcon_core.shell:Skip shell extension 'dsv' for command environment
[0.380s] INFO:colcon.colcon_ros.task.ament_python.build:Building ROS package in '/home/ros/ros2_ws/src/naoqi_interface' with build type 'ament_python'
[0.380s] Level 1:colcon.colcon_core.shell:create_environment_hook('naoqi_interface', 'ament_prefix_path')
[0.380s] INFO:colcon.colcon_core.shell:Creating environment hook '/home/ros/ros2_ws/src/install/naoqi_interface/share/naoqi_interface/hook/ament_prefix_path.ps1'
[0.381s] INFO:colcon.colcon_core.shell:Creating environment descriptor '/home/ros/ros2_ws/src/install/naoqi_interface/share/naoqi_interface/hook/ament_prefix_path.dsv'
[0.381s] INFO:colcon.colcon_core.shell:Creating environment hook '/home/ros/ros2_ws/src/install/naoqi_interface/share/naoqi_interface/hook/ament_prefix_path.sh'
[0.382s] INFO:colcon.colcon_core.shell:Skip shell extension 'powershell' for command environment: Not usable outside of PowerShell
[0.382s] DEBUG:colcon.colcon_core.shell:Skip shell extension 'dsv' for command environment
[0.386s] INFO:colcon.colcon_ros.task.ament_python.build:Building ROS package in '/home/ros/ros2_ws/src/qi_unipa' with build type 'ament_python'
[0.386s] Level 1:colcon.colcon_core.shell:create_environment_hook('qi_unipa', 'ament_prefix_path')
[0.387s] INFO:colcon.colcon_core.shell:Creating environment hook '/home/ros/ros2_ws/src/install/qi_unipa/share/qi_unipa/hook/ament_prefix_path.ps1'
[0.388s] INFO:colcon.colcon_core.shell:Creating environment descriptor '/home/ros/ros2_ws/src/install/qi_unipa/share/qi_unipa/hook/ament_prefix_path.dsv'
[0.388s] INFO:colcon.colcon_core.shell:Creating environment hook '/home/ros/ros2_ws/src/install/qi_unipa/share/qi_unipa/hook/ament_prefix_path.sh'
[0.389s] INFO:colcon.colcon_core.shell:Skip shell extension 'powershell' for command environment: Not usable outside of PowerShell
[0.389s] DEBUG:colcon.colcon_core.shell:Skip shell extension 'dsv' for command environment
[0.393s] INFO:colcon.colcon_ros.task.ament_python.build:Building ROS package in '/home/ros/ros2_ws/src/speech' with build type 'ament_python'
[0.393s] Level 1:colcon.colcon_core.shell:create_environment_hook('speech', 'ament_prefix_path')
[0.393s] INFO:colcon.colcon_core.shell:Creating environment hook '/home/ros/ros2_ws/src/install/speech/share/speech/hook/ament_prefix_path.ps1'
[0.394s] INFO:colcon.colcon_core.shell:Creating environment descriptor '/home/ros/ros2_ws/src/install/speech/share/speech/hook/ament_prefix_path.dsv'
[0.395s] INFO:colcon.colcon_core.shell:Creating environment hook '/home/ros/ros2_ws/src/install/speech/share/speech/hook/ament_prefix_path.sh'
[0.396s] INFO:colcon.colcon_core.shell:Skip shell extension 'powershell' for command environment: Not usable outside of PowerShell
[0.396s] DEBUG:colcon.colcon_core.shell:Skip shell extension 'dsv' for command environment
[0.405s] DEBUG:colcon.colcon_core.event_handler.log_command:Invoking command in '/home/ros/ros2_ws/src/build/naoqi_libqi': CMAKE_PREFIX_PATH=${CMAKE_PREFIX_PATH}:/home/ros/ros2_ws/install/speech:/home/ros/ros2_ws/install/naoqi_interface:/home/ros/ros2_ws/install/my_robot_controller:/home/ros/ros2_ws/install/movement:/opt/ros/humble /usr/bin/cmake --build /home/ros/ros2_ws/src/build/naoqi_libqi -- -j12 -l12
[0.410s] DEBUG:colcon.colcon_core.event_handler.log_command:Invoking command in '/home/ros/ros2_ws/src/build/naoqi_bridge_msgs': CMAKE_PREFIX_PATH=${CMAKE_PREFIX_PATH}:/home/ros/ros2_ws/install/speech:/home/ros/ros2_ws/install/naoqi_interface:/home/ros/ros2_ws/install/my_robot_controller:/home/ros/ros2_ws/install/movement:/opt/ros/humble /usr/bin/cmake --build /home/ros/ros2_ws/src/build/naoqi_bridge_msgs -- -j12 -l12
[0.722s] INFO:colcon.colcon_core.task.python.build:Building Python package in '/home/ros/ros2_ws/src/movement'
[0.723s] INFO:colcon.colcon_core.shell:Skip shell extension 'powershell' for command environment: Not usable outside of PowerShell
[0.723s] DEBUG:colcon.colcon_core.shell:Skip shell extension 'dsv' for command environment
[0.997s] INFO:colcon.colcon_core.task.python.build:Building Python package in '/home/ros/ros2_ws/src/my_robot_controller'
[0.998s] INFO:colcon.colcon_core.shell:Skip shell extension 'powershell' for command environment: Not usable outside of PowerShell
[0.998s] DEBUG:colcon.colcon_core.shell:Skip shell extension 'dsv' for command environment
[1.242s] INFO:colcon.colcon_core.task.python.build:Building Python package in '/home/ros/ros2_ws/src/naoqi_interface'
[1.242s] INFO:colcon.colcon_core.shell:Skip shell extension 'powershell' for command environment: Not usable outside of PowerShell
[1.242s] DEBUG:colcon.colcon_core.shell:Skip shell extension 'dsv' for command environment
[1.481s] INFO:colcon.colcon_core.task.python.build:Building Python package in '/home/ros/ros2_ws/src/qi_unipa'
[1.481s] INFO:colcon.colcon_core.shell:Skip shell extension 'powershell' for command environment: Not usable outside of PowerShell
[1.481s] DEBUG:colcon.colcon_core.shell:Skip shell extension 'dsv' for command environment
[1.728s] INFO:colcon.colcon_core.task.python.build:Building Python package in '/home/ros/ros2_ws/src/speech'
[1.728s] INFO:colcon.colcon_core.shell:Skip shell extension 'powershell' for command environment: Not usable outside of PowerShell
[1.728s] DEBUG:colcon.colcon_core.shell:Skip shell extension 'dsv' for command environment
[1.733s] DEBUG:colcon.colcon_core.event_handler.log_command:Invoked command in '/home/ros/ros2_ws/src/build/naoqi_libqi' returned '0': CMAKE_PREFIX_PATH=${CMAKE_PREFIX_PATH}:/home/ros/ros2_ws/install/speech:/home/ros/ros2_ws/install/naoqi_interface:/home/ros/ros2_ws/install/my_robot_controller:/home/ros/ros2_ws/install/movement:/opt/ros/humble /usr/bin/cmake --build /home/ros/ros2_ws/src/build/naoqi_libqi -- -j12 -l12
[1.735s] DEBUG:colcon.colcon_core.event_handler.log_command:Invoked command in '/home/ros/ros2_ws/src/build/naoqi_bridge_msgs' returned '0': CMAKE_PREFIX_PATH=${CMAKE_PREFIX_PATH}:/home/ros/ros2_ws/install/speech:/home/ros/ros2_ws/install/naoqi_interface:/home/ros/ros2_ws/install/my_robot_controller:/home/ros/ros2_ws/install/movement:/opt/ros/humble /usr/bin/cmake --build /home/ros/ros2_ws/src/build/naoqi_bridge_msgs -- -j12 -l12
[1.988s] DEBUG:colcon.colcon_core.event_handler.log_command:Invoking command in '/home/ros/ros2_ws/src/build/naoqi_libqi': CMAKE_PREFIX_PATH=${CMAKE_PREFIX_PATH}:/home/ros/ros2_ws/install/speech:/home/ros/ros2_ws/install/naoqi_interface:/home/ros/ros2_ws/install/my_robot_controller:/home/ros/ros2_ws/install/movement:/opt/ros/humble /usr/bin/cmake --install /home/ros/ros2_ws/src/build/naoqi_libqi
[2.009s] Level 1:colcon.colcon_core.environment:create_environment_scripts_only(naoqi_libqi)
[2.022s] Level 1:colcon.colcon_core.environment:checking '/home/ros/ros2_ws/src/install/naoqi_libqi' for CMake module files
[2.025s] Level 1:colcon.colcon_core.environment:checking '/home/ros/ros2_ws/src/install/naoqi_libqi' for CMake config files
[2.029s] Level 1:colcon.colcon_core.shell:create_environment_hook('naoqi_libqi', 'cmake_prefix_path')
[2.029s] INFO:colcon.colcon_core.shell:Creating environment hook '/home/ros/ros2_ws/src/install/naoqi_libqi/share/naoqi_libqi/hook/cmake_prefix_path.ps1'
[2.031s] INFO:colcon.colcon_core.shell:Creating environment descriptor '/home/ros/ros2_ws/src/install/naoqi_libqi/share/naoqi_libqi/hook/cmake_prefix_path.dsv'
[2.032s] INFO:colcon.colcon_core.shell:Creating environment hook '/home/ros/ros2_ws/src/install/naoqi_libqi/share/naoqi_libqi/hook/cmake_prefix_path.sh'
[2.034s] Level 1:colcon.colcon_core.environment:checking '/home/ros/ros2_ws/src/install/naoqi_libqi/lib'
[2.035s] Level 1:colcon.colcon_core.shell:create_environment_hook('naoqi_libqi', 'ld_library_path_lib')
[2.035s] INFO:colcon.colcon_core.shell:Creating environment hook '/home/ros/ros2_ws/src/install/naoqi_libqi/share/naoqi_libqi/hook/ld_library_path_lib.ps1'
[2.036s] INFO:colcon.colcon_core.shell:Creating environment descriptor '/home/ros/ros2_ws/src/install/naoqi_libqi/share/naoqi_libqi/hook/ld_library_path_lib.dsv'
[2.038s] INFO:colcon.colcon_core.shell:Creating environment hook '/home/ros/ros2_ws/src/install/naoqi_libqi/share/naoqi_libqi/hook/ld_library_path_lib.sh'
[2.040s] Level 1:colcon.colcon_core.environment:checking '/home/ros/ros2_ws/src/install/naoqi_libqi/bin'
[2.040s] Level 1:colcon.colcon_core.environment:checking '/home/ros/ros2_ws/src/install/naoqi_libqi/lib/pkgconfig/naoqi_libqi.pc'
[2.040s] Level 1:colcon.colcon_core.environment:checking '/home/ros/ros2_ws/src/install/naoqi_libqi/lib/python3.10/site-packages'
[2.041s] Level 1:colcon.colcon_core.environment:checking '/home/ros/ros2_ws/src/install/naoqi_libqi/bin'
[2.041s] INFO:colcon.colcon_core.shell:Creating package script '/home/ros/ros2_ws/src/install/naoqi_libqi/share/naoqi_libqi/package.ps1'
[2.043s] INFO:colcon.colcon_core.shell:Creating package descriptor '/home/ros/ros2_ws/src/install/naoqi_libqi/share/naoqi_libqi/package.dsv'
[2.044s] DEBUG:colcon.colcon_core.event_handler.log_command:Invoked command in '/home/ros/ros2_ws/src/build/naoqi_libqi' returned '0': CMAKE_PREFIX_PATH=${CMAKE_PREFIX_PATH}:/home/ros/ros2_ws/install/speech:/home/ros/ros2_ws/install/naoqi_interface:/home/ros/ros2_ws/install/my_robot_controller:/home/ros/ros2_ws/install/movement:/opt/ros/humble /usr/bin/cmake --install /home/ros/ros2_ws/src/build/naoqi_libqi
[2.045s] INFO:colcon.colcon_core.shell:Creating package script '/home/ros/ros2_ws/src/install/naoqi_libqi/share/naoqi_libqi/package.sh'
[2.046s] INFO:colcon.colcon_core.shell:Creating package script '/home/ros/ros2_ws/src/install/naoqi_libqi/share/naoqi_libqi/package.bash'
[2.047s] INFO:colcon.colcon_core.shell:Creating package script '/home/ros/ros2_ws/src/install/naoqi_libqi/share/naoqi_libqi/package.zsh'
[2.048s] Level 1:colcon.colcon_core.environment:create_file_with_runtime_dependencies(/home/ros/ros2_ws/src/install/naoqi_libqi/share/colcon-core/packages/naoqi_libqi)
[2.180s] DEBUG:colcon.colcon_core.event_handler.log_command:Invoking command in '/home/ros/ros2_ws/src/movement': PYTHONPATH=/home/ros/ros2_ws/src/build/movement/prefix_override:/usr/lib/python3/dist-packages/colcon_core/task/python/colcon_distutils_commands:/home/ros/ros2_ws/src/install/movement/lib/python3.10/site-packages:${PYTHONPATH} /usr/bin/python3 -W ignore:setup.py install is deprecated setup.py egg_info --egg-base ../build/movement build --build-base /home/ros/ros2_ws/src/build/movement/build install --record /home/ros/ros2_ws/src/build/movement/install.log --single-version-externally-managed install_data
[2.225s] DEBUG:colcon.colcon_core.event_handler.log_command:Invoking command in '/home/ros/ros2_ws/src/naoqi_interface': PYTHONPATH=/home/ros/ros2_ws/src/build/naoqi_interface/prefix_override:/usr/lib/python3/dist-packages/colcon_core/task/python/colcon_distutils_commands:/home/ros/ros2_ws/src/install/naoqi_interface/lib/python3.10/site-packages:${PYTHONPATH} /usr/bin/python3 -W ignore:setup.py install is deprecated setup.py egg_info --egg-base ../build/naoqi_interface build --build-base /home/ros/ros2_ws/src/build/naoqi_interface/build install --record /home/ros/ros2_ws/src/build/naoqi_interface/install.log --single-version-externally-managed install_data
[2.232s] DEBUG:colcon.colcon_core.event_handler.log_command:Invoking command in '/home/ros/ros2_ws/src/qi_unipa': PYTHONPATH=/home/ros/ros2_ws/src/build/qi_unipa/prefix_override:/usr/lib/python3/dist-packages/colcon_core/task/python/colcon_distutils_commands:/home/ros/ros2_ws/src/install/qi_unipa/lib/python3.10/site-packages:${PYTHONPATH} /usr/bin/python3 -W ignore:setup.py install is deprecated setup.py egg_info --egg-base ../build/qi_unipa build --build-base /home/ros/ros2_ws/src/build/qi_unipa/build install --record /home/ros/ros2_ws/src/build/qi_unipa/install.log --single-version-externally-managed install_data
[2.324s] Level 1:colcon.colcon_core.environment:create_environment_scripts_only(naoqi_libqi)
[2.325s] Level 1:colcon.colcon_core.environment:checking '/home/ros/ros2_ws/src/install/naoqi_libqi' for CMake module files
[2.325s] Level 1:colcon.colcon_core.environment:checking '/home/ros/ros2_ws/src/install/naoqi_libqi' for CMake config files
[2.326s] Level 1:colcon.colcon_core.shell:create_environment_hook('naoqi_libqi', 'cmake_prefix_path')
[2.326s] INFO:colcon.colcon_core.shell:Creating environment hook '/home/ros/ros2_ws/src/install/naoqi_libqi/share/naoqi_libqi/hook/cmake_prefix_path.ps1'
[2.327s] INFO:colcon.colcon_core.shell:Creating environment descriptor '/home/ros/ros2_ws/src/install/naoqi_libqi/share/naoqi_libqi/hook/cmake_prefix_path.dsv'
[2.328s] INFO:colcon.colcon_core.shell:Creating environment hook '/home/ros/ros2_ws/src/install/naoqi_libqi/share/naoqi_libqi/hook/cmake_prefix_path.sh'
[2.329s] Level 1:colcon.colcon_core.environment:checking '/home/ros/ros2_ws/src/install/naoqi_libqi/lib'
[2.329s] Level 1:colcon.colcon_core.shell:create_environment_hook('naoqi_libqi', 'ld_library_path_lib')
[2.329s] INFO:colcon.colcon_core.shell:Creating environment hook '/home/ros/ros2_ws/src/install/naoqi_libqi/share/naoqi_libqi/hook/ld_library_path_lib.ps1'
[2.330s] INFO:colcon.colcon_core.shell:Creating environment descriptor '/home/ros/ros2_ws/src/install/naoqi_libqi/share/naoqi_libqi/hook/ld_library_path_lib.dsv'
[2.330s] INFO:colcon.colcon_core.shell:Creating environment hook '/home/ros/ros2_ws/src/install/naoqi_libqi/share/naoqi_libqi/hook/ld_library_path_lib.sh'
[2.331s] Level 1:colcon.colcon_core.environment:checking '/home/ros/ros2_ws/src/install/naoqi_libqi/bin'
[2.331s] Level 1:colcon.colcon_core.environment:checking '/home/ros/ros2_ws/src/install/naoqi_libqi/lib/pkgconfig/naoqi_libqi.pc'
[2.331s] Level 1:colcon.colcon_core.environment:checking '/home/ros/ros2_ws/src/install/naoqi_libqi/lib/python3.10/site-packages'
[2.332s] Level 1:colcon.colcon_core.environment:checking '/home/ros/ros2_ws/src/install/naoqi_libqi/bin'
[2.332s] INFO:colcon.colcon_core.shell:Creating package script '/home/ros/ros2_ws/src/install/naoqi_libqi/share/naoqi_libqi/package.ps1'
[2.333s] INFO:colcon.colcon_core.shell:Creating package descriptor '/home/ros/ros2_ws/src/install/naoqi_libqi/share/naoqi_libqi/package.dsv'
[2.334s] INFO:colcon.colcon_core.shell:Creating package script '/home/ros/ros2_ws/src/install/naoqi_libqi/share/naoqi_libqi/package.sh'
[2.335s] INFO:colcon.colcon_core.shell:Creating package script '/home/ros/ros2_ws/src/install/naoqi_libqi/share/naoqi_libqi/package.bash'
[2.336s] INFO:colcon.colcon_core.shell:Creating package script '/home/ros/ros2_ws/src/install/naoqi_libqi/share/naoqi_libqi/package.zsh'
[2.337s] Level 1:colcon.colcon_core.environment:create_file_with_runtime_dependencies(/home/ros/ros2_ws/src/install/naoqi_libqi/share/colcon-core/packages/naoqi_libqi)
[2.337s] INFO:colcon.colcon_ros.task.ament_cmake.build:Building ROS package in '/home/ros/ros2_ws/src/naoqi_libqicore' with build type 'ament_cmake'
[2.338s] INFO:colcon.colcon_cmake.task.cmake.build:Building CMake package in '/home/ros/ros2_ws/src/naoqi_libqicore'
[2.338s] INFO:colcon.colcon_core.shell:Skip shell extension 'powershell' for command environment: Not usable outside of PowerShell
[2.339s] DEBUG:colcon.colcon_core.shell:Skip shell extension 'dsv' for command environment
[2.355s] DEBUG:colcon.colcon_core.event_handler.log_command:Invoking command in '/home/ros/ros2_ws/src/build/naoqi_libqicore': AMENT_PREFIX_PATH=/home/ros/ros2_ws/src/install/naoqi_libqi:${AMENT_PREFIX_PATH} CMAKE_PREFIX_PATH=/home/ros/ros2_ws/src/install/naoqi_libqi:/home/ros/ros2_ws/install/naoqi_driver:/home/ros/ros2_ws/install/naoqi_libqicore:/home/ros/ros2_ws/install/naoqi_libqi:/home/ros/ros2_ws/install/naoqi_bridge_msgs:/home/ros/ros2_ws/install/speech:/home/ros/ros2_ws/install/naoqi_interface:/home/ros/ros2_ws/install/my_robot_controller:/home/ros/ros2_ws/install/movement:/opt/ros/humble LD_LIBRARY_PATH=/home/ros/ros2_ws/src/install/naoqi_libqi/lib:${LD_LIBRARY_PATH} /usr/bin/cmake --build /home/ros/ros2_ws/src/build/naoqi_libqicore -- -j12 -l12
[2.396s] DEBUG:colcon.colcon_core.event_handler.log_command:Invoking command in '/home/ros/ros2_ws/src/my_robot_controller': PYTHONPATH=/home/ros/ros2_ws/src/build/my_robot_controller/prefix_override:/usr/lib/python3/dist-packages/colcon_core/task/python/colcon_distutils_commands:/home/ros/ros2_ws/src/install/my_robot_controller/lib/python3.10/site-packages:${PYTHONPATH} /usr/bin/python3 -W ignore:setup.py install is deprecated setup.py egg_info --egg-base ../build/my_robot_controller build --build-base /home/ros/ros2_ws/src/build/my_robot_controller/build install --record /home/ros/ros2_ws/src/build/my_robot_controller/install.log --single-version-externally-managed install_data
[2.404s] DEBUG:colcon.colcon_core.event_handler.log_command:Invoking command in '/home/ros/ros2_ws/src/speech': PYTHONPATH=/home/ros/ros2_ws/src/build/speech/prefix_override:/usr/lib/python3/dist-packages/colcon_core/task/python/colcon_distutils_commands:/home/ros/ros2_ws/src/install/speech/lib/python3.10/site-packages:${PYTHONPATH} /usr/bin/python3 -W ignore:setup.py install is deprecated setup.py egg_info --egg-base ../build/speech build --build-base /home/ros/ros2_ws/src/build/speech/build install --record /home/ros/ros2_ws/src/build/speech/install.log --single-version-externally-managed install_data
[2.481s] DEBUG:colcon.colcon_core.event_handler.log_command:Invoked command in '/home/ros/ros2_ws/src/build/naoqi_libqicore' returned '0': AMENT_PREFIX_PATH=/home/ros/ros2_ws/src/install/naoqi_libqi:${AMENT_PREFIX_PATH} CMAKE_PREFIX_PATH=/home/ros/ros2_ws/src/install/naoqi_libqi:/home/ros/ros2_ws/install/naoqi_driver:/home/ros/ros2_ws/install/naoqi_libqicore:/home/ros/ros2_ws/install/naoqi_libqi:/home/ros/ros2_ws/install/naoqi_bridge_msgs:/home/ros/ros2_ws/install/speech:/home/ros/ros2_ws/install/naoqi_interface:/home/ros/ros2_ws/install/my_robot_controller:/home/ros/ros2_ws/install/movement:/opt/ros/humble LD_LIBRARY_PATH=/home/ros/ros2_ws/src/install/naoqi_libqi/lib:${LD_LIBRARY_PATH} /usr/bin/cmake --build /home/ros/ros2_ws/src/build/naoqi_libqicore -- -j12 -l12
[2.512s] DEBUG:colcon.colcon_core.event_handler.log_command:Invoking command in '/home/ros/ros2_ws/src/build/naoqi_libqicore': AMENT_PREFIX_PATH=/home/ros/ros2_ws/src/install/naoqi_libqi:${AMENT_PREFIX_PATH} CMAKE_PREFIX_PATH=/home/ros/ros2_ws/src/install/naoqi_libqi:/home/ros/ros2_ws/install/naoqi_driver:/home/ros/ros2_ws/install/naoqi_libqicore:/home/ros/ros2_ws/install/naoqi_libqi:/home/ros/ros2_ws/install/naoqi_bridge_msgs:/home/ros/ros2_ws/install/speech:/home/ros/ros2_ws/install/naoqi_interface:/home/ros/ros2_ws/install/my_robot_controller:/home/ros/ros2_ws/install/movement:/opt/ros/humble LD_LIBRARY_PATH=/home/ros/ros2_ws/src/install/naoqi_libqi/lib:${LD_LIBRARY_PATH} /usr/bin/cmake --install /home/ros/ros2_ws/src/build/naoqi_libqicore
[2.525s] Level 1:colcon.colcon_core.environment:create_environment_scripts_only(naoqi_libqicore)
[2.525s] Level 1:colcon.colcon_core.environment:checking '/home/ros/ros2_ws/src/install/naoqi_libqicore' for CMake module files
[2.526s] DEBUG:colcon.colcon_core.event_handler.log_command:Invoked command in '/home/ros/ros2_ws/src/build/naoqi_libqicore' returned '0': AMENT_PREFIX_PATH=/home/ros/ros2_ws/src/install/naoqi_libqi:${AMENT_PREFIX_PATH} CMAKE_PREFIX_PATH=/home/ros/ros2_ws/src/install/naoqi_libqi:/home/ros/ros2_ws/install/naoqi_driver:/home/ros/ros2_ws/install/naoqi_libqicore:/home/ros/ros2_ws/install/naoqi_libqi:/home/ros/ros2_ws/install/naoqi_bridge_msgs:/home/ros/ros2_ws/install/speech:/home/ros/ros2_ws/install/naoqi_interface:/home/ros/ros2_ws/install/my_robot_controller:/home/ros/ros2_ws/install/movement:/opt/ros/humble LD_LIBRARY_PATH=/home/ros/ros2_ws/src/install/naoqi_libqi/lib:${LD_LIBRARY_PATH} /usr/bin/cmake --install /home/ros/ros2_ws/src/build/naoqi_libqicore
[2.526s] Level 1:colcon.colcon_core.environment:checking '/home/ros/ros2_ws/src/install/naoqi_libqicore' for CMake config files
[2.527s] Level 1:colcon.colcon_core.shell:create_environment_hook('naoqi_libqicore', 'cmake_prefix_path')
[2.527s] INFO:colcon.colcon_core.shell:Creating environment hook '/home/ros/ros2_ws/src/install/naoqi_libqicore/share/naoqi_libqicore/hook/cmake_prefix_path.ps1'
[2.528s] INFO:colcon.colcon_core.shell:Creating environment descriptor '/home/ros/ros2_ws/src/install/naoqi_libqicore/share/naoqi_libqicore/hook/cmake_prefix_path.dsv'
[2.528s] INFO:colcon.colcon_core.shell:Creating environment hook '/home/ros/ros2_ws/src/install/naoqi_libqicore/share/naoqi_libqicore/hook/cmake_prefix_path.sh'
[2.529s] Level 1:colcon.colcon_core.environment:checking '/home/ros/ros2_ws/src/install/naoqi_libqicore/lib'
[2.529s] Level 1:colcon.colcon_core.environment:checking '/home/ros/ros2_ws/src/install/naoqi_libqicore/bin'
[2.530s] Level 1:colcon.colcon_core.environment:checking '/home/ros/ros2_ws/src/install/naoqi_libqicore/lib/pkgconfig/naoqi_libqicore.pc'
[2.530s] Level 1:colcon.colcon_core.environment:checking '/home/ros/ros2_ws/src/install/naoqi_libqicore/lib/python3.10/site-packages'
[2.530s] Level 1:colcon.colcon_core.environment:checking '/home/ros/ros2_ws/src/install/naoqi_libqicore/bin'
[2.531s] INFO:colcon.colcon_core.shell:Creating package script '/home/ros/ros2_ws/src/install/naoqi_libqicore/share/naoqi_libqicore/package.ps1'
[2.532s] INFO:colcon.colcon_core.shell:Creating package descriptor '/home/ros/ros2_ws/src/install/naoqi_libqicore/share/naoqi_libqicore/package.dsv'
[2.533s] INFO:colcon.colcon_core.shell:Creating package script '/home/ros/ros2_ws/src/install/naoqi_libqicore/share/naoqi_libqicore/package.sh'
[2.534s] INFO:colcon.colcon_core.shell:Creating package script '/home/ros/ros2_ws/src/install/naoqi_libqicore/share/naoqi_libqicore/package.bash'
[2.534s] INFO:colcon.colcon_core.shell:Creating package script '/home/ros/ros2_ws/src/install/naoqi_libqicore/share/naoqi_libqicore/package.zsh'
[2.535s] Level 1:colcon.colcon_core.environment:create_file_with_runtime_dependencies(/home/ros/ros2_ws/src/install/naoqi_libqicore/share/colcon-core/packages/naoqi_libqicore)
[2.563s] Level 1:colcon.colcon_core.environment:create_environment_scripts_only(naoqi_libqicore)
[2.563s] Level 1:colcon.colcon_core.environment:checking '/home/ros/ros2_ws/src/install/naoqi_libqicore' for CMake module files
[2.565s] Level 1:colcon.colcon_core.environment:checking '/home/ros/ros2_ws/src/install/naoqi_libqicore' for CMake config files
[2.566s] Level 1:colcon.colcon_core.shell:create_environment_hook('naoqi_libqicore', 'cmake_prefix_path')
[2.566s] INFO:colcon.colcon_core.shell:Creating environment hook '/home/ros/ros2_ws/src/install/naoqi_libqicore/share/naoqi_libqicore/hook/cmake_prefix_path.ps1'
[2.567s] INFO:colcon.colcon_core.shell:Creating environment descriptor '/home/ros/ros2_ws/src/install/naoqi_libqicore/share/naoqi_libqicore/hook/cmake_prefix_path.dsv'
[2.567s] INFO:colcon.colcon_core.shell:Creating environment hook '/home/ros/ros2_ws/src/install/naoqi_libqicore/share/naoqi_libqicore/hook/cmake_prefix_path.sh'
[2.568s] Level 1:colcon.colcon_core.environment:checking '/home/ros/ros2_ws/src/install/naoqi_libqicore/lib'
[2.568s] Level 1:colcon.colcon_core.environment:checking '/home/ros/ros2_ws/src/install/naoqi_libqicore/bin'
[2.568s] Level 1:colcon.colcon_core.environment:checking '/home/ros/ros2_ws/src/install/naoqi_libqicore/lib/pkgconfig/naoqi_libqicore.pc'
[2.568s] Level 1:colcon.colcon_core.environment:checking '/home/ros/ros2_ws/src/install/naoqi_libqicore/lib/python3.10/site-packages'
[2.569s] Level 1:colcon.colcon_core.environment:checking '/home/ros/ros2_ws/src/install/naoqi_libqicore/bin'
[2.569s] INFO:colcon.colcon_core.shell:Creating package script '/home/ros/ros2_ws/src/install/naoqi_libqicore/share/naoqi_libqicore/package.ps1'
[2.570s] INFO:colcon.colcon_core.shell:Creating package descriptor '/home/ros/ros2_ws/src/install/naoqi_libqicore/share/naoqi_libqicore/package.dsv'
[2.570s] INFO:colcon.colcon_core.shell:Creating package script '/home/ros/ros2_ws/src/install/naoqi_libqicore/share/naoqi_libqicore/package.sh'
[2.570s] INFO:colcon.colcon_core.shell:Creating package script '/home/ros/ros2_ws/src/install/naoqi_libqicore/share/naoqi_libqicore/package.bash'
[2.571s] INFO:colcon.colcon_core.shell:Creating package script '/home/ros/ros2_ws/src/install/naoqi_libqicore/share/naoqi_libqicore/package.zsh'
[2.571s] Level 1:colcon.colcon_core.environment:create_file_with_runtime_dependencies(/home/ros/ros2_ws/src/install/naoqi_libqicore/share/colcon-core/packages/naoqi_libqicore)
[2.653s] Level 1:colcon.colcon_core.environment:checking '/home/ros/ros2_ws/src/install/naoqi_interface' for CMake module files
[2.654s] DEBUG:colcon.colcon_core.event_handler.log_command:Invoked command in '/home/ros/ros2_ws/src/naoqi_interface' returned '0': PYTHONPATH=/home/ros/ros2_ws/src/build/naoqi_interface/prefix_override:/usr/lib/python3/dist-packages/colcon_core/task/python/colcon_distutils_commands:/home/ros/ros2_ws/src/install/naoqi_interface/lib/python3.10/site-packages:${PYTHONPATH} /usr/bin/python3 -W ignore:setup.py install is deprecated setup.py egg_info --egg-base ../build/naoqi_interface build --build-base /home/ros/ros2_ws/src/build/naoqi_interface/build install --record /home/ros/ros2_ws/src/build/naoqi_interface/install.log --single-version-externally-managed install_data
[2.654s] Level 1:colcon.colcon_core.environment:checking '/home/ros/ros2_ws/src/install/naoqi_interface' for CMake config files
[2.655s] Level 1:colcon.colcon_core.environment:checking '/home/ros/ros2_ws/src/install/naoqi_interface/lib'
[2.655s] Level 1:colcon.colcon_core.environment:checking '/home/ros/ros2_ws/src/install/naoqi_interface/bin'
[2.656s] Level 1:colcon.colcon_core.environment:checking '/home/ros/ros2_ws/src/install/naoqi_interface/lib/pkgconfig/naoqi_interface.pc'
[2.656s] Level 1:colcon.colcon_core.environment:checking '/home/ros/ros2_ws/src/install/naoqi_interface/lib/python3.10/site-packages'
[2.656s] Level 1:colcon.colcon_core.shell:create_environment_hook('naoqi_interface', 'pythonpath')
[2.657s] INFO:colcon.colcon_core.shell:Creating environment hook '/home/ros/ros2_ws/src/install/naoqi_interface/share/naoqi_interface/hook/pythonpath.ps1'
[2.657s] INFO:colcon.colcon_core.shell:Creating environment descriptor '/home/ros/ros2_ws/src/install/naoqi_interface/share/naoqi_interface/hook/pythonpath.dsv'
[2.658s] INFO:colcon.colcon_core.shell:Creating environment hook '/home/ros/ros2_ws/src/install/naoqi_interface/share/naoqi_interface/hook/pythonpath.sh'
[2.659s] Level 1:colcon.colcon_core.environment:checking '/home/ros/ros2_ws/src/install/naoqi_interface/bin'
[2.659s] Level 1:colcon.colcon_core.environment:create_environment_scripts_only(naoqi_interface)
[2.660s] INFO:colcon.colcon_core.shell:Creating package script '/home/ros/ros2_ws/src/install/naoqi_interface/share/naoqi_interface/package.ps1'
[2.660s] INFO:colcon.colcon_core.shell:Creating package descriptor '/home/ros/ros2_ws/src/install/naoqi_interface/share/naoqi_interface/package.dsv'
[2.661s] INFO:colcon.colcon_core.shell:Creating package script '/home/ros/ros2_ws/src/install/naoqi_interface/share/naoqi_interface/package.sh'
[2.662s] INFO:colcon.colcon_core.shell:Creating package script '/home/ros/ros2_ws/src/install/naoqi_interface/share/naoqi_interface/package.bash'
[2.662s] INFO:colcon.colcon_core.shell:Creating package script '/home/ros/ros2_ws/src/install/naoqi_interface/share/naoqi_interface/package.zsh'
[2.663s] Level 1:colcon.colcon_core.environment:create_file_with_runtime_dependencies(/home/ros/ros2_ws/src/install/naoqi_interface/share/colcon-core/packages/naoqi_interface)
[2.665s] Level 1:colcon.colcon_core.environment:checking '/home/ros/ros2_ws/src/install/qi_unipa' for CMake module files
[2.666s] DEBUG:colcon.colcon_core.event_handler.log_command:Invoked command in '/home/ros/ros2_ws/src/qi_unipa' returned '0': PYTHONPATH=/home/ros/ros2_ws/src/build/qi_unipa/prefix_override:/usr/lib/python3/dist-packages/colcon_core/task/python/colcon_distutils_commands:/home/ros/ros2_ws/src/install/qi_unipa/lib/python3.10/site-packages:${PYTHONPATH} /usr/bin/python3 -W ignore:setup.py install is deprecated setup.py egg_info --egg-base ../build/qi_unipa build --build-base /home/ros/ros2_ws/src/build/qi_unipa/build install --record /home/ros/ros2_ws/src/build/qi_unipa/install.log --single-version-externally-managed install_data
[2.666s] Level 1:colcon.colcon_core.environment:checking '/home/ros/ros2_ws/src/install/qi_unipa' for CMake config files
[2.667s] Level 1:colcon.colcon_core.environment:checking '/home/ros/ros2_ws/src/install/qi_unipa/lib'
[2.667s] Level 1:colcon.colcon_core.environment:checking '/home/ros/ros2_ws/src/install/qi_unipa/bin'
[2.667s] Level 1:colcon.colcon_core.environment:checking '/home/ros/ros2_ws/src/install/qi_unipa/lib/pkgconfig/qi_unipa.pc'
[2.667s] Level 1:colcon.colcon_core.environment:checking '/home/ros/ros2_ws/src/install/qi_unipa/lib/python3.10/site-packages'
[2.667s] Level 1:colcon.colcon_core.shell:create_environment_hook('qi_unipa', 'pythonpath')
[2.668s] INFO:colcon.colcon_core.shell:Creating environment hook '/home/ros/ros2_ws/src/install/qi_unipa/share/qi_unipa/hook/pythonpath.ps1'
[2.668s] INFO:colcon.colcon_core.shell:Creating environment descriptor '/home/ros/ros2_ws/src/install/qi_unipa/share/qi_unipa/hook/pythonpath.dsv'
[2.669s] INFO:colcon.colcon_core.shell:Creating environment hook '/home/ros/ros2_ws/src/install/qi_unipa/share/qi_unipa/hook/pythonpath.sh'
[2.669s] Level 1:colcon.colcon_core.environment:checking '/home/ros/ros2_ws/src/install/qi_unipa/bin'
[2.670s] Level 1:colcon.colcon_core.environment:create_environment_scripts_only(qi_unipa)
[2.670s] INFO:colcon.colcon_core.shell:Creating package script '/home/ros/ros2_ws/src/install/qi_unipa/share/qi_unipa/package.ps1'
[2.671s] INFO:colcon.colcon_core.shell:Creating package descriptor '/home/ros/ros2_ws/src/install/qi_unipa/share/qi_unipa/package.dsv'
[2.671s] INFO:colcon.colcon_core.shell:Creating package script '/home/ros/ros2_ws/src/install/qi_unipa/share/qi_unipa/package.sh'
[2.672s] INFO:colcon.colcon_core.shell:Creating package script '/home/ros/ros2_ws/src/install/qi_unipa/share/qi_unipa/package.bash'
[2.673s] INFO:colcon.colcon_core.shell:Creating package script '/home/ros/ros2_ws/src/install/qi_unipa/share/qi_unipa/package.zsh'
[2.673s] Level 1:colcon.colcon_core.environment:create_file_with_runtime_dependencies(/home/ros/ros2_ws/src/install/qi_unipa/share/colcon-core/packages/qi_unipa)
[2.675s] Level 1:colcon.colcon_core.environment:checking '/home/ros/ros2_ws/src/install/movement' for CMake module files
[2.676s] DEBUG:colcon.colcon_core.event_handler.log_command:Invoked command in '/home/ros/ros2_ws/src/movement' returned '0': PYTHONPATH=/home/ros/ros2_ws/src/build/movement/prefix_override:/usr/lib/python3/dist-packages/colcon_core/task/python/colcon_distutils_commands:/home/ros/ros2_ws/src/install/movement/lib/python3.10/site-packages:${PYTHONPATH} /usr/bin/python3 -W ignore:setup.py install is deprecated setup.py egg_info --egg-base ../build/movement build --build-base /home/ros/ros2_ws/src/build/movement/build install --record /home/ros/ros2_ws/src/build/movement/install.log --single-version-externally-managed install_data
[2.676s] Level 1:colcon.colcon_core.environment:checking '/home/ros/ros2_ws/src/install/movement' for CMake config files
[2.677s] Level 1:colcon.colcon_core.environment:checking '/home/ros/ros2_ws/src/install/movement/lib'
[2.677s] Level 1:colcon.colcon_core.environment:checking '/home/ros/ros2_ws/src/install/movement/bin'
[2.677s] Level 1:colcon.colcon_core.environment:checking '/home/ros/ros2_ws/src/install/movement/lib/pkgconfig/movement.pc'
[2.678s] Level 1:colcon.colcon_core.environment:checking '/home/ros/ros2_ws/src/install/movement/lib/python3.10/site-packages'
[2.678s] Level 1:colcon.colcon_core.shell:create_environment_hook('movement', 'pythonpath')
[2.678s] INFO:colcon.colcon_core.shell:Creating environment hook '/home/ros/ros2_ws/src/install/movement/share/movement/hook/pythonpath.ps1'
[2.679s] INFO:colcon.colcon_core.shell:Creating environment descriptor '/home/ros/ros2_ws/src/install/movement/share/movement/hook/pythonpath.dsv'
[2.679s] INFO:colcon.colcon_core.shell:Creating environment hook '/home/ros/ros2_ws/src/install/movement/share/movement/hook/pythonpath.sh'
[2.680s] Level 1:colcon.colcon_core.environment:checking '/home/ros/ros2_ws/src/install/movement/bin'
[2.680s] Level 1:colcon.colcon_core.environment:create_environment_scripts_only(movement)
[2.681s] INFO:colcon.colcon_core.shell:Creating package script '/home/ros/ros2_ws/src/install/movement/share/movement/package.ps1'
[2.681s] INFO:colcon.colcon_core.shell:Creating package descriptor '/home/ros/ros2_ws/src/install/movement/share/movement/package.dsv'
[2.682s] INFO:colcon.colcon_core.shell:Creating package script '/home/ros/ros2_ws/src/install/movement/share/movement/package.sh'
[2.683s] INFO:colcon.colcon_core.shell:Creating package script '/home/ros/ros2_ws/src/install/movement/share/movement/package.bash'
[2.683s] INFO:colcon.colcon_core.shell:Creating package script '/home/ros/ros2_ws/src/install/movement/share/movement/package.zsh'
[2.684s] Level 1:colcon.colcon_core.environment:create_file_with_runtime_dependencies(/home/ros/ros2_ws/src/install/movement/share/colcon-core/packages/movement)
[2.765s] Level 1:colcon.colcon_core.environment:checking '/home/ros/ros2_ws/src/install/speech' for CMake module files
[2.766s] DEBUG:colcon.colcon_core.event_handler.log_command:Invoked command in '/home/ros/ros2_ws/src/speech' returned '0': PYTHONPATH=/home/ros/ros2_ws/src/build/speech/prefix_override:/usr/lib/python3/dist-packages/colcon_core/task/python/colcon_distutils_commands:/home/ros/ros2_ws/src/install/speech/lib/python3.10/site-packages:${PYTHONPATH} /usr/bin/python3 -W ignore:setup.py install is deprecated setup.py egg_info --egg-base ../build/speech build --build-base /home/ros/ros2_ws/src/build/speech/build install --record /home/ros/ros2_ws/src/build/speech/install.log --single-version-externally-managed install_data
[2.767s] Level 1:colcon.colcon_core.environment:checking '/home/ros/ros2_ws/src/install/speech' for CMake config files
[2.767s] Level 1:colcon.colcon_core.environment:checking '/home/ros/ros2_ws/src/install/speech/lib'
[2.767s] Level 1:colcon.colcon_core.environment:checking '/home/ros/ros2_ws/src/install/speech/bin'
[2.768s] Level 1:colcon.colcon_core.environment:checking '/home/ros/ros2_ws/src/install/speech/lib/pkgconfig/speech.pc'
[2.768s] Level 1:colcon.colcon_core.environment:checking '/home/ros/ros2_ws/src/install/speech/lib/python3.10/site-packages'
[2.768s] Level 1:colcon.colcon_core.shell:create_environment_hook('speech', 'pythonpath')
[2.768s] INFO:colcon.colcon_core.shell:Creating environment hook '/home/ros/ros2_ws/src/install/speech/share/speech/hook/pythonpath.ps1'
[2.769s] INFO:colcon.colcon_core.shell:Creating environment descriptor '/home/ros/ros2_ws/src/install/speech/share/speech/hook/pythonpath.dsv'
[2.769s] INFO:colcon.colcon_core.shell:Creating environment hook '/home/ros/ros2_ws/src/install/speech/share/speech/hook/pythonpath.sh'
[2.770s] Level 1:colcon.colcon_core.environment:checking '/home/ros/ros2_ws/src/install/speech/bin'
[2.770s] Level 1:colcon.colcon_core.environment:create_environment_scripts_only(speech)
[2.771s] INFO:colcon.colcon_core.shell:Creating package script '/home/ros/ros2_ws/src/install/speech/share/speech/package.ps1'
[2.771s] INFO:colcon.colcon_core.shell:Creating package descriptor '/home/ros/ros2_ws/src/install/speech/share/speech/package.dsv'
[2.772s] INFO:colcon.colcon_core.shell:Creating package script '/home/ros/ros2_ws/src/install/speech/share/speech/package.sh'
[2.773s] INFO:colcon.colcon_core.shell:Creating package script '/home/ros/ros2_ws/src/install/speech/share/speech/package.bash'
[2.773s] INFO:colcon.colcon_core.shell:Creating package script '/home/ros/ros2_ws/src/install/speech/share/speech/package.zsh'
[2.774s] Level 1:colcon.colcon_core.environment:create_file_with_runtime_dependencies(/home/ros/ros2_ws/src/install/speech/share/colcon-core/packages/speech)
[2.838s] Level 1:colcon.colcon_core.environment:checking '/home/ros/ros2_ws/src/install/my_robot_controller' for CMake module files
[2.838s] DEBUG:colcon.colcon_core.event_handler.log_command:Invoked command in '/home/ros/ros2_ws/src/my_robot_controller' returned '0': PYTHONPATH=/home/ros/ros2_ws/src/build/my_robot_controller/prefix_override:/usr/lib/python3/dist-packages/colcon_core/task/python/colcon_distutils_commands:/home/ros/ros2_ws/src/install/my_robot_controller/lib/python3.10/site-packages:${PYTHONPATH} /usr/bin/python3 -W ignore:setup.py install is deprecated setup.py egg_info --egg-base ../build/my_robot_controller build --build-base /home/ros/ros2_ws/src/build/my_robot_controller/build install --record /home/ros/ros2_ws/src/build/my_robot_controller/install.log --single-version-externally-managed install_data
[2.838s] Level 1:colcon.colcon_core.environment:checking '/home/ros/ros2_ws/src/install/my_robot_controller' for CMake config files
[2.839s] Level 1:colcon.colcon_core.environment:checking '/home/ros/ros2_ws/src/install/my_robot_controller/lib'
[2.839s] Level 1:colcon.colcon_core.environment:checking '/home/ros/ros2_ws/src/install/my_robot_controller/bin'
[2.839s] Level 1:colcon.colcon_core.environment:checking '/home/ros/ros2_ws/src/install/my_robot_controller/lib/pkgconfig/my_robot_controller.pc'
[2.839s] Level 1:colcon.colcon_core.environment:checking '/home/ros/ros2_ws/src/install/my_robot_controller/lib/python3.10/site-packages'
[2.839s] Level 1:colcon.colcon_core.shell:create_environment_hook('my_robot_controller', 'pythonpath')
[2.840s] INFO:colcon.colcon_core.shell:Creating environment hook '/home/ros/ros2_ws/src/install/my_robot_controller/share/my_robot_controller/hook/pythonpath.ps1'
[2.840s] INFO:colcon.colcon_core.shell:Creating environment descriptor '/home/ros/ros2_ws/src/install/my_robot_controller/share/my_robot_controller/hook/pythonpath.dsv'
[2.840s] INFO:colcon.colcon_core.shell:Creating environment hook '/home/ros/ros2_ws/src/install/my_robot_controller/share/my_robot_controller/hook/pythonpath.sh'
[2.841s] Level 1:colcon.colcon_core.environment:checking '/home/ros/ros2_ws/src/install/my_robot_controller/bin'
[2.841s] Level 1:colcon.colcon_core.environment:create_environment_scripts_only(my_robot_controller)
[2.841s] INFO:colcon.colcon_core.shell:Creating package script '/home/ros/ros2_ws/src/install/my_robot_controller/share/my_robot_controller/package.ps1'
[2.842s] INFO:colcon.colcon_core.shell:Creating package descriptor '/home/ros/ros2_ws/src/install/my_robot_controller/share/my_robot_controller/package.dsv'
[2.842s] INFO:colcon.colcon_core.shell:Creating package script '/home/ros/ros2_ws/src/install/my_robot_controller/share/my_robot_controller/package.sh'
[2.843s] INFO:colcon.colcon_core.shell:Creating package script '/home/ros/ros2_ws/src/install/my_robot_controller/share/my_robot_controller/package.bash'
[2.843s] INFO:colcon.colcon_core.shell:Creating package script '/home/ros/ros2_ws/src/install/my_robot_controller/share/my_robot_controller/package.zsh'
[2.843s] Level 1:colcon.colcon_core.environment:create_file_with_runtime_dependencies(/home/ros/ros2_ws/src/install/my_robot_controller/share/colcon-core/packages/my_robot_controller)
[2.950s] DEBUG:colcon.colcon_core.event_handler.log_command:Invoking command in '/home/ros/ros2_ws/src/build/naoqi_bridge_msgs': CMAKE_PREFIX_PATH=${CMAKE_PREFIX_PATH}:/home/ros/ros2_ws/install/speech:/home/ros/ros2_ws/install/naoqi_interface:/home/ros/ros2_ws/install/my_robot_controller:/home/ros/ros2_ws/install/movement:/opt/ros/humble /usr/bin/cmake --install /home/ros/ros2_ws/src/build/naoqi_bridge_msgs
[3.050s] Level 1:colcon.colcon_core.environment:create_environment_scripts_only(naoqi_bridge_msgs)
[3.051s] Level 1:colcon.colcon_core.environment:checking '/home/ros/ros2_ws/src/install/naoqi_bridge_msgs' for CMake module files
[3.051s] DEBUG:colcon.colcon_core.event_handler.log_command:Invoked command in '/home/ros/ros2_ws/src/build/naoqi_bridge_msgs' returned '0': CMAKE_PREFIX_PATH=${CMAKE_PREFIX_PATH}:/home/ros/ros2_ws/install/speech:/home/ros/ros2_ws/install/naoqi_interface:/home/ros/ros2_ws/install/my_robot_controller:/home/ros/ros2_ws/install/movement:/opt/ros/humble /usr/bin/cmake --install /home/ros/ros2_ws/src/build/naoqi_bridge_msgs
[3.052s] Level 1:colcon.colcon_core.environment:checking '/home/ros/ros2_ws/src/install/naoqi_bridge_msgs' for CMake config files
[3.052s] Level 1:colcon.colcon_core.shell:create_environment_hook('naoqi_bridge_msgs', 'cmake_prefix_path')
[3.053s] INFO:colcon.colcon_core.shell:Creating environment hook '/home/ros/ros2_ws/src/install/naoqi_bridge_msgs/share/naoqi_bridge_msgs/hook/cmake_prefix_path.ps1'
[3.053s] INFO:colcon.colcon_core.shell:Creating environment descriptor '/home/ros/ros2_ws/src/install/naoqi_bridge_msgs/share/naoqi_bridge_msgs/hook/cmake_prefix_path.dsv'
[3.053s] INFO:colcon.colcon_core.shell:Creating environment hook '/home/ros/ros2_ws/src/install/naoqi_bridge_msgs/share/naoqi_bridge_msgs/hook/cmake_prefix_path.sh'
[3.054s] Level 1:colcon.colcon_core.environment:checking '/home/ros/ros2_ws/src/install/naoqi_bridge_msgs/lib'
[3.054s] Level 1:colcon.colcon_core.shell:create_environment_hook('naoqi_bridge_msgs', 'ld_library_path_lib')
[3.054s] INFO:colcon.colcon_core.shell:Creating environment hook '/home/ros/ros2_ws/src/install/naoqi_bridge_msgs/share/naoqi_bridge_msgs/hook/ld_library_path_lib.ps1'
[3.055s] INFO:colcon.colcon_core.shell:Creating environment descriptor '/home/ros/ros2_ws/src/install/naoqi_bridge_msgs/share/naoqi_bridge_msgs/hook/ld_library_path_lib.dsv'
[3.055s] INFO:colcon.colcon_core.shell:Creating environment hook '/home/ros/ros2_ws/src/install/naoqi_bridge_msgs/share/naoqi_bridge_msgs/hook/ld_library_path_lib.sh'
[3.055s] Level 1:colcon.colcon_core.environment:checking '/home/ros/ros2_ws/src/install/naoqi_bridge_msgs/bin'
[3.055s] Level 1:colcon.colcon_core.environment:checking '/home/ros/ros2_ws/src/install/naoqi_bridge_msgs/lib/pkgconfig/naoqi_bridge_msgs.pc'
[3.056s] Level 1:colcon.colcon_core.environment:checking '/home/ros/ros2_ws/src/install/naoqi_bridge_msgs/lib/python3.10/site-packages'
[3.056s] Level 1:colcon.colcon_core.environment:checking '/home/ros/ros2_ws/src/install/naoqi_bridge_msgs/bin'
[3.056s] INFO:colcon.colcon_core.shell:Creating package script '/home/ros/ros2_ws/src/install/naoqi_bridge_msgs/share/naoqi_bridge_msgs/package.ps1'
[3.057s] INFO:colcon.colcon_core.shell:Creating package descriptor '/home/ros/ros2_ws/src/install/naoqi_bridge_msgs/share/naoqi_bridge_msgs/package.dsv'
[3.057s] INFO:colcon.colcon_core.shell:Creating package script '/home/ros/ros2_ws/src/install/naoqi_bridge_msgs/share/naoqi_bridge_msgs/package.sh'
[3.057s] INFO:colcon.colcon_core.shell:Creating package script '/home/ros/ros2_ws/src/install/naoqi_bridge_msgs/share/naoqi_bridge_msgs/package.bash'
[3.058s] INFO:colcon.colcon_core.shell:Creating package script '/home/ros/ros2_ws/src/install/naoqi_bridge_msgs/share/naoqi_bridge_msgs/package.zsh'
[3.058s] Level 1:colcon.colcon_core.environment:create_file_with_runtime_dependencies(/home/ros/ros2_ws/src/install/naoqi_bridge_msgs/share/colcon-core/packages/naoqi_bridge_msgs)
[4.368s] Level 1:colcon.colcon_core.environment:create_environment_scripts_only(naoqi_bridge_msgs)
[4.369s] Level 1:colcon.colcon_core.environment:checking '/home/ros/ros2_ws/src/install/naoqi_bridge_msgs' for CMake module files
[4.370s] Level 1:colcon.colcon_core.environment:checking '/home/ros/ros2_ws/src/install/naoqi_bridge_msgs' for CMake config files
[4.372s] Level 1:colcon.colcon_core.shell:create_environment_hook('naoqi_bridge_msgs', 'cmake_prefix_path')
[4.372s] INFO:colcon.colcon_core.shell:Creating environment hook '/home/ros/ros2_ws/src/install/naoqi_bridge_msgs/share/naoqi_bridge_msgs/hook/cmake_prefix_path.ps1'
[4.373s] INFO:colcon.colcon_core.shell:Creating environment descriptor '/home/ros/ros2_ws/src/install/naoqi_bridge_msgs/share/naoqi_bridge_msgs/hook/cmake_prefix_path.dsv'
[4.374s] INFO:colcon.colcon_core.shell:Creating environment hook '/home/ros/ros2_ws/src/install/naoqi_bridge_msgs/share/naoqi_bridge_msgs/hook/cmake_prefix_path.sh'
[4.375s] Level 1:colcon.colcon_core.environment:checking '/home/ros/ros2_ws/src/install/naoqi_bridge_msgs/lib'
[4.375s] Level 1:colcon.colcon_core.shell:create_environment_hook('naoqi_bridge_msgs', 'ld_library_path_lib')
[4.376s] INFO:colcon.colcon_core.shell:Creating environment hook '/home/ros/ros2_ws/src/install/naoqi_bridge_msgs/share/naoqi_bridge_msgs/hook/ld_library_path_lib.ps1'
[4.376s] INFO:colcon.colcon_core.shell:Creating environment descriptor '/home/ros/ros2_ws/src/install/naoqi_bridge_msgs/share/naoqi_bridge_msgs/hook/ld_library_path_lib.dsv'
[4.377s] INFO:colcon.colcon_core.shell:Creating environment hook '/home/ros/ros2_ws/src/install/naoqi_bridge_msgs/share/naoqi_bridge_msgs/hook/ld_library_path_lib.sh'
[4.378s] Level 1:colcon.colcon_core.environment:checking '/home/ros/ros2_ws/src/install/naoqi_bridge_msgs/bin'
[4.378s] Level 1:colcon.colcon_core.environment:checking '/home/ros/ros2_ws/src/install/naoqi_bridge_msgs/lib/pkgconfig/naoqi_bridge_msgs.pc'
[4.378s] Level 1:colcon.colcon_core.environment:checking '/home/ros/ros2_ws/src/install/naoqi_bridge_msgs/lib/python3.10/site-packages'
[4.379s] Level 1:colcon.colcon_core.environment:checking '/home/ros/ros2_ws/src/install/naoqi_bridge_msgs/bin'
[4.379s] INFO:colcon.colcon_core.shell:Creating package script '/home/ros/ros2_ws/src/install/naoqi_bridge_msgs/share/naoqi_bridge_msgs/package.ps1'
[4.380s] INFO:colcon.colcon_core.shell:Creating package descriptor '/home/ros/ros2_ws/src/install/naoqi_bridge_msgs/share/naoqi_bridge_msgs/package.dsv'
[4.381s] INFO:colcon.colcon_core.shell:Creating package script '/home/ros/ros2_ws/src/install/naoqi_bridge_msgs/share/naoqi_bridge_msgs/package.sh'
[4.382s] INFO:colcon.colcon_core.shell:Creating package script '/home/ros/ros2_ws/src/install/naoqi_bridge_msgs/share/naoqi_bridge_msgs/package.bash'
[4.383s] INFO:colcon.colcon_core.shell:Creating package script '/home/ros/ros2_ws/src/install/naoqi_bridge_msgs/share/naoqi_bridge_msgs/package.zsh'
[4.384s] Level 1:colcon.colcon_core.environment:create_file_with_runtime_dependencies(/home/ros/ros2_ws/src/install/naoqi_bridge_msgs/share/colcon-core/packages/naoqi_bridge_msgs)
[4.385s] INFO:colcon.colcon_ros.task.ament_cmake.build:Building ROS package in '/home/ros/ros2_ws/src/naoqi_driver2' with build type 'ament_cmake'
[4.385s] INFO:colcon.colcon_cmake.task.cmake.build:Building CMake package in '/home/ros/ros2_ws/src/naoqi_driver2'
[4.386s] INFO:colcon.colcon_core.shell:Skip shell extension 'powershell' for command environment: Not usable outside of PowerShell
[4.386s] DEBUG:colcon.colcon_core.shell:Skip shell extension 'dsv' for command environment
[4.409s] DEBUG:colcon.colcon_core.event_handler.log_command:Invoking command in '/home/ros/ros2_ws/src/build/naoqi_driver': AMENT_PREFIX_PATH=/home/ros/ros2_ws/src/install/naoqi_libqicore:/home/ros/ros2_ws/src/install/naoqi_libqi:/home/ros/ros2_ws/src/install/naoqi_bridge_msgs:${AMENT_PREFIX_PATH} CMAKE_PREFIX_PATH=/home/ros/ros2_ws/src/install/naoqi_libqicore:/home/ros/ros2_ws/src/install/naoqi_libqi:/home/ros/ros2_ws/src/install/naoqi_bridge_msgs:/home/ros/ros2_ws/install/naoqi_driver:/home/ros/ros2_ws/install/naoqi_libqicore:/home/ros/ros2_ws/install/naoqi_libqi:/home/ros/ros2_ws/install/naoqi_bridge_msgs:/home/ros/ros2_ws/install/speech:/home/ros/ros2_ws/install/naoqi_interface:/home/ros/ros2_ws/install/my_robot_controller:/home/ros/ros2_ws/install/movement:/opt/ros/humble LD_LIBRARY_PATH=/home/ros/ros2_ws/src/install/naoqi_libqicore/lib:/home/ros/ros2_ws/src/install/naoqi_libqi/lib:/home/ros/ros2_ws/src/install/naoqi_bridge_msgs/lib:${LD_LIBRARY_PATH} PYTHONPATH=/home/ros/ros2_ws/src/install/naoqi_bridge_msgs/local/lib/python3.10/dist-packages:${PYTHONPATH} /usr/bin/cmake --build /home/ros/ros2_ws/src/build/naoqi_driver -- -j12 -l12
[4.647s] DEBUG:colcon.colcon_core.event_handler.log_command:Invoked command in '/home/ros/ros2_ws/src/build/naoqi_driver' returned '0': AMENT_PREFIX_PATH=/home/ros/ros2_ws/src/install/naoqi_libqicore:/home/ros/ros2_ws/src/install/naoqi_libqi:/home/ros/ros2_ws/src/install/naoqi_bridge_msgs:${AMENT_PREFIX_PATH} CMAKE_PREFIX_PATH=/home/ros/ros2_ws/src/install/naoqi_libqicore:/home/ros/ros2_ws/src/install/naoqi_libqi:/home/ros/ros2_ws/src/install/naoqi_bridge_msgs:/home/ros/ros2_ws/install/naoqi_driver:/home/ros/ros2_ws/install/naoqi_libqicore:/home/ros/ros2_ws/install/naoqi_libqi:/home/ros/ros2_ws/install/naoqi_bridge_msgs:/home/ros/ros2_ws/install/speech:/home/ros/ros2_ws/install/naoqi_interface:/home/ros/ros2_ws/install/my_robot_controller:/home/ros/ros2_ws/install/movement:/opt/ros/humble LD_LIBRARY_PATH=/home/ros/ros2_ws/src/install/naoqi_libqicore/lib:/home/ros/ros2_ws/src/install/naoqi_libqi/lib:/home/ros/ros2_ws/src/install/naoqi_bridge_msgs/lib:${LD_LIBRARY_PATH} PYTHONPATH=/home/ros/ros2_ws/src/install/naoqi_bridge_msgs/local/lib/python3.10/dist-packages:${PYTHONPATH} /usr/bin/cmake --build /home/ros/ros2_ws/src/build/naoqi_driver -- -j12 -l12
[4.790s] DEBUG:colcon.colcon_core.event_handler.log_command:Invoking command in '/home/ros/ros2_ws/src/build/naoqi_driver': AMENT_PREFIX_PATH=/home/ros/ros2_ws/src/install/naoqi_libqicore:/home/ros/ros2_ws/src/install/naoqi_libqi:/home/ros/ros2_ws/src/install/naoqi_bridge_msgs:${AMENT_PREFIX_PATH} CMAKE_PREFIX_PATH=/home/ros/ros2_ws/src/install/naoqi_libqicore:/home/ros/ros2_ws/src/install/naoqi_libqi:/home/ros/ros2_ws/src/install/naoqi_bridge_msgs:/home/ros/ros2_ws/install/naoqi_driver:/home/ros/ros2_ws/install/naoqi_libqicore:/home/ros/ros2_ws/install/naoqi_libqi:/home/ros/ros2_ws/install/naoqi_bridge_msgs:/home/ros/ros2_ws/install/speech:/home/ros/ros2_ws/install/naoqi_interface:/home/ros/ros2_ws/install/my_robot_controller:/home/ros/ros2_ws/install/movement:/opt/ros/humble LD_LIBRARY_PATH=/home/ros/ros2_ws/src/install/naoqi_libqicore/lib:/home/ros/ros2_ws/src/install/naoqi_libqi/lib:/home/ros/ros2_ws/src/install/naoqi_bridge_msgs/lib:${LD_LIBRARY_PATH} PYTHONPATH=/home/ros/ros2_ws/src/install/naoqi_bridge_msgs/local/lib/python3.10/dist-packages:${PYTHONPATH} /usr/bin/cmake --install /home/ros/ros2_ws/src/build/naoqi_driver
[4.804s] Level 1:colcon.colcon_core.environment:create_environment_scripts_only(naoqi_driver)
[4.805s] Level 1:colcon.colcon_core.environment:checking '/home/ros/ros2_ws/src/install/naoqi_driver' for CMake module files
[4.806s] DEBUG:colcon.colcon_core.event_handler.log_command:Invoked command in '/home/ros/ros2_ws/src/build/naoqi_driver' returned '0': AMENT_PREFIX_PATH=/home/ros/ros2_ws/src/install/naoqi_libqicore:/home/ros/ros2_ws/src/install/naoqi_libqi:/home/ros/ros2_ws/src/install/naoqi_bridge_msgs:${AMENT_PREFIX_PATH} CMAKE_PREFIX_PATH=/home/ros/ros2_ws/src/install/naoqi_libqicore:/home/ros/ros2_ws/src/install/naoqi_libqi:/home/ros/ros2_ws/src/install/naoqi_bridge_msgs:/home/ros/ros2_ws/install/naoqi_driver:/home/ros/ros2_ws/install/naoqi_libqicore:/home/ros/ros2_ws/install/naoqi_libqi:/home/ros/ros2_ws/install/naoqi_bridge_msgs:/home/ros/ros2_ws/install/speech:/home/ros/ros2_ws/install/naoqi_interface:/home/ros/ros2_ws/install/my_robot_controller:/home/ros/ros2_ws/install/movement:/opt/ros/humble LD_LIBRARY_PATH=/home/ros/ros2_ws/src/install/naoqi_libqicore/lib:/home/ros/ros2_ws/src/install/naoqi_libqi/lib:/home/ros/ros2_ws/src/install/naoqi_bridge_msgs/lib:${LD_LIBRARY_PATH} PYTHONPATH=/home/ros/ros2_ws/src/install/naoqi_bridge_msgs/local/lib/python3.10/dist-packages:${PYTHONPATH} /usr/bin/cmake --install /home/ros/ros2_ws/src/build/naoqi_driver
[4.806s] Level 1:colcon.colcon_core.environment:checking '/home/ros/ros2_ws/src/install/naoqi_driver' for CMake config files
[4.807s] Level 1:colcon.colcon_core.shell:create_environment_hook('naoqi_driver', 'cmake_prefix_path')
[4.807s] INFO:colcon.colcon_core.shell:Creating environment hook '/home/ros/ros2_ws/src/install/naoqi_driver/share/naoqi_driver/hook/cmake_prefix_path.ps1'
[4.808s] INFO:colcon.colcon_core.shell:Creating environment descriptor '/home/ros/ros2_ws/src/install/naoqi_driver/share/naoqi_driver/hook/cmake_prefix_path.dsv'
[4.808s] INFO:colcon.colcon_core.shell:Creating environment hook '/home/ros/ros2_ws/src/install/naoqi_driver/share/naoqi_driver/hook/cmake_prefix_path.sh'
[4.809s] Level 1:colcon.colcon_core.environment:checking '/home/ros/ros2_ws/src/install/naoqi_driver/lib'
[4.809s] Level 1:colcon.colcon_core.shell:create_environment_hook('naoqi_driver', 'ld_library_path_lib')
[4.810s] INFO:colcon.colcon_core.shell:Creating environment hook '/home/ros/ros2_ws/src/install/naoqi_driver/share/naoqi_driver/hook/ld_library_path_lib.ps1'
[4.810s] INFO:colcon.colcon_core.shell:Creating environment descriptor '/home/ros/ros2_ws/src/install/naoqi_driver/share/naoqi_driver/hook/ld_library_path_lib.dsv'
[4.811s] INFO:colcon.colcon_core.shell:Creating environment hook '/home/ros/ros2_ws/src/install/naoqi_driver/share/naoqi_driver/hook/ld_library_path_lib.sh'
[4.811s] Level 1:colcon.colcon_core.environment:checking '/home/ros/ros2_ws/src/install/naoqi_driver/bin'
[4.811s] Level 1:colcon.colcon_core.environment:checking '/home/ros/ros2_ws/src/install/naoqi_driver/lib/pkgconfig/naoqi_driver.pc'
[4.812s] Level 1:colcon.colcon_core.environment:checking '/home/ros/ros2_ws/src/install/naoqi_driver/lib/python3.10/site-packages'
[4.812s] Level 1:colcon.colcon_core.environment:checking '/home/ros/ros2_ws/src/install/naoqi_driver/bin'
[4.812s] INFO:colcon.colcon_core.shell:Creating package script '/home/ros/ros2_ws/src/install/naoqi_driver/share/naoqi_driver/package.ps1'
[4.813s] INFO:colcon.colcon_core.shell:Creating package descriptor '/home/ros/ros2_ws/src/install/naoqi_driver/share/naoqi_driver/package.dsv'
[4.813s] INFO:colcon.colcon_core.shell:Creating package script '/home/ros/ros2_ws/src/install/naoqi_driver/share/naoqi_driver/package.sh'
[4.814s] INFO:colcon.colcon_core.shell:Creating package script '/home/ros/ros2_ws/src/install/naoqi_driver/share/naoqi_driver/package.bash'
[4.814s] INFO:colcon.colcon_core.shell:Creating package script '/home/ros/ros2_ws/src/install/naoqi_driver/share/naoqi_driver/package.zsh'
[4.815s] Level 1:colcon.colcon_core.environment:create_file_with_runtime_dependencies(/home/ros/ros2_ws/src/install/naoqi_driver/share/colcon-core/packages/naoqi_driver)
[5.047s] Level 1:colcon.colcon_core.environment:create_environment_scripts_only(naoqi_driver)
[5.047s] Level 1:colcon.colcon_core.environment:checking '/home/ros/ros2_ws/src/install/naoqi_driver' for CMake module files
[5.048s] Level 1:colcon.colcon_core.environment:checking '/home/ros/ros2_ws/src/install/naoqi_driver' for CMake config files
[5.049s] Level 1:colcon.colcon_core.shell:create_environment_hook('naoqi_driver', 'cmake_prefix_path')
[5.049s] INFO:colcon.colcon_core.shell:Creating environment hook '/home/ros/ros2_ws/src/install/naoqi_driver/share/naoqi_driver/hook/cmake_prefix_path.ps1'
[5.050s] INFO:colcon.colcon_core.shell:Creating environment descriptor '/home/ros/ros2_ws/src/install/naoqi_driver/share/naoqi_driver/hook/cmake_prefix_path.dsv'
[5.051s] INFO:colcon.colcon_core.shell:Creating environment hook '/home/ros/ros2_ws/src/install/naoqi_driver/share/naoqi_driver/hook/cmake_prefix_path.sh'
[5.052s] Level 1:colcon.colcon_core.environment:checking '/home/ros/ros2_ws/src/install/naoqi_driver/lib'
[5.052s] Level 1:colcon.colcon_core.shell:create_environment_hook('naoqi_driver', 'ld_library_path_lib')
[5.052s] INFO:colcon.colcon_core.shell:Creating environment hook '/home/ros/ros2_ws/src/install/naoqi_driver/share/naoqi_driver/hook/ld_library_path_lib.ps1'
[5.053s] INFO:colcon.colcon_core.shell:Creating environment descriptor '/home/ros/ros2_ws/src/install/naoqi_driver/share/naoqi_driver/hook/ld_library_path_lib.dsv'
[5.054s] INFO:colcon.colcon_core.shell:Creating environment hook '/home/ros/ros2_ws/src/install/naoqi_driver/share/naoqi_driver/hook/ld_library_path_lib.sh'
[5.054s] Level 1:colcon.colcon_core.environment:checking '/home/ros/ros2_ws/src/install/naoqi_driver/bin'
[5.055s] Level 1:colcon.colcon_core.environment:checking '/home/ros/ros2_ws/src/install/naoqi_driver/lib/pkgconfig/naoqi_driver.pc'
[5.055s] Level 1:colcon.colcon_core.environment:checking '/home/ros/ros2_ws/src/install/naoqi_driver/lib/python3.10/site-packages'
[5.055s] Level 1:colcon.colcon_core.environment:checking '/home/ros/ros2_ws/src/install/naoqi_driver/bin'
[5.056s] INFO:colcon.colcon_core.shell:Creating package script '/home/ros/ros2_ws/src/install/naoqi_driver/share/naoqi_driver/package.ps1'
[5.057s] INFO:colcon.colcon_core.shell:Creating package descriptor '/home/ros/ros2_ws/src/install/naoqi_driver/share/naoqi_driver/package.dsv'
[5.058s] INFO:colcon.colcon_core.shell:Creating package script '/home/ros/ros2_ws/src/install/naoqi_driver/share/naoqi_driver/package.sh'
[5.059s] INFO:colcon.colcon_core.shell:Creating package script '/home/ros/ros2_ws/src/install/naoqi_driver/share/naoqi_driver/package.bash'
[5.060s] INFO:colcon.colcon_core.shell:Creating package script '/home/ros/ros2_ws/src/install/naoqi_driver/share/naoqi_driver/package.zsh'
[5.061s] Level 1:colcon.colcon_core.environment:create_file_with_runtime_dependencies(/home/ros/ros2_ws/src/install/naoqi_driver/share/colcon-core/packages/naoqi_driver)
[5.061s] DEBUG:colcon.colcon_parallel_executor.executor.parallel:closing loop
[5.062s] DEBUG:colcon.colcon_parallel_executor.executor.parallel:loop closed
[5.062s] DEBUG:colcon.colcon_parallel_executor.executor.parallel:run_until_complete finished with '0'
[5.062s] DEBUG:colcon.colcon_core.event_reactor:joining thread
[5.071s] INFO:colcon.colcon_core.plugin_system:Skipping extension 'colcon_notification.desktop_notification.terminal_notifier': Not used on non-Darwin systems
[5.071s] INFO:colcon.colcon_core.plugin_system:Skipping extension 'colcon_notification.desktop_notification.win32': Not used on non-Windows systems
[5.071s] INFO:colcon.colcon_notification.desktop_notification:Sending desktop notification using 'notify2'
[5.086s] DEBUG:colcon.colcon_core.event_reactor:joined thread
[5.086s] INFO:colcon.colcon_core.shell:Creating prefix script '/home/ros/ros2_ws/src/install/local_setup.ps1'
[5.087s] INFO:colcon.colcon_core.shell:Creating prefix util module '/home/ros/ros2_ws/src/install/_local_setup_util_ps1.py'
[5.090s] INFO:colcon.colcon_core.shell:Creating prefix chain script '/home/ros/ros2_ws/src/install/setup.ps1'
[5.097s] INFO:colcon.colcon_core.shell:Creating prefix script '/home/ros/ros2_ws/src/install/local_setup.sh'
[5.098s] INFO:colcon.colcon_core.shell:Creating prefix util module '/home/ros/ros2_ws/src/install/_local_setup_util_sh.py'
[5.099s] INFO:colcon.colcon_core.shell:Creating prefix chain script '/home/ros/ros2_ws/src/install/setup.sh'
[5.101s] INFO:colcon.colcon_core.shell:Creating prefix script '/home/ros/ros2_ws/src/install/local_setup.bash'
[5.102s] INFO:colcon.colcon_core.shell:Creating prefix chain script '/home/ros/ros2_ws/src/install/setup.bash'
[5.104s] INFO:colcon.colcon_core.shell:Creating prefix script '/home/ros/ros2_ws/src/install/local_setup.zsh'
[5.106s] INFO:colcon.colcon_core.shell:Creating prefix chain script '/home/ros/ros2_ws/src/install/setup.zsh'
