running egg_info
creating ../build/my_robot_controller/my_robot_controller.egg-info
writing ../build/my_robot_controller/my_robot_controller.egg-info/PKG-INFO
writing dependency_links to ../build/my_robot_controller/my_robot_controller.egg-info/dependency_links.txt
writing entry points to ../build/my_robot_controller/my_robot_controller.egg-info/entry_points.txt
writing requirements to ../build/my_robot_controller/my_robot_controller.egg-info/requires.txt
writing top-level names to ../build/my_robot_controller/my_robot_controller.egg-info/top_level.txt
writing manifest file '../build/my_robot_controller/my_robot_controller.egg-info/SOURCES.txt'
reading manifest file '../build/my_robot_controller/my_robot_controller.egg-info/SOURCES.txt'
writing manifest file '../build/my_robot_controller/my_robot_controller.egg-info/SOURCES.txt'
running build
running build_py
creating /home/ros/ros2_ws/src/build/my_robot_controller/build
creating /home/ros/ros2_ws/src/build/my_robot_controller/build/lib
creating /home/ros/ros2_ws/src/build/my_robot_controller/build/lib/my_robot_controller
copying my_robot_controller/nao_controller.py -> /home/ros/ros2_ws/src/build/my_robot_controller/build/lib/my_robot_controller
copying my_robot_controller/speech.py -> /home/ros/ros2_ws/src/build/my_robot_controller/build/lib/my_robot_controller
copying my_robot_controller/patient_data_controller.py -> /home/ros/ros2_ws/src/build/my_robot_controller/build/lib/my_robot_controller
copying my_robot_controller/patient_data_controller2.py -> /home/ros/ros2_ws/src/build/my_robot_controller/build/lib/my_robot_controller
copying my_robot_controller/sensor.py -> /home/ros/ros2_ws/src/build/my_robot_controller/build/lib/my_robot_controller
copying my_robot_controller/pose.py -> /home/ros/ros2_ws/src/build/my_robot_controller/build/lib/my_robot_controller
copying my_robot_controller/new.py -> /home/ros/ros2_ws/src/build/my_robot_controller/build/lib/my_robot_controller
copying my_robot_controller/__init__.py -> /home/ros/ros2_ws/src/build/my_robot_controller/build/lib/my_robot_controller
running install
running install_lib
creating /home/ros/ros2_ws/src/install/my_robot_controller/lib/python3.10/site-packages/my_robot_controller
copying /home/ros/ros2_ws/src/build/my_robot_controller/build/lib/my_robot_controller/nao_controller.py -> /home/ros/ros2_ws/src/install/my_robot_controller/lib/python3.10/site-packages/my_robot_controller
copying /home/ros/ros2_ws/src/build/my_robot_controller/build/lib/my_robot_controller/speech.py -> /home/ros/ros2_ws/src/install/my_robot_controller/lib/python3.10/site-packages/my_robot_controller
copying /home/ros/ros2_ws/src/build/my_robot_controller/build/lib/my_robot_controller/patient_data_controller.py -> /home/ros/ros2_ws/src/install/my_robot_controller/lib/python3.10/site-packages/my_robot_controller
copying /home/ros/ros2_ws/src/build/my_robot_controller/build/lib/my_robot_controller/patient_data_controller2.py -> /home/ros/ros2_ws/src/install/my_robot_controller/lib/python3.10/site-packages/my_robot_controller
copying /home/ros/ros2_ws/src/build/my_robot_controller/build/lib/my_robot_controller/sensor.py -> /home/ros/ros2_ws/src/install/my_robot_controller/lib/python3.10/site-packages/my_robot_controller
copying /home/ros/ros2_ws/src/build/my_robot_controller/build/lib/my_robot_controller/pose.py -> /home/ros/ros2_ws/src/install/my_robot_controller/lib/python3.10/site-packages/my_robot_controller
copying /home/ros/ros2_ws/src/build/my_robot_controller/build/lib/my_robot_controller/new.py -> /home/ros/ros2_ws/src/install/my_robot_controller/lib/python3.10/site-packages/my_robot_controller
copying /home/ros/ros2_ws/src/build/my_robot_controller/build/lib/my_robot_controller/__init__.py -> /home/ros/ros2_ws/src/install/my_robot_controller/lib/python3.10/site-packages/my_robot_controller
byte-compiling /home/ros/ros2_ws/src/install/my_robot_controller/lib/python3.10/site-packages/my_robot_controller/nao_controller.py to nao_controller.cpython-310.pyc
byte-compiling /home/ros/ros2_ws/src/install/my_robot_controller/lib/python3.10/site-packages/my_robot_controller/speech.py to speech.cpython-310.pyc
byte-compiling /home/ros/ros2_ws/src/install/my_robot_controller/lib/python3.10/site-packages/my_robot_controller/patient_data_controller.py to patient_data_controller.cpython-310.pyc
byte-compiling /home/ros/ros2_ws/src/install/my_robot_controller/lib/python3.10/site-packages/my_robot_controller/patient_data_controller2.py to patient_data_controller2.cpython-310.pyc
byte-compiling /home/ros/ros2_ws/src/install/my_robot_controller/lib/python3.10/site-packages/my_robot_controller/sensor.py to sensor.cpython-310.pyc
byte-compiling /home/ros/ros2_ws/src/install/my_robot_controller/lib/python3.10/site-packages/my_robot_controller/pose.py to pose.cpython-310.pyc
byte-compiling /home/ros/ros2_ws/src/install/my_robot_controller/lib/python3.10/site-packages/my_robot_controller/new.py to new.cpython-310.pyc
byte-compiling /home/ros/ros2_ws/src/install/my_robot_controller/lib/python3.10/site-packages/my_robot_controller/__init__.py to __init__.cpython-310.pyc
running install_data
creating /home/ros/ros2_ws/src/install/my_robot_controller/share/ament_index
creating /home/ros/ros2_ws/src/install/my_robot_controller/share/ament_index/resource_index
creating /home/ros/ros2_ws/src/install/my_robot_controller/share/ament_index/resource_index/packages
copying resource/my_robot_controller -> /home/ros/ros2_ws/src/install/my_robot_controller/share/ament_index/resource_index/packages
copying package.xml -> /home/ros/ros2_ws/src/install/my_robot_controller/share/my_robot_controller
running install_egg_info
Copying ../build/my_robot_controller/my_robot_controller.egg-info to /home/ros/ros2_ws/src/install/my_robot_controller/lib/python3.10/site-packages/my_robot_controller-0.0.0-py3.10.egg-info
running install_scripts
Installing nao_controller script to /home/ros/ros2_ws/src/install/my_robot_controller/lib/my_robot_controller
Installing new script to /home/ros/ros2_ws/src/install/my_robot_controller/lib/my_robot_controller
Installing patient_data_controller script to /home/ros/ros2_ws/src/install/my_robot_controller/lib/my_robot_controller
Installing patient_data_controller2 script to /home/ros/ros2_ws/src/install/my_robot_controller/lib/my_robot_controller
Installing sensor script to /home/ros/ros2_ws/src/install/my_robot_controller/lib/my_robot_controller
Installing speech script to /home/ros/ros2_ws/src/install/my_robot_controller/lib/my_robot_controller
writing list of installed files to '/home/ros/ros2_ws/src/build/my_robot_controller/install.log'
