[2.080s] Invoking command in '/home/ros/ros2_ws/src/qi_unipa': PYTHONPATH=/home/ros/ros2_ws/src/build/qi_unipa/prefix_override:/usr/lib/python3/dist-packages/colcon_core/task/python/colcon_distutils_commands:/home/ros/ros2_ws/src/install/qi_unipa/lib/python3.10/site-packages:${PYTHONPATH} /usr/bin/python3 -W ignore:setup.py install is deprecated setup.py egg_info --egg-base ../build/qi_unipa build --build-base /home/ros/ros2_ws/src/build/qi_unipa/build install --record /home/ros/ros2_ws/src/build/qi_unipa/install.log --single-version-externally-managed install_data
[2.379s] running egg_info
[2.380s] writing ../build/qi_unipa/qi_unipa.egg-info/PKG-INFO
[2.380s] writing dependency_links to ../build/qi_unipa/qi_unipa.egg-info/dependency_links.txt
[2.380s] writing entry points to ../build/qi_unipa/qi_unipa.egg-info/entry_points.txt
[2.380s] writing requirements to ../build/qi_unipa/qi_unipa.egg-info/requires.txt
[2.380s] writing top-level names to ../build/qi_unipa/qi_unipa.egg-info/top_level.txt
[2.383s] reading manifest file '../build/qi_unipa/qi_unipa.egg-info/SOURCES.txt'
[2.384s] writing manifest file '../build/qi_unipa/qi_unipa.egg-info/SOURCES.txt'
[2.384s] running build
[2.384s] running build_py
[2.384s] running install
[2.385s] running install_lib
[2.386s] running install_data
[2.387s] running install_egg_info
[2.389s] removing '/home/ros/ros2_ws/src/install/qi_unipa/lib/python3.10/site-packages/qi_unipa-0.0.0-py3.10.egg-info' (and everything under it)
[2.389s] Copying ../build/qi_unipa/qi_unipa.egg-info to /home/ros/ros2_ws/src/install/qi_unipa/lib/python3.10/site-packages/qi_unipa-0.0.0-py3.10.egg-info
[2.391s] running install_scripts
[2.421s] Installing qi_unipa_controller script to /home/ros/ros2_ws/src/install/qi_unipa/lib/qi_unipa
[2.422s] writing list of installed files to '/home/ros/ros2_ws/src/build/qi_unipa/install.log'
[2.502s] Invoked command in '/home/ros/ros2_ws/src/qi_unipa' returned '0': PYTHONPATH=/home/ros/ros2_ws/src/build/qi_unipa/prefix_override:/usr/lib/python3/dist-packages/colcon_core/task/python/colcon_distutils_commands:/home/ros/ros2_ws/src/install/qi_unipa/lib/python3.10/site-packages:${PYTHONPATH} /usr/bin/python3 -W ignore:setup.py install is deprecated setup.py egg_info --egg-base ../build/qi_unipa build --build-base /home/ros/ros2_ws/src/build/qi_unipa/build install --record /home/ros/ros2_ws/src/build/qi_unipa/install.log --single-version-externally-managed install_data
