[1.786s] Invoking command in '/home/ros/ros2_ws/src/speech': PYTHONPATH=/home/ros/ros2_ws/src/build/speech/prefix_override:/usr/lib/python3/dist-packages/colcon_core/task/python/colcon_distutils_commands:/home/ros/ros2_ws/src/install/speech/lib/python3.10/site-packages:${PYTHONPATH} /usr/bin/python3 -W ignore:setup.py install is deprecated setup.py egg_info --egg-base ../build/speech build --build-base /home/ros/ros2_ws/src/build/speech/build install --record /home/ros/ros2_ws/src/build/speech/install.log --single-version-externally-managed install_data
[2.134s] running egg_info
[2.135s] writing ../build/speech/speech.egg-info/PKG-INFO
[2.136s] writing dependency_links to ../build/speech/speech.egg-info/dependency_links.txt
[2.136s] writing entry points to ../build/speech/speech.egg-info/entry_points.txt
[2.136s] writing requirements to ../build/speech/speech.egg-info/requires.txt
[2.136s] writing top-level names to ../build/speech/speech.egg-info/top_level.txt
[2.140s] reading manifest file '../build/speech/speech.egg-info/SOURCES.txt'
[2.141s] writing manifest file '../build/speech/speech.egg-info/SOURCES.txt'
[2.142s] running build
[2.142s] running build_py
[2.142s] copying speech/speech_controller.py -> /home/ros/ros2_ws/src/build/speech/build/lib/speech
[2.143s] running install
[2.144s] running install_lib
[2.145s] copying /home/ros/ros2_ws/src/build/speech/build/lib/speech/speech_controller.py -> /home/ros/ros2_ws/src/install/speech/lib/python3.10/site-packages/speech
[2.147s] byte-compiling /home/ros/ros2_ws/src/install/speech/lib/python3.10/site-packages/speech/speech_controller.py to speech_controller.cpython-310.pyc
[2.149s] running install_data
[2.149s] running install_egg_info
[2.153s] removing '/home/ros/ros2_ws/src/install/speech/lib/python3.10/site-packages/speech-0.0.0-py3.10.egg-info' (and everything under it)
[2.154s] Copying ../build/speech/speech.egg-info to /home/ros/ros2_ws/src/install/speech/lib/python3.10/site-packages/speech-0.0.0-py3.10.egg-info
[2.155s] running install_scripts
[2.192s] Installing speech_controller script to /home/ros/ros2_ws/src/install/speech/lib/speech
[2.193s] writing list of installed files to '/home/ros/ros2_ws/src/build/speech/install.log'
[2.268s] Invoked command in '/home/ros/ros2_ws/src/speech' returned '0': PYTHONPATH=/home/ros/ros2_ws/src/build/speech/prefix_override:/usr/lib/python3/dist-packages/colcon_core/task/python/colcon_distutils_commands:/home/ros/ros2_ws/src/install/speech/lib/python3.10/site-packages:${PYTHONPATH} /usr/bin/python3 -W ignore:setup.py install is deprecated setup.py egg_info --egg-base ../build/speech build --build-base /home/ros/ros2_ws/src/build/speech/build install --record /home/ros/ros2_ws/src/build/speech/install.log --single-version-externally-managed install_data
